CRITICAL - 2023-11-08 22:20:00 --> Cannot use object of type stdClass as array
in APPPATH\Controllers\ListarController.php on line 282.
 1 SYSTEMPATH\CodeIgniter.php(942): App\Controllers\ListarController->alterarStatus()
 2 SYSTEMPATH\CodeIgniter.php(502): CodeIgniter\CodeIgniter->runController()
 3 SYSTEMPATH\CodeIgniter.php(361): CodeIgniter\CodeIgniter->handleRequest()
 4 FCPATH\index.php(79): CodeIgniter\CodeIgniter->run()
 5 SYSTEMPATH\Commands\Server\rewrite.php(47): require_once('C:\\Users\\pando\\OneDrive\\Área de Trabalho\\MVCmecanica\\public\\index.php')
CRITICAL - 2023-11-08 22:38:49 --> Attempt to read property "status" on array
in APPPATH\Controllers\ListarController.php on line 210.
 1 APPPATH\Controllers\ListarController.php(210): CodeIgniter\Debug\Exceptions->errorHandler()
 2 SYSTEMPATH\CodeIgniter.php(942): App\Controllers\ListarController->alterarStatus()
 3 SYSTEMPATH\CodeIgniter.php(502): CodeIgniter\CodeIgniter->runController()
 4 SYSTEMPATH\CodeIgniter.php(361): CodeIgniter\CodeIgniter->handleRequest()
 5 FCPATH\index.php(79): CodeIgniter\CodeIgniter->run()
 6 SYSTEMPATH\Commands\Server\rewrite.php(47): require_once('C:\\Users\\pando\\OneDrive\\Área de Trabalho\\MVCmecanica\\public\\index.php')
CRITICAL - 2023-11-08 22:39:31 --> There is no data to update.
in SYSTEMPATH\BaseModel.php on line 930.
 1 SYSTEMPATH\BaseModel.php(930): CodeIgniter\Database\Exceptions\DataException::forEmptyDataset()
 2 SYSTEMPATH\Model.php(776): CodeIgniter\BaseModel->update()
 3 APPPATH\Controllers\ListarController.php(211): CodeIgniter\Model->update()
 4 SYSTEMPATH\CodeIgniter.php(942): App\Controllers\ListarController->alterarStatus()
 5 SYSTEMPATH\CodeIgniter.php(502): CodeIgniter\CodeIgniter->runController()
 6 SYSTEMPATH\CodeIgniter.php(361): CodeIgniter\CodeIgniter->handleRequest()
 7 FCPATH\index.php(79): CodeIgniter\CodeIgniter->run()
 8 SYSTEMPATH\Commands\Server\rewrite.php(47): require_once('C:\\Users\\pando\\OneDrive\\Área de Trabalho\\MVCmecanica\\public\\index.php')
CRITICAL - 2023-11-08 22:40:06 --> There is no data to update.
in SYSTEMPATH\BaseModel.php on line 930.
 1 SYSTEMPATH\BaseModel.php(930): CodeIgniter\Database\Exceptions\DataException::forEmptyDataset()
 2 SYSTEMPATH\Model.php(776): CodeIgniter\BaseModel->update()
 3 APPPATH\Controllers\ListarController.php(216): CodeIgniter\Model->update()
 4 SYSTEMPATH\CodeIgniter.php(942): App\Controllers\ListarController->alterarStatus()
 5 SYSTEMPATH\CodeIgniter.php(502): CodeIgniter\CodeIgniter->runController()
 6 SYSTEMPATH\CodeIgniter.php(361): CodeIgniter\CodeIgniter->handleRequest()
 7 FCPATH\index.php(79): CodeIgniter\CodeIgniter->run()
 8 SYSTEMPATH\Commands\Server\rewrite.php(47): require_once('C:\\Users\\pando\\OneDrive\\Área de Trabalho\\MVCmecanica\\public\\index.php')
CRITICAL - 2023-11-08 22:40:07 --> There is no data to update.
in SYSTEMPATH\BaseModel.php on line 930.
 1 SYSTEMPATH\BaseModel.php(930): CodeIgniter\Database\Exceptions\DataException::forEmptyDataset()
 2 SYSTEMPATH\Model.php(776): CodeIgniter\BaseModel->update()
 3 APPPATH\Controllers\ListarController.php(216): CodeIgniter\Model->update()
 4 SYSTEMPATH\CodeIgniter.php(942): App\Controllers\ListarController->alterarStatus()
 5 SYSTEMPATH\CodeIgniter.php(502): CodeIgniter\CodeIgniter->runController()
 6 SYSTEMPATH\CodeIgniter.php(361): CodeIgniter\CodeIgniter->handleRequest()
 7 FCPATH\index.php(79): CodeIgniter\CodeIgniter->run()
 8 SYSTEMPATH\Commands\Server\rewrite.php(47): require_once('C:\\Users\\pando\\OneDrive\\Área de Trabalho\\MVCmecanica\\public\\index.php')
CRITICAL - 2023-11-08 22:40:07 --> There is no data to update.
in SYSTEMPATH\BaseModel.php on line 930.
 1 SYSTEMPATH\BaseModel.php(930): CodeIgniter\Database\Exceptions\DataException::forEmptyDataset()
 2 SYSTEMPATH\Model.php(776): CodeIgniter\BaseModel->update()
 3 APPPATH\Controllers\ListarController.php(216): CodeIgniter\Model->update()
 4 SYSTEMPATH\CodeIgniter.php(942): App\Controllers\ListarController->alterarStatus()
 5 SYSTEMPATH\CodeIgniter.php(502): CodeIgniter\CodeIgniter->runController()
 6 SYSTEMPATH\CodeIgniter.php(361): CodeIgniter\CodeIgniter->handleRequest()
 7 FCPATH\index.php(79): CodeIgniter\CodeIgniter->run()
 8 SYSTEMPATH\Commands\Server\rewrite.php(47): require_once('C:\\Users\\pando\\OneDrive\\Área de Trabalho\\MVCmecanica\\public\\index.php')
CRITICAL - 2023-11-08 22:40:10 --> There is no data to update.
in SYSTEMPATH\BaseModel.php on line 930.
 1 SYSTEMPATH\BaseModel.php(930): CodeIgniter\Database\Exceptions\DataException::forEmptyDataset()
 2 SYSTEMPATH\Model.php(776): CodeIgniter\BaseModel->update()
 3 APPPATH\Controllers\ListarController.php(216): CodeIgniter\Model->update()
 4 SYSTEMPATH\CodeIgniter.php(942): App\Controllers\ListarController->alterarStatus()
 5 SYSTEMPATH\CodeIgniter.php(502): CodeIgniter\CodeIgniter->runController()
 6 SYSTEMPATH\CodeIgniter.php(361): CodeIgniter\CodeIgniter->handleRequest()
 7 FCPATH\index.php(79): CodeIgniter\CodeIgniter->run()
 8 SYSTEMPATH\Commands\Server\rewrite.php(47): require_once('C:\\Users\\pando\\OneDrive\\Área de Trabalho\\MVCmecanica\\public\\index.php')
CRITICAL - 2023-11-08 22:40:50 --> There is no data to update.
in SYSTEMPATH\BaseModel.php on line 930.
 1 SYSTEMPATH\BaseModel.php(930): CodeIgniter\Database\Exceptions\DataException::forEmptyDataset()
 2 SYSTEMPATH\Model.php(776): CodeIgniter\BaseModel->update()
 3 APPPATH\Controllers\ListarController.php(216): CodeIgniter\Model->update()
 4 SYSTEMPATH\CodeIgniter.php(942): App\Controllers\ListarController->alterarStatus()
 5 SYSTEMPATH\CodeIgniter.php(502): CodeIgniter\CodeIgniter->runController()
 6 SYSTEMPATH\CodeIgniter.php(361): CodeIgniter\CodeIgniter->handleRequest()
 7 FCPATH\index.php(79): CodeIgniter\CodeIgniter->run()
 8 SYSTEMPATH\Commands\Server\rewrite.php(47): require_once('C:\\Users\\pando\\OneDrive\\Área de Trabalho\\MVCmecanica\\public\\index.php')
CRITICAL - 2023-11-08 22:40:50 --> There is no data to update.
in SYSTEMPATH\BaseModel.php on line 930.
 1 SYSTEMPATH\BaseModel.php(930): CodeIgniter\Database\Exceptions\DataException::forEmptyDataset()
 2 SYSTEMPATH\Model.php(776): CodeIgniter\BaseModel->update()
 3 APPPATH\Controllers\ListarController.php(216): CodeIgniter\Model->update()
 4 SYSTEMPATH\CodeIgniter.php(942): App\Controllers\ListarController->alterarStatus()
 5 SYSTEMPATH\CodeIgniter.php(502): CodeIgniter\CodeIgniter->runController()
 6 SYSTEMPATH\CodeIgniter.php(361): CodeIgniter\CodeIgniter->handleRequest()
 7 FCPATH\index.php(79): CodeIgniter\CodeIgniter->run()
 8 SYSTEMPATH\Commands\Server\rewrite.php(47): require_once('C:\\Users\\pando\\OneDrive\\Área de Trabalho\\MVCmecanica\\public\\index.php')
CRITICAL - 2023-11-08 22:40:51 --> There is no data to update.
in SYSTEMPATH\BaseModel.php on line 930.
 1 SYSTEMPATH\BaseModel.php(930): CodeIgniter\Database\Exceptions\DataException::forEmptyDataset()
 2 SYSTEMPATH\Model.php(776): CodeIgniter\BaseModel->update()
 3 APPPATH\Controllers\ListarController.php(216): CodeIgniter\Model->update()
 4 SYSTEMPATH\CodeIgniter.php(942): App\Controllers\ListarController->alterarStatus()
 5 SYSTEMPATH\CodeIgniter.php(502): CodeIgniter\CodeIgniter->runController()
 6 SYSTEMPATH\CodeIgniter.php(361): CodeIgniter\CodeIgniter->handleRequest()
 7 FCPATH\index.php(79): CodeIgniter\CodeIgniter->run()
 8 SYSTEMPATH\Commands\Server\rewrite.php(47): require_once('C:\\Users\\pando\\OneDrive\\Área de Trabalho\\MVCmecanica\\public\\index.php')
CRITICAL - 2023-11-08 22:42:17 --> There is no data to update.
in SYSTEMPATH\BaseModel.php on line 930.
 1 SYSTEMPATH\BaseModel.php(930): CodeIgniter\Database\Exceptions\DataException::forEmptyDataset()
 2 SYSTEMPATH\Model.php(776): CodeIgniter\BaseModel->update()
 3 APPPATH\Controllers\ListarController.php(217): CodeIgniter\Model->update()
 4 SYSTEMPATH\CodeIgniter.php(942): App\Controllers\ListarController->alterarStatus()
 5 SYSTEMPATH\CodeIgniter.php(502): CodeIgniter\CodeIgniter->runController()
 6 SYSTEMPATH\CodeIgniter.php(361): CodeIgniter\CodeIgniter->handleRequest()
 7 FCPATH\index.php(79): CodeIgniter\CodeIgniter->run()
 8 SYSTEMPATH\Commands\Server\rewrite.php(47): require_once('C:\\Users\\pando\\OneDrive\\Área de Trabalho\\MVCmecanica\\public\\index.php')
CRITICAL - 2023-11-08 22:42:18 --> There is no data to update.
in SYSTEMPATH\BaseModel.php on line 930.
 1 SYSTEMPATH\BaseModel.php(930): CodeIgniter\Database\Exceptions\DataException::forEmptyDataset()
 2 SYSTEMPATH\Model.php(776): CodeIgniter\BaseModel->update()
 3 APPPATH\Controllers\ListarController.php(217): CodeIgniter\Model->update()
 4 SYSTEMPATH\CodeIgniter.php(942): App\Controllers\ListarController->alterarStatus()
 5 SYSTEMPATH\CodeIgniter.php(502): CodeIgniter\CodeIgniter->runController()
 6 SYSTEMPATH\CodeIgniter.php(361): CodeIgniter\CodeIgniter->handleRequest()
 7 FCPATH\index.php(79): CodeIgniter\CodeIgniter->run()
 8 SYSTEMPATH\Commands\Server\rewrite.php(47): require_once('C:\\Users\\pando\\OneDrive\\Área de Trabalho\\MVCmecanica\\public\\index.php')
CRITICAL - 2023-11-08 22:43:09 --> There is no data to update.
in SYSTEMPATH\BaseModel.php on line 930.
 1 SYSTEMPATH\BaseModel.php(930): CodeIgniter\Database\Exceptions\DataException::forEmptyDataset()
 2 SYSTEMPATH\Model.php(776): CodeIgniter\BaseModel->update()
 3 APPPATH\Controllers\ListarController.php(221): CodeIgniter\Model->update()
 4 SYSTEMPATH\CodeIgniter.php(942): App\Controllers\ListarController->alterarStatus()
 5 SYSTEMPATH\CodeIgniter.php(502): CodeIgniter\CodeIgniter->runController()
 6 SYSTEMPATH\CodeIgniter.php(361): CodeIgniter\CodeIgniter->handleRequest()
 7 FCPATH\index.php(79): CodeIgniter\CodeIgniter->run()
 8 SYSTEMPATH\Commands\Server\rewrite.php(47): require_once('C:\\Users\\pando\\OneDrive\\Área de Trabalho\\MVCmecanica\\public\\index.php')
CRITICAL - 2023-11-08 22:43:09 --> There is no data to update.
in SYSTEMPATH\BaseModel.php on line 930.
 1 SYSTEMPATH\BaseModel.php(930): CodeIgniter\Database\Exceptions\DataException::forEmptyDataset()
 2 SYSTEMPATH\Model.php(776): CodeIgniter\BaseModel->update()
 3 APPPATH\Controllers\ListarController.php(221): CodeIgniter\Model->update()
 4 SYSTEMPATH\CodeIgniter.php(942): App\Controllers\ListarController->alterarStatus()
 5 SYSTEMPATH\CodeIgniter.php(502): CodeIgniter\CodeIgniter->runController()
 6 SYSTEMPATH\CodeIgniter.php(361): CodeIgniter\CodeIgniter->handleRequest()
 7 FCPATH\index.php(79): CodeIgniter\CodeIgniter->run()
 8 SYSTEMPATH\Commands\Server\rewrite.php(47): require_once('C:\\Users\\pando\\OneDrive\\Área de Trabalho\\MVCmecanica\\public\\index.php')
CRITICAL - 2023-11-08 22:43:10 --> There is no data to update.
in SYSTEMPATH\BaseModel.php on line 930.
 1 SYSTEMPATH\BaseModel.php(930): CodeIgniter\Database\Exceptions\DataException::forEmptyDataset()
 2 SYSTEMPATH\Model.php(776): CodeIgniter\BaseModel->update()
 3 APPPATH\Controllers\ListarController.php(221): CodeIgniter\Model->update()
 4 SYSTEMPATH\CodeIgniter.php(942): App\Controllers\ListarController->alterarStatus()
 5 SYSTEMPATH\CodeIgniter.php(502): CodeIgniter\CodeIgniter->runController()
 6 SYSTEMPATH\CodeIgniter.php(361): CodeIgniter\CodeIgniter->handleRequest()
 7 FCPATH\index.php(79): CodeIgniter\CodeIgniter->run()
 8 SYSTEMPATH\Commands\Server\rewrite.php(47): require_once('C:\\Users\\pando\\OneDrive\\Área de Trabalho\\MVCmecanica\\public\\index.php')
CRITICAL - 2023-11-08 22:43:10 --> There is no data to update.
in SYSTEMPATH\BaseModel.php on line 930.
 1 SYSTEMPATH\BaseModel.php(930): CodeIgniter\Database\Exceptions\DataException::forEmptyDataset()
 2 SYSTEMPATH\Model.php(776): CodeIgniter\BaseModel->update()
 3 APPPATH\Controllers\ListarController.php(221): CodeIgniter\Model->update()
 4 SYSTEMPATH\CodeIgniter.php(942): App\Controllers\ListarController->alterarStatus()
 5 SYSTEMPATH\CodeIgniter.php(502): CodeIgniter\CodeIgniter->runController()
 6 SYSTEMPATH\CodeIgniter.php(361): CodeIgniter\CodeIgniter->handleRequest()
 7 FCPATH\index.php(79): CodeIgniter\CodeIgniter->run()
 8 SYSTEMPATH\Commands\Server\rewrite.php(47): require_once('C:\\Users\\pando\\OneDrive\\Área de Trabalho\\MVCmecanica\\public\\index.php')
CRITICAL - 2023-11-08 22:43:11 --> There is no data to update.
in SYSTEMPATH\BaseModel.php on line 930.
 1 SYSTEMPATH\BaseModel.php(930): CodeIgniter\Database\Exceptions\DataException::forEmptyDataset()
 2 SYSTEMPATH\Model.php(776): CodeIgniter\BaseModel->update()
 3 APPPATH\Controllers\ListarController.php(221): CodeIgniter\Model->update()
 4 SYSTEMPATH\CodeIgniter.php(942): App\Controllers\ListarController->alterarStatus()
 5 SYSTEMPATH\CodeIgniter.php(502): CodeIgniter\CodeIgniter->runController()
 6 SYSTEMPATH\CodeIgniter.php(361): CodeIgniter\CodeIgniter->handleRequest()
 7 FCPATH\index.php(79): CodeIgniter\CodeIgniter->run()
 8 SYSTEMPATH\Commands\Server\rewrite.php(47): require_once('C:\\Users\\pando\\OneDrive\\Área de Trabalho\\MVCmecanica\\public\\index.php')
CRITICAL - 2023-11-08 22:44:18 --> Undefined variable $servico
in APPPATH\Views\detalhes.php on line 148.
 1 APPPATH\Views\detalhes.php(148): CodeIgniter\Debug\Exceptions->errorHandler()
 2 SYSTEMPATH\View\View.php(228): include('C:\\Users\\pando\\OneDrive\\Área de Trabalho\\MVCmecanica\\app\\Views\\detalhes.php')
 3 SYSTEMPATH\View\View.php(231): CodeIgniter\View\View->CodeIgniter\View\{closure}()
 4 SYSTEMPATH\Common.php(1190): CodeIgniter\View\View->render()
 5 APPPATH\Controllers\ListarController.php(92): view()
 6 SYSTEMPATH\CodeIgniter.php(942): App\Controllers\ListarController->detalhes()
 7 SYSTEMPATH\CodeIgniter.php(502): CodeIgniter\CodeIgniter->runController()
 8 SYSTEMPATH\CodeIgniter.php(361): CodeIgniter\CodeIgniter->handleRequest()
 9 FCPATH\index.php(79): CodeIgniter\CodeIgniter->run()
10 SYSTEMPATH\Commands\Server\rewrite.php(47): require_once('C:\\Users\\pando\\OneDrive\\Área de Trabalho\\MVCmecanica\\public\\index.php')
CRITICAL - 2023-11-08 22:44:19 --> Undefined variable $servico
in APPPATH\Views\detalhes.php on line 148.
 1 APPPATH\Views\detalhes.php(148): CodeIgniter\Debug\Exceptions->errorHandler()
 2 SYSTEMPATH\View\View.php(228): include('C:\\Users\\pando\\OneDrive\\Área de Trabalho\\MVCmecanica\\app\\Views\\detalhes.php')
 3 SYSTEMPATH\View\View.php(231): CodeIgniter\View\View->CodeIgniter\View\{closure}()
 4 SYSTEMPATH\Common.php(1190): CodeIgniter\View\View->render()
 5 APPPATH\Controllers\ListarController.php(92): view()
 6 SYSTEMPATH\CodeIgniter.php(942): App\Controllers\ListarController->detalhes()
 7 SYSTEMPATH\CodeIgniter.php(502): CodeIgniter\CodeIgniter->runController()
 8 SYSTEMPATH\CodeIgniter.php(361): CodeIgniter\CodeIgniter->handleRequest()
 9 FCPATH\index.php(79): CodeIgniter\CodeIgniter->run()
10 SYSTEMPATH\Commands\Server\rewrite.php(47): require_once('C:\\Users\\pando\\OneDrive\\Área de Trabalho\\MVCmecanica\\public\\index.php')
CRITICAL - 2023-11-08 22:44:22 --> Undefined variable $servicos
in APPPATH\Views\Ver.php on line 94.
 1 APPPATH\Views\Ver.php(94): CodeIgniter\Debug\Exceptions->errorHandler()
 2 SYSTEMPATH\View\View.php(228): include('C:\\Users\\pando\\OneDrive\\Área de Trabalho\\MVCmecanica\\app\\Views\\Ver.php')
 3 SYSTEMPATH\View\View.php(231): CodeIgniter\View\View->CodeIgniter\View\{closure}()
 4 SYSTEMPATH\Common.php(1190): CodeIgniter\View\View->render()
 5 APPPATH\Controllers\ListarController.php(53): view()
 6 SYSTEMPATH\CodeIgniter.php(942): App\Controllers\ListarController->listar()
 7 SYSTEMPATH\CodeIgniter.php(502): CodeIgniter\CodeIgniter->runController()
 8 SYSTEMPATH\CodeIgniter.php(361): CodeIgniter\CodeIgniter->handleRequest()
 9 FCPATH\index.php(79): CodeIgniter\CodeIgniter->run()
10 SYSTEMPATH\Commands\Server\rewrite.php(47): require_once('C:\\Users\\pando\\OneDrive\\Área de Trabalho\\MVCmecanica\\public\\index.php')
CRITICAL - 2023-11-08 22:44:27 --> Undefined variable $clientes
in APPPATH\Views\Ver.php on line 15.
 1 APPPATH\Views\Ver.php(15): CodeIgniter\Debug\Exceptions->errorHandler()
 2 SYSTEMPATH\View\View.php(228): include('C:\\Users\\pando\\OneDrive\\Área de Trabalho\\MVCmecanica\\app\\Views\\Ver.php')
 3 SYSTEMPATH\View\View.php(231): CodeIgniter\View\View->CodeIgniter\View\{closure}()
 4 SYSTEMPATH\Common.php(1190): CodeIgniter\View\View->render()
 5 APPPATH\Controllers\ListarController.php(53): view()
 6 SYSTEMPATH\CodeIgniter.php(942): App\Controllers\ListarController->listar()
 7 SYSTEMPATH\CodeIgniter.php(502): CodeIgniter\CodeIgniter->runController()
 8 SYSTEMPATH\CodeIgniter.php(361): CodeIgniter\CodeIgniter->handleRequest()
 9 FCPATH\index.php(79): CodeIgniter\CodeIgniter->run()
10 SYSTEMPATH\Commands\Server\rewrite.php(47): require_once('C:\\Users\\pando\\OneDrive\\Área de Trabalho\\MVCmecanica\\public\\index.php')
CRITICAL - 2023-11-08 22:46:59 --> There is no data to update.
in SYSTEMPATH\BaseModel.php on line 930.
 1 SYSTEMPATH\BaseModel.php(930): CodeIgniter\Database\Exceptions\DataException::forEmptyDataset()
 2 SYSTEMPATH\Model.php(776): CodeIgniter\BaseModel->update()
 3 APPPATH\Controllers\ListarController.php(221): CodeIgniter\Model->update()
 4 SYSTEMPATH\CodeIgniter.php(942): App\Controllers\ListarController->alterarStatus()
 5 SYSTEMPATH\CodeIgniter.php(502): CodeIgniter\CodeIgniter->runController()
 6 SYSTEMPATH\CodeIgniter.php(361): CodeIgniter\CodeIgniter->handleRequest()
 7 FCPATH\index.php(79): CodeIgniter\CodeIgniter->run()
 8 SYSTEMPATH\Commands\Server\rewrite.php(47): require_once('C:\\Users\\pando\\OneDrive\\Área de Trabalho\\MVCmecanica\\public\\index.php')
CRITICAL - 2023-11-08 22:53:12 --> There is no data to update.
in SYSTEMPATH\BaseModel.php on line 908.
 1 SYSTEMPATH\BaseModel.php(908): CodeIgniter\Database\Exceptions\DataException::forEmptyDataset()
 2 SYSTEMPATH\Model.php(776): CodeIgniter\BaseModel->update()
 3 APPPATH\Controllers\ListarController.php(217): CodeIgniter\Model->update()
 4 SYSTEMPATH\CodeIgniter.php(942): App\Controllers\ListarController->alterarStatus()
 5 SYSTEMPATH\CodeIgniter.php(502): CodeIgniter\CodeIgniter->runController()
 6 SYSTEMPATH\CodeIgniter.php(361): CodeIgniter\CodeIgniter->handleRequest()
 7 FCPATH\index.php(79): CodeIgniter\CodeIgniter->run()
 8 SYSTEMPATH\Commands\Server\rewrite.php(47): require_once('C:\\Users\\pando\\OneDrive\\Área de Trabalho\\MVCmecanica\\public\\index.php')
CRITICAL - 2023-11-08 22:56:58 --> There is no data to update.
in SYSTEMPATH\BaseModel.php on line 908.
 1 SYSTEMPATH\BaseModel.php(908): CodeIgniter\Database\Exceptions\DataException::forEmptyDataset()
 2 SYSTEMPATH\Model.php(776): CodeIgniter\BaseModel->update()
 3 APPPATH\Controllers\ListarController.php(219): CodeIgniter\Model->update()
 4 SYSTEMPATH\CodeIgniter.php(942): App\Controllers\ListarController->alterarStatus()
 5 SYSTEMPATH\CodeIgniter.php(502): CodeIgniter\CodeIgniter->runController()
 6 SYSTEMPATH\CodeIgniter.php(361): CodeIgniter\CodeIgniter->handleRequest()
 7 FCPATH\index.php(79): CodeIgniter\CodeIgniter->run()
 8 SYSTEMPATH\Commands\Server\rewrite.php(47): require_once('C:\\Users\\pando\\OneDrive\\Área de Trabalho\\MVCmecanica\\public\\index.php')
