ERROR - 2023-11-04 00:07:24 --> mysqli_sql_exception: You have an error in your SQL syntax; check the manual that corresponds to your MySQL server version for the right syntax to use near '.`descricao as veiculo_descricao veiculo`.`status as veiculo_status user`.`nome_' at line 1 in C:\Users\pando\OneDrive\Área de Trabalho\codeigniter4-framework-c84d322\system\Database\MySQLi\Connection.php:306
Stack trace:
#0 C:\Users\pando\OneDrive\Área de Trabalho\codeigniter4-framework-c84d322\system\Database\MySQLi\Connection.php(306): mysqli->query()
#1 C:\Users\pando\OneDrive\Área de Trabalho\codeigniter4-framework-c84d322\system\Database\BaseConnection.php(693): CodeIgniter\Database\MySQLi\Connection->execute()
#2 C:\Users\pando\OneDrive\Área de Trabalho\codeigniter4-framework-c84d322\system\Database\BaseConnection.php(607): CodeIgniter\Database\BaseConnection->simpleQuery()
#3 C:\Users\pando\OneDrive\Área de Trabalho\codeigniter4-framework-c84d322\system\Database\BaseBuilder.php(1615): CodeIgniter\Database\BaseConnection->query()
#4 C:\Users\pando\OneDrive\Área de Trabalho\codeigniter4-framework-c84d322\system\Model.php(264): CodeIgniter\Database\BaseBuilder->get()
#5 C:\Users\pando\OneDrive\Área de Trabalho\codeigniter4-framework-c84d322\system\BaseModel.php(662): CodeIgniter\Model->doFirst()
#6 C:\Users\pando\OneDrive\Área de Trabalho\codeigniter4-framework-c84d322\app\Models\osModel.php(47): CodeIgniter\BaseModel->first()
#7 C:\Users\pando\OneDrive\Área de Trabalho\codeigniter4-framework-c84d322\app\Controllers\osController.php(112): App\Models\osModel->getOrderWithDetails()
#8 C:\Users\pando\OneDrive\Área de Trabalho\codeigniter4-framework-c84d322\system\CodeIgniter.php(942): App\Controllers\osController->detalhes()
#9 C:\Users\pando\OneDrive\Área de Trabalho\codeigniter4-framework-c84d322\system\CodeIgniter.php(502): CodeIgniter\CodeIgniter->runController()
#10 C:\Users\pando\OneDrive\Área de Trabalho\codeigniter4-framework-c84d322\system\CodeIgniter.php(361): CodeIgniter\CodeIgniter->handleRequest()
#11 C:\Users\pando\OneDrive\Área de Trabalho\codeigniter4-framework-c84d322\public\index.php(79): CodeIgniter\CodeIgniter->run()
#12 C:\Users\pando\OneDrive\Área de Trabalho\codeigniter4-framework-c84d322\system\Commands\Server\rewrite.php(47): require_once('...')
#13 {main}
CRITICAL - 2023-11-04 00:07:24 --> Call to a member function getFirstRow() on bool
in SYSTEMPATH\Model.php on line 264.
 1 SYSTEMPATH\BaseModel.php(662): CodeIgniter\Model->doFirst()
 2 APPPATH\Models\osModel.php(47): CodeIgniter\BaseModel->first()
 3 APPPATH\Controllers\osController.php(112): App\Models\osModel->getOrderWithDetails()
 4 SYSTEMPATH\CodeIgniter.php(942): App\Controllers\osController->detalhes()
 5 SYSTEMPATH\CodeIgniter.php(502): CodeIgniter\CodeIgniter->runController()
 6 SYSTEMPATH\CodeIgniter.php(361): CodeIgniter\CodeIgniter->handleRequest()
 7 FCPATH\index.php(79): CodeIgniter\CodeIgniter->run()
 8 SYSTEMPATH\Commands\Server\rewrite.php(47): require_once('C:\\Users\\pando\\OneDrive\\Área de Trabalho\\codeigniter4-framework-c84d322\\public\\index.php')
ERROR - 2023-11-04 00:09:23 --> mysqli_sql_exception: Unknown column 'veiculo.marca_nome' in 'field list' in C:\Users\pando\OneDrive\Área de Trabalho\codeigniter4-framework-c84d322\system\Database\MySQLi\Connection.php:306
Stack trace:
#0 C:\Users\pando\OneDrive\Área de Trabalho\codeigniter4-framework-c84d322\system\Database\MySQLi\Connection.php(306): mysqli->query()
#1 C:\Users\pando\OneDrive\Área de Trabalho\codeigniter4-framework-c84d322\system\Database\BaseConnection.php(693): CodeIgniter\Database\MySQLi\Connection->execute()
#2 C:\Users\pando\OneDrive\Área de Trabalho\codeigniter4-framework-c84d322\system\Database\BaseConnection.php(607): CodeIgniter\Database\BaseConnection->simpleQuery()
#3 C:\Users\pando\OneDrive\Área de Trabalho\codeigniter4-framework-c84d322\system\Database\BaseBuilder.php(1615): CodeIgniter\Database\BaseConnection->query()
#4 C:\Users\pando\OneDrive\Área de Trabalho\codeigniter4-framework-c84d322\system\Model.php(264): CodeIgniter\Database\BaseBuilder->get()
#5 C:\Users\pando\OneDrive\Área de Trabalho\codeigniter4-framework-c84d322\system\BaseModel.php(662): CodeIgniter\Model->doFirst()
#6 C:\Users\pando\OneDrive\Área de Trabalho\codeigniter4-framework-c84d322\app\Models\osModel.php(49): CodeIgniter\BaseModel->first()
#7 C:\Users\pando\OneDrive\Área de Trabalho\codeigniter4-framework-c84d322\app\Controllers\osController.php(112): App\Models\osModel->getOrderWithDetails()
#8 C:\Users\pando\OneDrive\Área de Trabalho\codeigniter4-framework-c84d322\system\CodeIgniter.php(942): App\Controllers\osController->detalhes()
#9 C:\Users\pando\OneDrive\Área de Trabalho\codeigniter4-framework-c84d322\system\CodeIgniter.php(502): CodeIgniter\CodeIgniter->runController()
#10 C:\Users\pando\OneDrive\Área de Trabalho\codeigniter4-framework-c84d322\system\CodeIgniter.php(361): CodeIgniter\CodeIgniter->handleRequest()
#11 C:\Users\pando\OneDrive\Área de Trabalho\codeigniter4-framework-c84d322\public\index.php(79): CodeIgniter\CodeIgniter->run()
#12 C:\Users\pando\OneDrive\Área de Trabalho\codeigniter4-framework-c84d322\system\Commands\Server\rewrite.php(47): require_once('...')
#13 {main}
CRITICAL - 2023-11-04 00:09:23 --> Call to a member function getFirstRow() on bool
in SYSTEMPATH\Model.php on line 264.
 1 SYSTEMPATH\BaseModel.php(662): CodeIgniter\Model->doFirst()
 2 APPPATH\Models\osModel.php(49): CodeIgniter\BaseModel->first()
 3 APPPATH\Controllers\osController.php(112): App\Models\osModel->getOrderWithDetails()
 4 SYSTEMPATH\CodeIgniter.php(942): App\Controllers\osController->detalhes()
 5 SYSTEMPATH\CodeIgniter.php(502): CodeIgniter\CodeIgniter->runController()
 6 SYSTEMPATH\CodeIgniter.php(361): CodeIgniter\CodeIgniter->handleRequest()
 7 FCPATH\index.php(79): CodeIgniter\CodeIgniter->run()
 8 SYSTEMPATH\Commands\Server\rewrite.php(47): require_once('C:\\Users\\pando\\OneDrive\\Área de Trabalho\\codeigniter4-framework-c84d322\\public\\index.php')
ERROR - 2023-11-04 00:12:11 --> mysqli_sql_exception: Unknown column 'veiculo.marca_nome' in 'field list' in C:\Users\pando\OneDrive\Área de Trabalho\codeigniter4-framework-c84d322\system\Database\MySQLi\Connection.php:306
Stack trace:
#0 C:\Users\pando\OneDrive\Área de Trabalho\codeigniter4-framework-c84d322\system\Database\MySQLi\Connection.php(306): mysqli->query()
#1 C:\Users\pando\OneDrive\Área de Trabalho\codeigniter4-framework-c84d322\system\Database\BaseConnection.php(693): CodeIgniter\Database\MySQLi\Connection->execute()
#2 C:\Users\pando\OneDrive\Área de Trabalho\codeigniter4-framework-c84d322\system\Database\BaseConnection.php(607): CodeIgniter\Database\BaseConnection->simpleQuery()
#3 C:\Users\pando\OneDrive\Área de Trabalho\codeigniter4-framework-c84d322\system\Database\BaseBuilder.php(1615): CodeIgniter\Database\BaseConnection->query()
#4 C:\Users\pando\OneDrive\Área de Trabalho\codeigniter4-framework-c84d322\system\Model.php(264): CodeIgniter\Database\BaseBuilder->get()
#5 C:\Users\pando\OneDrive\Área de Trabalho\codeigniter4-framework-c84d322\system\BaseModel.php(662): CodeIgniter\Model->doFirst()
#6 C:\Users\pando\OneDrive\Área de Trabalho\codeigniter4-framework-c84d322\app\Models\osModel.php(49): CodeIgniter\BaseModel->first()
#7 C:\Users\pando\OneDrive\Área de Trabalho\codeigniter4-framework-c84d322\app\Controllers\osController.php(112): App\Models\osModel->getOrderWithDetails()
#8 C:\Users\pando\OneDrive\Área de Trabalho\codeigniter4-framework-c84d322\system\CodeIgniter.php(942): App\Controllers\osController->detalhes()
#9 C:\Users\pando\OneDrive\Área de Trabalho\codeigniter4-framework-c84d322\system\CodeIgniter.php(502): CodeIgniter\CodeIgniter->runController()
#10 C:\Users\pando\OneDrive\Área de Trabalho\codeigniter4-framework-c84d322\system\CodeIgniter.php(361): CodeIgniter\CodeIgniter->handleRequest()
#11 C:\Users\pando\OneDrive\Área de Trabalho\codeigniter4-framework-c84d322\public\index.php(79): CodeIgniter\CodeIgniter->run()
#12 C:\Users\pando\OneDrive\Área de Trabalho\codeigniter4-framework-c84d322\system\Commands\Server\rewrite.php(47): require_once('...')
#13 {main}
CRITICAL - 2023-11-04 00:12:11 --> Call to a member function getFirstRow() on bool
in SYSTEMPATH\Model.php on line 264.
 1 SYSTEMPATH\BaseModel.php(662): CodeIgniter\Model->doFirst()
 2 APPPATH\Models\osModel.php(49): CodeIgniter\BaseModel->first()
 3 APPPATH\Controllers\osController.php(112): App\Models\osModel->getOrderWithDetails()
 4 SYSTEMPATH\CodeIgniter.php(942): App\Controllers\osController->detalhes()
 5 SYSTEMPATH\CodeIgniter.php(502): CodeIgniter\CodeIgniter->runController()
 6 SYSTEMPATH\CodeIgniter.php(361): CodeIgniter\CodeIgniter->handleRequest()
 7 FCPATH\index.php(79): CodeIgniter\CodeIgniter->run()
 8 SYSTEMPATH\Commands\Server\rewrite.php(47): require_once('C:\\Users\\pando\\OneDrive\\Área de Trabalho\\codeigniter4-framework-c84d322\\public\\index.php')
ERROR - 2023-11-04 00:12:12 --> mysqli_sql_exception: Unknown column 'veiculo.marca_nome' in 'field list' in C:\Users\pando\OneDrive\Área de Trabalho\codeigniter4-framework-c84d322\system\Database\MySQLi\Connection.php:306
Stack trace:
#0 C:\Users\pando\OneDrive\Área de Trabalho\codeigniter4-framework-c84d322\system\Database\MySQLi\Connection.php(306): mysqli->query()
#1 C:\Users\pando\OneDrive\Área de Trabalho\codeigniter4-framework-c84d322\system\Database\BaseConnection.php(693): CodeIgniter\Database\MySQLi\Connection->execute()
#2 C:\Users\pando\OneDrive\Área de Trabalho\codeigniter4-framework-c84d322\system\Database\BaseConnection.php(607): CodeIgniter\Database\BaseConnection->simpleQuery()
#3 C:\Users\pando\OneDrive\Área de Trabalho\codeigniter4-framework-c84d322\system\Database\BaseBuilder.php(1615): CodeIgniter\Database\BaseConnection->query()
#4 C:\Users\pando\OneDrive\Área de Trabalho\codeigniter4-framework-c84d322\system\Model.php(264): CodeIgniter\Database\BaseBuilder->get()
#5 C:\Users\pando\OneDrive\Área de Trabalho\codeigniter4-framework-c84d322\system\BaseModel.php(662): CodeIgniter\Model->doFirst()
#6 C:\Users\pando\OneDrive\Área de Trabalho\codeigniter4-framework-c84d322\app\Models\osModel.php(49): CodeIgniter\BaseModel->first()
#7 C:\Users\pando\OneDrive\Área de Trabalho\codeigniter4-framework-c84d322\app\Controllers\osController.php(112): App\Models\osModel->getOrderWithDetails()
#8 C:\Users\pando\OneDrive\Área de Trabalho\codeigniter4-framework-c84d322\system\CodeIgniter.php(942): App\Controllers\osController->detalhes()
#9 C:\Users\pando\OneDrive\Área de Trabalho\codeigniter4-framework-c84d322\system\CodeIgniter.php(502): CodeIgniter\CodeIgniter->runController()
#10 C:\Users\pando\OneDrive\Área de Trabalho\codeigniter4-framework-c84d322\system\CodeIgniter.php(361): CodeIgniter\CodeIgniter->handleRequest()
#11 C:\Users\pando\OneDrive\Área de Trabalho\codeigniter4-framework-c84d322\public\index.php(79): CodeIgniter\CodeIgniter->run()
#12 C:\Users\pando\OneDrive\Área de Trabalho\codeigniter4-framework-c84d322\system\Commands\Server\rewrite.php(47): require_once('...')
#13 {main}
CRITICAL - 2023-11-04 00:12:12 --> Call to a member function getFirstRow() on bool
in SYSTEMPATH\Model.php on line 264.
 1 SYSTEMPATH\BaseModel.php(662): CodeIgniter\Model->doFirst()
 2 APPPATH\Models\osModel.php(49): CodeIgniter\BaseModel->first()
 3 APPPATH\Controllers\osController.php(112): App\Models\osModel->getOrderWithDetails()
 4 SYSTEMPATH\CodeIgniter.php(942): App\Controllers\osController->detalhes()
 5 SYSTEMPATH\CodeIgniter.php(502): CodeIgniter\CodeIgniter->runController()
 6 SYSTEMPATH\CodeIgniter.php(361): CodeIgniter\CodeIgniter->handleRequest()
 7 FCPATH\index.php(79): CodeIgniter\CodeIgniter->run()
 8 SYSTEMPATH\Commands\Server\rewrite.php(47): require_once('C:\\Users\\pando\\OneDrive\\Área de Trabalho\\codeigniter4-framework-c84d322\\public\\index.php')
ERROR - 2023-11-04 00:12:21 --> mysqli_sql_exception: Unknown column 'veiculo.marca_nome' in 'field list' in C:\Users\pando\OneDrive\Área de Trabalho\codeigniter4-framework-c84d322\system\Database\MySQLi\Connection.php:306
Stack trace:
#0 C:\Users\pando\OneDrive\Área de Trabalho\codeigniter4-framework-c84d322\system\Database\MySQLi\Connection.php(306): mysqli->query()
#1 C:\Users\pando\OneDrive\Área de Trabalho\codeigniter4-framework-c84d322\system\Database\BaseConnection.php(693): CodeIgniter\Database\MySQLi\Connection->execute()
#2 C:\Users\pando\OneDrive\Área de Trabalho\codeigniter4-framework-c84d322\system\Database\BaseConnection.php(607): CodeIgniter\Database\BaseConnection->simpleQuery()
#3 C:\Users\pando\OneDrive\Área de Trabalho\codeigniter4-framework-c84d322\system\Database\BaseBuilder.php(1615): CodeIgniter\Database\BaseConnection->query()
#4 C:\Users\pando\OneDrive\Área de Trabalho\codeigniter4-framework-c84d322\system\Model.php(264): CodeIgniter\Database\BaseBuilder->get()
#5 C:\Users\pando\OneDrive\Área de Trabalho\codeigniter4-framework-c84d322\system\BaseModel.php(662): CodeIgniter\Model->doFirst()
#6 C:\Users\pando\OneDrive\Área de Trabalho\codeigniter4-framework-c84d322\app\Models\osModel.php(49): CodeIgniter\BaseModel->first()
#7 C:\Users\pando\OneDrive\Área de Trabalho\codeigniter4-framework-c84d322\app\Controllers\osController.php(112): App\Models\osModel->getOrderWithDetails()
#8 C:\Users\pando\OneDrive\Área de Trabalho\codeigniter4-framework-c84d322\system\CodeIgniter.php(942): App\Controllers\osController->detalhes()
#9 C:\Users\pando\OneDrive\Área de Trabalho\codeigniter4-framework-c84d322\system\CodeIgniter.php(502): CodeIgniter\CodeIgniter->runController()
#10 C:\Users\pando\OneDrive\Área de Trabalho\codeigniter4-framework-c84d322\system\CodeIgniter.php(361): CodeIgniter\CodeIgniter->handleRequest()
#11 C:\Users\pando\OneDrive\Área de Trabalho\codeigniter4-framework-c84d322\public\index.php(79): CodeIgniter\CodeIgniter->run()
#12 C:\Users\pando\OneDrive\Área de Trabalho\codeigniter4-framework-c84d322\system\Commands\Server\rewrite.php(47): require_once('...')
#13 {main}
CRITICAL - 2023-11-04 00:12:21 --> Call to a member function getFirstRow() on bool
in SYSTEMPATH\Model.php on line 264.
 1 SYSTEMPATH\BaseModel.php(662): CodeIgniter\Model->doFirst()
 2 APPPATH\Models\osModel.php(49): CodeIgniter\BaseModel->first()
 3 APPPATH\Controllers\osController.php(112): App\Models\osModel->getOrderWithDetails()
 4 SYSTEMPATH\CodeIgniter.php(942): App\Controllers\osController->detalhes()
 5 SYSTEMPATH\CodeIgniter.php(502): CodeIgniter\CodeIgniter->runController()
 6 SYSTEMPATH\CodeIgniter.php(361): CodeIgniter\CodeIgniter->handleRequest()
 7 FCPATH\index.php(79): CodeIgniter\CodeIgniter->run()
 8 SYSTEMPATH\Commands\Server\rewrite.php(47): require_once('C:\\Users\\pando\\OneDrive\\Área de Trabalho\\codeigniter4-framework-c84d322\\public\\index.php')
ERROR - 2023-11-04 00:12:22 --> mysqli_sql_exception: Unknown column 'veiculo.marca_nome' in 'field list' in C:\Users\pando\OneDrive\Área de Trabalho\codeigniter4-framework-c84d322\system\Database\MySQLi\Connection.php:306
Stack trace:
#0 C:\Users\pando\OneDrive\Área de Trabalho\codeigniter4-framework-c84d322\system\Database\MySQLi\Connection.php(306): mysqli->query()
#1 C:\Users\pando\OneDrive\Área de Trabalho\codeigniter4-framework-c84d322\system\Database\BaseConnection.php(693): CodeIgniter\Database\MySQLi\Connection->execute()
#2 C:\Users\pando\OneDrive\Área de Trabalho\codeigniter4-framework-c84d322\system\Database\BaseConnection.php(607): CodeIgniter\Database\BaseConnection->simpleQuery()
#3 C:\Users\pando\OneDrive\Área de Trabalho\codeigniter4-framework-c84d322\system\Database\BaseBuilder.php(1615): CodeIgniter\Database\BaseConnection->query()
#4 C:\Users\pando\OneDrive\Área de Trabalho\codeigniter4-framework-c84d322\system\Model.php(264): CodeIgniter\Database\BaseBuilder->get()
#5 C:\Users\pando\OneDrive\Área de Trabalho\codeigniter4-framework-c84d322\system\BaseModel.php(662): CodeIgniter\Model->doFirst()
#6 C:\Users\pando\OneDrive\Área de Trabalho\codeigniter4-framework-c84d322\app\Models\osModel.php(49): CodeIgniter\BaseModel->first()
#7 C:\Users\pando\OneDrive\Área de Trabalho\codeigniter4-framework-c84d322\app\Controllers\osController.php(112): App\Models\osModel->getOrderWithDetails()
#8 C:\Users\pando\OneDrive\Área de Trabalho\codeigniter4-framework-c84d322\system\CodeIgniter.php(942): App\Controllers\osController->detalhes()
#9 C:\Users\pando\OneDrive\Área de Trabalho\codeigniter4-framework-c84d322\system\CodeIgniter.php(502): CodeIgniter\CodeIgniter->runController()
#10 C:\Users\pando\OneDrive\Área de Trabalho\codeigniter4-framework-c84d322\system\CodeIgniter.php(361): CodeIgniter\CodeIgniter->handleRequest()
#11 C:\Users\pando\OneDrive\Área de Trabalho\codeigniter4-framework-c84d322\public\index.php(79): CodeIgniter\CodeIgniter->run()
#12 C:\Users\pando\OneDrive\Área de Trabalho\codeigniter4-framework-c84d322\system\Commands\Server\rewrite.php(47): require_once('...')
#13 {main}
CRITICAL - 2023-11-04 00:12:22 --> Call to a member function getFirstRow() on bool
in SYSTEMPATH\Model.php on line 264.
 1 SYSTEMPATH\BaseModel.php(662): CodeIgniter\Model->doFirst()
 2 APPPATH\Models\osModel.php(49): CodeIgniter\BaseModel->first()
 3 APPPATH\Controllers\osController.php(112): App\Models\osModel->getOrderWithDetails()
 4 SYSTEMPATH\CodeIgniter.php(942): App\Controllers\osController->detalhes()
 5 SYSTEMPATH\CodeIgniter.php(502): CodeIgniter\CodeIgniter->runController()
 6 SYSTEMPATH\CodeIgniter.php(361): CodeIgniter\CodeIgniter->handleRequest()
 7 FCPATH\index.php(79): CodeIgniter\CodeIgniter->run()
 8 SYSTEMPATH\Commands\Server\rewrite.php(47): require_once('C:\\Users\\pando\\OneDrive\\Área de Trabalho\\codeigniter4-framework-c84d322\\public\\index.php')
ERROR - 2023-11-04 00:12:23 --> mysqli_sql_exception: Unknown column 'veiculo.marca_nome' in 'field list' in C:\Users\pando\OneDrive\Área de Trabalho\codeigniter4-framework-c84d322\system\Database\MySQLi\Connection.php:306
Stack trace:
#0 C:\Users\pando\OneDrive\Área de Trabalho\codeigniter4-framework-c84d322\system\Database\MySQLi\Connection.php(306): mysqli->query()
#1 C:\Users\pando\OneDrive\Área de Trabalho\codeigniter4-framework-c84d322\system\Database\BaseConnection.php(693): CodeIgniter\Database\MySQLi\Connection->execute()
#2 C:\Users\pando\OneDrive\Área de Trabalho\codeigniter4-framework-c84d322\system\Database\BaseConnection.php(607): CodeIgniter\Database\BaseConnection->simpleQuery()
#3 C:\Users\pando\OneDrive\Área de Trabalho\codeigniter4-framework-c84d322\system\Database\BaseBuilder.php(1615): CodeIgniter\Database\BaseConnection->query()
#4 C:\Users\pando\OneDrive\Área de Trabalho\codeigniter4-framework-c84d322\system\Model.php(264): CodeIgniter\Database\BaseBuilder->get()
#5 C:\Users\pando\OneDrive\Área de Trabalho\codeigniter4-framework-c84d322\system\BaseModel.php(662): CodeIgniter\Model->doFirst()
#6 C:\Users\pando\OneDrive\Área de Trabalho\codeigniter4-framework-c84d322\app\Models\osModel.php(49): CodeIgniter\BaseModel->first()
#7 C:\Users\pando\OneDrive\Área de Trabalho\codeigniter4-framework-c84d322\app\Controllers\osController.php(112): App\Models\osModel->getOrderWithDetails()
#8 C:\Users\pando\OneDrive\Área de Trabalho\codeigniter4-framework-c84d322\system\CodeIgniter.php(942): App\Controllers\osController->detalhes()
#9 C:\Users\pando\OneDrive\Área de Trabalho\codeigniter4-framework-c84d322\system\CodeIgniter.php(502): CodeIgniter\CodeIgniter->runController()
#10 C:\Users\pando\OneDrive\Área de Trabalho\codeigniter4-framework-c84d322\system\CodeIgniter.php(361): CodeIgniter\CodeIgniter->handleRequest()
#11 C:\Users\pando\OneDrive\Área de Trabalho\codeigniter4-framework-c84d322\public\index.php(79): CodeIgniter\CodeIgniter->run()
#12 C:\Users\pando\OneDrive\Área de Trabalho\codeigniter4-framework-c84d322\system\Commands\Server\rewrite.php(47): require_once('...')
#13 {main}
CRITICAL - 2023-11-04 00:12:23 --> Call to a member function getFirstRow() on bool
in SYSTEMPATH\Model.php on line 264.
 1 SYSTEMPATH\BaseModel.php(662): CodeIgniter\Model->doFirst()
 2 APPPATH\Models\osModel.php(49): CodeIgniter\BaseModel->first()
 3 APPPATH\Controllers\osController.php(112): App\Models\osModel->getOrderWithDetails()
 4 SYSTEMPATH\CodeIgniter.php(942): App\Controllers\osController->detalhes()
 5 SYSTEMPATH\CodeIgniter.php(502): CodeIgniter\CodeIgniter->runController()
 6 SYSTEMPATH\CodeIgniter.php(361): CodeIgniter\CodeIgniter->handleRequest()
 7 FCPATH\index.php(79): CodeIgniter\CodeIgniter->run()
 8 SYSTEMPATH\Commands\Server\rewrite.php(47): require_once('C:\\Users\\pando\\OneDrive\\Área de Trabalho\\codeigniter4-framework-c84d322\\public\\index.php')
ERROR - 2023-11-04 00:12:32 --> mysqli_sql_exception: Unknown column 'veiculo.marca_nome' in 'field list' in C:\Users\pando\OneDrive\Área de Trabalho\codeigniter4-framework-c84d322\system\Database\MySQLi\Connection.php:306
Stack trace:
#0 C:\Users\pando\OneDrive\Área de Trabalho\codeigniter4-framework-c84d322\system\Database\MySQLi\Connection.php(306): mysqli->query()
#1 C:\Users\pando\OneDrive\Área de Trabalho\codeigniter4-framework-c84d322\system\Database\BaseConnection.php(693): CodeIgniter\Database\MySQLi\Connection->execute()
#2 C:\Users\pando\OneDrive\Área de Trabalho\codeigniter4-framework-c84d322\system\Database\BaseConnection.php(607): CodeIgniter\Database\BaseConnection->simpleQuery()
#3 C:\Users\pando\OneDrive\Área de Trabalho\codeigniter4-framework-c84d322\system\Database\BaseBuilder.php(1615): CodeIgniter\Database\BaseConnection->query()
#4 C:\Users\pando\OneDrive\Área de Trabalho\codeigniter4-framework-c84d322\system\Model.php(264): CodeIgniter\Database\BaseBuilder->get()
#5 C:\Users\pando\OneDrive\Área de Trabalho\codeigniter4-framework-c84d322\system\BaseModel.php(662): CodeIgniter\Model->doFirst()
#6 C:\Users\pando\OneDrive\Área de Trabalho\codeigniter4-framework-c84d322\app\Models\osModel.php(49): CodeIgniter\BaseModel->first()
#7 C:\Users\pando\OneDrive\Área de Trabalho\codeigniter4-framework-c84d322\app\Controllers\osController.php(112): App\Models\osModel->getOrderWithDetails()
#8 C:\Users\pando\OneDrive\Área de Trabalho\codeigniter4-framework-c84d322\system\CodeIgniter.php(942): App\Controllers\osController->detalhes()
#9 C:\Users\pando\OneDrive\Área de Trabalho\codeigniter4-framework-c84d322\system\CodeIgniter.php(502): CodeIgniter\CodeIgniter->runController()
#10 C:\Users\pando\OneDrive\Área de Trabalho\codeigniter4-framework-c84d322\system\CodeIgniter.php(361): CodeIgniter\CodeIgniter->handleRequest()
#11 C:\Users\pando\OneDrive\Área de Trabalho\codeigniter4-framework-c84d322\public\index.php(79): CodeIgniter\CodeIgniter->run()
#12 C:\Users\pando\OneDrive\Área de Trabalho\codeigniter4-framework-c84d322\system\Commands\Server\rewrite.php(47): require_once('...')
#13 {main}
CRITICAL - 2023-11-04 00:12:32 --> Call to a member function getFirstRow() on bool
in SYSTEMPATH\Model.php on line 264.
 1 SYSTEMPATH\BaseModel.php(662): CodeIgniter\Model->doFirst()
 2 APPPATH\Models\osModel.php(49): CodeIgniter\BaseModel->first()
 3 APPPATH\Controllers\osController.php(112): App\Models\osModel->getOrderWithDetails()
 4 SYSTEMPATH\CodeIgniter.php(942): App\Controllers\osController->detalhes()
 5 SYSTEMPATH\CodeIgniter.php(502): CodeIgniter\CodeIgniter->runController()
 6 SYSTEMPATH\CodeIgniter.php(361): CodeIgniter\CodeIgniter->handleRequest()
 7 FCPATH\index.php(79): CodeIgniter\CodeIgniter->run()
 8 SYSTEMPATH\Commands\Server\rewrite.php(47): require_once('C:\\Users\\pando\\OneDrive\\Área de Trabalho\\codeigniter4-framework-c84d322\\public\\index.php')
ERROR - 2023-11-04 00:12:32 --> mysqli_sql_exception: Unknown column 'veiculo.marca_nome' in 'field list' in C:\Users\pando\OneDrive\Área de Trabalho\codeigniter4-framework-c84d322\system\Database\MySQLi\Connection.php:306
Stack trace:
#0 C:\Users\pando\OneDrive\Área de Trabalho\codeigniter4-framework-c84d322\system\Database\MySQLi\Connection.php(306): mysqli->query()
#1 C:\Users\pando\OneDrive\Área de Trabalho\codeigniter4-framework-c84d322\system\Database\BaseConnection.php(693): CodeIgniter\Database\MySQLi\Connection->execute()
#2 C:\Users\pando\OneDrive\Área de Trabalho\codeigniter4-framework-c84d322\system\Database\BaseConnection.php(607): CodeIgniter\Database\BaseConnection->simpleQuery()
#3 C:\Users\pando\OneDrive\Área de Trabalho\codeigniter4-framework-c84d322\system\Database\BaseBuilder.php(1615): CodeIgniter\Database\BaseConnection->query()
#4 C:\Users\pando\OneDrive\Área de Trabalho\codeigniter4-framework-c84d322\system\Model.php(264): CodeIgniter\Database\BaseBuilder->get()
#5 C:\Users\pando\OneDrive\Área de Trabalho\codeigniter4-framework-c84d322\system\BaseModel.php(662): CodeIgniter\Model->doFirst()
#6 C:\Users\pando\OneDrive\Área de Trabalho\codeigniter4-framework-c84d322\app\Models\osModel.php(49): CodeIgniter\BaseModel->first()
#7 C:\Users\pando\OneDrive\Área de Trabalho\codeigniter4-framework-c84d322\app\Controllers\osController.php(112): App\Models\osModel->getOrderWithDetails()
#8 C:\Users\pando\OneDrive\Área de Trabalho\codeigniter4-framework-c84d322\system\CodeIgniter.php(942): App\Controllers\osController->detalhes()
#9 C:\Users\pando\OneDrive\Área de Trabalho\codeigniter4-framework-c84d322\system\CodeIgniter.php(502): CodeIgniter\CodeIgniter->runController()
#10 C:\Users\pando\OneDrive\Área de Trabalho\codeigniter4-framework-c84d322\system\CodeIgniter.php(361): CodeIgniter\CodeIgniter->handleRequest()
#11 C:\Users\pando\OneDrive\Área de Trabalho\codeigniter4-framework-c84d322\public\index.php(79): CodeIgniter\CodeIgniter->run()
#12 C:\Users\pando\OneDrive\Área de Trabalho\codeigniter4-framework-c84d322\system\Commands\Server\rewrite.php(47): require_once('...')
#13 {main}
CRITICAL - 2023-11-04 00:12:32 --> Call to a member function getFirstRow() on bool
in SYSTEMPATH\Model.php on line 264.
 1 SYSTEMPATH\BaseModel.php(662): CodeIgniter\Model->doFirst()
 2 APPPATH\Models\osModel.php(49): CodeIgniter\BaseModel->first()
 3 APPPATH\Controllers\osController.php(112): App\Models\osModel->getOrderWithDetails()
 4 SYSTEMPATH\CodeIgniter.php(942): App\Controllers\osController->detalhes()
 5 SYSTEMPATH\CodeIgniter.php(502): CodeIgniter\CodeIgniter->runController()
 6 SYSTEMPATH\CodeIgniter.php(361): CodeIgniter\CodeIgniter->handleRequest()
 7 FCPATH\index.php(79): CodeIgniter\CodeIgniter->run()
 8 SYSTEMPATH\Commands\Server\rewrite.php(47): require_once('C:\\Users\\pando\\OneDrive\\Área de Trabalho\\codeigniter4-framework-c84d322\\public\\index.php')
ERROR - 2023-11-04 00:12:33 --> mysqli_sql_exception: Unknown column 'veiculo.marca_nome' in 'field list' in C:\Users\pando\OneDrive\Área de Trabalho\codeigniter4-framework-c84d322\system\Database\MySQLi\Connection.php:306
Stack trace:
#0 C:\Users\pando\OneDrive\Área de Trabalho\codeigniter4-framework-c84d322\system\Database\MySQLi\Connection.php(306): mysqli->query()
#1 C:\Users\pando\OneDrive\Área de Trabalho\codeigniter4-framework-c84d322\system\Database\BaseConnection.php(693): CodeIgniter\Database\MySQLi\Connection->execute()
#2 C:\Users\pando\OneDrive\Área de Trabalho\codeigniter4-framework-c84d322\system\Database\BaseConnection.php(607): CodeIgniter\Database\BaseConnection->simpleQuery()
#3 C:\Users\pando\OneDrive\Área de Trabalho\codeigniter4-framework-c84d322\system\Database\BaseBuilder.php(1615): CodeIgniter\Database\BaseConnection->query()
#4 C:\Users\pando\OneDrive\Área de Trabalho\codeigniter4-framework-c84d322\system\Model.php(264): CodeIgniter\Database\BaseBuilder->get()
#5 C:\Users\pando\OneDrive\Área de Trabalho\codeigniter4-framework-c84d322\system\BaseModel.php(662): CodeIgniter\Model->doFirst()
#6 C:\Users\pando\OneDrive\Área de Trabalho\codeigniter4-framework-c84d322\app\Models\osModel.php(49): CodeIgniter\BaseModel->first()
#7 C:\Users\pando\OneDrive\Área de Trabalho\codeigniter4-framework-c84d322\app\Controllers\osController.php(112): App\Models\osModel->getOrderWithDetails()
#8 C:\Users\pando\OneDrive\Área de Trabalho\codeigniter4-framework-c84d322\system\CodeIgniter.php(942): App\Controllers\osController->detalhes()
#9 C:\Users\pando\OneDrive\Área de Trabalho\codeigniter4-framework-c84d322\system\CodeIgniter.php(502): CodeIgniter\CodeIgniter->runController()
#10 C:\Users\pando\OneDrive\Área de Trabalho\codeigniter4-framework-c84d322\system\CodeIgniter.php(361): CodeIgniter\CodeIgniter->handleRequest()
#11 C:\Users\pando\OneDrive\Área de Trabalho\codeigniter4-framework-c84d322\public\index.php(79): CodeIgniter\CodeIgniter->run()
#12 C:\Users\pando\OneDrive\Área de Trabalho\codeigniter4-framework-c84d322\system\Commands\Server\rewrite.php(47): require_once('...')
#13 {main}
CRITICAL - 2023-11-04 00:12:33 --> Call to a member function getFirstRow() on bool
in SYSTEMPATH\Model.php on line 264.
 1 SYSTEMPATH\BaseModel.php(662): CodeIgniter\Model->doFirst()
 2 APPPATH\Models\osModel.php(49): CodeIgniter\BaseModel->first()
 3 APPPATH\Controllers\osController.php(112): App\Models\osModel->getOrderWithDetails()
 4 SYSTEMPATH\CodeIgniter.php(942): App\Controllers\osController->detalhes()
 5 SYSTEMPATH\CodeIgniter.php(502): CodeIgniter\CodeIgniter->runController()
 6 SYSTEMPATH\CodeIgniter.php(361): CodeIgniter\CodeIgniter->handleRequest()
 7 FCPATH\index.php(79): CodeIgniter\CodeIgniter->run()
 8 SYSTEMPATH\Commands\Server\rewrite.php(47): require_once('C:\\Users\\pando\\OneDrive\\Área de Trabalho\\codeigniter4-framework-c84d322\\public\\index.php')
ERROR - 2023-11-04 00:12:33 --> mysqli_sql_exception: Unknown column 'veiculo.marca_nome' in 'field list' in C:\Users\pando\OneDrive\Área de Trabalho\codeigniter4-framework-c84d322\system\Database\MySQLi\Connection.php:306
Stack trace:
#0 C:\Users\pando\OneDrive\Área de Trabalho\codeigniter4-framework-c84d322\system\Database\MySQLi\Connection.php(306): mysqli->query()
#1 C:\Users\pando\OneDrive\Área de Trabalho\codeigniter4-framework-c84d322\system\Database\BaseConnection.php(693): CodeIgniter\Database\MySQLi\Connection->execute()
#2 C:\Users\pando\OneDrive\Área de Trabalho\codeigniter4-framework-c84d322\system\Database\BaseConnection.php(607): CodeIgniter\Database\BaseConnection->simpleQuery()
#3 C:\Users\pando\OneDrive\Área de Trabalho\codeigniter4-framework-c84d322\system\Database\BaseBuilder.php(1615): CodeIgniter\Database\BaseConnection->query()
#4 C:\Users\pando\OneDrive\Área de Trabalho\codeigniter4-framework-c84d322\system\Model.php(264): CodeIgniter\Database\BaseBuilder->get()
#5 C:\Users\pando\OneDrive\Área de Trabalho\codeigniter4-framework-c84d322\system\BaseModel.php(662): CodeIgniter\Model->doFirst()
#6 C:\Users\pando\OneDrive\Área de Trabalho\codeigniter4-framework-c84d322\app\Models\osModel.php(49): CodeIgniter\BaseModel->first()
#7 C:\Users\pando\OneDrive\Área de Trabalho\codeigniter4-framework-c84d322\app\Controllers\osController.php(112): App\Models\osModel->getOrderWithDetails()
#8 C:\Users\pando\OneDrive\Área de Trabalho\codeigniter4-framework-c84d322\system\CodeIgniter.php(942): App\Controllers\osController->detalhes()
#9 C:\Users\pando\OneDrive\Área de Trabalho\codeigniter4-framework-c84d322\system\CodeIgniter.php(502): CodeIgniter\CodeIgniter->runController()
#10 C:\Users\pando\OneDrive\Área de Trabalho\codeigniter4-framework-c84d322\system\CodeIgniter.php(361): CodeIgniter\CodeIgniter->handleRequest()
#11 C:\Users\pando\OneDrive\Área de Trabalho\codeigniter4-framework-c84d322\public\index.php(79): CodeIgniter\CodeIgniter->run()
#12 C:\Users\pando\OneDrive\Área de Trabalho\codeigniter4-framework-c84d322\system\Commands\Server\rewrite.php(47): require_once('...')
#13 {main}
CRITICAL - 2023-11-04 00:12:33 --> Call to a member function getFirstRow() on bool
in SYSTEMPATH\Model.php on line 264.
 1 SYSTEMPATH\BaseModel.php(662): CodeIgniter\Model->doFirst()
 2 APPPATH\Models\osModel.php(49): CodeIgniter\BaseModel->first()
 3 APPPATH\Controllers\osController.php(112): App\Models\osModel->getOrderWithDetails()
 4 SYSTEMPATH\CodeIgniter.php(942): App\Controllers\osController->detalhes()
 5 SYSTEMPATH\CodeIgniter.php(502): CodeIgniter\CodeIgniter->runController()
 6 SYSTEMPATH\CodeIgniter.php(361): CodeIgniter\CodeIgniter->handleRequest()
 7 FCPATH\index.php(79): CodeIgniter\CodeIgniter->run()
 8 SYSTEMPATH\Commands\Server\rewrite.php(47): require_once('C:\\Users\\pando\\OneDrive\\Área de Trabalho\\codeigniter4-framework-c84d322\\public\\index.php')
CRITICAL - 2023-11-04 00:13:06 --> Undefined array key "veiculo_modelo"
in APPPATH\Views\detalhesOS.php on line 28.
 1 APPPATH\Views\detalhesOS.php(28): CodeIgniter\Debug\Exceptions->errorHandler()
 2 SYSTEMPATH\View\View.php(228): include('C:\\Users\\pando\\OneDrive\\Área de Trabalho\\codeigniter4-framework-c84d322\\app\\Views\\detalhesOS.php')
 3 SYSTEMPATH\View\View.php(231): CodeIgniter\View\View->CodeIgniter\View\{closure}()
 4 SYSTEMPATH\Common.php(1190): CodeIgniter\View\View->render()
 5 APPPATH\Controllers\osController.php(119): view()
 6 SYSTEMPATH\CodeIgniter.php(942): App\Controllers\osController->detalhes()
 7 SYSTEMPATH\CodeIgniter.php(502): CodeIgniter\CodeIgniter->runController()
 8 SYSTEMPATH\CodeIgniter.php(361): CodeIgniter\CodeIgniter->handleRequest()
 9 FCPATH\index.php(79): CodeIgniter\CodeIgniter->run()
10 SYSTEMPATH\Commands\Server\rewrite.php(47): require_once('C:\\Users\\pando\\OneDrive\\Área de Trabalho\\codeigniter4-framework-c84d322\\public\\index.php')
CRITICAL - 2023-11-04 19:09:15 --> Undefined variable $orders
in APPPATH\Views\Ver.php on line 46.
 1 APPPATH\Views\Ver.php(46): CodeIgniter\Debug\Exceptions->errorHandler()
 2 SYSTEMPATH\View\View.php(228): include('C:\\Users\\pando\\OneDrive\\Área de Trabalho\\codeigniter4-framework-c84d322\\app\\Views\\Ver.php')
 3 SYSTEMPATH\View\View.php(231): CodeIgniter\View\View->CodeIgniter\View\{closure}()
 4 SYSTEMPATH\Common.php(1190): CodeIgniter\View\View->render()
 5 APPPATH\Controllers\ClienteController.php(33): view()
 6 SYSTEMPATH\CodeIgniter.php(942): App\Controllers\ClienteController->listarClientes()
 7 SYSTEMPATH\CodeIgniter.php(502): CodeIgniter\CodeIgniter->runController()
 8 SYSTEMPATH\CodeIgniter.php(361): CodeIgniter\CodeIgniter->handleRequest()
 9 FCPATH\index.php(79): CodeIgniter\CodeIgniter->run()
10 SYSTEMPATH\Commands\Server\rewrite.php(47): require_once('C:\\Users\\pando\\OneDrive\\Área de Trabalho\\codeigniter4-framework-c84d322\\public\\index.php')
CRITICAL - 2023-11-04 19:09:38 --> Attempt to read property "numero" on array
in APPPATH\Views\Ver.php on line 48.
 1 APPPATH\Views\Ver.php(48): CodeIgniter\Debug\Exceptions->errorHandler()
 2 SYSTEMPATH\View\View.php(228): include('C:\\Users\\pando\\OneDrive\\Área de Trabalho\\codeigniter4-framework-c84d322\\app\\Views\\Ver.php')
 3 SYSTEMPATH\View\View.php(231): CodeIgniter\View\View->CodeIgniter\View\{closure}()
 4 SYSTEMPATH\Common.php(1190): CodeIgniter\View\View->render()
 5 APPPATH\Controllers\ClienteController.php(33): view()
 6 SYSTEMPATH\CodeIgniter.php(942): App\Controllers\ClienteController->listarClientes()
 7 SYSTEMPATH\CodeIgniter.php(502): CodeIgniter\CodeIgniter->runController()
 8 SYSTEMPATH\CodeIgniter.php(361): CodeIgniter\CodeIgniter->handleRequest()
 9 FCPATH\index.php(79): CodeIgniter\CodeIgniter->run()
10 SYSTEMPATH\Commands\Server\rewrite.php(47): require_once('C:\\Users\\pando\\OneDrive\\Área de Trabalho\\codeigniter4-framework-c84d322\\public\\index.php')
CRITICAL - 2023-11-04 19:10:01 --> Attempt to read property "codigo" on array
in APPPATH\Views\Ver.php on line 48.
 1 APPPATH\Views\Ver.php(48): CodeIgniter\Debug\Exceptions->errorHandler()
 2 SYSTEMPATH\View\View.php(228): include('C:\\Users\\pando\\OneDrive\\Área de Trabalho\\codeigniter4-framework-c84d322\\app\\Views\\Ver.php')
 3 SYSTEMPATH\View\View.php(231): CodeIgniter\View\View->CodeIgniter\View\{closure}()
 4 SYSTEMPATH\Common.php(1190): CodeIgniter\View\View->render()
 5 APPPATH\Controllers\ClienteController.php(33): view()
 6 SYSTEMPATH\CodeIgniter.php(942): App\Controllers\ClienteController->listarClientes()
 7 SYSTEMPATH\CodeIgniter.php(502): CodeIgniter\CodeIgniter->runController()
 8 SYSTEMPATH\CodeIgniter.php(361): CodeIgniter\CodeIgniter->handleRequest()
 9 FCPATH\index.php(79): CodeIgniter\CodeIgniter->run()
10 SYSTEMPATH\Commands\Server\rewrite.php(47): require_once('C:\\Users\\pando\\OneDrive\\Área de Trabalho\\codeigniter4-framework-c84d322\\public\\index.php')
CRITICAL - 2023-11-04 19:10:02 --> Attempt to read property "codigo" on array
in APPPATH\Views\Ver.php on line 48.
 1 APPPATH\Views\Ver.php(48): CodeIgniter\Debug\Exceptions->errorHandler()
 2 SYSTEMPATH\View\View.php(228): include('C:\\Users\\pando\\OneDrive\\Área de Trabalho\\codeigniter4-framework-c84d322\\app\\Views\\Ver.php')
 3 SYSTEMPATH\View\View.php(231): CodeIgniter\View\View->CodeIgniter\View\{closure}()
 4 SYSTEMPATH\Common.php(1190): CodeIgniter\View\View->render()
 5 APPPATH\Controllers\ClienteController.php(33): view()
 6 SYSTEMPATH\CodeIgniter.php(942): App\Controllers\ClienteController->listarClientes()
 7 SYSTEMPATH\CodeIgniter.php(502): CodeIgniter\CodeIgniter->runController()
 8 SYSTEMPATH\CodeIgniter.php(361): CodeIgniter\CodeIgniter->handleRequest()
 9 FCPATH\index.php(79): CodeIgniter\CodeIgniter->run()
10 SYSTEMPATH\Commands\Server\rewrite.php(47): require_once('C:\\Users\\pando\\OneDrive\\Área de Trabalho\\codeigniter4-framework-c84d322\\public\\index.php')
CRITICAL - 2023-11-04 19:11:04 --> Undefined variable $orders
in APPPATH\Views\Ver.php on line 46.
 1 APPPATH\Views\Ver.php(46): CodeIgniter\Debug\Exceptions->errorHandler()
 2 SYSTEMPATH\View\View.php(228): include('C:\\Users\\pando\\OneDrive\\Área de Trabalho\\codeigniter4-framework-c84d322\\app\\Views\\Ver.php')
 3 SYSTEMPATH\View\View.php(231): CodeIgniter\View\View->CodeIgniter\View\{closure}()
 4 SYSTEMPATH\Common.php(1190): CodeIgniter\View\View->render()
 5 APPPATH\Controllers\ClienteController.php(33): view()
 6 SYSTEMPATH\CodeIgniter.php(942): App\Controllers\ClienteController->listarClientes()
 7 SYSTEMPATH\CodeIgniter.php(502): CodeIgniter\CodeIgniter->runController()
 8 SYSTEMPATH\CodeIgniter.php(361): CodeIgniter\CodeIgniter->handleRequest()
 9 FCPATH\index.php(79): CodeIgniter\CodeIgniter->run()
10 SYSTEMPATH\Commands\Server\rewrite.php(47): require_once('C:\\Users\\pando\\OneDrive\\Área de Trabalho\\codeigniter4-framework-c84d322\\public\\index.php')
CRITICAL - 2023-11-04 19:15:09 --> Attempt to read property "defeito" on array
in APPPATH\Views\detalhes.php on line 36.
 1 APPPATH\Views\detalhes.php(36): CodeIgniter\Debug\Exceptions->errorHandler()
 2 SYSTEMPATH\View\View.php(228): include('C:\\Users\\pando\\OneDrive\\Área de Trabalho\\codeigniter4-framework-c84d322\\app\\Views\\detalhes.php')
 3 SYSTEMPATH\View\View.php(231): CodeIgniter\View\View->CodeIgniter\View\{closure}()
 4 SYSTEMPATH\Common.php(1190): CodeIgniter\View\View->render()
 5 APPPATH\Controllers\ClienteController.php(76): view()
 6 SYSTEMPATH\CodeIgniter.php(942): App\Controllers\ClienteController->detalhes()
 7 SYSTEMPATH\CodeIgniter.php(502): CodeIgniter\CodeIgniter->runController()
 8 SYSTEMPATH\CodeIgniter.php(361): CodeIgniter\CodeIgniter->handleRequest()
 9 FCPATH\index.php(79): CodeIgniter\CodeIgniter->run()
10 SYSTEMPATH\Commands\Server\rewrite.php(47): require_once('C:\\Users\\pando\\OneDrive\\Área de Trabalho\\codeigniter4-framework-c84d322\\public\\index.php')
CRITICAL - 2023-11-04 19:16:05 --> Attempt to read property "numero" on array
in APPPATH\Views\detalhes.php on line 36.
 1 APPPATH\Views\detalhes.php(36): CodeIgniter\Debug\Exceptions->errorHandler()
 2 SYSTEMPATH\View\View.php(228): include('C:\\Users\\pando\\OneDrive\\Área de Trabalho\\codeigniter4-framework-c84d322\\app\\Views\\detalhes.php')
 3 SYSTEMPATH\View\View.php(231): CodeIgniter\View\View->CodeIgniter\View\{closure}()
 4 SYSTEMPATH\Common.php(1190): CodeIgniter\View\View->render()
 5 APPPATH\Controllers\ClienteController.php(76): view()
 6 SYSTEMPATH\CodeIgniter.php(942): App\Controllers\ClienteController->detalhes()
 7 SYSTEMPATH\CodeIgniter.php(502): CodeIgniter\CodeIgniter->runController()
 8 SYSTEMPATH\CodeIgniter.php(361): CodeIgniter\CodeIgniter->handleRequest()
 9 FCPATH\index.php(79): CodeIgniter\CodeIgniter->run()
10 SYSTEMPATH\Commands\Server\rewrite.php(47): require_once('C:\\Users\\pando\\OneDrive\\Área de Trabalho\\codeigniter4-framework-c84d322\\public\\index.php')
CRITICAL - 2023-11-04 19:31:00 --> Undefined property: stdClass::$nome_especialidade
in APPPATH\Views\detalhes.php on line 38.
 1 APPPATH\Views\detalhes.php(38): CodeIgniter\Debug\Exceptions->errorHandler()
 2 SYSTEMPATH\View\View.php(228): include('C:\\Users\\pando\\OneDrive\\Área de Trabalho\\codeigniter4-framework-c84d322\\app\\Views\\detalhes.php')
 3 SYSTEMPATH\View\View.php(231): CodeIgniter\View\View->CodeIgniter\View\{closure}()
 4 SYSTEMPATH\Common.php(1190): CodeIgniter\View\View->render()
 5 APPPATH\Controllers\ClienteController.php(90): view()
 6 SYSTEMPATH\CodeIgniter.php(942): App\Controllers\ClienteController->detalhes()
 7 SYSTEMPATH\CodeIgniter.php(502): CodeIgniter\CodeIgniter->runController()
 8 SYSTEMPATH\CodeIgniter.php(361): CodeIgniter\CodeIgniter->handleRequest()
 9 FCPATH\index.php(79): CodeIgniter\CodeIgniter->run()
10 SYSTEMPATH\Commands\Server\rewrite.php(47): require_once('C:\\Users\\pando\\OneDrive\\Área de Trabalho\\codeigniter4-framework-c84d322\\public\\index.php')
CRITICAL - 2023-11-04 19:31:53 --> Invalid file: "adicionar.php"
in SYSTEMPATH\Exceptions\FrameworkException.php on line 39.
 1 SYSTEMPATH\View\View.php(216): CodeIgniter\Exceptions\FrameworkException::forInvalidFile()
 2 SYSTEMPATH\Common.php(1190): CodeIgniter\View\View->render()
 3 APPPATH\Controllers\osController.php(64): view()
 4 SYSTEMPATH\CodeIgniter.php(942): App\Controllers\osController->adicionar()
 5 SYSTEMPATH\CodeIgniter.php(502): CodeIgniter\CodeIgniter->runController()
 6 SYSTEMPATH\CodeIgniter.php(361): CodeIgniter\CodeIgniter->handleRequest()
 7 FCPATH\index.php(79): CodeIgniter\CodeIgniter->run()
 8 SYSTEMPATH\Commands\Server\rewrite.php(47): require_once('C:\\Users\\pando\\OneDrive\\Área de Trabalho\\codeigniter4-framework-c84d322\\public\\index.php')
CRITICAL - 2023-11-04 19:41:21 --> Class "App\Controllers\BaseController" not found
in APPPATH\Controllers\osController.php on line 8.
 1 SYSTEMPATH\Autoloader\Autoloader.php(312): include_once()
 2 SYSTEMPATH\Autoloader\Autoloader.php(291): CodeIgniter\Autoloader\Autoloader->includeFile()
 3 SYSTEMPATH\Autoloader\Autoloader.php(269): CodeIgniter\Autoloader\Autoloader->loadInNamespace()
 4 [internal function]: CodeIgniter\Autoloader\Autoloader->loadClass()
 5 SYSTEMPATH\CodeIgniter.php(900): class_exists()
 6 SYSTEMPATH\CodeIgniter.php(489): CodeIgniter\CodeIgniter->startController()
 7 SYSTEMPATH\CodeIgniter.php(361): CodeIgniter\CodeIgniter->handleRequest()
 8 FCPATH\index.php(79): CodeIgniter\CodeIgniter->run()
 9 SYSTEMPATH\Commands\Server\rewrite.php(47): require_once('C:\\Users\\pando\\OneDrive\\Área de Trabalho\\codeigniter4-framework-c84d322\\public\\index.php')
CRITICAL - 2023-11-04 19:41:22 --> Class "App\Controllers\BaseController" not found
in APPPATH\Controllers\osController.php on line 8.
 1 SYSTEMPATH\Autoloader\Autoloader.php(312): include_once()
 2 SYSTEMPATH\Autoloader\Autoloader.php(291): CodeIgniter\Autoloader\Autoloader->includeFile()
 3 SYSTEMPATH\Autoloader\Autoloader.php(269): CodeIgniter\Autoloader\Autoloader->loadInNamespace()
 4 [internal function]: CodeIgniter\Autoloader\Autoloader->loadClass()
 5 SYSTEMPATH\CodeIgniter.php(900): class_exists()
 6 SYSTEMPATH\CodeIgniter.php(489): CodeIgniter\CodeIgniter->startController()
 7 SYSTEMPATH\CodeIgniter.php(361): CodeIgniter\CodeIgniter->handleRequest()
 8 FCPATH\index.php(79): CodeIgniter\CodeIgniter->run()
 9 SYSTEMPATH\Commands\Server\rewrite.php(47): require_once('C:\\Users\\pando\\OneDrive\\Área de Trabalho\\codeigniter4-framework-c84d322\\public\\index.php')
CRITICAL - 2023-11-04 19:41:23 --> Class "App\Controllers\BaseController" not found
in APPPATH\Controllers\ListarController.php on line 10.
 1 SYSTEMPATH\Autoloader\Autoloader.php(312): include_once()
 2 SYSTEMPATH\Autoloader\Autoloader.php(291): CodeIgniter\Autoloader\Autoloader->includeFile()
 3 SYSTEMPATH\Autoloader\Autoloader.php(269): CodeIgniter\Autoloader\Autoloader->loadInNamespace()
 4 [internal function]: CodeIgniter\Autoloader\Autoloader->loadClass()
 5 SYSTEMPATH\CodeIgniter.php(900): class_exists()
 6 SYSTEMPATH\CodeIgniter.php(489): CodeIgniter\CodeIgniter->startController()
 7 SYSTEMPATH\CodeIgniter.php(361): CodeIgniter\CodeIgniter->handleRequest()
 8 FCPATH\index.php(79): CodeIgniter\CodeIgniter->run()
 9 SYSTEMPATH\Commands\Server\rewrite.php(47): require_once('C:\\Users\\pando\\OneDrive\\Área de Trabalho\\codeigniter4-framework-c84d322\\public\\index.php')
CRITICAL - 2023-11-04 19:55:43 --> Undefined variable $tipo
in APPPATH\Views\adicionar.php on line 9.
 1 APPPATH\Views\adicionar.php(9): CodeIgniter\Debug\Exceptions->errorHandler()
 2 SYSTEMPATH\View\View.php(228): include('C:\\Users\\pando\\OneDrive\\Área de Trabalho\\codeigniter4-framework-c84d322\\app\\Views\\adicionar.php')
 3 SYSTEMPATH\View\View.php(231): CodeIgniter\View\View->CodeIgniter\View\{closure}()
 4 SYSTEMPATH\Common.php(1190): CodeIgniter\View\View->render()
 5 APPPATH\Controllers\AddController.php(63): view()
 6 SYSTEMPATH\CodeIgniter.php(942): App\Controllers\AddController->adicionar()
 7 SYSTEMPATH\CodeIgniter.php(502): CodeIgniter\CodeIgniter->runController()
 8 SYSTEMPATH\CodeIgniter.php(361): CodeIgniter\CodeIgniter->handleRequest()
 9 FCPATH\index.php(79): CodeIgniter\CodeIgniter->run()
10 SYSTEMPATH\Commands\Server\rewrite.php(47): require_once('C:\\Users\\pando\\OneDrive\\Área de Trabalho\\codeigniter4-framework-c84d322\\public\\index.php')
CRITICAL - 2023-11-04 20:00:11 --> Undefined variable $tipo
in APPPATH\Views\adicionar.php on line 9.
 1 APPPATH\Views\adicionar.php(9): CodeIgniter\Debug\Exceptions->errorHandler()
 2 SYSTEMPATH\View\View.php(228): include('C:\\Users\\pando\\OneDrive\\Área de Trabalho\\codeigniter4-framework-c84d322\\app\\Views\\adicionar.php')
 3 SYSTEMPATH\View\View.php(231): CodeIgniter\View\View->CodeIgniter\View\{closure}()
 4 SYSTEMPATH\Common.php(1190): CodeIgniter\View\View->render()
 5 APPPATH\Controllers\AddController.php(92): view()
 6 SYSTEMPATH\CodeIgniter.php(942): App\Controllers\AddController->adicionar()
 7 SYSTEMPATH\CodeIgniter.php(502): CodeIgniter\CodeIgniter->runController()
 8 SYSTEMPATH\CodeIgniter.php(361): CodeIgniter\CodeIgniter->handleRequest()
 9 FCPATH\index.php(79): CodeIgniter\CodeIgniter->run()
10 SYSTEMPATH\Commands\Server\rewrite.php(47): require_once('C:\\Users\\pando\\OneDrive\\Área de Trabalho\\codeigniter4-framework-c84d322\\public\\index.php')
CRITICAL - 2023-11-04 20:06:57 --> Too few arguments to function App\Controllers\AddController::adicionar(), 0 passed in C:\Users\pando\OneDrive\Área de Trabalho\codeigniter4-framework-c84d322\system\CodeIgniter.php on line 942 and exactly 1 expected
in APPPATH\Controllers\AddController.php on line 10.
 1 SYSTEMPATH\CodeIgniter.php(942): App\Controllers\AddController->adicionar()
 2 SYSTEMPATH\CodeIgniter.php(502): CodeIgniter\CodeIgniter->runController()
 3 SYSTEMPATH\CodeIgniter.php(361): CodeIgniter\CodeIgniter->handleRequest()
 4 FCPATH\index.php(79): CodeIgniter\CodeIgniter->run()
 5 SYSTEMPATH\Commands\Server\rewrite.php(47): require_once('C:\\Users\\pando\\OneDrive\\Área de Trabalho\\codeigniter4-framework-c84d322\\public\\index.php')
CRITICAL - 2023-11-04 20:12:29 --> Too few arguments to function App\Controllers\AddController::adicionar(), 0 passed in C:\Users\pando\OneDrive\Área de Trabalho\codeigniter4-framework-c84d322\system\CodeIgniter.php on line 942 and exactly 1 expected
in APPPATH\Controllers\AddController.php on line 10.
 1 SYSTEMPATH\CodeIgniter.php(942): App\Controllers\AddController->adicionar()
 2 SYSTEMPATH\CodeIgniter.php(502): CodeIgniter\CodeIgniter->runController()
 3 SYSTEMPATH\CodeIgniter.php(361): CodeIgniter\CodeIgniter->handleRequest()
 4 FCPATH\index.php(79): CodeIgniter\CodeIgniter->run()
 5 SYSTEMPATH\Commands\Server\rewrite.php(47): require_once('C:\\Users\\pando\\OneDrive\\Área de Trabalho\\codeigniter4-framework-c84d322\\public\\index.php')
CRITICAL - 2023-11-04 20:12:42 --> Too few arguments to function App\Controllers\AddController::adicionar(), 0 passed in C:\Users\pando\OneDrive\Área de Trabalho\codeigniter4-framework-c84d322\system\CodeIgniter.php on line 942 and exactly 1 expected
in APPPATH\Controllers\AddController.php on line 10.
 1 SYSTEMPATH\CodeIgniter.php(942): App\Controllers\AddController->adicionar()
 2 SYSTEMPATH\CodeIgniter.php(502): CodeIgniter\CodeIgniter->runController()
 3 SYSTEMPATH\CodeIgniter.php(361): CodeIgniter\CodeIgniter->handleRequest()
 4 FCPATH\index.php(79): CodeIgniter\CodeIgniter->run()
 5 SYSTEMPATH\Commands\Server\rewrite.php(47): require_once('C:\\Users\\pando\\OneDrive\\Área de Trabalho\\codeigniter4-framework-c84d322\\public\\index.php')
CRITICAL - 2023-11-04 20:19:18 --> syntax error, unexpected token ":", expecting "," or ";"
in APPPATH\Views\index.php on line 25.
 1 SYSTEMPATH\View\View.php(231): CodeIgniter\View\View->CodeIgniter\View\{closure}()
 2 SYSTEMPATH\Common.php(1190): CodeIgniter\View\View->render()
 3 APPPATH\Controllers\osController.php(28): view()
 4 SYSTEMPATH\CodeIgniter.php(942): App\Controllers\osController->index()
 5 SYSTEMPATH\CodeIgniter.php(502): CodeIgniter\CodeIgniter->runController()
 6 SYSTEMPATH\CodeIgniter.php(361): CodeIgniter\CodeIgniter->handleRequest()
 7 FCPATH\index.php(79): CodeIgniter\CodeIgniter->run()
 8 SYSTEMPATH\Commands\Server\rewrite.php(47): require_once('C:\\Users\\pando\\OneDrive\\Área de Trabalho\\codeigniter4-framework-c84d322\\public\\index.php')
CRITICAL - 2023-11-04 20:19:30 --> Undefined variable $data
in APPPATH\Controllers\AddController.php on line 64.
 1 APPPATH\Controllers\AddController.php(64): CodeIgniter\Debug\Exceptions->errorHandler()
 2 SYSTEMPATH\CodeIgniter.php(942): App\Controllers\AddController->adicionar()
 3 SYSTEMPATH\CodeIgniter.php(502): CodeIgniter\CodeIgniter->runController()
 4 SYSTEMPATH\CodeIgniter.php(361): CodeIgniter\CodeIgniter->handleRequest()
 5 FCPATH\index.php(79): CodeIgniter\CodeIgniter->run()
 6 SYSTEMPATH\Commands\Server\rewrite.php(47): require_once('C:\\Users\\pando\\OneDrive\\Área de Trabalho\\codeigniter4-framework-c84d322\\public\\index.php')
CRITICAL - 2023-11-04 20:20:28 --> Undefined variable $veiculo
in APPPATH\Controllers\AddController.php on line 64.
 1 APPPATH\Controllers\AddController.php(64): CodeIgniter\Debug\Exceptions->errorHandler()
 2 SYSTEMPATH\CodeIgniter.php(942): App\Controllers\AddController->adicionar()
 3 SYSTEMPATH\CodeIgniter.php(502): CodeIgniter\CodeIgniter->runController()
 4 SYSTEMPATH\CodeIgniter.php(361): CodeIgniter\CodeIgniter->handleRequest()
 5 FCPATH\index.php(79): CodeIgniter\CodeIgniter->run()
 6 SYSTEMPATH\Commands\Server\rewrite.php(47): require_once('C:\\Users\\pando\\OneDrive\\Área de Trabalho\\codeigniter4-framework-c84d322\\public\\index.php')
CRITICAL - 2023-11-04 20:20:29 --> Undefined variable $veiculo
in APPPATH\Controllers\AddController.php on line 64.
 1 APPPATH\Controllers\AddController.php(64): CodeIgniter\Debug\Exceptions->errorHandler()
 2 SYSTEMPATH\CodeIgniter.php(942): App\Controllers\AddController->adicionar()
 3 SYSTEMPATH\CodeIgniter.php(502): CodeIgniter\CodeIgniter->runController()
 4 SYSTEMPATH\CodeIgniter.php(361): CodeIgniter\CodeIgniter->handleRequest()
 5 FCPATH\index.php(79): CodeIgniter\CodeIgniter->run()
 6 SYSTEMPATH\Commands\Server\rewrite.php(47): require_once('C:\\Users\\pando\\OneDrive\\Área de Trabalho\\codeigniter4-framework-c84d322\\public\\index.php')
CRITICAL - 2023-11-04 20:33:39 --> Call to undefined function form_open()
in APPPATH\Views\adicionar.php on line 16.
 1 SYSTEMPATH\View\View.php(228): include()
 2 SYSTEMPATH\View\View.php(231): CodeIgniter\View\View->CodeIgniter\View\{closure}()
 3 SYSTEMPATH\Common.php(1190): CodeIgniter\View\View->render()
 4 APPPATH\Controllers\AddController.php(72): view()
 5 SYSTEMPATH\CodeIgniter.php(942): App\Controllers\AddController->adicionar()
 6 SYSTEMPATH\CodeIgniter.php(502): CodeIgniter\CodeIgniter->runController()
 7 SYSTEMPATH\CodeIgniter.php(361): CodeIgniter\CodeIgniter->handleRequest()
 8 FCPATH\index.php(79): CodeIgniter\CodeIgniter->run()
 9 SYSTEMPATH\Commands\Server\rewrite.php(47): require_once('C:\\Users\\pando\\OneDrive\\Área de Trabalho\\codeigniter4-framework-c84d322\\public\\index.php')
CRITICAL - 2023-11-04 20:42:05 --> Undefined variable $cliente
in APPPATH\Controllers\AddController.php on line 72.
 1 APPPATH\Controllers\AddController.php(72): CodeIgniter\Debug\Exceptions->errorHandler()
 2 SYSTEMPATH\CodeIgniter.php(942): App\Controllers\AddController->adicionar()
 3 SYSTEMPATH\CodeIgniter.php(502): CodeIgniter\CodeIgniter->runController()
 4 SYSTEMPATH\CodeIgniter.php(361): CodeIgniter\CodeIgniter->handleRequest()
 5 FCPATH\index.php(79): CodeIgniter\CodeIgniter->run()
 6 SYSTEMPATH\Commands\Server\rewrite.php(47): require_once('C:\\Users\\pando\\OneDrive\\Área de Trabalho\\codeigniter4-framework-c84d322\\public\\index.php')
CRITICAL - 2023-11-04 20:42:40 --> Undefined variable $cliente
in APPPATH\Controllers\AddController.php on line 72.
 1 APPPATH\Controllers\AddController.php(72): CodeIgniter\Debug\Exceptions->errorHandler()
 2 SYSTEMPATH\CodeIgniter.php(942): App\Controllers\AddController->adicionar()
 3 SYSTEMPATH\CodeIgniter.php(502): CodeIgniter\CodeIgniter->runController()
 4 SYSTEMPATH\CodeIgniter.php(361): CodeIgniter\CodeIgniter->handleRequest()
 5 FCPATH\index.php(79): CodeIgniter\CodeIgniter->run()
 6 SYSTEMPATH\Commands\Server\rewrite.php(47): require_once('C:\\Users\\pando\\OneDrive\\Área de Trabalho\\codeigniter4-framework-c84d322\\public\\index.php')
CRITICAL - 2023-11-04 20:44:24 --> Call to undefined function form_open()
in APPPATH\Views\adicionar.php on line 16.
 1 SYSTEMPATH\View\View.php(228): include()
 2 SYSTEMPATH\View\View.php(231): CodeIgniter\View\View->CodeIgniter\View\{closure}()
 3 SYSTEMPATH\Common.php(1190): CodeIgniter\View\View->render()
 4 APPPATH\Controllers\AddController.php(56): view()
 5 SYSTEMPATH\CodeIgniter.php(942): App\Controllers\AddController->adicionar()
 6 SYSTEMPATH\CodeIgniter.php(502): CodeIgniter\CodeIgniter->runController()
 7 SYSTEMPATH\CodeIgniter.php(361): CodeIgniter\CodeIgniter->handleRequest()
 8 FCPATH\index.php(79): CodeIgniter\CodeIgniter->run()
 9 SYSTEMPATH\Commands\Server\rewrite.php(47): require_once('C:\\Users\\pando\\OneDrive\\Área de Trabalho\\codeigniter4-framework-c84d322\\public\\index.php')
CRITICAL - 2023-11-04 21:00:56 --> Too few arguments to function App\Controllers\AddController::adicionar(), 0 passed in C:\Users\pando\OneDrive\Área de Trabalho\codeigniter4-framework-c84d322\system\CodeIgniter.php on line 942 and exactly 1 expected
in APPPATH\Controllers\AddController.php on line 11.
 1 SYSTEMPATH\CodeIgniter.php(942): App\Controllers\AddController->adicionar()
 2 SYSTEMPATH\CodeIgniter.php(502): CodeIgniter\CodeIgniter->runController()
 3 SYSTEMPATH\CodeIgniter.php(361): CodeIgniter\CodeIgniter->handleRequest()
 4 FCPATH\index.php(79): CodeIgniter\CodeIgniter->run()
 5 SYSTEMPATH\Commands\Server\rewrite.php(47): require_once('C:\\Users\\pando\\OneDrive\\Área de Trabalho\\codeigniter4-framework-c84d322\\public\\index.php')
CRITICAL - 2023-11-04 21:05:56 --> Call to undefined function form_open()
in APPPATH\Views\adicionarCliente.php on line 9.
 1 SYSTEMPATH\View\View.php(228): include()
 2 SYSTEMPATH\View\View.php(231): CodeIgniter\View\View->CodeIgniter\View\{closure}()
 3 SYSTEMPATH\Common.php(1190): CodeIgniter\View\View->render()
 4 APPPATH\Controllers\ClienteController.php(34): view()
 5 SYSTEMPATH\CodeIgniter.php(942): App\Controllers\ClienteController->adicionar()
 6 SYSTEMPATH\CodeIgniter.php(502): CodeIgniter\CodeIgniter->runController()
 7 SYSTEMPATH\CodeIgniter.php(361): CodeIgniter\CodeIgniter->handleRequest()
 8 FCPATH\index.php(79): CodeIgniter\CodeIgniter->run()
 9 SYSTEMPATH\Commands\Server\rewrite.php(47): require_once('C:\\Users\\pando\\OneDrive\\Área de Trabalho\\codeigniter4-framework-c84d322\\public\\index.php')
CRITICAL - 2023-11-04 21:11:11 --> CodeIgniter\Router\RouteCollection::get(): Argument #3 ($options) must be of type ?array, string given, called in C:\Users\pando\OneDrive\Área de Trabalho\codeigniter4-framework-c84d322\app\Config\Routes.php on line 23
in SYSTEMPATH\Router\RouteCollection.php on line 1016.
 1 APPPATH\Config\Routes.php(23): CodeIgniter\Router\RouteCollection->get()
 2 SYSTEMPATH\Router\RouteCollection.php(777): CodeIgniter\Router\RouteCollection->{closure}()
 3 APPPATH\Config\Routes.php(22): CodeIgniter\Router\RouteCollection->group()
 4 SYSTEMPATH\Router\RouteCollection.php(344): require('C:\\Users\\pando\\OneDrive\\Área de Trabalho\\codeigniter4-framework-c84d322\\app\\Config\\Routes.php')
 5 SYSTEMPATH\CodeIgniter.php(810): CodeIgniter\Router\RouteCollection->loadRoutes()
 6 SYSTEMPATH\CodeIgniter.php(450): CodeIgniter\CodeIgniter->tryToRouteIt()
 7 SYSTEMPATH\CodeIgniter.php(361): CodeIgniter\CodeIgniter->handleRequest()
 8 FCPATH\index.php(79): CodeIgniter\CodeIgniter->run()
 9 SYSTEMPATH\Commands\Server\rewrite.php(47): require_once('C:\\Users\\pando\\OneDrive\\Área de Trabalho\\codeigniter4-framework-c84d322\\public\\index.php')
CRITICAL - 2023-11-04 21:11:14 --> CodeIgniter\Router\RouteCollection::get(): Argument #3 ($options) must be of type ?array, string given, called in C:\Users\pando\OneDrive\Área de Trabalho\codeigniter4-framework-c84d322\app\Config\Routes.php on line 23
in SYSTEMPATH\Router\RouteCollection.php on line 1016.
 1 APPPATH\Config\Routes.php(23): CodeIgniter\Router\RouteCollection->get()
 2 SYSTEMPATH\Router\RouteCollection.php(777): CodeIgniter\Router\RouteCollection->{closure}()
 3 APPPATH\Config\Routes.php(22): CodeIgniter\Router\RouteCollection->group()
 4 SYSTEMPATH\Router\RouteCollection.php(344): require('C:\\Users\\pando\\OneDrive\\Área de Trabalho\\codeigniter4-framework-c84d322\\app\\Config\\Routes.php')
 5 SYSTEMPATH\CodeIgniter.php(810): CodeIgniter\Router\RouteCollection->loadRoutes()
 6 SYSTEMPATH\CodeIgniter.php(450): CodeIgniter\CodeIgniter->tryToRouteIt()
 7 SYSTEMPATH\CodeIgniter.php(361): CodeIgniter\CodeIgniter->handleRequest()
 8 FCPATH\index.php(79): CodeIgniter\CodeIgniter->run()
 9 SYSTEMPATH\Commands\Server\rewrite.php(47): require_once('C:\\Users\\pando\\OneDrive\\Área de Trabalho\\codeigniter4-framework-c84d322\\public\\index.php')
CRITICAL - 2023-11-04 21:11:51 --> CodeIgniter\Router\RouteCollection::get(): Argument #3 ($options) must be of type ?array, string given, called in C:\Users\pando\OneDrive\Área de Trabalho\codeigniter4-framework-c84d322\app\Config\Routes.php on line 23
in SYSTEMPATH\Router\RouteCollection.php on line 1016.
 1 APPPATH\Config\Routes.php(23): CodeIgniter\Router\RouteCollection->get()
 2 SYSTEMPATH\Router\RouteCollection.php(777): CodeIgniter\Router\RouteCollection->{closure}()
 3 APPPATH\Config\Routes.php(22): CodeIgniter\Router\RouteCollection->group()
 4 SYSTEMPATH\Router\RouteCollection.php(344): require('C:\\Users\\pando\\OneDrive\\Área de Trabalho\\codeigniter4-framework-c84d322\\app\\Config\\Routes.php')
 5 SYSTEMPATH\CodeIgniter.php(810): CodeIgniter\Router\RouteCollection->loadRoutes()
 6 SYSTEMPATH\CodeIgniter.php(450): CodeIgniter\CodeIgniter->tryToRouteIt()
 7 SYSTEMPATH\CodeIgniter.php(361): CodeIgniter\CodeIgniter->handleRequest()
 8 FCPATH\index.php(79): CodeIgniter\CodeIgniter->run()
 9 SYSTEMPATH\Commands\Server\rewrite.php(47): require_once('C:\\Users\\pando\\OneDrive\\Área de Trabalho\\codeigniter4-framework-c84d322\\public\\index.php')
CRITICAL - 2023-11-04 21:11:52 --> CodeIgniter\Router\RouteCollection::get(): Argument #3 ($options) must be of type ?array, string given, called in C:\Users\pando\OneDrive\Área de Trabalho\codeigniter4-framework-c84d322\app\Config\Routes.php on line 23
in SYSTEMPATH\Router\RouteCollection.php on line 1016.
 1 APPPATH\Config\Routes.php(23): CodeIgniter\Router\RouteCollection->get()
 2 SYSTEMPATH\Router\RouteCollection.php(777): CodeIgniter\Router\RouteCollection->{closure}()
 3 APPPATH\Config\Routes.php(22): CodeIgniter\Router\RouteCollection->group()
 4 SYSTEMPATH\Router\RouteCollection.php(344): require('C:\\Users\\pando\\OneDrive\\Área de Trabalho\\codeigniter4-framework-c84d322\\app\\Config\\Routes.php')
 5 SYSTEMPATH\CodeIgniter.php(810): CodeIgniter\Router\RouteCollection->loadRoutes()
 6 SYSTEMPATH\CodeIgniter.php(450): CodeIgniter\CodeIgniter->tryToRouteIt()
 7 SYSTEMPATH\CodeIgniter.php(361): CodeIgniter\CodeIgniter->handleRequest()
 8 FCPATH\index.php(79): CodeIgniter\CodeIgniter->run()
 9 SYSTEMPATH\Commands\Server\rewrite.php(47): require_once('C:\\Users\\pando\\OneDrive\\Área de Trabalho\\codeigniter4-framework-c84d322\\public\\index.php')
CRITICAL - 2023-11-04 21:11:53 --> CodeIgniter\Router\RouteCollection::get(): Argument #3 ($options) must be of type ?array, string given, called in C:\Users\pando\OneDrive\Área de Trabalho\codeigniter4-framework-c84d322\app\Config\Routes.php on line 23
in SYSTEMPATH\Router\RouteCollection.php on line 1016.
 1 APPPATH\Config\Routes.php(23): CodeIgniter\Router\RouteCollection->get()
 2 SYSTEMPATH\Router\RouteCollection.php(777): CodeIgniter\Router\RouteCollection->{closure}()
 3 APPPATH\Config\Routes.php(22): CodeIgniter\Router\RouteCollection->group()
 4 SYSTEMPATH\Router\RouteCollection.php(344): require('C:\\Users\\pando\\OneDrive\\Área de Trabalho\\codeigniter4-framework-c84d322\\app\\Config\\Routes.php')
 5 SYSTEMPATH\CodeIgniter.php(810): CodeIgniter\Router\RouteCollection->loadRoutes()
 6 SYSTEMPATH\CodeIgniter.php(450): CodeIgniter\CodeIgniter->tryToRouteIt()
 7 SYSTEMPATH\CodeIgniter.php(361): CodeIgniter\CodeIgniter->handleRequest()
 8 FCPATH\index.php(79): CodeIgniter\CodeIgniter->run()
 9 SYSTEMPATH\Commands\Server\rewrite.php(47): require_once('C:\\Users\\pando\\OneDrive\\Área de Trabalho\\codeigniter4-framework-c84d322\\public\\index.php')
CRITICAL - 2023-11-04 21:40:46 --> Call to undefined function form_open()
in APPPATH\Views\editar.php on line 13.
 1 SYSTEMPATH\View\View.php(228): include()
 2 SYSTEMPATH\View\View.php(231): CodeIgniter\View\View->CodeIgniter\View\{closure}()
 3 SYSTEMPATH\Common.php(1190): CodeIgniter\View\View->render()
 4 APPPATH\Controllers\EditarController.php(25): view()
 5 SYSTEMPATH\CodeIgniter.php(942): App\Controllers\EditarController->editar()
 6 SYSTEMPATH\CodeIgniter.php(502): CodeIgniter\CodeIgniter->runController()
 7 SYSTEMPATH\CodeIgniter.php(361): CodeIgniter\CodeIgniter->handleRequest()
 8 FCPATH\index.php(79): CodeIgniter\CodeIgniter->run()
 9 SYSTEMPATH\Commands\Server\rewrite.php(47): require_once('C:\\Users\\pando\\OneDrive\\Área de Trabalho\\codeigniter4-framework-c84d322\\public\\index.php')
CRITICAL - 2023-11-04 21:47:42 --> Call to undefined function form_open()
in APPPATH\Views\detalhes.php on line 16.
 1 SYSTEMPATH\View\View.php(228): include()
 2 SYSTEMPATH\View\View.php(231): CodeIgniter\View\View->CodeIgniter\View\{closure}()
 3 SYSTEMPATH\Common.php(1190): CodeIgniter\View\View->render()
 4 APPPATH\Controllers\ListarController.php(94): view()
 5 SYSTEMPATH\CodeIgniter.php(942): App\Controllers\ListarController->detalhes()
 6 SYSTEMPATH\CodeIgniter.php(502): CodeIgniter\CodeIgniter->runController()
 7 SYSTEMPATH\CodeIgniter.php(361): CodeIgniter\CodeIgniter->handleRequest()
 8 FCPATH\index.php(79): CodeIgniter\CodeIgniter->run()
 9 SYSTEMPATH\Commands\Server\rewrite.php(47): require_once('C:\\Users\\pando\\OneDrive\\Área de Trabalho\\codeigniter4-framework-c84d322\\public\\index.php')
CRITICAL - 2023-11-04 21:47:44 --> Call to undefined function form_open()
in APPPATH\Views\detalhes.php on line 16.
 1 SYSTEMPATH\View\View.php(228): include()
 2 SYSTEMPATH\View\View.php(231): CodeIgniter\View\View->CodeIgniter\View\{closure}()
 3 SYSTEMPATH\Common.php(1190): CodeIgniter\View\View->render()
 4 APPPATH\Controllers\ListarController.php(94): view()
 5 SYSTEMPATH\CodeIgniter.php(942): App\Controllers\ListarController->detalhes()
 6 SYSTEMPATH\CodeIgniter.php(502): CodeIgniter\CodeIgniter->runController()
 7 SYSTEMPATH\CodeIgniter.php(361): CodeIgniter\CodeIgniter->handleRequest()
 8 FCPATH\index.php(79): CodeIgniter\CodeIgniter->run()
 9 SYSTEMPATH\Commands\Server\rewrite.php(47): require_once('C:\\Users\\pando\\OneDrive\\Área de Trabalho\\codeigniter4-framework-c84d322\\public\\index.php')
CRITICAL - 2023-11-04 22:18:15 --> Undefined variable $cliente
in APPPATH\Views\editar.php on line 13.
 1 APPPATH\Views\editar.php(13): CodeIgniter\Debug\Exceptions->errorHandler()
 2 SYSTEMPATH\View\View.php(228): include('C:\\Users\\pando\\OneDrive\\Área de Trabalho\\codeigniter4-framework-c84d322\\app\\Views\\editar.php')
 3 SYSTEMPATH\View\View.php(231): CodeIgniter\View\View->CodeIgniter\View\{closure}()
 4 SYSTEMPATH\Common.php(1190): CodeIgniter\View\View->render()
 5 APPPATH\Controllers\EditarController.php(31): view()
 6 SYSTEMPATH\CodeIgniter.php(942): App\Controllers\EditarController->editar()
 7 SYSTEMPATH\CodeIgniter.php(502): CodeIgniter\CodeIgniter->runController()
 8 SYSTEMPATH\CodeIgniter.php(361): CodeIgniter\CodeIgniter->handleRequest()
 9 FCPATH\index.php(79): CodeIgniter\CodeIgniter->run()
10 SYSTEMPATH\Commands\Server\rewrite.php(47): require_once('C:\\Users\\pando\\OneDrive\\Área de Trabalho\\codeigniter4-framework-c84d322\\public\\index.php')
CRITICAL - 2023-11-04 22:20:15 --> Undefined variable $tipo
in APPPATH\Views\editar.php on line 10.
 1 APPPATH\Views\editar.php(10): CodeIgniter\Debug\Exceptions->errorHandler()
 2 SYSTEMPATH\View\View.php(228): include('C:\\Users\\pando\\OneDrive\\Área de Trabalho\\codeigniter4-framework-c84d322\\app\\Views\\editar.php')
 3 SYSTEMPATH\View\View.php(231): CodeIgniter\View\View->CodeIgniter\View\{closure}()
 4 SYSTEMPATH\Common.php(1190): CodeIgniter\View\View->render()
 5 APPPATH\Controllers\EditarController.php(31): view()
 6 SYSTEMPATH\CodeIgniter.php(942): App\Controllers\EditarController->editar()
 7 SYSTEMPATH\CodeIgniter.php(502): CodeIgniter\CodeIgniter->runController()
 8 SYSTEMPATH\CodeIgniter.php(361): CodeIgniter\CodeIgniter->handleRequest()
 9 FCPATH\index.php(79): CodeIgniter\CodeIgniter->run()
10 SYSTEMPATH\Commands\Server\rewrite.php(47): require_once('C:\\Users\\pando\\OneDrive\\Área de Trabalho\\codeigniter4-framework-c84d322\\public\\index.php')
CRITICAL - 2023-11-04 22:20:16 --> Undefined variable $tipo
in APPPATH\Views\editar.php on line 10.
 1 APPPATH\Views\editar.php(10): CodeIgniter\Debug\Exceptions->errorHandler()
 2 SYSTEMPATH\View\View.php(228): include('C:\\Users\\pando\\OneDrive\\Área de Trabalho\\codeigniter4-framework-c84d322\\app\\Views\\editar.php')
 3 SYSTEMPATH\View\View.php(231): CodeIgniter\View\View->CodeIgniter\View\{closure}()
 4 SYSTEMPATH\Common.php(1190): CodeIgniter\View\View->render()
 5 APPPATH\Controllers\EditarController.php(31): view()
 6 SYSTEMPATH\CodeIgniter.php(942): App\Controllers\EditarController->editar()
 7 SYSTEMPATH\CodeIgniter.php(502): CodeIgniter\CodeIgniter->runController()
 8 SYSTEMPATH\CodeIgniter.php(361): CodeIgniter\CodeIgniter->handleRequest()
 9 FCPATH\index.php(79): CodeIgniter\CodeIgniter->run()
10 SYSTEMPATH\Commands\Server\rewrite.php(47): require_once('C:\\Users\\pando\\OneDrive\\Área de Trabalho\\codeigniter4-framework-c84d322\\public\\index.php')
CRITICAL - 2023-11-04 22:21:30 --> Undefined variable $tipo
in APPPATH\Controllers\EditarController.php on line 38.
 1 APPPATH\Controllers\EditarController.php(38): CodeIgniter\Debug\Exceptions->errorHandler()
 2 SYSTEMPATH\CodeIgniter.php(942): App\Controllers\EditarController->atualizar()
 3 SYSTEMPATH\CodeIgniter.php(502): CodeIgniter\CodeIgniter->runController()
 4 SYSTEMPATH\CodeIgniter.php(361): CodeIgniter\CodeIgniter->handleRequest()
 5 FCPATH\index.php(79): CodeIgniter\CodeIgniter->run()
 6 SYSTEMPATH\Commands\Server\rewrite.php(47): require_once('C:\\Users\\pando\\OneDrive\\Área de Trabalho\\codeigniter4-framework-c84d322\\public\\index.php')
CRITICAL - 2023-11-04 22:37:08 --> Too few arguments to function App\Controllers\AddController::adicionar(), 0 passed in C:\Users\pando\OneDrive\Área de Trabalho\codeigniter4-framework-c84d322\system\CodeIgniter.php on line 942 and exactly 1 expected
in APPPATH\Controllers\AddController.php on line 11.
 1 SYSTEMPATH\CodeIgniter.php(942): App\Controllers\AddController->adicionar()
 2 SYSTEMPATH\CodeIgniter.php(502): CodeIgniter\CodeIgniter->runController()
 3 SYSTEMPATH\CodeIgniter.php(361): CodeIgniter\CodeIgniter->handleRequest()
 4 FCPATH\index.php(79): CodeIgniter\CodeIgniter->run()
 5 SYSTEMPATH\Commands\Server\rewrite.php(47): require_once('C:\\Users\\pando\\OneDrive\\Área de Trabalho\\codeigniter4-framework-c84d322\\public\\index.php')
ERROR - 2023-11-04 22:54:10 --> mysqli_sql_exception: Duplicate entry 'pandora@gmail.com' for key 'cliente.email' in C:\Users\pando\OneDrive\Área de Trabalho\codeigniter4-framework-c84d322\system\Database\MySQLi\Connection.php:306
Stack trace:
#0 C:\Users\pando\OneDrive\Área de Trabalho\codeigniter4-framework-c84d322\system\Database\MySQLi\Connection.php(306): mysqli->query()
#1 C:\Users\pando\OneDrive\Área de Trabalho\codeigniter4-framework-c84d322\system\Database\BaseConnection.php(693): CodeIgniter\Database\MySQLi\Connection->execute()
#2 C:\Users\pando\OneDrive\Área de Trabalho\codeigniter4-framework-c84d322\system\Database\BaseConnection.php(607): CodeIgniter\Database\BaseConnection->simpleQuery()
#3 C:\Users\pando\OneDrive\Área de Trabalho\codeigniter4-framework-c84d322\system\Database\BaseBuilder.php(2308): CodeIgniter\Database\BaseConnection->query()
#4 C:\Users\pando\OneDrive\Área de Trabalho\codeigniter4-framework-c84d322\system\Model.php(319): CodeIgniter\Database\BaseBuilder->insert()
#5 C:\Users\pando\OneDrive\Área de Trabalho\codeigniter4-framework-c84d322\system\BaseModel.php(788): CodeIgniter\Model->doInsert()
#6 C:\Users\pando\OneDrive\Área de Trabalho\codeigniter4-framework-c84d322\system\Model.php(715): CodeIgniter\BaseModel->insert()
#7 C:\Users\pando\OneDrive\Área de Trabalho\codeigniter4-framework-c84d322\app\Controllers\AddController.php(30): CodeIgniter\Model->insert()
#8 C:\Users\pando\OneDrive\Área de Trabalho\codeigniter4-framework-c84d322\system\CodeIgniter.php(942): App\Controllers\AddController->adicionar()
#9 C:\Users\pando\OneDrive\Área de Trabalho\codeigniter4-framework-c84d322\system\CodeIgniter.php(502): CodeIgniter\CodeIgniter->runController()
#10 C:\Users\pando\OneDrive\Área de Trabalho\codeigniter4-framework-c84d322\system\CodeIgniter.php(361): CodeIgniter\CodeIgniter->handleRequest()
#11 C:\Users\pando\OneDrive\Área de Trabalho\codeigniter4-framework-c84d322\public\index.php(79): CodeIgniter\CodeIgniter->run()
#12 C:\Users\pando\OneDrive\Área de Trabalho\codeigniter4-framework-c84d322\system\Commands\Server\rewrite.php(47): require_once('...')
#13 {main}
CRITICAL - 2023-11-04 23:47:53 --> Too few arguments to function App\Controllers\AddController::adicionar(), 0 passed in C:\Users\pando\OneDrive\Área de Trabalho\codeigniter4-framework-c84d322\system\CodeIgniter.php on line 942 and exactly 1 expected
in APPPATH\Controllers\AddController.php on line 14.
 1 SYSTEMPATH\CodeIgniter.php(942): App\Controllers\AddController->adicionar()
 2 SYSTEMPATH\CodeIgniter.php(502): CodeIgniter\CodeIgniter->runController()
 3 SYSTEMPATH\CodeIgniter.php(361): CodeIgniter\CodeIgniter->handleRequest()
 4 FCPATH\index.php(79): CodeIgniter\CodeIgniter->run()
 5 SYSTEMPATH\Commands\Server\rewrite.php(47): require_once('C:\\Users\\pando\\OneDrive\\Área de Trabalho\\codeigniter4-framework-c84d322\\public\\index.php')
CRITICAL - 2023-11-04 23:49:39 --> Undefined variable $modelos
in APPPATH\Views\adicionar.php on line 80.
 1 APPPATH\Views\adicionar.php(80): CodeIgniter\Debug\Exceptions->errorHandler()
 2 SYSTEMPATH\View\View.php(228): include('C:\\Users\\pando\\OneDrive\\Área de Trabalho\\codeigniter4-framework-c84d322\\app\\Views\\adicionar.php')
 3 SYSTEMPATH\View\View.php(231): CodeIgniter\View\View->CodeIgniter\View\{closure}()
 4 SYSTEMPATH\Common.php(1190): CodeIgniter\View\View->render()
 5 APPPATH\Controllers\AddController.php(74): view()
 6 SYSTEMPATH\CodeIgniter.php(942): App\Controllers\AddController->adicionar()
 7 SYSTEMPATH\CodeIgniter.php(502): CodeIgniter\CodeIgniter->runController()
 8 SYSTEMPATH\CodeIgniter.php(361): CodeIgniter\CodeIgniter->handleRequest()
 9 FCPATH\index.php(79): CodeIgniter\CodeIgniter->run()
10 SYSTEMPATH\Commands\Server\rewrite.php(47): require_once('C:\\Users\\pando\\OneDrive\\Área de Trabalho\\codeigniter4-framework-c84d322\\public\\index.php')
CRITICAL - 2023-11-04 23:51:34 --> Undefined variable $data
in APPPATH\Controllers\AddController.php on line 49.
 1 APPPATH\Controllers\AddController.php(49): CodeIgniter\Debug\Exceptions->errorHandler()
 2 SYSTEMPATH\CodeIgniter.php(942): App\Controllers\AddController->adicionar()
 3 SYSTEMPATH\CodeIgniter.php(502): CodeIgniter\CodeIgniter->runController()
 4 SYSTEMPATH\CodeIgniter.php(361): CodeIgniter\CodeIgniter->handleRequest()
 5 FCPATH\index.php(79): CodeIgniter\CodeIgniter->run()
 6 SYSTEMPATH\Commands\Server\rewrite.php(47): require_once('C:\\Users\\pando\\OneDrive\\Área de Trabalho\\codeigniter4-framework-c84d322\\public\\index.php')
CRITICAL - 2023-11-04 23:53:13 --> Undefined variable $modelos
in APPPATH\Views\adicionar.php on line 80.
 1 APPPATH\Views\adicionar.php(80): CodeIgniter\Debug\Exceptions->errorHandler()
 2 SYSTEMPATH\View\View.php(228): include('C:\\Users\\pando\\OneDrive\\Área de Trabalho\\codeigniter4-framework-c84d322\\app\\Views\\adicionar.php')
 3 SYSTEMPATH\View\View.php(231): CodeIgniter\View\View->CodeIgniter\View\{closure}()
 4 SYSTEMPATH\Common.php(1190): CodeIgniter\View\View->render()
 5 APPPATH\Controllers\AddController.php(77): view()
 6 SYSTEMPATH\CodeIgniter.php(942): App\Controllers\AddController->adicionar()
 7 SYSTEMPATH\CodeIgniter.php(502): CodeIgniter\CodeIgniter->runController()
 8 SYSTEMPATH\CodeIgniter.php(361): CodeIgniter\CodeIgniter->handleRequest()
 9 FCPATH\index.php(79): CodeIgniter\CodeIgniter->run()
10 SYSTEMPATH\Commands\Server\rewrite.php(47): require_once('C:\\Users\\pando\\OneDrive\\Área de Trabalho\\codeigniter4-framework-c84d322\\public\\index.php')
CRITICAL - 2023-11-04 23:53:29 --> Undefined variable $modelos
in APPPATH\Views\adicionar.php on line 80.
 1 APPPATH\Views\adicionar.php(80): CodeIgniter\Debug\Exceptions->errorHandler()
 2 SYSTEMPATH\View\View.php(228): include('C:\\Users\\pando\\OneDrive\\Área de Trabalho\\codeigniter4-framework-c84d322\\app\\Views\\adicionar.php')
 3 SYSTEMPATH\View\View.php(231): CodeIgniter\View\View->CodeIgniter\View\{closure}()
 4 SYSTEMPATH\Common.php(1190): CodeIgniter\View\View->render()
 5 APPPATH\Controllers\AddController.php(77): view()
 6 SYSTEMPATH\CodeIgniter.php(942): App\Controllers\AddController->adicionar()
 7 SYSTEMPATH\CodeIgniter.php(502): CodeIgniter\CodeIgniter->runController()
 8 SYSTEMPATH\CodeIgniter.php(361): CodeIgniter\CodeIgniter->handleRequest()
 9 FCPATH\index.php(79): CodeIgniter\CodeIgniter->run()
10 SYSTEMPATH\Commands\Server\rewrite.php(47): require_once('C:\\Users\\pando\\OneDrive\\Área de Trabalho\\codeigniter4-framework-c84d322\\public\\index.php')
CRITICAL - 2023-11-04 23:55:06 --> Undefined variable $marcas
in APPPATH\Controllers\AddController.php on line 79.
 1 APPPATH\Controllers\AddController.php(79): CodeIgniter\Debug\Exceptions->errorHandler()
 2 SYSTEMPATH\CodeIgniter.php(942): App\Controllers\AddController->adicionar()
 3 SYSTEMPATH\CodeIgniter.php(502): CodeIgniter\CodeIgniter->runController()
 4 SYSTEMPATH\CodeIgniter.php(361): CodeIgniter\CodeIgniter->handleRequest()
 5 FCPATH\index.php(79): CodeIgniter\CodeIgniter->run()
 6 SYSTEMPATH\Commands\Server\rewrite.php(47): require_once('C:\\Users\\pando\\OneDrive\\Área de Trabalho\\codeigniter4-framework-c84d322\\public\\index.php')
CRITICAL - 2023-11-04 23:55:50 --> Undefined variable $modelos
in APPPATH\Controllers\AddController.php on line 79.
 1 APPPATH\Controllers\AddController.php(79): CodeIgniter\Debug\Exceptions->errorHandler()
 2 SYSTEMPATH\CodeIgniter.php(942): App\Controllers\AddController->adicionar()
 3 SYSTEMPATH\CodeIgniter.php(502): CodeIgniter\CodeIgniter->runController()
 4 SYSTEMPATH\CodeIgniter.php(361): CodeIgniter\CodeIgniter->handleRequest()
 5 FCPATH\index.php(79): CodeIgniter\CodeIgniter->run()
 6 SYSTEMPATH\Commands\Server\rewrite.php(47): require_once('C:\\Users\\pando\\OneDrive\\Área de Trabalho\\codeigniter4-framework-c84d322\\public\\index.php')
CRITICAL - 2023-11-04 23:55:51 --> Undefined variable $modelos
in APPPATH\Controllers\AddController.php on line 79.
 1 APPPATH\Controllers\AddController.php(79): CodeIgniter\Debug\Exceptions->errorHandler()
 2 SYSTEMPATH\CodeIgniter.php(942): App\Controllers\AddController->adicionar()
 3 SYSTEMPATH\CodeIgniter.php(502): CodeIgniter\CodeIgniter->runController()
 4 SYSTEMPATH\CodeIgniter.php(361): CodeIgniter\CodeIgniter->handleRequest()
 5 FCPATH\index.php(79): CodeIgniter\CodeIgniter->run()
 6 SYSTEMPATH\Commands\Server\rewrite.php(47): require_once('C:\\Users\\pando\\OneDrive\\Área de Trabalho\\codeigniter4-framework-c84d322\\public\\index.php')
CRITICAL - 2023-11-04 23:56:04 --> Undefined variable $modelos
in APPPATH\Controllers\AddController.php on line 81.
 1 APPPATH\Controllers\AddController.php(81): CodeIgniter\Debug\Exceptions->errorHandler()
 2 SYSTEMPATH\CodeIgniter.php(942): App\Controllers\AddController->adicionar()
 3 SYSTEMPATH\CodeIgniter.php(502): CodeIgniter\CodeIgniter->runController()
 4 SYSTEMPATH\CodeIgniter.php(361): CodeIgniter\CodeIgniter->handleRequest()
 5 FCPATH\index.php(79): CodeIgniter\CodeIgniter->run()
 6 SYSTEMPATH\Commands\Server\rewrite.php(47): require_once('C:\\Users\\pando\\OneDrive\\Área de Trabalho\\codeigniter4-framework-c84d322\\public\\index.php')
CRITICAL - 2023-11-04 23:56:05 --> Undefined variable $modelos
in APPPATH\Controllers\AddController.php on line 81.
 1 APPPATH\Controllers\AddController.php(81): CodeIgniter\Debug\Exceptions->errorHandler()
 2 SYSTEMPATH\CodeIgniter.php(942): App\Controllers\AddController->adicionar()
 3 SYSTEMPATH\CodeIgniter.php(502): CodeIgniter\CodeIgniter->runController()
 4 SYSTEMPATH\CodeIgniter.php(361): CodeIgniter\CodeIgniter->handleRequest()
 5 FCPATH\index.php(79): CodeIgniter\CodeIgniter->run()
 6 SYSTEMPATH\Commands\Server\rewrite.php(47): require_once('C:\\Users\\pando\\OneDrive\\Área de Trabalho\\codeigniter4-framework-c84d322\\public\\index.php')
CRITICAL - 2023-11-04 23:56:41 --> There is no data to insert.
in SYSTEMPATH\BaseModel.php on line 768.
 1 SYSTEMPATH\BaseModel.php(768): CodeIgniter\Database\Exceptions\DataException::forEmptyDataset()
 2 SYSTEMPATH\Model.php(715): CodeIgniter\BaseModel->insert()
 3 APPPATH\Controllers\AddController.php(59): CodeIgniter\Model->insert()
 4 SYSTEMPATH\CodeIgniter.php(942): App\Controllers\AddController->adicionar()
 5 SYSTEMPATH\CodeIgniter.php(502): CodeIgniter\CodeIgniter->runController()
 6 SYSTEMPATH\CodeIgniter.php(361): CodeIgniter\CodeIgniter->handleRequest()
 7 FCPATH\index.php(79): CodeIgniter\CodeIgniter->run()
 8 SYSTEMPATH\Commands\Server\rewrite.php(47): require_once('C:\\Users\\pando\\OneDrive\\Área de Trabalho\\codeigniter4-framework-c84d322\\public\\index.php')
CRITICAL - 2023-11-04 23:56:42 --> There is no data to insert.
in SYSTEMPATH\BaseModel.php on line 768.
 1 SYSTEMPATH\BaseModel.php(768): CodeIgniter\Database\Exceptions\DataException::forEmptyDataset()
 2 SYSTEMPATH\Model.php(715): CodeIgniter\BaseModel->insert()
 3 APPPATH\Controllers\AddController.php(59): CodeIgniter\Model->insert()
 4 SYSTEMPATH\CodeIgniter.php(942): App\Controllers\AddController->adicionar()
 5 SYSTEMPATH\CodeIgniter.php(502): CodeIgniter\CodeIgniter->runController()
 6 SYSTEMPATH\CodeIgniter.php(361): CodeIgniter\CodeIgniter->handleRequest()
 7 FCPATH\index.php(79): CodeIgniter\CodeIgniter->run()
 8 SYSTEMPATH\Commands\Server\rewrite.php(47): require_once('C:\\Users\\pando\\OneDrive\\Área de Trabalho\\codeigniter4-framework-c84d322\\public\\index.php')
CRITICAL - 2023-11-04 23:59:20 --> There is no data to insert.
in SYSTEMPATH\BaseModel.php on line 768.
 1 SYSTEMPATH\BaseModel.php(768): CodeIgniter\Database\Exceptions\DataException::forEmptyDataset()
 2 SYSTEMPATH\Model.php(715): CodeIgniter\BaseModel->insert()
 3 APPPATH\Controllers\AddController.php(63): CodeIgniter\Model->insert()
 4 SYSTEMPATH\CodeIgniter.php(942): App\Controllers\AddController->adicionar()
 5 SYSTEMPATH\CodeIgniter.php(502): CodeIgniter\CodeIgniter->runController()
 6 SYSTEMPATH\CodeIgniter.php(361): CodeIgniter\CodeIgniter->handleRequest()
 7 FCPATH\index.php(79): CodeIgniter\CodeIgniter->run()
 8 SYSTEMPATH\Commands\Server\rewrite.php(47): require_once('C:\\Users\\pando\\OneDrive\\Área de Trabalho\\codeigniter4-framework-c84d322\\public\\index.php')
CRITICAL - 2023-11-04 23:59:21 --> There is no data to insert.
in SYSTEMPATH\BaseModel.php on line 768.
 1 SYSTEMPATH\BaseModel.php(768): CodeIgniter\Database\Exceptions\DataException::forEmptyDataset()
 2 SYSTEMPATH\Model.php(715): CodeIgniter\BaseModel->insert()
 3 APPPATH\Controllers\AddController.php(63): CodeIgniter\Model->insert()
 4 SYSTEMPATH\CodeIgniter.php(942): App\Controllers\AddController->adicionar()
 5 SYSTEMPATH\CodeIgniter.php(502): CodeIgniter\CodeIgniter->runController()
 6 SYSTEMPATH\CodeIgniter.php(361): CodeIgniter\CodeIgniter->handleRequest()
 7 FCPATH\index.php(79): CodeIgniter\CodeIgniter->run()
 8 SYSTEMPATH\Commands\Server\rewrite.php(47): require_once('C:\\Users\\pando\\OneDrive\\Área de Trabalho\\codeigniter4-framework-c84d322\\public\\index.php')
CRITICAL - 2023-11-04 23:59:23 --> Undefined variable $tipo
in APPPATH\Views\adicionar.php on line 9.
 1 APPPATH\Views\adicionar.php(9): CodeIgniter\Debug\Exceptions->errorHandler()
 2 SYSTEMPATH\View\View.php(228): include('C:\\Users\\pando\\OneDrive\\Área de Trabalho\\codeigniter4-framework-c84d322\\app\\Views\\adicionar.php')
 3 SYSTEMPATH\View\View.php(231): CodeIgniter\View\View->CodeIgniter\View\{closure}()
 4 SYSTEMPATH\Common.php(1190): CodeIgniter\View\View->render()
 5 APPPATH\Controllers\AddController.php(87): view()
 6 SYSTEMPATH\CodeIgniter.php(942): App\Controllers\AddController->adicionar()
 7 SYSTEMPATH\CodeIgniter.php(502): CodeIgniter\CodeIgniter->runController()
 8 SYSTEMPATH\CodeIgniter.php(361): CodeIgniter\CodeIgniter->handleRequest()
 9 FCPATH\index.php(79): CodeIgniter\CodeIgniter->run()
10 SYSTEMPATH\Commands\Server\rewrite.php(47): require_once('C:\\Users\\pando\\OneDrive\\Área de Trabalho\\codeigniter4-framework-c84d322\\public\\index.php')
CRITICAL - 2023-11-04 23:59:46 --> syntax error, unexpected token "=>", expecting "]"
in APPPATH\Controllers\AddController.php on line 87.
 1 SYSTEMPATH\Autoloader\Autoloader.php(291): CodeIgniter\Autoloader\Autoloader->includeFile()
 2 SYSTEMPATH\Autoloader\Autoloader.php(269): CodeIgniter\Autoloader\Autoloader->loadInNamespace()
 3 [internal function]: CodeIgniter\Autoloader\Autoloader->loadClass()
 4 SYSTEMPATH\CodeIgniter.php(900): class_exists()
 5 SYSTEMPATH\CodeIgniter.php(489): CodeIgniter\CodeIgniter->startController()
 6 SYSTEMPATH\CodeIgniter.php(361): CodeIgniter\CodeIgniter->handleRequest()
 7 FCPATH\index.php(79): CodeIgniter\CodeIgniter->run()
 8 SYSTEMPATH\Commands\Server\rewrite.php(47): require_once('C:\\Users\\pando\\OneDrive\\Área de Trabalho\\codeigniter4-framework-c84d322\\public\\index.php')
CRITICAL - 2023-11-04 23:59:55 --> There is no data to insert.
in SYSTEMPATH\BaseModel.php on line 768.
 1 SYSTEMPATH\BaseModel.php(768): CodeIgniter\Database\Exceptions\DataException::forEmptyDataset()
 2 SYSTEMPATH\Model.php(715): CodeIgniter\BaseModel->insert()
 3 APPPATH\Controllers\AddController.php(63): CodeIgniter\Model->insert()
 4 SYSTEMPATH\CodeIgniter.php(942): App\Controllers\AddController->adicionar()
 5 SYSTEMPATH\CodeIgniter.php(502): CodeIgniter\CodeIgniter->runController()
 6 SYSTEMPATH\CodeIgniter.php(361): CodeIgniter\CodeIgniter->handleRequest()
 7 FCPATH\index.php(79): CodeIgniter\CodeIgniter->run()
 8 SYSTEMPATH\Commands\Server\rewrite.php(47): require_once('C:\\Users\\pando\\OneDrive\\Área de Trabalho\\codeigniter4-framework-c84d322\\public\\index.php')
