CRITICAL - 2023-12-12 19:18:35 --> Undefined variable $session
in APPPATH\Controllers\userController.php on line 98.
 1 APPPATH\Controllers\userController.php(98): CodeIgniter\Debug\Exceptions->errorHandler()
 2 SYSTEMPATH\CodeIgniter.php(942): App\Controllers\userController->sendResetCode()
 3 SYSTEMPATH\CodeIgniter.php(502): CodeIgniter\CodeIgniter->runController()
 4 SYSTEMPATH\CodeIgniter.php(361): CodeIgniter\CodeIgniter->handleRequest()
 5 FCPATH\index.php(79): CodeIgniter\CodeIgniter->run()
 6 SYSTEMPATH\Commands\Server\rewrite.php(47): require_once('C:\\Users\\pando\\Desktop\\MVCmecanica\\public\\index.php')
CRITICAL - 2023-12-12 19:19:48 --> Undefined variable $nome
in APPPATH\Controllers\userController.php on line 98.
 1 APPPATH\Controllers\userController.php(98): CodeIgniter\Debug\Exceptions->errorHandler()
 2 SYSTEMPATH\CodeIgniter.php(942): App\Controllers\userController->sendResetCode()
 3 SYSTEMPATH\CodeIgniter.php(502): CodeIgniter\CodeIgniter->runController()
 4 SYSTEMPATH\CodeIgniter.php(361): CodeIgniter\CodeIgniter->handleRequest()
 5 FCPATH\index.php(79): CodeIgniter\CodeIgniter->run()
 6 SYSTEMPATH\Commands\Server\rewrite.php(47): require_once('C:\\Users\\pando\\Desktop\\MVCmecanica\\public\\index.php')
CRITICAL - 2023-12-12 19:20:23 --> Undefined variable $nome_completo
in APPPATH\Controllers\userController.php on line 98.
 1 APPPATH\Controllers\userController.php(98): CodeIgniter\Debug\Exceptions->errorHandler()
 2 SYSTEMPATH\CodeIgniter.php(942): App\Controllers\userController->sendResetCode()
 3 SYSTEMPATH\CodeIgniter.php(502): CodeIgniter\CodeIgniter->runController()
 4 SYSTEMPATH\CodeIgniter.php(361): CodeIgniter\CodeIgniter->handleRequest()
 5 FCPATH\index.php(79): CodeIgniter\CodeIgniter->run()
 6 SYSTEMPATH\Commands\Server\rewrite.php(47): require_once('C:\\Users\\pando\\Desktop\\MVCmecanica\\public\\index.php')
CRITICAL - 2023-12-12 19:20:43 --> Undefined variable $nome_completo
in APPPATH\Controllers\userController.php on line 98.
 1 APPPATH\Controllers\userController.php(98): CodeIgniter\Debug\Exceptions->errorHandler()
 2 SYSTEMPATH\CodeIgniter.php(942): App\Controllers\userController->sendResetCode()
 3 SYSTEMPATH\CodeIgniter.php(502): CodeIgniter\CodeIgniter->runController()
 4 SYSTEMPATH\CodeIgniter.php(361): CodeIgniter\CodeIgniter->handleRequest()
 5 FCPATH\index.php(79): CodeIgniter\CodeIgniter->run()
 6 SYSTEMPATH\Commands\Server\rewrite.php(47): require_once('C:\\Users\\pando\\Desktop\\MVCmecanica\\public\\index.php')
CRITICAL - 2023-12-12 19:20:47 --> Undefined variable $nome_completo
in APPPATH\Controllers\userController.php on line 98.
 1 APPPATH\Controllers\userController.php(98): CodeIgniter\Debug\Exceptions->errorHandler()
 2 SYSTEMPATH\CodeIgniter.php(942): App\Controllers\userController->sendResetCode()
 3 SYSTEMPATH\CodeIgniter.php(502): CodeIgniter\CodeIgniter->runController()
 4 SYSTEMPATH\CodeIgniter.php(361): CodeIgniter\CodeIgniter->handleRequest()
 5 FCPATH\index.php(79): CodeIgniter\CodeIgniter->run()
 6 SYSTEMPATH\Commands\Server\rewrite.php(47): require_once('C:\\Users\\pando\\Desktop\\MVCmecanica\\public\\index.php')
CRITICAL - 2023-12-12 19:20:57 --> Undefined variable $nome
in APPPATH\Controllers\userController.php on line 98.
 1 APPPATH\Controllers\userController.php(98): CodeIgniter\Debug\Exceptions->errorHandler()
 2 SYSTEMPATH\CodeIgniter.php(942): App\Controllers\userController->sendResetCode()
 3 SYSTEMPATH\CodeIgniter.php(502): CodeIgniter\CodeIgniter->runController()
 4 SYSTEMPATH\CodeIgniter.php(361): CodeIgniter\CodeIgniter->handleRequest()
 5 FCPATH\index.php(79): CodeIgniter\CodeIgniter->run()
 6 SYSTEMPATH\Commands\Server\rewrite.php(47): require_once('C:\\Users\\pando\\Desktop\\MVCmecanica\\public\\index.php')
ERROR - 2023-12-12 20:03:13 --> mysqli_sql_exception: Duplicate entry '12345678910' for key 'cpf' in C:\Users\pando\Desktop\MVCmecanica\system\Database\MySQLi\Connection.php:306
Stack trace:
#0 C:\Users\pando\Desktop\MVCmecanica\system\Database\MySQLi\Connection.php(306): mysqli->query()
#1 C:\Users\pando\Desktop\MVCmecanica\system\Database\BaseConnection.php(693): CodeIgniter\Database\MySQLi\Connection->execute()
#2 C:\Users\pando\Desktop\MVCmecanica\system\Database\BaseConnection.php(607): CodeIgniter\Database\BaseConnection->simpleQuery()
#3 C:\Users\pando\Desktop\MVCmecanica\system\Database\BaseBuilder.php(2308): CodeIgniter\Database\BaseConnection->query()
#4 C:\Users\pando\Desktop\MVCmecanica\system\Model.php(319): CodeIgniter\Database\BaseBuilder->insert()
#5 C:\Users\pando\Desktop\MVCmecanica\system\BaseModel.php(766): CodeIgniter\Model->doInsert()
#6 C:\Users\pando\Desktop\MVCmecanica\system\Model.php(715): CodeIgniter\BaseModel->insert()
#7 C:\Users\pando\Desktop\MVCmecanica\app\Controllers\AddController.php(112): CodeIgniter\Model->insert()
#8 C:\Users\pando\Desktop\MVCmecanica\system\CodeIgniter.php(942): App\Controllers\AddController->adicionar()
#9 C:\Users\pando\Desktop\MVCmecanica\system\CodeIgniter.php(502): CodeIgniter\CodeIgniter->runController()
#10 C:\Users\pando\Desktop\MVCmecanica\system\CodeIgniter.php(361): CodeIgniter\CodeIgniter->handleRequest()
#11 C:\Users\pando\Desktop\MVCmecanica\public\index.php(79): CodeIgniter\CodeIgniter->run()
#12 C:\Users\pando\Desktop\MVCmecanica\system\Commands\Server\rewrite.php(47): require_once('...')
#13 {main}
ERROR - 2023-12-12 20:04:03 --> mysqli_sql_exception: Duplicate entry '12345678910' for key 'cpf' in C:\Users\pando\Desktop\MVCmecanica\system\Database\MySQLi\Connection.php:306
Stack trace:
#0 C:\Users\pando\Desktop\MVCmecanica\system\Database\MySQLi\Connection.php(306): mysqli->query()
#1 C:\Users\pando\Desktop\MVCmecanica\system\Database\BaseConnection.php(693): CodeIgniter\Database\MySQLi\Connection->execute()
#2 C:\Users\pando\Desktop\MVCmecanica\system\Database\BaseConnection.php(607): CodeIgniter\Database\BaseConnection->simpleQuery()
#3 C:\Users\pando\Desktop\MVCmecanica\system\Database\BaseBuilder.php(2308): CodeIgniter\Database\BaseConnection->query()
#4 C:\Users\pando\Desktop\MVCmecanica\system\Model.php(319): CodeIgniter\Database\BaseBuilder->insert()
#5 C:\Users\pando\Desktop\MVCmecanica\system\BaseModel.php(766): CodeIgniter\Model->doInsert()
#6 C:\Users\pando\Desktop\MVCmecanica\system\Model.php(715): CodeIgniter\BaseModel->insert()
#7 C:\Users\pando\Desktop\MVCmecanica\app\Controllers\AddController.php(112): CodeIgniter\Model->insert()
#8 C:\Users\pando\Desktop\MVCmecanica\system\CodeIgniter.php(942): App\Controllers\AddController->adicionar()
#9 C:\Users\pando\Desktop\MVCmecanica\system\CodeIgniter.php(502): CodeIgniter\CodeIgniter->runController()
#10 C:\Users\pando\Desktop\MVCmecanica\system\CodeIgniter.php(361): CodeIgniter\CodeIgniter->handleRequest()
#11 C:\Users\pando\Desktop\MVCmecanica\public\index.php(79): CodeIgniter\CodeIgniter->run()
#12 C:\Users\pando\Desktop\MVCmecanica\system\Commands\Server\rewrite.php(47): require_once('...')
#13 {main}
ERROR - 2023-12-12 20:08:02 --> mysqli_sql_exception: Duplicate entry '12345678910' for key 'cpf' in C:\Users\pando\Desktop\MVCmecanica\system\Database\MySQLi\Connection.php:306
Stack trace:
#0 C:\Users\pando\Desktop\MVCmecanica\system\Database\MySQLi\Connection.php(306): mysqli->query()
#1 C:\Users\pando\Desktop\MVCmecanica\system\Database\BaseConnection.php(693): CodeIgniter\Database\MySQLi\Connection->execute()
#2 C:\Users\pando\Desktop\MVCmecanica\system\Database\BaseConnection.php(607): CodeIgniter\Database\BaseConnection->simpleQuery()
#3 C:\Users\pando\Desktop\MVCmecanica\system\Database\BaseBuilder.php(2308): CodeIgniter\Database\BaseConnection->query()
#4 C:\Users\pando\Desktop\MVCmecanica\system\Model.php(319): CodeIgniter\Database\BaseBuilder->insert()
#5 C:\Users\pando\Desktop\MVCmecanica\system\BaseModel.php(766): CodeIgniter\Model->doInsert()
#6 C:\Users\pando\Desktop\MVCmecanica\system\Model.php(715): CodeIgniter\BaseModel->insert()
#7 C:\Users\pando\Desktop\MVCmecanica\app\Controllers\AddController.php(112): CodeIgniter\Model->insert()
#8 C:\Users\pando\Desktop\MVCmecanica\system\CodeIgniter.php(942): App\Controllers\AddController->adicionar()
#9 C:\Users\pando\Desktop\MVCmecanica\system\CodeIgniter.php(502): CodeIgniter\CodeIgniter->runController()
#10 C:\Users\pando\Desktop\MVCmecanica\system\CodeIgniter.php(361): CodeIgniter\CodeIgniter->handleRequest()
#11 C:\Users\pando\Desktop\MVCmecanica\public\index.php(79): CodeIgniter\CodeIgniter->run()
#12 C:\Users\pando\Desktop\MVCmecanica\system\Commands\Server\rewrite.php(47): require_once('...')
#13 {main}
ERROR - 2023-12-12 20:13:34 --> mysqli_sql_exception: Duplicate entry '12345678910' for key 'cpf' in C:\Users\pando\Desktop\MVCmecanica\system\Database\MySQLi\Connection.php:306
Stack trace:
#0 C:\Users\pando\Desktop\MVCmecanica\system\Database\MySQLi\Connection.php(306): mysqli->query()
#1 C:\Users\pando\Desktop\MVCmecanica\system\Database\BaseConnection.php(693): CodeIgniter\Database\MySQLi\Connection->execute()
#2 C:\Users\pando\Desktop\MVCmecanica\system\Database\BaseConnection.php(607): CodeIgniter\Database\BaseConnection->simpleQuery()
#3 C:\Users\pando\Desktop\MVCmecanica\system\Database\BaseBuilder.php(2308): CodeIgniter\Database\BaseConnection->query()
#4 C:\Users\pando\Desktop\MVCmecanica\system\Model.php(319): CodeIgniter\Database\BaseBuilder->insert()
#5 C:\Users\pando\Desktop\MVCmecanica\system\BaseModel.php(766): CodeIgniter\Model->doInsert()
#6 C:\Users\pando\Desktop\MVCmecanica\system\Model.php(715): CodeIgniter\BaseModel->insert()
#7 C:\Users\pando\Desktop\MVCmecanica\app\Controllers\AddController.php(112): CodeIgniter\Model->insert()
#8 C:\Users\pando\Desktop\MVCmecanica\system\CodeIgniter.php(942): App\Controllers\AddController->adicionar()
#9 C:\Users\pando\Desktop\MVCmecanica\system\CodeIgniter.php(502): CodeIgniter\CodeIgniter->runController()
#10 C:\Users\pando\Desktop\MVCmecanica\system\CodeIgniter.php(361): CodeIgniter\CodeIgniter->handleRequest()
#11 C:\Users\pando\Desktop\MVCmecanica\public\index.php(79): CodeIgniter\CodeIgniter->run()
#12 C:\Users\pando\Desktop\MVCmecanica\system\Commands\Server\rewrite.php(47): require_once('...')
#13 {main}
ERROR - 2023-12-12 20:14:08 --> mysqli_sql_exception: Duplicate entry '12345678910' for key 'cpf' in C:\Users\pando\Desktop\MVCmecanica\system\Database\MySQLi\Connection.php:306
Stack trace:
#0 C:\Users\pando\Desktop\MVCmecanica\system\Database\MySQLi\Connection.php(306): mysqli->query()
#1 C:\Users\pando\Desktop\MVCmecanica\system\Database\BaseConnection.php(693): CodeIgniter\Database\MySQLi\Connection->execute()
#2 C:\Users\pando\Desktop\MVCmecanica\system\Database\BaseConnection.php(607): CodeIgniter\Database\BaseConnection->simpleQuery()
#3 C:\Users\pando\Desktop\MVCmecanica\system\Database\BaseBuilder.php(2308): CodeIgniter\Database\BaseConnection->query()
#4 C:\Users\pando\Desktop\MVCmecanica\system\Model.php(319): CodeIgniter\Database\BaseBuilder->insert()
#5 C:\Users\pando\Desktop\MVCmecanica\system\BaseModel.php(766): CodeIgniter\Model->doInsert()
#6 C:\Users\pando\Desktop\MVCmecanica\system\Model.php(715): CodeIgniter\BaseModel->insert()
#7 C:\Users\pando\Desktop\MVCmecanica\app\Controllers\AddController.php(112): CodeIgniter\Model->insert()
#8 C:\Users\pando\Desktop\MVCmecanica\system\CodeIgniter.php(942): App\Controllers\AddController->adicionar()
#9 C:\Users\pando\Desktop\MVCmecanica\system\CodeIgniter.php(502): CodeIgniter\CodeIgniter->runController()
#10 C:\Users\pando\Desktop\MVCmecanica\system\CodeIgniter.php(361): CodeIgniter\CodeIgniter->handleRequest()
#11 C:\Users\pando\Desktop\MVCmecanica\public\index.php(79): CodeIgniter\CodeIgniter->run()
#12 C:\Users\pando\Desktop\MVCmecanica\system\Commands\Server\rewrite.php(47): require_once('...')
#13 {main}
ERROR - 2023-12-12 20:14:49 --> mysqli_sql_exception: Duplicate entry '12345678910' for key 'cpf' in C:\Users\pando\Desktop\MVCmecanica\system\Database\MySQLi\Connection.php:306
Stack trace:
#0 C:\Users\pando\Desktop\MVCmecanica\system\Database\MySQLi\Connection.php(306): mysqli->query()
#1 C:\Users\pando\Desktop\MVCmecanica\system\Database\BaseConnection.php(693): CodeIgniter\Database\MySQLi\Connection->execute()
#2 C:\Users\pando\Desktop\MVCmecanica\system\Database\BaseConnection.php(607): CodeIgniter\Database\BaseConnection->simpleQuery()
#3 C:\Users\pando\Desktop\MVCmecanica\system\Database\BaseBuilder.php(2308): CodeIgniter\Database\BaseConnection->query()
#4 C:\Users\pando\Desktop\MVCmecanica\system\Model.php(319): CodeIgniter\Database\BaseBuilder->insert()
#5 C:\Users\pando\Desktop\MVCmecanica\system\BaseModel.php(766): CodeIgniter\Model->doInsert()
#6 C:\Users\pando\Desktop\MVCmecanica\system\Model.php(715): CodeIgniter\BaseModel->insert()
#7 C:\Users\pando\Desktop\MVCmecanica\app\Controllers\AddController.php(112): CodeIgniter\Model->insert()
#8 C:\Users\pando\Desktop\MVCmecanica\system\CodeIgniter.php(942): App\Controllers\AddController->adicionar()
#9 C:\Users\pando\Desktop\MVCmecanica\system\CodeIgniter.php(502): CodeIgniter\CodeIgniter->runController()
#10 C:\Users\pando\Desktop\MVCmecanica\system\CodeIgniter.php(361): CodeIgniter\CodeIgniter->handleRequest()
#11 C:\Users\pando\Desktop\MVCmecanica\public\index.php(79): CodeIgniter\CodeIgniter->run()
#12 C:\Users\pando\Desktop\MVCmecanica\system\Commands\Server\rewrite.php(47): require_once('...')
#13 {main}
ERROR - 2023-12-12 20:15:11 --> mysqli_sql_exception: Duplicate entry 'SD' for key 'email' in C:\Users\pando\Desktop\MVCmecanica\system\Database\MySQLi\Connection.php:306
Stack trace:
#0 C:\Users\pando\Desktop\MVCmecanica\system\Database\MySQLi\Connection.php(306): mysqli->query()
#1 C:\Users\pando\Desktop\MVCmecanica\system\Database\BaseConnection.php(693): CodeIgniter\Database\MySQLi\Connection->execute()
#2 C:\Users\pando\Desktop\MVCmecanica\system\Database\BaseConnection.php(607): CodeIgniter\Database\BaseConnection->simpleQuery()
#3 C:\Users\pando\Desktop\MVCmecanica\system\Database\BaseBuilder.php(2308): CodeIgniter\Database\BaseConnection->query()
#4 C:\Users\pando\Desktop\MVCmecanica\system\Model.php(319): CodeIgniter\Database\BaseBuilder->insert()
#5 C:\Users\pando\Desktop\MVCmecanica\system\BaseModel.php(766): CodeIgniter\Model->doInsert()
#6 C:\Users\pando\Desktop\MVCmecanica\system\Model.php(715): CodeIgniter\BaseModel->insert()
#7 C:\Users\pando\Desktop\MVCmecanica\app\Controllers\AddController.php(112): CodeIgniter\Model->insert()
#8 C:\Users\pando\Desktop\MVCmecanica\system\CodeIgniter.php(942): App\Controllers\AddController->adicionar()
#9 C:\Users\pando\Desktop\MVCmecanica\system\CodeIgniter.php(502): CodeIgniter\CodeIgniter->runController()
#10 C:\Users\pando\Desktop\MVCmecanica\system\CodeIgniter.php(361): CodeIgniter\CodeIgniter->handleRequest()
#11 C:\Users\pando\Desktop\MVCmecanica\public\index.php(79): CodeIgniter\CodeIgniter->run()
#12 C:\Users\pando\Desktop\MVCmecanica\system\Commands\Server\rewrite.php(47): require_once('...')
#13 {main}
ERROR - 2023-12-12 20:16:22 --> mysqli_sql_exception: Duplicate entry '12345678910' for key 'cpf' in C:\Users\pando\Desktop\MVCmecanica\system\Database\MySQLi\Connection.php:306
Stack trace:
#0 C:\Users\pando\Desktop\MVCmecanica\system\Database\MySQLi\Connection.php(306): mysqli->query()
#1 C:\Users\pando\Desktop\MVCmecanica\system\Database\BaseConnection.php(693): CodeIgniter\Database\MySQLi\Connection->execute()
#2 C:\Users\pando\Desktop\MVCmecanica\system\Database\BaseConnection.php(607): CodeIgniter\Database\BaseConnection->simpleQuery()
#3 C:\Users\pando\Desktop\MVCmecanica\system\Database\BaseBuilder.php(2308): CodeIgniter\Database\BaseConnection->query()
#4 C:\Users\pando\Desktop\MVCmecanica\system\Model.php(319): CodeIgniter\Database\BaseBuilder->insert()
#5 C:\Users\pando\Desktop\MVCmecanica\system\BaseModel.php(766): CodeIgniter\Model->doInsert()
#6 C:\Users\pando\Desktop\MVCmecanica\system\Model.php(715): CodeIgniter\BaseModel->insert()
#7 C:\Users\pando\Desktop\MVCmecanica\app\Controllers\AddController.php(112): CodeIgniter\Model->insert()
#8 C:\Users\pando\Desktop\MVCmecanica\system\CodeIgniter.php(942): App\Controllers\AddController->adicionar()
#9 C:\Users\pando\Desktop\MVCmecanica\system\CodeIgniter.php(502): CodeIgniter\CodeIgniter->runController()
#10 C:\Users\pando\Desktop\MVCmecanica\system\CodeIgniter.php(361): CodeIgniter\CodeIgniter->handleRequest()
#11 C:\Users\pando\Desktop\MVCmecanica\public\index.php(79): CodeIgniter\CodeIgniter->run()
#12 C:\Users\pando\Desktop\MVCmecanica\system\Commands\Server\rewrite.php(47): require_once('...')
#13 {main}
ERROR - 2023-12-12 20:18:06 --> mysqli_sql_exception: Duplicate entry 'D' for key 'cpf' in C:\Users\pando\Desktop\MVCmecanica\system\Database\MySQLi\Connection.php:306
Stack trace:
#0 C:\Users\pando\Desktop\MVCmecanica\system\Database\MySQLi\Connection.php(306): mysqli->query()
#1 C:\Users\pando\Desktop\MVCmecanica\system\Database\BaseConnection.php(693): CodeIgniter\Database\MySQLi\Connection->execute()
#2 C:\Users\pando\Desktop\MVCmecanica\system\Database\BaseConnection.php(607): CodeIgniter\Database\BaseConnection->simpleQuery()
#3 C:\Users\pando\Desktop\MVCmecanica\system\Database\BaseBuilder.php(2308): CodeIgniter\Database\BaseConnection->query()
#4 C:\Users\pando\Desktop\MVCmecanica\system\Model.php(319): CodeIgniter\Database\BaseBuilder->insert()
#5 C:\Users\pando\Desktop\MVCmecanica\system\BaseModel.php(766): CodeIgniter\Model->doInsert()
#6 C:\Users\pando\Desktop\MVCmecanica\system\Model.php(715): CodeIgniter\BaseModel->insert()
#7 C:\Users\pando\Desktop\MVCmecanica\app\Controllers\AddController.php(112): CodeIgniter\Model->insert()
#8 C:\Users\pando\Desktop\MVCmecanica\system\CodeIgniter.php(942): App\Controllers\AddController->adicionar()
#9 C:\Users\pando\Desktop\MVCmecanica\system\CodeIgniter.php(502): CodeIgniter\CodeIgniter->runController()
#10 C:\Users\pando\Desktop\MVCmecanica\system\CodeIgniter.php(361): CodeIgniter\CodeIgniter->handleRequest()
#11 C:\Users\pando\Desktop\MVCmecanica\public\index.php(79): CodeIgniter\CodeIgniter->run()
#12 C:\Users\pando\Desktop\MVCmecanica\system\Commands\Server\rewrite.php(47): require_once('...')
#13 {main}
ERROR - 2023-12-12 20:19:13 --> mysqli_sql_exception: Duplicate entry '12345678910' for key 'cpf' in C:\Users\pando\Desktop\MVCmecanica\system\Database\MySQLi\Connection.php:306
Stack trace:
#0 C:\Users\pando\Desktop\MVCmecanica\system\Database\MySQLi\Connection.php(306): mysqli->query()
#1 C:\Users\pando\Desktop\MVCmecanica\system\Database\BaseConnection.php(693): CodeIgniter\Database\MySQLi\Connection->execute()
#2 C:\Users\pando\Desktop\MVCmecanica\system\Database\BaseConnection.php(607): CodeIgniter\Database\BaseConnection->simpleQuery()
#3 C:\Users\pando\Desktop\MVCmecanica\system\Database\BaseBuilder.php(2308): CodeIgniter\Database\BaseConnection->query()
#4 C:\Users\pando\Desktop\MVCmecanica\system\Model.php(319): CodeIgniter\Database\BaseBuilder->insert()
#5 C:\Users\pando\Desktop\MVCmecanica\system\BaseModel.php(766): CodeIgniter\Model->doInsert()
#6 C:\Users\pando\Desktop\MVCmecanica\system\Model.php(715): CodeIgniter\BaseModel->insert()
#7 C:\Users\pando\Desktop\MVCmecanica\app\Controllers\AddController.php(112): CodeIgniter\Model->insert()
#8 C:\Users\pando\Desktop\MVCmecanica\system\CodeIgniter.php(942): App\Controllers\AddController->adicionar()
#9 C:\Users\pando\Desktop\MVCmecanica\system\CodeIgniter.php(502): CodeIgniter\CodeIgniter->runController()
#10 C:\Users\pando\Desktop\MVCmecanica\system\CodeIgniter.php(361): CodeIgniter\CodeIgniter->handleRequest()
#11 C:\Users\pando\Desktop\MVCmecanica\public\index.php(79): CodeIgniter\CodeIgniter->run()
#12 C:\Users\pando\Desktop\MVCmecanica\system\Commands\Server\rewrite.php(47): require_once('...')
#13 {main}
ERROR - 2023-12-12 20:20:03 --> mysqli_sql_exception: Duplicate entry '12345678910' for key 'cpf' in C:\Users\pando\Desktop\MVCmecanica\system\Database\MySQLi\Connection.php:306
Stack trace:
#0 C:\Users\pando\Desktop\MVCmecanica\system\Database\MySQLi\Connection.php(306): mysqli->query()
#1 C:\Users\pando\Desktop\MVCmecanica\system\Database\BaseConnection.php(693): CodeIgniter\Database\MySQLi\Connection->execute()
#2 C:\Users\pando\Desktop\MVCmecanica\system\Database\BaseConnection.php(607): CodeIgniter\Database\BaseConnection->simpleQuery()
#3 C:\Users\pando\Desktop\MVCmecanica\system\Database\BaseBuilder.php(2475): CodeIgniter\Database\BaseConnection->query()
#4 C:\Users\pando\Desktop\MVCmecanica\system\Model.php(385): CodeIgniter\Database\BaseBuilder->update()
#5 C:\Users\pando\Desktop\MVCmecanica\system\BaseModel.php(927): CodeIgniter\Model->doUpdate()
#6 C:\Users\pando\Desktop\MVCmecanica\system\Model.php(776): CodeIgniter\BaseModel->update()
#7 C:\Users\pando\Desktop\MVCmecanica\app\Controllers\EditarController.php(362): CodeIgniter\Model->update()
#8 C:\Users\pando\Desktop\MVCmecanica\system\CodeIgniter.php(942): App\Controllers\EditarController->atualizar()
#9 C:\Users\pando\Desktop\MVCmecanica\system\CodeIgniter.php(502): CodeIgniter\CodeIgniter->runController()
#10 C:\Users\pando\Desktop\MVCmecanica\system\CodeIgniter.php(361): CodeIgniter\CodeIgniter->handleRequest()
#11 C:\Users\pando\Desktop\MVCmecanica\public\index.php(79): CodeIgniter\CodeIgniter->run()
#12 C:\Users\pando\Desktop\MVCmecanica\system\Commands\Server\rewrite.php(47): require_once('...')
#13 {main}
ERROR - 2023-12-12 20:20:49 --> mysqli_sql_exception: Duplicate entry '12345678910' for key 'cpf' in C:\Users\pando\Desktop\MVCmecanica\system\Database\MySQLi\Connection.php:306
Stack trace:
#0 C:\Users\pando\Desktop\MVCmecanica\system\Database\MySQLi\Connection.php(306): mysqli->query()
#1 C:\Users\pando\Desktop\MVCmecanica\system\Database\BaseConnection.php(693): CodeIgniter\Database\MySQLi\Connection->execute()
#2 C:\Users\pando\Desktop\MVCmecanica\system\Database\BaseConnection.php(607): CodeIgniter\Database\BaseConnection->simpleQuery()
#3 C:\Users\pando\Desktop\MVCmecanica\system\Database\BaseBuilder.php(2475): CodeIgniter\Database\BaseConnection->query()
#4 C:\Users\pando\Desktop\MVCmecanica\system\Model.php(385): CodeIgniter\Database\BaseBuilder->update()
#5 C:\Users\pando\Desktop\MVCmecanica\system\BaseModel.php(927): CodeIgniter\Model->doUpdate()
#6 C:\Users\pando\Desktop\MVCmecanica\system\Model.php(776): CodeIgniter\BaseModel->update()
#7 C:\Users\pando\Desktop\MVCmecanica\app\Controllers\EditarController.php(362): CodeIgniter\Model->update()
#8 C:\Users\pando\Desktop\MVCmecanica\system\CodeIgniter.php(942): App\Controllers\EditarController->atualizar()
#9 C:\Users\pando\Desktop\MVCmecanica\system\CodeIgniter.php(502): CodeIgniter\CodeIgniter->runController()
#10 C:\Users\pando\Desktop\MVCmecanica\system\CodeIgniter.php(361): CodeIgniter\CodeIgniter->handleRequest()
#11 C:\Users\pando\Desktop\MVCmecanica\public\index.php(79): CodeIgniter\CodeIgniter->run()
#12 C:\Users\pando\Desktop\MVCmecanica\system\Commands\Server\rewrite.php(47): require_once('...')
#13 {main}
