CRITICAL - 2023-12-02 21:54:38 --> Undefined array key "completed"
in APPPATH\Views\index.php on line 44.
 1 APPPATH\Views\index.php(44): CodeIgniter\Debug\Exceptions->errorHandler()
 2 SYSTEMPATH\View\View.php(228): include('C:\\Users\\pando\\Desktop\\MVCmecanica\\app\\Views\\index.php')
 3 SYSTEMPATH\View\View.php(231): CodeIgniter\View\View->CodeIgniter\View\{closure}()
 4 SYSTEMPATH\Common.php(1190): CodeIgniter\View\View->render()
 5 APPPATH\Controllers\osController.php(35): view()
 6 SYSTEMPATH\CodeIgniter.php(942): App\Controllers\OsController->index()
 7 SYSTEMPATH\CodeIgniter.php(502): CodeIgniter\CodeIgniter->runController()
 8 SYSTEMPATH\CodeIgniter.php(361): CodeIgniter\CodeIgniter->handleRequest()
 9 FCPATH\index.php(79): CodeIgniter\CodeIgniter->run()
10 SYSTEMPATH\Commands\Server\rewrite.php(47): require_once('C:\\Users\\pando\\Desktop\\MVCmecanica\\public\\index.php')
CRITICAL - 2023-12-02 21:54:57 --> Undefined array key "concluida"
in APPPATH\Views\index.php on line 44.
 1 APPPATH\Views\index.php(44): CodeIgniter\Debug\Exceptions->errorHandler()
 2 SYSTEMPATH\View\View.php(228): include('C:\\Users\\pando\\Desktop\\MVCmecanica\\app\\Views\\index.php')
 3 SYSTEMPATH\View\View.php(231): CodeIgniter\View\View->CodeIgniter\View\{closure}()
 4 SYSTEMPATH\Common.php(1190): CodeIgniter\View\View->render()
 5 APPPATH\Controllers\osController.php(35): view()
 6 SYSTEMPATH\CodeIgniter.php(942): App\Controllers\OsController->index()
 7 SYSTEMPATH\CodeIgniter.php(502): CodeIgniter\CodeIgniter->runController()
 8 SYSTEMPATH\CodeIgniter.php(361): CodeIgniter\CodeIgniter->handleRequest()
 9 FCPATH\index.php(79): CodeIgniter\CodeIgniter->run()
10 SYSTEMPATH\Commands\Server\rewrite.php(47): require_once('C:\\Users\\pando\\Desktop\\MVCmecanica\\public\\index.php')
CRITICAL - 2023-12-02 21:56:09 --> Undefined array key "concluído"
in APPPATH\Views\index.php on line 44.
 1 APPPATH\Views\index.php(44): CodeIgniter\Debug\Exceptions->errorHandler()
 2 SYSTEMPATH\View\View.php(228): include('C:\\Users\\pando\\Desktop\\MVCmecanica\\app\\Views\\index.php')
 3 SYSTEMPATH\View\View.php(231): CodeIgniter\View\View->CodeIgniter\View\{closure}()
 4 SYSTEMPATH\Common.php(1190): CodeIgniter\View\View->render()
 5 APPPATH\Controllers\osController.php(35): view()
 6 SYSTEMPATH\CodeIgniter.php(942): App\Controllers\OsController->index()
 7 SYSTEMPATH\CodeIgniter.php(502): CodeIgniter\CodeIgniter->runController()
 8 SYSTEMPATH\CodeIgniter.php(361): CodeIgniter\CodeIgniter->handleRequest()
 9 FCPATH\index.php(79): CodeIgniter\CodeIgniter->run()
10 SYSTEMPATH\Commands\Server\rewrite.php(47): require_once('C:\\Users\\pando\\Desktop\\MVCmecanica\\public\\index.php')
CRITICAL - 2023-12-02 21:56:10 --> Undefined array key "concluído"
in APPPATH\Views\index.php on line 44.
 1 APPPATH\Views\index.php(44): CodeIgniter\Debug\Exceptions->errorHandler()
 2 SYSTEMPATH\View\View.php(228): include('C:\\Users\\pando\\Desktop\\MVCmecanica\\app\\Views\\index.php')
 3 SYSTEMPATH\View\View.php(231): CodeIgniter\View\View->CodeIgniter\View\{closure}()
 4 SYSTEMPATH\Common.php(1190): CodeIgniter\View\View->render()
 5 APPPATH\Controllers\osController.php(35): view()
 6 SYSTEMPATH\CodeIgniter.php(942): App\Controllers\OsController->index()
 7 SYSTEMPATH\CodeIgniter.php(502): CodeIgniter\CodeIgniter->runController()
 8 SYSTEMPATH\CodeIgniter.php(361): CodeIgniter\CodeIgniter->handleRequest()
 9 FCPATH\index.php(79): CodeIgniter\CodeIgniter->run()
10 SYSTEMPATH\Commands\Server\rewrite.php(47): require_once('C:\\Users\\pando\\Desktop\\MVCmecanica\\public\\index.php')
CRITICAL - 2023-12-02 22:14:09 --> Undefined array key "placa"
in APPPATH\Views\index.php on line 50.
 1 APPPATH\Views\index.php(50): CodeIgniter\Debug\Exceptions->errorHandler()
 2 SYSTEMPATH\View\View.php(228): include('C:\\Users\\pando\\Desktop\\MVCmecanica\\app\\Views\\index.php')
 3 SYSTEMPATH\View\View.php(231): CodeIgniter\View\View->CodeIgniter\View\{closure}()
 4 SYSTEMPATH\Common.php(1190): CodeIgniter\View\View->render()
 5 APPPATH\Controllers\osController.php(35): view()
 6 SYSTEMPATH\CodeIgniter.php(942): App\Controllers\OsController->index()
 7 SYSTEMPATH\CodeIgniter.php(502): CodeIgniter\CodeIgniter->runController()
 8 SYSTEMPATH\CodeIgniter.php(361): CodeIgniter\CodeIgniter->handleRequest()
 9 FCPATH\index.php(79): CodeIgniter\CodeIgniter->run()
10 SYSTEMPATH\Commands\Server\rewrite.php(47): require_once('C:\\Users\\pando\\Desktop\\MVCmecanica\\public\\index.php')
CRITICAL - 2023-12-02 22:14:36 --> Undefined array key "veiculo_placa"
in APPPATH\Views\index.php on line 50.
 1 APPPATH\Views\index.php(50): CodeIgniter\Debug\Exceptions->errorHandler()
 2 SYSTEMPATH\View\View.php(228): include('C:\\Users\\pando\\Desktop\\MVCmecanica\\app\\Views\\index.php')
 3 SYSTEMPATH\View\View.php(231): CodeIgniter\View\View->CodeIgniter\View\{closure}()
 4 SYSTEMPATH\Common.php(1190): CodeIgniter\View\View->render()
 5 APPPATH\Controllers\osController.php(35): view()
 6 SYSTEMPATH\CodeIgniter.php(942): App\Controllers\OsController->index()
 7 SYSTEMPATH\CodeIgniter.php(502): CodeIgniter\CodeIgniter->runController()
 8 SYSTEMPATH\CodeIgniter.php(361): CodeIgniter\CodeIgniter->handleRequest()
 9 FCPATH\index.php(79): CodeIgniter\CodeIgniter->run()
10 SYSTEMPATH\Commands\Server\rewrite.php(47): require_once('C:\\Users\\pando\\Desktop\\MVCmecanica\\public\\index.php')
CRITICAL - 2023-12-02 22:16:09 --> Undefined variable $id
in APPPATH\Controllers\osController.php on line 20.
 1 APPPATH\Controllers\osController.php(20): CodeIgniter\Debug\Exceptions->errorHandler()
 2 SYSTEMPATH\CodeIgniter.php(942): App\Controllers\OsController->index()
 3 SYSTEMPATH\CodeIgniter.php(502): CodeIgniter\CodeIgniter->runController()
 4 SYSTEMPATH\CodeIgniter.php(361): CodeIgniter\CodeIgniter->handleRequest()
 5 FCPATH\index.php(79): CodeIgniter\CodeIgniter->run()
 6 SYSTEMPATH\Commands\Server\rewrite.php(47): require_once('C:\\Users\\pando\\Desktop\\MVCmecanica\\public\\index.php')
CRITICAL - 2023-12-02 22:16:09 --> Undefined variable $id
in APPPATH\Controllers\osController.php on line 20.
 1 APPPATH\Controllers\osController.php(20): CodeIgniter\Debug\Exceptions->errorHandler()
 2 SYSTEMPATH\CodeIgniter.php(942): App\Controllers\OsController->index()
 3 SYSTEMPATH\CodeIgniter.php(502): CodeIgniter\CodeIgniter->runController()
 4 SYSTEMPATH\CodeIgniter.php(361): CodeIgniter\CodeIgniter->handleRequest()
 5 FCPATH\index.php(79): CodeIgniter\CodeIgniter->run()
 6 SYSTEMPATH\Commands\Server\rewrite.php(47): require_once('C:\\Users\\pando\\Desktop\\MVCmecanica\\public\\index.php')
CRITICAL - 2023-12-02 22:16:32 --> Too few arguments to function App\Controllers\OsController::index(), 0 passed in C:\Users\pando\Desktop\MVCmecanica\system\CodeIgniter.php on line 942 and exactly 1 expected
in APPPATH\Controllers\osController.php on line 17.
 1 SYSTEMPATH\CodeIgniter.php(942): App\Controllers\OsController->index()
 2 SYSTEMPATH\CodeIgniter.php(502): CodeIgniter\CodeIgniter->runController()
 3 SYSTEMPATH\CodeIgniter.php(361): CodeIgniter\CodeIgniter->handleRequest()
 4 FCPATH\index.php(79): CodeIgniter\CodeIgniter->run()
 5 SYSTEMPATH\Commands\Server\rewrite.php(47): require_once('C:\\Users\\pando\\Desktop\\MVCmecanica\\public\\index.php')
CRITICAL - 2023-12-02 22:16:41 --> Too few arguments to function App\Models\OsModel::getOrderWithDetails(), 0 passed in C:\Users\pando\Desktop\MVCmecanica\app\Controllers\osController.php on line 20 and exactly 1 expected
in APPPATH\Models\osModel.php on line 31.
 1 APPPATH\Controllers\osController.php(20): App\Models\OsModel->getOrderWithDetails()
 2 SYSTEMPATH\CodeIgniter.php(942): App\Controllers\OsController->index()
 3 SYSTEMPATH\CodeIgniter.php(502): CodeIgniter\CodeIgniter->runController()
 4 SYSTEMPATH\CodeIgniter.php(361): CodeIgniter\CodeIgniter->handleRequest()
 5 FCPATH\index.php(79): CodeIgniter\CodeIgniter->run()
 6 SYSTEMPATH\Commands\Server\rewrite.php(47): require_once('C:\\Users\\pando\\Desktop\\MVCmecanica\\public\\index.php')
CRITICAL - 2023-12-02 22:16:47 --> Undefined variable $id
in APPPATH\Controllers\osController.php on line 20.
 1 APPPATH\Controllers\osController.php(20): CodeIgniter\Debug\Exceptions->errorHandler()
 2 SYSTEMPATH\CodeIgniter.php(942): App\Controllers\OsController->index()
 3 SYSTEMPATH\CodeIgniter.php(502): CodeIgniter\CodeIgniter->runController()
 4 SYSTEMPATH\CodeIgniter.php(361): CodeIgniter\CodeIgniter->handleRequest()
 5 FCPATH\index.php(79): CodeIgniter\CodeIgniter->run()
 6 SYSTEMPATH\Commands\Server\rewrite.php(47): require_once('C:\\Users\\pando\\Desktop\\MVCmecanica\\public\\index.php')
CRITICAL - 2023-12-02 22:17:27 --> Undefined array key "veiculo_placa"
in APPPATH\Views\index.php on line 50.
 1 APPPATH\Views\index.php(50): CodeIgniter\Debug\Exceptions->errorHandler()
 2 SYSTEMPATH\View\View.php(228): include('C:\\Users\\pando\\Desktop\\MVCmecanica\\app\\Views\\index.php')
 3 SYSTEMPATH\View\View.php(231): CodeIgniter\View\View->CodeIgniter\View\{closure}()
 4 SYSTEMPATH\Common.php(1190): CodeIgniter\View\View->render()
 5 APPPATH\Controllers\osController.php(36): view()
 6 SYSTEMPATH\CodeIgniter.php(942): App\Controllers\OsController->index()
 7 SYSTEMPATH\CodeIgniter.php(502): CodeIgniter\CodeIgniter->runController()
 8 SYSTEMPATH\CodeIgniter.php(361): CodeIgniter\CodeIgniter->handleRequest()
 9 FCPATH\index.php(79): CodeIgniter\CodeIgniter->run()
10 SYSTEMPATH\Commands\Server\rewrite.php(47): require_once('C:\\Users\\pando\\Desktop\\MVCmecanica\\public\\index.php')
CRITICAL - 2023-12-02 22:18:14 --> Undefined array key "veiculo_placa"
in APPPATH\Views\index.php on line 50.
 1 APPPATH\Views\index.php(50): CodeIgniter\Debug\Exceptions->errorHandler()
 2 SYSTEMPATH\View\View.php(228): include('C:\\Users\\pando\\Desktop\\MVCmecanica\\app\\Views\\index.php')
 3 SYSTEMPATH\View\View.php(231): CodeIgniter\View\View->CodeIgniter\View\{closure}()
 4 SYSTEMPATH\Common.php(1190): CodeIgniter\View\View->render()
 5 APPPATH\Controllers\osController.php(36): view()
 6 SYSTEMPATH\CodeIgniter.php(942): App\Controllers\OsController->index()
 7 SYSTEMPATH\CodeIgniter.php(502): CodeIgniter\CodeIgniter->runController()
 8 SYSTEMPATH\CodeIgniter.php(361): CodeIgniter\CodeIgniter->handleRequest()
 9 FCPATH\index.php(79): CodeIgniter\CodeIgniter->run()
10 SYSTEMPATH\Commands\Server\rewrite.php(47): require_once('C:\\Users\\pando\\Desktop\\MVCmecanica\\public\\index.php')
CRITICAL - 2023-12-02 22:20:03 --> Undefined array key "veiculo_placa"
in APPPATH\Views\index.php on line 50.
 1 APPPATH\Views\index.php(50): CodeIgniter\Debug\Exceptions->errorHandler()
 2 SYSTEMPATH\View\View.php(228): include('C:\\Users\\pando\\Desktop\\MVCmecanica\\app\\Views\\index.php')
 3 SYSTEMPATH\View\View.php(231): CodeIgniter\View\View->CodeIgniter\View\{closure}()
 4 SYSTEMPATH\Common.php(1190): CodeIgniter\View\View->render()
 5 APPPATH\Controllers\osController.php(36): view()
 6 SYSTEMPATH\CodeIgniter.php(942): App\Controllers\OsController->index()
 7 SYSTEMPATH\CodeIgniter.php(502): CodeIgniter\CodeIgniter->runController()
 8 SYSTEMPATH\CodeIgniter.php(361): CodeIgniter\CodeIgniter->handleRequest()
 9 FCPATH\index.php(79): CodeIgniter\CodeIgniter->run()
10 SYSTEMPATH\Commands\Server\rewrite.php(47): require_once('C:\\Users\\pando\\Desktop\\MVCmecanica\\public\\index.php')
CRITICAL - 2023-12-02 22:20:04 --> Undefined array key "veiculo_placa"
in APPPATH\Views\index.php on line 50.
 1 APPPATH\Views\index.php(50): CodeIgniter\Debug\Exceptions->errorHandler()
 2 SYSTEMPATH\View\View.php(228): include('C:\\Users\\pando\\Desktop\\MVCmecanica\\app\\Views\\index.php')
 3 SYSTEMPATH\View\View.php(231): CodeIgniter\View\View->CodeIgniter\View\{closure}()
 4 SYSTEMPATH\Common.php(1190): CodeIgniter\View\View->render()
 5 APPPATH\Controllers\osController.php(36): view()
 6 SYSTEMPATH\CodeIgniter.php(942): App\Controllers\OsController->index()
 7 SYSTEMPATH\CodeIgniter.php(502): CodeIgniter\CodeIgniter->runController()
 8 SYSTEMPATH\CodeIgniter.php(361): CodeIgniter\CodeIgniter->handleRequest()
 9 FCPATH\index.php(79): CodeIgniter\CodeIgniter->run()
10 SYSTEMPATH\Commands\Server\rewrite.php(47): require_once('C:\\Users\\pando\\Desktop\\MVCmecanica\\public\\index.php')
CRITICAL - 2023-12-02 22:21:47 --> Undefined variable $order
in APPPATH\Controllers\osController.php on line 36.
 1 APPPATH\Controllers\osController.php(36): CodeIgniter\Debug\Exceptions->errorHandler()
 2 SYSTEMPATH\CodeIgniter.php(942): App\Controllers\OsController->index()
 3 SYSTEMPATH\CodeIgniter.php(502): CodeIgniter\CodeIgniter->runController()
 4 SYSTEMPATH\CodeIgniter.php(361): CodeIgniter\CodeIgniter->handleRequest()
 5 FCPATH\index.php(79): CodeIgniter\CodeIgniter->run()
 6 SYSTEMPATH\Commands\Server\rewrite.php(47): require_once('C:\\Users\\pando\\Desktop\\MVCmecanica\\public\\index.php')
CRITICAL - 2023-12-02 22:21:55 --> Undefined array key "veiculo_placa"
in APPPATH\Views\index.php on line 50.
 1 APPPATH\Views\index.php(50): CodeIgniter\Debug\Exceptions->errorHandler()
 2 SYSTEMPATH\View\View.php(228): include('C:\\Users\\pando\\Desktop\\MVCmecanica\\app\\Views\\index.php')
 3 SYSTEMPATH\View\View.php(231): CodeIgniter\View\View->CodeIgniter\View\{closure}()
 4 SYSTEMPATH\Common.php(1190): CodeIgniter\View\View->render()
 5 APPPATH\Controllers\osController.php(36): view()
 6 SYSTEMPATH\CodeIgniter.php(942): App\Controllers\OsController->index()
 7 SYSTEMPATH\CodeIgniter.php(502): CodeIgniter\CodeIgniter->runController()
 8 SYSTEMPATH\CodeIgniter.php(361): CodeIgniter\CodeIgniter->handleRequest()
 9 FCPATH\index.php(79): CodeIgniter\CodeIgniter->run()
10 SYSTEMPATH\Commands\Server\rewrite.php(47): require_once('C:\\Users\\pando\\Desktop\\MVCmecanica\\public\\index.php')
CRITICAL - 2023-12-02 22:22:05 --> Undefined array key "veiculo_placa"
in APPPATH\Views\index.php on line 50.
 1 APPPATH\Views\index.php(50): CodeIgniter\Debug\Exceptions->errorHandler()
 2 SYSTEMPATH\View\View.php(228): include('C:\\Users\\pando\\Desktop\\MVCmecanica\\app\\Views\\index.php')
 3 SYSTEMPATH\View\View.php(231): CodeIgniter\View\View->CodeIgniter\View\{closure}()
 4 SYSTEMPATH\Common.php(1190): CodeIgniter\View\View->render()
 5 APPPATH\Controllers\osController.php(36): view()
 6 SYSTEMPATH\CodeIgniter.php(942): App\Controllers\OsController->index()
 7 SYSTEMPATH\CodeIgniter.php(502): CodeIgniter\CodeIgniter->runController()
 8 SYSTEMPATH\CodeIgniter.php(361): CodeIgniter\CodeIgniter->handleRequest()
 9 FCPATH\index.php(79): CodeIgniter\CodeIgniter->run()
10 SYSTEMPATH\Commands\Server\rewrite.php(47): require_once('C:\\Users\\pando\\Desktop\\MVCmecanica\\public\\index.php')
CRITICAL - 2023-12-02 22:22:11 --> Undefined array key "veiculo_placa"
in APPPATH\Views\index.php on line 50.
 1 APPPATH\Views\index.php(50): CodeIgniter\Debug\Exceptions->errorHandler()
 2 SYSTEMPATH\View\View.php(228): include('C:\\Users\\pando\\Desktop\\MVCmecanica\\app\\Views\\index.php')
 3 SYSTEMPATH\View\View.php(231): CodeIgniter\View\View->CodeIgniter\View\{closure}()
 4 SYSTEMPATH\Common.php(1190): CodeIgniter\View\View->render()
 5 APPPATH\Controllers\osController.php(36): view()
 6 SYSTEMPATH\CodeIgniter.php(942): App\Controllers\OsController->index()
 7 SYSTEMPATH\CodeIgniter.php(502): CodeIgniter\CodeIgniter->runController()
 8 SYSTEMPATH\CodeIgniter.php(361): CodeIgniter\CodeIgniter->handleRequest()
 9 FCPATH\index.php(79): CodeIgniter\CodeIgniter->run()
10 SYSTEMPATH\Commands\Server\rewrite.php(47): require_once('C:\\Users\\pando\\Desktop\\MVCmecanica\\public\\index.php')
CRITICAL - 2023-12-02 22:23:50 --> Undefined array key "veiculo_placa"
in APPPATH\Views\index.php on line 50.
 1 APPPATH\Views\index.php(50): CodeIgniter\Debug\Exceptions->errorHandler()
 2 SYSTEMPATH\View\View.php(228): include('C:\\Users\\pando\\Desktop\\MVCmecanica\\app\\Views\\index.php')
 3 SYSTEMPATH\View\View.php(231): CodeIgniter\View\View->CodeIgniter\View\{closure}()
 4 SYSTEMPATH\Common.php(1190): CodeIgniter\View\View->render()
 5 APPPATH\Controllers\osController.php(36): view()
 6 SYSTEMPATH\CodeIgniter.php(942): App\Controllers\OsController->index()
 7 SYSTEMPATH\CodeIgniter.php(502): CodeIgniter\CodeIgniter->runController()
 8 SYSTEMPATH\CodeIgniter.php(361): CodeIgniter\CodeIgniter->handleRequest()
 9 FCPATH\index.php(79): CodeIgniter\CodeIgniter->run()
10 SYSTEMPATH\Commands\Server\rewrite.php(47): require_once('C:\\Users\\pando\\Desktop\\MVCmecanica\\public\\index.php')
CRITICAL - 2023-12-02 22:27:22 --> Undefined array key "veiculo_placa"
in APPPATH\Views\index.php on line 50.
 1 APPPATH\Views\index.php(50): CodeIgniter\Debug\Exceptions->errorHandler()
 2 SYSTEMPATH\View\View.php(228): include('C:\\Users\\pando\\Desktop\\MVCmecanica\\app\\Views\\index.php')
 3 SYSTEMPATH\View\View.php(231): CodeIgniter\View\View->CodeIgniter\View\{closure}()
 4 SYSTEMPATH\Common.php(1190): CodeIgniter\View\View->render()
 5 APPPATH\Controllers\osController.php(43): view()
 6 SYSTEMPATH\CodeIgniter.php(942): App\Controllers\OsController->index()
 7 SYSTEMPATH\CodeIgniter.php(502): CodeIgniter\CodeIgniter->runController()
 8 SYSTEMPATH\CodeIgniter.php(361): CodeIgniter\CodeIgniter->handleRequest()
 9 FCPATH\index.php(79): CodeIgniter\CodeIgniter->run()
10 SYSTEMPATH\Commands\Server\rewrite.php(47): require_once('C:\\Users\\pando\\Desktop\\MVCmecanica\\public\\index.php')
CRITICAL - 2023-12-02 22:27:23 --> Undefined array key "veiculo_placa"
in APPPATH\Views\index.php on line 50.
 1 APPPATH\Views\index.php(50): CodeIgniter\Debug\Exceptions->errorHandler()
 2 SYSTEMPATH\View\View.php(228): include('C:\\Users\\pando\\Desktop\\MVCmecanica\\app\\Views\\index.php')
 3 SYSTEMPATH\View\View.php(231): CodeIgniter\View\View->CodeIgniter\View\{closure}()
 4 SYSTEMPATH\Common.php(1190): CodeIgniter\View\View->render()
 5 APPPATH\Controllers\osController.php(43): view()
 6 SYSTEMPATH\CodeIgniter.php(942): App\Controllers\OsController->index()
 7 SYSTEMPATH\CodeIgniter.php(502): CodeIgniter\CodeIgniter->runController()
 8 SYSTEMPATH\CodeIgniter.php(361): CodeIgniter\CodeIgniter->handleRequest()
 9 FCPATH\index.php(79): CodeIgniter\CodeIgniter->run()
10 SYSTEMPATH\Commands\Server\rewrite.php(47): require_once('C:\\Users\\pando\\Desktop\\MVCmecanica\\public\\index.php')
ERROR - 2023-12-02 22:29:57 --> mysqli_sql_exception: Cannot add or update a child row: a foreign key constraint fails (`mecanica2`.`ordemdeservico_peca`, CONSTRAINT `ordemdeservico_peca_ibfk_2` FOREIGN KEY (`peca_id`) REFERENCES `peca` (`id`)) in C:\Users\pando\Desktop\MVCmecanica\system\Database\MySQLi\Connection.php:306
Stack trace:
#0 C:\Users\pando\Desktop\MVCmecanica\system\Database\MySQLi\Connection.php(306): mysqli->query()
#1 C:\Users\pando\Desktop\MVCmecanica\system\Database\BaseConnection.php(693): CodeIgniter\Database\MySQLi\Connection->execute()
#2 C:\Users\pando\Desktop\MVCmecanica\system\Database\BaseConnection.php(607): CodeIgniter\Database\BaseConnection->simpleQuery()
#3 C:\Users\pando\Desktop\MVCmecanica\system\Database\BaseBuilder.php(2308): CodeIgniter\Database\BaseConnection->query()
#4 C:\Users\pando\Desktop\MVCmecanica\system\Model.php(319): CodeIgniter\Database\BaseBuilder->insert()
#5 C:\Users\pando\Desktop\MVCmecanica\system\BaseModel.php(766): CodeIgniter\Model->doInsert()
#6 C:\Users\pando\Desktop\MVCmecanica\system\Model.php(715): CodeIgniter\BaseModel->insert()
#7 C:\Users\pando\Desktop\MVCmecanica\app\Controllers\osController.php(122): CodeIgniter\Model->insert()
#8 C:\Users\pando\Desktop\MVCmecanica\system\CodeIgniter.php(942): App\Controllers\OsController->adicionarOS()
#9 C:\Users\pando\Desktop\MVCmecanica\system\CodeIgniter.php(502): CodeIgniter\CodeIgniter->runController()
#10 C:\Users\pando\Desktop\MVCmecanica\system\CodeIgniter.php(361): CodeIgniter\CodeIgniter->handleRequest()
#11 C:\Users\pando\Desktop\MVCmecanica\public\index.php(79): CodeIgniter\CodeIgniter->run()
#12 C:\Users\pando\Desktop\MVCmecanica\system\Commands\Server\rewrite.php(47): require_once('...')
#13 {main}
CRITICAL - 2023-12-02 22:38:23 --> Class "App\Controllers\EquipeMecanicoModel" not found
in APPPATH\Controllers\osController.php on line 21.
 1 SYSTEMPATH\CodeIgniter.php(942): App\Controllers\OsController->index()
 2 SYSTEMPATH\CodeIgniter.php(502): CodeIgniter\CodeIgniter->runController()
 3 SYSTEMPATH\CodeIgniter.php(361): CodeIgniter\CodeIgniter->handleRequest()
 4 FCPATH\index.php(79): CodeIgniter\CodeIgniter->run()
 5 SYSTEMPATH\Commands\Server\rewrite.php(47): require_once('C:\\Users\\pando\\Desktop\\MVCmecanica\\public\\index.php')
ERROR - 2023-12-02 22:43:39 --> mysqli_sql_exception: Cannot add or update a child row: a foreign key constraint fails (`mecanica2`.`ordemdeservico_peca`, CONSTRAINT `ordemdeservico_peca_ibfk_2` FOREIGN KEY (`peca_id`) REFERENCES `peca` (`id`)) in C:\Users\pando\Desktop\MVCmecanica\system\Database\MySQLi\Connection.php:306
Stack trace:
#0 C:\Users\pando\Desktop\MVCmecanica\system\Database\MySQLi\Connection.php(306): mysqli->query()
#1 C:\Users\pando\Desktop\MVCmecanica\system\Database\BaseConnection.php(693): CodeIgniter\Database\MySQLi\Connection->execute()
#2 C:\Users\pando\Desktop\MVCmecanica\system\Database\BaseConnection.php(607): CodeIgniter\Database\BaseConnection->simpleQuery()
#3 C:\Users\pando\Desktop\MVCmecanica\system\Database\BaseBuilder.php(2308): CodeIgniter\Database\BaseConnection->query()
#4 C:\Users\pando\Desktop\MVCmecanica\system\Model.php(319): CodeIgniter\Database\BaseBuilder->insert()
#5 C:\Users\pando\Desktop\MVCmecanica\system\BaseModel.php(766): CodeIgniter\Model->doInsert()
#6 C:\Users\pando\Desktop\MVCmecanica\system\Model.php(715): CodeIgniter\BaseModel->insert()
#7 C:\Users\pando\Desktop\MVCmecanica\app\Controllers\osController.php(134): CodeIgniter\Model->insert()
#8 C:\Users\pando\Desktop\MVCmecanica\system\CodeIgniter.php(942): App\Controllers\OsController->adicionarOS()
#9 C:\Users\pando\Desktop\MVCmecanica\system\CodeIgniter.php(502): CodeIgniter\CodeIgniter->runController()
#10 C:\Users\pando\Desktop\MVCmecanica\system\CodeIgniter.php(361): CodeIgniter\CodeIgniter->handleRequest()
#11 C:\Users\pando\Desktop\MVCmecanica\public\index.php(79): CodeIgniter\CodeIgniter->run()
#12 C:\Users\pando\Desktop\MVCmecanica\system\Commands\Server\rewrite.php(47): require_once('...')
#13 {main}
ERROR - 2023-12-02 22:44:00 --> mysqli_sql_exception: Cannot add or update a child row: a foreign key constraint fails (`mecanica2`.`ordemdeservico_peca`, CONSTRAINT `ordemdeservico_peca_ibfk_2` FOREIGN KEY (`peca_id`) REFERENCES `peca` (`id`)) in C:\Users\pando\Desktop\MVCmecanica\system\Database\MySQLi\Connection.php:306
Stack trace:
#0 C:\Users\pando\Desktop\MVCmecanica\system\Database\MySQLi\Connection.php(306): mysqli->query()
#1 C:\Users\pando\Desktop\MVCmecanica\system\Database\BaseConnection.php(693): CodeIgniter\Database\MySQLi\Connection->execute()
#2 C:\Users\pando\Desktop\MVCmecanica\system\Database\BaseConnection.php(607): CodeIgniter\Database\BaseConnection->simpleQuery()
#3 C:\Users\pando\Desktop\MVCmecanica\system\Database\BaseBuilder.php(2308): CodeIgniter\Database\BaseConnection->query()
#4 C:\Users\pando\Desktop\MVCmecanica\system\Model.php(319): CodeIgniter\Database\BaseBuilder->insert()
#5 C:\Users\pando\Desktop\MVCmecanica\system\BaseModel.php(766): CodeIgniter\Model->doInsert()
#6 C:\Users\pando\Desktop\MVCmecanica\system\Model.php(715): CodeIgniter\BaseModel->insert()
#7 C:\Users\pando\Desktop\MVCmecanica\app\Controllers\osController.php(134): CodeIgniter\Model->insert()
#8 C:\Users\pando\Desktop\MVCmecanica\system\CodeIgniter.php(942): App\Controllers\OsController->adicionarOS()
#9 C:\Users\pando\Desktop\MVCmecanica\system\CodeIgniter.php(502): CodeIgniter\CodeIgniter->runController()
#10 C:\Users\pando\Desktop\MVCmecanica\system\CodeIgniter.php(361): CodeIgniter\CodeIgniter->handleRequest()
#11 C:\Users\pando\Desktop\MVCmecanica\public\index.php(79): CodeIgniter\CodeIgniter->run()
#12 C:\Users\pando\Desktop\MVCmecanica\system\Commands\Server\rewrite.php(47): require_once('...')
#13 {main}
CRITICAL - 2023-12-02 22:50:15 --> Undefined variable $validation
in APPPATH\Controllers\AddController.php on line 106.
 1 APPPATH\Controllers\AddController.php(106): CodeIgniter\Debug\Exceptions->errorHandler()
 2 SYSTEMPATH\CodeIgniter.php(942): App\Controllers\AddController->adicionar()
 3 SYSTEMPATH\CodeIgniter.php(502): CodeIgniter\CodeIgniter->runController()
 4 SYSTEMPATH\CodeIgniter.php(361): CodeIgniter\CodeIgniter->handleRequest()
 5 FCPATH\index.php(79): CodeIgniter\CodeIgniter->run()
 6 SYSTEMPATH\Commands\Server\rewrite.php(47): require_once('C:\\Users\\pando\\Desktop\\MVCmecanica\\public\\index.php')
CRITICAL - 2023-12-02 22:51:33 --> Undefined variable $veiculoModel
in APPPATH\Controllers\AddController.php on line 100.
 1 APPPATH\Controllers\AddController.php(100): CodeIgniter\Debug\Exceptions->errorHandler()
 2 SYSTEMPATH\CodeIgniter.php(942): App\Controllers\AddController->adicionar()
 3 SYSTEMPATH\CodeIgniter.php(502): CodeIgniter\CodeIgniter->runController()
 4 SYSTEMPATH\CodeIgniter.php(361): CodeIgniter\CodeIgniter->handleRequest()
 5 FCPATH\index.php(79): CodeIgniter\CodeIgniter->run()
 6 SYSTEMPATH\Commands\Server\rewrite.php(47): require_once('C:\\Users\\pando\\Desktop\\MVCmecanica\\public\\index.php')
CRITICAL - 2023-12-02 22:58:02 --> Undefined variable $data
in APPPATH\Views\adicionar.php on line 16.
 1 APPPATH\Views\adicionar.php(16): CodeIgniter\Debug\Exceptions->errorHandler()
 2 SYSTEMPATH\View\View.php(228): include('C:\\Users\\pando\\Desktop\\MVCmecanica\\app\\Views\\adicionar.php')
 3 SYSTEMPATH\View\View.php(231): CodeIgniter\View\View->CodeIgniter\View\{closure}()
 4 SYSTEMPATH\Common.php(1190): CodeIgniter\View\View->render()
 5 APPPATH\Controllers\AddController.php(343): view()
 6 SYSTEMPATH\CodeIgniter.php(942): App\Controllers\AddController->adicionar()
 7 SYSTEMPATH\CodeIgniter.php(502): CodeIgniter\CodeIgniter->runController()
 8 SYSTEMPATH\CodeIgniter.php(361): CodeIgniter\CodeIgniter->handleRequest()
 9 FCPATH\index.php(79): CodeIgniter\CodeIgniter->run()
10 SYSTEMPATH\Commands\Server\rewrite.php(47): require_once('C:\\Users\\pando\\Desktop\\MVCmecanica\\public\\index.php')
CRITICAL - 2023-12-02 22:58:42 --> Undefined variable $data
in APPPATH\Views\adicionar.php on line 16.
 1 APPPATH\Views\adicionar.php(16): CodeIgniter\Debug\Exceptions->errorHandler()
 2 SYSTEMPATH\View\View.php(228): include('C:\\Users\\pando\\Desktop\\MVCmecanica\\app\\Views\\adicionar.php')
 3 SYSTEMPATH\View\View.php(231): CodeIgniter\View\View->CodeIgniter\View\{closure}()
 4 SYSTEMPATH\Common.php(1190): CodeIgniter\View\View->render()
 5 APPPATH\Controllers\AddController.php(343): view()
 6 SYSTEMPATH\CodeIgniter.php(942): App\Controllers\AddController->adicionar()
 7 SYSTEMPATH\CodeIgniter.php(502): CodeIgniter\CodeIgniter->runController()
 8 SYSTEMPATH\CodeIgniter.php(361): CodeIgniter\CodeIgniter->handleRequest()
 9 FCPATH\index.php(79): CodeIgniter\CodeIgniter->run()
10 SYSTEMPATH\Commands\Server\rewrite.php(47): require_once('C:\\Users\\pando\\Desktop\\MVCmecanica\\public\\index.php')
CRITICAL - 2023-12-02 22:58:51 --> Undefined variable $data
in APPPATH\Views\adicionar.php on line 20.
 1 APPPATH\Views\adicionar.php(20): CodeIgniter\Debug\Exceptions->errorHandler()
 2 SYSTEMPATH\View\View.php(228): include('C:\\Users\\pando\\Desktop\\MVCmecanica\\app\\Views\\adicionar.php')
 3 SYSTEMPATH\View\View.php(231): CodeIgniter\View\View->CodeIgniter\View\{closure}()
 4 SYSTEMPATH\Common.php(1190): CodeIgniter\View\View->render()
 5 APPPATH\Controllers\AddController.php(343): view()
 6 SYSTEMPATH\CodeIgniter.php(942): App\Controllers\AddController->adicionar()
 7 SYSTEMPATH\CodeIgniter.php(502): CodeIgniter\CodeIgniter->runController()
 8 SYSTEMPATH\CodeIgniter.php(361): CodeIgniter\CodeIgniter->handleRequest()
 9 FCPATH\index.php(79): CodeIgniter\CodeIgniter->run()
10 SYSTEMPATH\Commands\Server\rewrite.php(47): require_once('C:\\Users\\pando\\Desktop\\MVCmecanica\\public\\index.php')
CRITICAL - 2023-12-02 22:58:52 --> Undefined variable $data
in APPPATH\Views\adicionar.php on line 20.
 1 APPPATH\Views\adicionar.php(20): CodeIgniter\Debug\Exceptions->errorHandler()
 2 SYSTEMPATH\View\View.php(228): include('C:\\Users\\pando\\Desktop\\MVCmecanica\\app\\Views\\adicionar.php')
 3 SYSTEMPATH\View\View.php(231): CodeIgniter\View\View->CodeIgniter\View\{closure}()
 4 SYSTEMPATH\Common.php(1190): CodeIgniter\View\View->render()
 5 APPPATH\Controllers\AddController.php(343): view()
 6 SYSTEMPATH\CodeIgniter.php(942): App\Controllers\AddController->adicionar()
 7 SYSTEMPATH\CodeIgniter.php(502): CodeIgniter\CodeIgniter->runController()
 8 SYSTEMPATH\CodeIgniter.php(361): CodeIgniter\CodeIgniter->handleRequest()
 9 FCPATH\index.php(79): CodeIgniter\CodeIgniter->run()
10 SYSTEMPATH\Commands\Server\rewrite.php(47): require_once('C:\\Users\\pando\\Desktop\\MVCmecanica\\public\\index.php')
CRITICAL - 2023-12-02 22:58:52 --> Undefined variable $data
in APPPATH\Views\adicionar.php on line 20.
 1 APPPATH\Views\adicionar.php(20): CodeIgniter\Debug\Exceptions->errorHandler()
 2 SYSTEMPATH\View\View.php(228): include('C:\\Users\\pando\\Desktop\\MVCmecanica\\app\\Views\\adicionar.php')
 3 SYSTEMPATH\View\View.php(231): CodeIgniter\View\View->CodeIgniter\View\{closure}()
 4 SYSTEMPATH\Common.php(1190): CodeIgniter\View\View->render()
 5 APPPATH\Controllers\AddController.php(343): view()
 6 SYSTEMPATH\CodeIgniter.php(942): App\Controllers\AddController->adicionar()
 7 SYSTEMPATH\CodeIgniter.php(502): CodeIgniter\CodeIgniter->runController()
 8 SYSTEMPATH\CodeIgniter.php(361): CodeIgniter\CodeIgniter->handleRequest()
 9 FCPATH\index.php(79): CodeIgniter\CodeIgniter->run()
10 SYSTEMPATH\Commands\Server\rewrite.php(47): require_once('C:\\Users\\pando\\Desktop\\MVCmecanica\\public\\index.php')
CRITICAL - 2023-12-02 23:00:35 --> Undefined variable $data
in APPPATH\Views\adicionar.php on line 16.
 1 APPPATH\Views\adicionar.php(16): CodeIgniter\Debug\Exceptions->errorHandler()
 2 SYSTEMPATH\View\View.php(228): include('C:\\Users\\pando\\Desktop\\MVCmecanica\\app\\Views\\adicionar.php')
 3 SYSTEMPATH\View\View.php(231): CodeIgniter\View\View->CodeIgniter\View\{closure}()
 4 SYSTEMPATH\Common.php(1190): CodeIgniter\View\View->render()
 5 APPPATH\Controllers\AddController.php(344): view()
 6 SYSTEMPATH\CodeIgniter.php(942): App\Controllers\AddController->adicionar()
 7 SYSTEMPATH\CodeIgniter.php(502): CodeIgniter\CodeIgniter->runController()
 8 SYSTEMPATH\CodeIgniter.php(361): CodeIgniter\CodeIgniter->handleRequest()
 9 FCPATH\index.php(79): CodeIgniter\CodeIgniter->run()
10 SYSTEMPATH\Commands\Server\rewrite.php(47): require_once('C:\\Users\\pando\\Desktop\\MVCmecanica\\public\\index.php')
CRITICAL - 2023-12-02 23:00:36 --> Undefined variable $data
in APPPATH\Views\adicionar.php on line 16.
 1 APPPATH\Views\adicionar.php(16): CodeIgniter\Debug\Exceptions->errorHandler()
 2 SYSTEMPATH\View\View.php(228): include('C:\\Users\\pando\\Desktop\\MVCmecanica\\app\\Views\\adicionar.php')
 3 SYSTEMPATH\View\View.php(231): CodeIgniter\View\View->CodeIgniter\View\{closure}()
 4 SYSTEMPATH\Common.php(1190): CodeIgniter\View\View->render()
 5 APPPATH\Controllers\AddController.php(344): view()
 6 SYSTEMPATH\CodeIgniter.php(942): App\Controllers\AddController->adicionar()
 7 SYSTEMPATH\CodeIgniter.php(502): CodeIgniter\CodeIgniter->runController()
 8 SYSTEMPATH\CodeIgniter.php(361): CodeIgniter\CodeIgniter->handleRequest()
 9 FCPATH\index.php(79): CodeIgniter\CodeIgniter->run()
10 SYSTEMPATH\Commands\Server\rewrite.php(47): require_once('C:\\Users\\pando\\Desktop\\MVCmecanica\\public\\index.php')
CRITICAL - 2023-12-02 23:00:39 --> Undefined variable $data
in APPPATH\Views\adicionar.php on line 16.
 1 APPPATH\Views\adicionar.php(16): CodeIgniter\Debug\Exceptions->errorHandler()
 2 SYSTEMPATH\View\View.php(228): include('C:\\Users\\pando\\Desktop\\MVCmecanica\\app\\Views\\adicionar.php')
 3 SYSTEMPATH\View\View.php(231): CodeIgniter\View\View->CodeIgniter\View\{closure}()
 4 SYSTEMPATH\Common.php(1190): CodeIgniter\View\View->render()
 5 APPPATH\Controllers\AddController.php(344): view()
 6 SYSTEMPATH\CodeIgniter.php(942): App\Controllers\AddController->adicionar()
 7 SYSTEMPATH\CodeIgniter.php(502): CodeIgniter\CodeIgniter->runController()
 8 SYSTEMPATH\CodeIgniter.php(361): CodeIgniter\CodeIgniter->handleRequest()
 9 FCPATH\index.php(79): CodeIgniter\CodeIgniter->run()
10 SYSTEMPATH\Commands\Server\rewrite.php(47): require_once('C:\\Users\\pando\\Desktop\\MVCmecanica\\public\\index.php')
CRITICAL - 2023-12-02 23:01:01 --> Undefined variable $viewData
in APPPATH\Views\adicionar.php on line 16.
 1 APPPATH\Views\adicionar.php(16): CodeIgniter\Debug\Exceptions->errorHandler()
 2 SYSTEMPATH\View\View.php(228): include('C:\\Users\\pando\\Desktop\\MVCmecanica\\app\\Views\\adicionar.php')
 3 SYSTEMPATH\View\View.php(231): CodeIgniter\View\View->CodeIgniter\View\{closure}()
 4 SYSTEMPATH\Common.php(1190): CodeIgniter\View\View->render()
 5 APPPATH\Controllers\AddController.php(344): view()
 6 SYSTEMPATH\CodeIgniter.php(942): App\Controllers\AddController->adicionar()
 7 SYSTEMPATH\CodeIgniter.php(502): CodeIgniter\CodeIgniter->runController()
 8 SYSTEMPATH\CodeIgniter.php(361): CodeIgniter\CodeIgniter->handleRequest()
 9 FCPATH\index.php(79): CodeIgniter\CodeIgniter->run()
10 SYSTEMPATH\Commands\Server\rewrite.php(47): require_once('C:\\Users\\pando\\Desktop\\MVCmecanica\\public\\index.php')
CRITICAL - 2023-12-02 23:02:43 --> Undefined variable $data
in APPPATH\Views\adicionar.php on line 20.
 1 APPPATH\Views\adicionar.php(20): CodeIgniter\Debug\Exceptions->errorHandler()
 2 SYSTEMPATH\View\View.php(228): include('C:\\Users\\pando\\Desktop\\MVCmecanica\\app\\Views\\adicionar.php')
 3 SYSTEMPATH\View\View.php(231): CodeIgniter\View\View->CodeIgniter\View\{closure}()
 4 SYSTEMPATH\Common.php(1190): CodeIgniter\View\View->render()
 5 APPPATH\Controllers\AddController.php(383): view()
 6 SYSTEMPATH\CodeIgniter.php(942): App\Controllers\AddController->adicionar()
 7 SYSTEMPATH\CodeIgniter.php(502): CodeIgniter\CodeIgniter->runController()
 8 SYSTEMPATH\CodeIgniter.php(361): CodeIgniter\CodeIgniter->handleRequest()
 9 FCPATH\index.php(79): CodeIgniter\CodeIgniter->run()
10 SYSTEMPATH\Commands\Server\rewrite.php(47): require_once('C:\\Users\\pando\\Desktop\\MVCmecanica\\public\\index.php')
CRITICAL - 2023-12-02 23:02:47 --> Undefined variable $data
in APPPATH\Views\adicionar.php on line 20.
 1 APPPATH\Views\adicionar.php(20): CodeIgniter\Debug\Exceptions->errorHandler()
 2 SYSTEMPATH\View\View.php(228): include('C:\\Users\\pando\\Desktop\\MVCmecanica\\app\\Views\\adicionar.php')
 3 SYSTEMPATH\View\View.php(231): CodeIgniter\View\View->CodeIgniter\View\{closure}()
 4 SYSTEMPATH\Common.php(1190): CodeIgniter\View\View->render()
 5 APPPATH\Controllers\AddController.php(383): view()
 6 SYSTEMPATH\CodeIgniter.php(942): App\Controllers\AddController->adicionar()
 7 SYSTEMPATH\CodeIgniter.php(502): CodeIgniter\CodeIgniter->runController()
 8 SYSTEMPATH\CodeIgniter.php(361): CodeIgniter\CodeIgniter->handleRequest()
 9 FCPATH\index.php(79): CodeIgniter\CodeIgniter->run()
10 SYSTEMPATH\Commands\Server\rewrite.php(47): require_once('C:\\Users\\pando\\Desktop\\MVCmecanica\\public\\index.php')
CRITICAL - 2023-12-02 23:02:57 --> Undefined variable $data
in APPPATH\Views\adicionar.php on line 20.
 1 APPPATH\Views\adicionar.php(20): CodeIgniter\Debug\Exceptions->errorHandler()
 2 SYSTEMPATH\View\View.php(228): include('C:\\Users\\pando\\Desktop\\MVCmecanica\\app\\Views\\adicionar.php')
 3 SYSTEMPATH\View\View.php(231): CodeIgniter\View\View->CodeIgniter\View\{closure}()
 4 SYSTEMPATH\Common.php(1190): CodeIgniter\View\View->render()
 5 APPPATH\Controllers\AddController.php(383): view()
 6 SYSTEMPATH\CodeIgniter.php(942): App\Controllers\AddController->adicionar()
 7 SYSTEMPATH\CodeIgniter.php(502): CodeIgniter\CodeIgniter->runController()
 8 SYSTEMPATH\CodeIgniter.php(361): CodeIgniter\CodeIgniter->handleRequest()
 9 FCPATH\index.php(79): CodeIgniter\CodeIgniter->run()
10 SYSTEMPATH\Commands\Server\rewrite.php(47): require_once('C:\\Users\\pando\\Desktop\\MVCmecanica\\public\\index.php')
CRITICAL - 2023-12-02 23:03:05 --> Undefined variable $data
in APPPATH\Views\adicionar.php on line 20.
 1 APPPATH\Views\adicionar.php(20): CodeIgniter\Debug\Exceptions->errorHandler()
 2 SYSTEMPATH\View\View.php(228): include('C:\\Users\\pando\\Desktop\\MVCmecanica\\app\\Views\\adicionar.php')
 3 SYSTEMPATH\View\View.php(231): CodeIgniter\View\View->CodeIgniter\View\{closure}()
 4 SYSTEMPATH\Common.php(1190): CodeIgniter\View\View->render()
 5 APPPATH\Controllers\AddController.php(383): view()
 6 SYSTEMPATH\CodeIgniter.php(942): App\Controllers\AddController->adicionar()
 7 SYSTEMPATH\CodeIgniter.php(502): CodeIgniter\CodeIgniter->runController()
 8 SYSTEMPATH\CodeIgniter.php(361): CodeIgniter\CodeIgniter->handleRequest()
 9 FCPATH\index.php(79): CodeIgniter\CodeIgniter->run()
10 SYSTEMPATH\Commands\Server\rewrite.php(47): require_once('C:\\Users\\pando\\Desktop\\MVCmecanica\\public\\index.php')
CRITICAL - 2023-12-02 23:03:38 --> Undefined variable $viewData
in APPPATH\Views\adicionar.php on line 21.
 1 APPPATH\Views\adicionar.php(21): CodeIgniter\Debug\Exceptions->errorHandler()
 2 SYSTEMPATH\View\View.php(228): include('C:\\Users\\pando\\Desktop\\MVCmecanica\\app\\Views\\adicionar.php')
 3 SYSTEMPATH\View\View.php(231): CodeIgniter\View\View->CodeIgniter\View\{closure}()
 4 SYSTEMPATH\Common.php(1190): CodeIgniter\View\View->render()
 5 APPPATH\Controllers\AddController.php(383): view()
 6 SYSTEMPATH\CodeIgniter.php(942): App\Controllers\AddController->adicionar()
 7 SYSTEMPATH\CodeIgniter.php(502): CodeIgniter\CodeIgniter->runController()
 8 SYSTEMPATH\CodeIgniter.php(361): CodeIgniter\CodeIgniter->handleRequest()
 9 FCPATH\index.php(79): CodeIgniter\CodeIgniter->run()
10 SYSTEMPATH\Commands\Server\rewrite.php(47): require_once('C:\\Users\\pando\\Desktop\\MVCmecanica\\public\\index.php')
CRITICAL - 2023-12-02 23:04:23 --> Undefined variable $data
in APPPATH\Views\adicionar.php on line 20.
 1 APPPATH\Views\adicionar.php(20): CodeIgniter\Debug\Exceptions->errorHandler()
 2 SYSTEMPATH\View\View.php(228): include('C:\\Users\\pando\\Desktop\\MVCmecanica\\app\\Views\\adicionar.php')
 3 SYSTEMPATH\View\View.php(231): CodeIgniter\View\View->CodeIgniter\View\{closure}()
 4 SYSTEMPATH\Common.php(1190): CodeIgniter\View\View->render()
 5 APPPATH\Controllers\AddController.php(383): view()
 6 SYSTEMPATH\CodeIgniter.php(942): App\Controllers\AddController->adicionar()
 7 SYSTEMPATH\CodeIgniter.php(502): CodeIgniter\CodeIgniter->runController()
 8 SYSTEMPATH\CodeIgniter.php(361): CodeIgniter\CodeIgniter->handleRequest()
 9 FCPATH\index.php(79): CodeIgniter\CodeIgniter->run()
10 SYSTEMPATH\Commands\Server\rewrite.php(47): require_once('C:\\Users\\pando\\Desktop\\MVCmecanica\\public\\index.php')
CRITICAL - 2023-12-02 23:04:34 --> Undefined variable $data
in APPPATH\Views\adicionar.php on line 20.
 1 APPPATH\Views\adicionar.php(20): CodeIgniter\Debug\Exceptions->errorHandler()
 2 SYSTEMPATH\View\View.php(228): include('C:\\Users\\pando\\Desktop\\MVCmecanica\\app\\Views\\adicionar.php')
 3 SYSTEMPATH\View\View.php(231): CodeIgniter\View\View->CodeIgniter\View\{closure}()
 4 SYSTEMPATH\Common.php(1190): CodeIgniter\View\View->render()
 5 APPPATH\Controllers\AddController.php(383): view()
 6 SYSTEMPATH\CodeIgniter.php(942): App\Controllers\AddController->adicionar()
 7 SYSTEMPATH\CodeIgniter.php(502): CodeIgniter\CodeIgniter->runController()
 8 SYSTEMPATH\CodeIgniter.php(361): CodeIgniter\CodeIgniter->handleRequest()
 9 FCPATH\index.php(79): CodeIgniter\CodeIgniter->run()
10 SYSTEMPATH\Commands\Server\rewrite.php(47): require_once('C:\\Users\\pando\\Desktop\\MVCmecanica\\public\\index.php')
CRITICAL - 2023-12-02 23:05:10 --> Undefined variable $data
in APPPATH\Views\adicionar.php on line 20.
 1 APPPATH\Views\adicionar.php(20): CodeIgniter\Debug\Exceptions->errorHandler()
 2 SYSTEMPATH\View\View.php(228): include('C:\\Users\\pando\\Desktop\\MVCmecanica\\app\\Views\\adicionar.php')
 3 SYSTEMPATH\View\View.php(231): CodeIgniter\View\View->CodeIgniter\View\{closure}()
 4 SYSTEMPATH\Common.php(1190): CodeIgniter\View\View->render()
 5 APPPATH\Controllers\AddController.php(384): view()
 6 SYSTEMPATH\CodeIgniter.php(942): App\Controllers\AddController->adicionar()
 7 SYSTEMPATH\CodeIgniter.php(502): CodeIgniter\CodeIgniter->runController()
 8 SYSTEMPATH\CodeIgniter.php(361): CodeIgniter\CodeIgniter->handleRequest()
 9 FCPATH\index.php(79): CodeIgniter\CodeIgniter->run()
10 SYSTEMPATH\Commands\Server\rewrite.php(47): require_once('C:\\Users\\pando\\Desktop\\MVCmecanica\\public\\index.php')
CRITICAL - 2023-12-02 23:05:11 --> Undefined variable $data
in APPPATH\Views\adicionar.php on line 20.
 1 APPPATH\Views\adicionar.php(20): CodeIgniter\Debug\Exceptions->errorHandler()
 2 SYSTEMPATH\View\View.php(228): include('C:\\Users\\pando\\Desktop\\MVCmecanica\\app\\Views\\adicionar.php')
 3 SYSTEMPATH\View\View.php(231): CodeIgniter\View\View->CodeIgniter\View\{closure}()
 4 SYSTEMPATH\Common.php(1190): CodeIgniter\View\View->render()
 5 APPPATH\Controllers\AddController.php(384): view()
 6 SYSTEMPATH\CodeIgniter.php(942): App\Controllers\AddController->adicionar()
 7 SYSTEMPATH\CodeIgniter.php(502): CodeIgniter\CodeIgniter->runController()
 8 SYSTEMPATH\CodeIgniter.php(361): CodeIgniter\CodeIgniter->handleRequest()
 9 FCPATH\index.php(79): CodeIgniter\CodeIgniter->run()
10 SYSTEMPATH\Commands\Server\rewrite.php(47): require_once('C:\\Users\\pando\\Desktop\\MVCmecanica\\public\\index.php')
CRITICAL - 2023-12-02 23:05:39 --> Undefined variable $data
in APPPATH\Views\adicionar.php on line 20.
 1 APPPATH\Views\adicionar.php(20): CodeIgniter\Debug\Exceptions->errorHandler()
 2 SYSTEMPATH\View\View.php(228): include('C:\\Users\\pando\\Desktop\\MVCmecanica\\app\\Views\\adicionar.php')
 3 SYSTEMPATH\View\View.php(231): CodeIgniter\View\View->CodeIgniter\View\{closure}()
 4 SYSTEMPATH\Common.php(1190): CodeIgniter\View\View->render()
 5 APPPATH\Controllers\AddController.php(384): view()
 6 SYSTEMPATH\CodeIgniter.php(942): App\Controllers\AddController->adicionar()
 7 SYSTEMPATH\CodeIgniter.php(502): CodeIgniter\CodeIgniter->runController()
 8 SYSTEMPATH\CodeIgniter.php(361): CodeIgniter\CodeIgniter->handleRequest()
 9 FCPATH\index.php(79): CodeIgniter\CodeIgniter->run()
10 SYSTEMPATH\Commands\Server\rewrite.php(47): require_once('C:\\Users\\pando\\Desktop\\MVCmecanica\\public\\index.php')
CRITICAL - 2023-12-02 23:05:39 --> Undefined variable $data
in APPPATH\Views\adicionar.php on line 20.
 1 APPPATH\Views\adicionar.php(20): CodeIgniter\Debug\Exceptions->errorHandler()
 2 SYSTEMPATH\View\View.php(228): include('C:\\Users\\pando\\Desktop\\MVCmecanica\\app\\Views\\adicionar.php')
 3 SYSTEMPATH\View\View.php(231): CodeIgniter\View\View->CodeIgniter\View\{closure}()
 4 SYSTEMPATH\Common.php(1190): CodeIgniter\View\View->render()
 5 APPPATH\Controllers\AddController.php(384): view()
 6 SYSTEMPATH\CodeIgniter.php(942): App\Controllers\AddController->adicionar()
 7 SYSTEMPATH\CodeIgniter.php(502): CodeIgniter\CodeIgniter->runController()
 8 SYSTEMPATH\CodeIgniter.php(361): CodeIgniter\CodeIgniter->handleRequest()
 9 FCPATH\index.php(79): CodeIgniter\CodeIgniter->run()
10 SYSTEMPATH\Commands\Server\rewrite.php(47): require_once('C:\\Users\\pando\\Desktop\\MVCmecanica\\public\\index.php')
CRITICAL - 2023-12-02 23:06:41 --> Undefined variable $data
in APPPATH\Views\adicionar.php on line 20.
 1 APPPATH\Views\adicionar.php(20): CodeIgniter\Debug\Exceptions->errorHandler()
 2 SYSTEMPATH\View\View.php(228): include('C:\\Users\\pando\\Desktop\\MVCmecanica\\app\\Views\\adicionar.php')
 3 SYSTEMPATH\View\View.php(231): CodeIgniter\View\View->CodeIgniter\View\{closure}()
 4 SYSTEMPATH\Common.php(1190): CodeIgniter\View\View->render()
 5 APPPATH\Controllers\AddController.php(384): view()
 6 SYSTEMPATH\CodeIgniter.php(942): App\Controllers\AddController->adicionar()
 7 SYSTEMPATH\CodeIgniter.php(502): CodeIgniter\CodeIgniter->runController()
 8 SYSTEMPATH\CodeIgniter.php(361): CodeIgniter\CodeIgniter->handleRequest()
 9 FCPATH\index.php(79): CodeIgniter\CodeIgniter->run()
10 SYSTEMPATH\Commands\Server\rewrite.php(47): require_once('C:\\Users\\pando\\Desktop\\MVCmecanica\\public\\index.php')
CRITICAL - 2023-12-02 23:06:42 --> Undefined variable $data
in APPPATH\Views\adicionar.php on line 20.
 1 APPPATH\Views\adicionar.php(20): CodeIgniter\Debug\Exceptions->errorHandler()
 2 SYSTEMPATH\View\View.php(228): include('C:\\Users\\pando\\Desktop\\MVCmecanica\\app\\Views\\adicionar.php')
 3 SYSTEMPATH\View\View.php(231): CodeIgniter\View\View->CodeIgniter\View\{closure}()
 4 SYSTEMPATH\Common.php(1190): CodeIgniter\View\View->render()
 5 APPPATH\Controllers\AddController.php(384): view()
 6 SYSTEMPATH\CodeIgniter.php(942): App\Controllers\AddController->adicionar()
 7 SYSTEMPATH\CodeIgniter.php(502): CodeIgniter\CodeIgniter->runController()
 8 SYSTEMPATH\CodeIgniter.php(361): CodeIgniter\CodeIgniter->handleRequest()
 9 FCPATH\index.php(79): CodeIgniter\CodeIgniter->run()
10 SYSTEMPATH\Commands\Server\rewrite.php(47): require_once('C:\\Users\\pando\\Desktop\\MVCmecanica\\public\\index.php')
CRITICAL - 2023-12-02 23:21:58 --> Undefined variable $viewData
in APPPATH\Views\adicionar.php on line 168.
 1 APPPATH\Views\adicionar.php(168): CodeIgniter\Debug\Exceptions->errorHandler()
 2 SYSTEMPATH\View\View.php(228): include('C:\\Users\\pando\\Desktop\\MVCmecanica\\app\\Views\\adicionar.php')
 3 SYSTEMPATH\View\View.php(231): CodeIgniter\View\View->CodeIgniter\View\{closure}()
 4 SYSTEMPATH\Common.php(1190): CodeIgniter\View\View->render()
 5 APPPATH\Controllers\AddController.php(118): view()
 6 SYSTEMPATH\CodeIgniter.php(942): App\Controllers\AddController->adicionar()
 7 SYSTEMPATH\CodeIgniter.php(502): CodeIgniter\CodeIgniter->runController()
 8 SYSTEMPATH\CodeIgniter.php(361): CodeIgniter\CodeIgniter->handleRequest()
 9 FCPATH\index.php(79): CodeIgniter\CodeIgniter->run()
10 SYSTEMPATH\Commands\Server\rewrite.php(47): require_once('C:\\Users\\pando\\Desktop\\MVCmecanica\\public\\index.php')
CRITICAL - 2023-12-02 23:23:02 --> Undefined variable $viewData
in APPPATH\Views\adicionar.php on line 168.
 1 APPPATH\Views\adicionar.php(168): CodeIgniter\Debug\Exceptions->errorHandler()
 2 SYSTEMPATH\View\View.php(228): include('C:\\Users\\pando\\Desktop\\MVCmecanica\\app\\Views\\adicionar.php')
 3 SYSTEMPATH\View\View.php(231): CodeIgniter\View\View->CodeIgniter\View\{closure}()
 4 SYSTEMPATH\Common.php(1190): CodeIgniter\View\View->render()
 5 APPPATH\Controllers\AddController.php(118): view()
 6 SYSTEMPATH\CodeIgniter.php(942): App\Controllers\AddController->adicionar()
 7 SYSTEMPATH\CodeIgniter.php(502): CodeIgniter\CodeIgniter->runController()
 8 SYSTEMPATH\CodeIgniter.php(361): CodeIgniter\CodeIgniter->handleRequest()
 9 FCPATH\index.php(79): CodeIgniter\CodeIgniter->run()
10 SYSTEMPATH\Commands\Server\rewrite.php(47): require_once('C:\\Users\\pando\\Desktop\\MVCmecanica\\public\\index.php')
CRITICAL - 2023-12-02 23:23:03 --> Undefined variable $viewData
in APPPATH\Views\adicionar.php on line 168.
 1 APPPATH\Views\adicionar.php(168): CodeIgniter\Debug\Exceptions->errorHandler()
 2 SYSTEMPATH\View\View.php(228): include('C:\\Users\\pando\\Desktop\\MVCmecanica\\app\\Views\\adicionar.php')
 3 SYSTEMPATH\View\View.php(231): CodeIgniter\View\View->CodeIgniter\View\{closure}()
 4 SYSTEMPATH\Common.php(1190): CodeIgniter\View\View->render()
 5 APPPATH\Controllers\AddController.php(118): view()
 6 SYSTEMPATH\CodeIgniter.php(942): App\Controllers\AddController->adicionar()
 7 SYSTEMPATH\CodeIgniter.php(502): CodeIgniter\CodeIgniter->runController()
 8 SYSTEMPATH\CodeIgniter.php(361): CodeIgniter\CodeIgniter->handleRequest()
 9 FCPATH\index.php(79): CodeIgniter\CodeIgniter->run()
10 SYSTEMPATH\Commands\Server\rewrite.php(47): require_once('C:\\Users\\pando\\Desktop\\MVCmecanica\\public\\index.php')
CRITICAL - 2023-12-02 23:30:13 --> Call to undefined method CodeIgniter\HTTP\IncomingRequest::validate()
in APPPATH\Controllers\AddController.php on line 83.
 1 SYSTEMPATH\CodeIgniter.php(942): App\Controllers\AddController->adicionar()
 2 SYSTEMPATH\CodeIgniter.php(502): CodeIgniter\CodeIgniter->runController()
 3 SYSTEMPATH\CodeIgniter.php(361): CodeIgniter\CodeIgniter->handleRequest()
 4 FCPATH\index.php(79): CodeIgniter\CodeIgniter->run()
 5 SYSTEMPATH\Commands\Server\rewrite.php(47): require_once('C:\\Users\\pando\\Desktop\\MVCmecanica\\public\\index.php')
CRITICAL - 2023-12-02 23:31:06 --> CodeIgniter\Validation\Validation::run(): Argument #2 ($group) must be of type ?string, array given, called in C:\Users\pando\Desktop\MVCmecanica\app\Controllers\AddController.php on line 83
in SYSTEMPATH\Validation\Validation.php on line 134.
 1 APPPATH\Controllers\AddController.php(83): CodeIgniter\Validation\Validation->run()
 2 SYSTEMPATH\CodeIgniter.php(942): App\Controllers\AddController->adicionar()
 3 SYSTEMPATH\CodeIgniter.php(502): CodeIgniter\CodeIgniter->runController()
 4 SYSTEMPATH\CodeIgniter.php(361): CodeIgniter\CodeIgniter->handleRequest()
 5 FCPATH\index.php(79): CodeIgniter\CodeIgniter->run()
 6 SYSTEMPATH\Commands\Server\rewrite.php(47): require_once('C:\\Users\\pando\\Desktop\\MVCmecanica\\public\\index.php')
CRITICAL - 2023-12-02 23:47:04 --> Undefined variable $errors
in APPPATH\Controllers\AddController.php on line 87.
 1 APPPATH\Controllers\AddController.php(87): CodeIgniter\Debug\Exceptions->errorHandler()
 2 SYSTEMPATH\CodeIgniter.php(942): App\Controllers\AddController->adicionar()
 3 SYSTEMPATH\CodeIgniter.php(502): CodeIgniter\CodeIgniter->runController()
 4 SYSTEMPATH\CodeIgniter.php(361): CodeIgniter\CodeIgniter->handleRequest()
 5 FCPATH\index.php(79): CodeIgniter\CodeIgniter->run()
 6 SYSTEMPATH\Commands\Server\rewrite.php(47): require_once('C:\\Users\\pando\\Desktop\\MVCmecanica\\public\\index.php')
