CRITICAL - 2023-12-04 17:55:30 --> require(vendor/autoload.php): Failed to open stream: No such file or directory
in APPPATH\Controllers\userController.php on line 4.
 1 APPPATH\Controllers\userController.php(4): CodeIgniter\Debug\Exceptions->errorHandler()
 2 APPPATH\Controllers\userController.php(4): require()
 3 SYSTEMPATH\Autoloader\Autoloader.php(312): include_once('C:\\Users\\pando\\Desktop\\MVCmecanica\\app\\Controllers\\userController.php')
 4 SYSTEMPATH\Autoloader\Autoloader.php(291): CodeIgniter\Autoloader\Autoloader->includeFile()
 5 SYSTEMPATH\Autoloader\Autoloader.php(269): CodeIgniter\Autoloader\Autoloader->loadInNamespace()
 6 [internal function]: CodeIgniter\Autoloader\Autoloader->loadClass()
 7 SYSTEMPATH\CodeIgniter.php(900): class_exists()
 8 SYSTEMPATH\CodeIgniter.php(489): CodeIgniter\CodeIgniter->startController()
 9 SYSTEMPATH\CodeIgniter.php(361): CodeIgniter\CodeIgniter->handleRequest()
10 FCPATH\index.php(79): CodeIgniter\CodeIgniter->run()
11 SYSTEMPATH\Commands\Server\rewrite.php(47): require_once('C:\\Users\\pando\\Desktop\\MVCmecanica\\public\\index.php')
CRITICAL - 2023-12-04 17:55:47 --> require(vendor/autoload.php): Failed to open stream: No such file or directory
in APPPATH\Controllers\userController.php on line 4.
 1 APPPATH\Controllers\userController.php(4): CodeIgniter\Debug\Exceptions->errorHandler()
 2 APPPATH\Controllers\userController.php(4): require()
 3 SYSTEMPATH\Autoloader\Autoloader.php(312): include_once('C:\\Users\\pando\\Desktop\\MVCmecanica\\app\\Controllers\\userController.php')
 4 SYSTEMPATH\Autoloader\Autoloader.php(291): CodeIgniter\Autoloader\Autoloader->includeFile()
 5 SYSTEMPATH\Autoloader\Autoloader.php(269): CodeIgniter\Autoloader\Autoloader->loadInNamespace()
 6 [internal function]: CodeIgniter\Autoloader\Autoloader->loadClass()
 7 SYSTEMPATH\CodeIgniter.php(900): class_exists()
 8 SYSTEMPATH\CodeIgniter.php(489): CodeIgniter\CodeIgniter->startController()
 9 SYSTEMPATH\CodeIgniter.php(361): CodeIgniter\CodeIgniter->handleRequest()
10 FCPATH\index.php(79): CodeIgniter\CodeIgniter->run()
11 SYSTEMPATH\Commands\Server\rewrite.php(47): require_once('C:\\Users\\pando\\Desktop\\MVCmecanica\\public\\index.php')
ERROR - 2023-12-04 18:14:52 --> mysqli_sql_exception: Table 'mecanica2.users' doesn't exist in C:\Users\pando\Desktop\MVCmecanica\system\Database\MySQLi\Connection.php:306
Stack trace:
#0 C:\Users\pando\Desktop\MVCmecanica\system\Database\MySQLi\Connection.php(306): mysqli->query()
#1 C:\Users\pando\Desktop\MVCmecanica\system\Database\BaseConnection.php(693): CodeIgniter\Database\MySQLi\Connection->execute()
#2 C:\Users\pando\Desktop\MVCmecanica\system\Database\BaseConnection.php(607): CodeIgniter\Database\BaseConnection->simpleQuery()
#3 C:\Users\pando\Desktop\MVCmecanica\system\Database\BaseBuilder.php(1615): CodeIgniter\Database\BaseConnection->query()
#4 C:\Users\pando\Desktop\MVCmecanica\app\Models\UserModel.php(40): CodeIgniter\Database\BaseBuilder->get()
#5 C:\Users\pando\Desktop\MVCmecanica\app\Controllers\osController.php(20): App\Models\UserModel->findUserByEmail()
#6 C:\Users\pando\Desktop\MVCmecanica\system\CodeIgniter.php(942): App\Controllers\OsController->index()
#7 C:\Users\pando\Desktop\MVCmecanica\system\CodeIgniter.php(502): CodeIgniter\CodeIgniter->runController()
#8 C:\Users\pando\Desktop\MVCmecanica\system\CodeIgniter.php(361): CodeIgniter\CodeIgniter->handleRequest()
#9 C:\Users\pando\Desktop\MVCmecanica\public\index.php(79): CodeIgniter\CodeIgniter->run()
#10 C:\Users\pando\Desktop\MVCmecanica\system\Commands\Server\rewrite.php(47): require_once('...')
#11 {main}
CRITICAL - 2023-12-04 18:14:52 --> Call to a member function getFirstRow() on bool
in APPPATH\Models\UserModel.php on line 40.
 1 APPPATH\Controllers\osController.php(20): App\Models\UserModel->findUserByEmail()
 2 SYSTEMPATH\CodeIgniter.php(942): App\Controllers\OsController->index()
 3 SYSTEMPATH\CodeIgniter.php(502): CodeIgniter\CodeIgniter->runController()
 4 SYSTEMPATH\CodeIgniter.php(361): CodeIgniter\CodeIgniter->handleRequest()
 5 FCPATH\index.php(79): CodeIgniter\CodeIgniter->run()
 6 SYSTEMPATH\Commands\Server\rewrite.php(47): require_once('C:\\Users\\pando\\Desktop\\MVCmecanica\\public\\index.php')
ERROR - 2023-12-04 18:14:52 --> mysqli_sql_exception: Table 'mecanica2.users' doesn't exist in C:\Users\pando\Desktop\MVCmecanica\system\Database\MySQLi\Connection.php:306
Stack trace:
#0 C:\Users\pando\Desktop\MVCmecanica\system\Database\MySQLi\Connection.php(306): mysqli->query()
#1 C:\Users\pando\Desktop\MVCmecanica\system\Database\BaseConnection.php(693): CodeIgniter\Database\MySQLi\Connection->execute()
#2 C:\Users\pando\Desktop\MVCmecanica\system\Database\BaseConnection.php(607): CodeIgniter\Database\BaseConnection->simpleQuery()
#3 C:\Users\pando\Desktop\MVCmecanica\system\Database\BaseBuilder.php(1615): CodeIgniter\Database\BaseConnection->query()
#4 C:\Users\pando\Desktop\MVCmecanica\app\Models\UserModel.php(40): CodeIgniter\Database\BaseBuilder->get()
#5 C:\Users\pando\Desktop\MVCmecanica\app\Controllers\osController.php(20): App\Models\UserModel->findUserByEmail()
#6 C:\Users\pando\Desktop\MVCmecanica\system\CodeIgniter.php(942): App\Controllers\OsController->index()
#7 C:\Users\pando\Desktop\MVCmecanica\system\CodeIgniter.php(502): CodeIgniter\CodeIgniter->runController()
#8 C:\Users\pando\Desktop\MVCmecanica\system\CodeIgniter.php(361): CodeIgniter\CodeIgniter->handleRequest()
#9 C:\Users\pando\Desktop\MVCmecanica\public\index.php(79): CodeIgniter\CodeIgniter->run()
#10 C:\Users\pando\Desktop\MVCmecanica\system\Commands\Server\rewrite.php(47): require_once('...')
#11 {main}
CRITICAL - 2023-12-04 18:14:52 --> Call to a member function getFirstRow() on bool
in APPPATH\Models\UserModel.php on line 40.
 1 APPPATH\Controllers\osController.php(20): App\Models\UserModel->findUserByEmail()
 2 SYSTEMPATH\CodeIgniter.php(942): App\Controllers\OsController->index()
 3 SYSTEMPATH\CodeIgniter.php(502): CodeIgniter\CodeIgniter->runController()
 4 SYSTEMPATH\CodeIgniter.php(361): CodeIgniter\CodeIgniter->handleRequest()
 5 FCPATH\index.php(79): CodeIgniter\CodeIgniter->run()
 6 SYSTEMPATH\Commands\Server\rewrite.php(47): require_once('C:\\Users\\pando\\Desktop\\MVCmecanica\\public\\index.php')
CRITICAL - 2023-12-04 18:28:50 --> Undefined variable $user
in APPPATH\Views\Redefinir.php on line 18.
 1 APPPATH\Views\Redefinir.php(18): CodeIgniter\Debug\Exceptions->errorHandler()
 2 SYSTEMPATH\View\View.php(228): include('C:\\Users\\pando\\Desktop\\MVCmecanica\\app\\Views\\Redefinir.php')
 3 SYSTEMPATH\View\View.php(231): CodeIgniter\View\View->CodeIgniter\View\{closure}()
 4 SYSTEMPATH\Common.php(1190): CodeIgniter\View\View->render()
 5 APPPATH\Controllers\userController.php(13): view()
 6 SYSTEMPATH\CodeIgniter.php(942): App\Controllers\userController->showResetPasswordPage()
 7 SYSTEMPATH\CodeIgniter.php(502): CodeIgniter\CodeIgniter->runController()
 8 SYSTEMPATH\CodeIgniter.php(361): CodeIgniter\CodeIgniter->handleRequest()
 9 FCPATH\index.php(79): CodeIgniter\CodeIgniter->run()
10 SYSTEMPATH\Commands\Server\rewrite.php(47): require_once('C:\\Users\\pando\\Desktop\\MVCmecanica\\public\\index.php')
CRITICAL - 2023-12-04 18:29:03 --> Undefined variable $user
in APPPATH\Views\Redefinir.php on line 18.
 1 APPPATH\Views\Redefinir.php(18): CodeIgniter\Debug\Exceptions->errorHandler()
 2 SYSTEMPATH\View\View.php(228): include('C:\\Users\\pando\\Desktop\\MVCmecanica\\app\\Views\\Redefinir.php')
 3 SYSTEMPATH\View\View.php(231): CodeIgniter\View\View->CodeIgniter\View\{closure}()
 4 SYSTEMPATH\Common.php(1190): CodeIgniter\View\View->render()
 5 APPPATH\Controllers\userController.php(13): view()
 6 SYSTEMPATH\CodeIgniter.php(942): App\Controllers\userController->showResetPasswordPage()
 7 SYSTEMPATH\CodeIgniter.php(502): CodeIgniter\CodeIgniter->runController()
 8 SYSTEMPATH\CodeIgniter.php(361): CodeIgniter\CodeIgniter->handleRequest()
 9 FCPATH\index.php(79): CodeIgniter\CodeIgniter->run()
10 SYSTEMPATH\Commands\Server\rewrite.php(47): require_once('C:\\Users\\pando\\Desktop\\MVCmecanica\\public\\index.php')
CRITICAL - 2023-12-04 18:33:07 --> Undefined variable $userModel
in APPPATH\Controllers\userController.php on line 14.
 1 APPPATH\Controllers\userController.php(14): CodeIgniter\Debug\Exceptions->errorHandler()
 2 SYSTEMPATH\CodeIgniter.php(942): App\Controllers\userController->showResetPasswordPage()
 3 SYSTEMPATH\CodeIgniter.php(502): CodeIgniter\CodeIgniter->runController()
 4 SYSTEMPATH\CodeIgniter.php(361): CodeIgniter\CodeIgniter->handleRequest()
 5 FCPATH\index.php(79): CodeIgniter\CodeIgniter->run()
 6 SYSTEMPATH\Commands\Server\rewrite.php(47): require_once('C:\\Users\\pando\\Desktop\\MVCmecanica\\public\\index.php')
CRITICAL - 2023-12-04 18:33:18 --> Undefined variable $email
in APPPATH\Controllers\userController.php on line 14.
 1 APPPATH\Controllers\userController.php(14): CodeIgniter\Debug\Exceptions->errorHandler()
 2 SYSTEMPATH\CodeIgniter.php(942): App\Controllers\userController->showResetPasswordPage()
 3 SYSTEMPATH\CodeIgniter.php(502): CodeIgniter\CodeIgniter->runController()
 4 SYSTEMPATH\CodeIgniter.php(361): CodeIgniter\CodeIgniter->handleRequest()
 5 FCPATH\index.php(79): CodeIgniter\CodeIgniter->run()
 6 SYSTEMPATH\Commands\Server\rewrite.php(47): require_once('C:\\Users\\pando\\Desktop\\MVCmecanica\\public\\index.php')
CRITICAL - 2023-12-04 18:33:38 --> Undefined variable $email
in APPPATH\Controllers\userController.php on line 14.
 1 APPPATH\Controllers\userController.php(14): CodeIgniter\Debug\Exceptions->errorHandler()
 2 SYSTEMPATH\CodeIgniter.php(942): App\Controllers\userController->showResetPasswordPage()
 3 SYSTEMPATH\CodeIgniter.php(502): CodeIgniter\CodeIgniter->runController()
 4 SYSTEMPATH\CodeIgniter.php(361): CodeIgniter\CodeIgniter->handleRequest()
 5 FCPATH\index.php(79): CodeIgniter\CodeIgniter->run()
 6 SYSTEMPATH\Commands\Server\rewrite.php(47): require_once('C:\\Users\\pando\\Desktop\\MVCmecanica\\public\\index.php')
CRITICAL - 2023-12-04 18:33:39 --> Undefined variable $email
in APPPATH\Controllers\userController.php on line 14.
 1 APPPATH\Controllers\userController.php(14): CodeIgniter\Debug\Exceptions->errorHandler()
 2 SYSTEMPATH\CodeIgniter.php(942): App\Controllers\userController->showResetPasswordPage()
 3 SYSTEMPATH\CodeIgniter.php(502): CodeIgniter\CodeIgniter->runController()
 4 SYSTEMPATH\CodeIgniter.php(361): CodeIgniter\CodeIgniter->handleRequest()
 5 FCPATH\index.php(79): CodeIgniter\CodeIgniter->run()
 6 SYSTEMPATH\Commands\Server\rewrite.php(47): require_once('C:\\Users\\pando\\Desktop\\MVCmecanica\\public\\index.php')
CRITICAL - 2023-12-04 18:33:58 --> Undefined variable $user
in APPPATH\Controllers\userController.php on line 15.
 1 APPPATH\Controllers\userController.php(15): CodeIgniter\Debug\Exceptions->errorHandler()
 2 SYSTEMPATH\CodeIgniter.php(942): App\Controllers\userController->showResetPasswordPage()
 3 SYSTEMPATH\CodeIgniter.php(502): CodeIgniter\CodeIgniter->runController()
 4 SYSTEMPATH\CodeIgniter.php(361): CodeIgniter\CodeIgniter->handleRequest()
 5 FCPATH\index.php(79): CodeIgniter\CodeIgniter->run()
 6 SYSTEMPATH\Commands\Server\rewrite.php(47): require_once('C:\\Users\\pando\\Desktop\\MVCmecanica\\public\\index.php')
CRITICAL - 2023-12-04 18:34:06 --> Undefined property: App\Controllers\userController::$userModel
in APPPATH\Controllers\userController.php on line 17.
 1 APPPATH\Controllers\userController.php(17): CodeIgniter\Debug\Exceptions->errorHandler()
 2 SYSTEMPATH\CodeIgniter.php(942): App\Controllers\userController->showResetPasswordPage()
 3 SYSTEMPATH\CodeIgniter.php(502): CodeIgniter\CodeIgniter->runController()
 4 SYSTEMPATH\CodeIgniter.php(361): CodeIgniter\CodeIgniter->handleRequest()
 5 FCPATH\index.php(79): CodeIgniter\CodeIgniter->run()
 6 SYSTEMPATH\Commands\Server\rewrite.php(47): require_once('C:\\Users\\pando\\Desktop\\MVCmecanica\\public\\index.php')
CRITICAL - 2023-12-04 18:34:46 --> Undefined property: App\Controllers\userController::$userModel
in APPPATH\Controllers\userController.php on line 19.
 1 APPPATH\Controllers\userController.php(19): CodeIgniter\Debug\Exceptions->errorHandler()
 2 SYSTEMPATH\CodeIgniter.php(942): App\Controllers\userController->showResetPasswordPage()
 3 SYSTEMPATH\CodeIgniter.php(502): CodeIgniter\CodeIgniter->runController()
 4 SYSTEMPATH\CodeIgniter.php(361): CodeIgniter\CodeIgniter->handleRequest()
 5 FCPATH\index.php(79): CodeIgniter\CodeIgniter->run()
 6 SYSTEMPATH\Commands\Server\rewrite.php(47): require_once('C:\\Users\\pando\\Desktop\\MVCmecanica\\public\\index.php')
CRITICAL - 2023-12-04 18:54:51 --> Invalid file: "forgot_password.php"
in SYSTEMPATH\Exceptions\FrameworkException.php on line 39.
 1 SYSTEMPATH\View\View.php(216): CodeIgniter\Exceptions\FrameworkException::forInvalidFile()
 2 SYSTEMPATH\Common.php(1190): CodeIgniter\View\View->render()
 3 APPPATH\Controllers\userController.php(106): view()
 4 SYSTEMPATH\CodeIgniter.php(942): App\Controllers\userController->sendResetCode()
 5 SYSTEMPATH\CodeIgniter.php(502): CodeIgniter\CodeIgniter->runController()
 6 SYSTEMPATH\CodeIgniter.php(361): CodeIgniter\CodeIgniter->handleRequest()
 7 FCPATH\index.php(79): CodeIgniter\CodeIgniter->run()
 8 SYSTEMPATH\Commands\Server\rewrite.php(47): require_once('C:\\Users\\pando\\Desktop\\MVCmecanica\\public\\index.php')
CRITICAL - 2023-12-04 18:55:35 --> Undefined variable $email
in APPPATH\Views\Redefinir.php on line 23.
 1 APPPATH\Views\Redefinir.php(23): CodeIgniter\Debug\Exceptions->errorHandler()
 2 SYSTEMPATH\View\View.php(228): include('C:\\Users\\pando\\Desktop\\MVCmecanica\\app\\Views\\Redefinir.php')
 3 SYSTEMPATH\View\View.php(231): CodeIgniter\View\View->CodeIgniter\View\{closure}()
 4 SYSTEMPATH\Common.php(1190): CodeIgniter\View\View->render()
 5 APPPATH\Controllers\userController.php(85): view()
 6 SYSTEMPATH\CodeIgniter.php(942): App\Controllers\userController->forgotPassword()
 7 SYSTEMPATH\CodeIgniter.php(502): CodeIgniter\CodeIgniter->runController()
 8 SYSTEMPATH\CodeIgniter.php(361): CodeIgniter\CodeIgniter->handleRequest()
 9 FCPATH\index.php(79): CodeIgniter\CodeIgniter->run()
10 SYSTEMPATH\Commands\Server\rewrite.php(47): require_once('C:\\Users\\pando\\Desktop\\MVCmecanica\\public\\index.php')
CRITICAL - 2023-12-04 18:55:37 --> Undefined variable $email
in APPPATH\Views\Redefinir.php on line 23.
 1 APPPATH\Views\Redefinir.php(23): CodeIgniter\Debug\Exceptions->errorHandler()
 2 SYSTEMPATH\View\View.php(228): include('C:\\Users\\pando\\Desktop\\MVCmecanica\\app\\Views\\Redefinir.php')
 3 SYSTEMPATH\View\View.php(231): CodeIgniter\View\View->CodeIgniter\View\{closure}()
 4 SYSTEMPATH\Common.php(1190): CodeIgniter\View\View->render()
 5 APPPATH\Controllers\userController.php(85): view()
 6 SYSTEMPATH\CodeIgniter.php(942): App\Controllers\userController->forgotPassword()
 7 SYSTEMPATH\CodeIgniter.php(502): CodeIgniter\CodeIgniter->runController()
 8 SYSTEMPATH\CodeIgniter.php(361): CodeIgniter\CodeIgniter->handleRequest()
 9 FCPATH\index.php(79): CodeIgniter\CodeIgniter->run()
10 SYSTEMPATH\Commands\Server\rewrite.php(47): require_once('C:\\Users\\pando\\Desktop\\MVCmecanica\\public\\index.php')
CRITICAL - 2023-12-04 18:55:40 --> Undefined variable $email
in APPPATH\Views\Redefinir.php on line 23.
 1 APPPATH\Views\Redefinir.php(23): CodeIgniter\Debug\Exceptions->errorHandler()
 2 SYSTEMPATH\View\View.php(228): include('C:\\Users\\pando\\Desktop\\MVCmecanica\\app\\Views\\Redefinir.php')
 3 SYSTEMPATH\View\View.php(231): CodeIgniter\View\View->CodeIgniter\View\{closure}()
 4 SYSTEMPATH\Common.php(1190): CodeIgniter\View\View->render()
 5 APPPATH\Controllers\userController.php(85): view()
 6 SYSTEMPATH\CodeIgniter.php(942): App\Controllers\userController->forgotPassword()
 7 SYSTEMPATH\CodeIgniter.php(502): CodeIgniter\CodeIgniter->runController()
 8 SYSTEMPATH\CodeIgniter.php(361): CodeIgniter\CodeIgniter->handleRequest()
 9 FCPATH\index.php(79): CodeIgniter\CodeIgniter->run()
10 SYSTEMPATH\Commands\Server\rewrite.php(47): require_once('C:\\Users\\pando\\Desktop\\MVCmecanica\\public\\index.php')
CRITICAL - 2023-12-04 18:57:01 --> Undefined variable $email
in APPPATH\Views\Redefinir.php on line 23.
 1 APPPATH\Views\Redefinir.php(23): CodeIgniter\Debug\Exceptions->errorHandler()
 2 SYSTEMPATH\View\View.php(228): include('C:\\Users\\pando\\Desktop\\MVCmecanica\\app\\Views\\Redefinir.php')
 3 SYSTEMPATH\View\View.php(231): CodeIgniter\View\View->CodeIgniter\View\{closure}()
 4 SYSTEMPATH\Common.php(1190): CodeIgniter\View\View->render()
 5 APPPATH\Controllers\userController.php(85): view()
 6 SYSTEMPATH\CodeIgniter.php(942): App\Controllers\userController->forgotPassword()
 7 SYSTEMPATH\CodeIgniter.php(502): CodeIgniter\CodeIgniter->runController()
 8 SYSTEMPATH\CodeIgniter.php(361): CodeIgniter\CodeIgniter->handleRequest()
 9 FCPATH\index.php(79): CodeIgniter\CodeIgniter->run()
10 SYSTEMPATH\Commands\Server\rewrite.php(47): require_once('C:\\Users\\pando\\Desktop\\MVCmecanica\\public\\index.php')
CRITICAL - 2023-12-04 18:57:03 --> Undefined variable $email
in APPPATH\Views\Redefinir.php on line 23.
 1 APPPATH\Views\Redefinir.php(23): CodeIgniter\Debug\Exceptions->errorHandler()
 2 SYSTEMPATH\View\View.php(228): include('C:\\Users\\pando\\Desktop\\MVCmecanica\\app\\Views\\Redefinir.php')
 3 SYSTEMPATH\View\View.php(231): CodeIgniter\View\View->CodeIgniter\View\{closure}()
 4 SYSTEMPATH\Common.php(1190): CodeIgniter\View\View->render()
 5 APPPATH\Controllers\userController.php(85): view()
 6 SYSTEMPATH\CodeIgniter.php(942): App\Controllers\userController->forgotPassword()
 7 SYSTEMPATH\CodeIgniter.php(502): CodeIgniter\CodeIgniter->runController()
 8 SYSTEMPATH\CodeIgniter.php(361): CodeIgniter\CodeIgniter->handleRequest()
 9 FCPATH\index.php(79): CodeIgniter\CodeIgniter->run()
10 SYSTEMPATH\Commands\Server\rewrite.php(47): require_once('C:\\Users\\pando\\Desktop\\MVCmecanica\\public\\index.php')
CRITICAL - 2023-12-04 18:57:38 --> Undefined variable $email
in APPPATH\Views\Redefinir.php on line 23.
 1 APPPATH\Views\Redefinir.php(23): CodeIgniter\Debug\Exceptions->errorHandler()
 2 SYSTEMPATH\View\View.php(228): include('C:\\Users\\pando\\Desktop\\MVCmecanica\\app\\Views\\Redefinir.php')
 3 SYSTEMPATH\View\View.php(231): CodeIgniter\View\View->CodeIgniter\View\{closure}()
 4 SYSTEMPATH\Common.php(1190): CodeIgniter\View\View->render()
 5 APPPATH\Controllers\userController.php(85): view()
 6 SYSTEMPATH\CodeIgniter.php(942): App\Controllers\userController->forgotPassword()
 7 SYSTEMPATH\CodeIgniter.php(502): CodeIgniter\CodeIgniter->runController()
 8 SYSTEMPATH\CodeIgniter.php(361): CodeIgniter\CodeIgniter->handleRequest()
 9 FCPATH\index.php(79): CodeIgniter\CodeIgniter->run()
10 SYSTEMPATH\Commands\Server\rewrite.php(47): require_once('C:\\Users\\pando\\Desktop\\MVCmecanica\\public\\index.php')
CRITICAL - 2023-12-04 18:57:38 --> Undefined variable $email
in APPPATH\Views\Redefinir.php on line 23.
 1 APPPATH\Views\Redefinir.php(23): CodeIgniter\Debug\Exceptions->errorHandler()
 2 SYSTEMPATH\View\View.php(228): include('C:\\Users\\pando\\Desktop\\MVCmecanica\\app\\Views\\Redefinir.php')
 3 SYSTEMPATH\View\View.php(231): CodeIgniter\View\View->CodeIgniter\View\{closure}()
 4 SYSTEMPATH\Common.php(1190): CodeIgniter\View\View->render()
 5 APPPATH\Controllers\userController.php(85): view()
 6 SYSTEMPATH\CodeIgniter.php(942): App\Controllers\userController->forgotPassword()
 7 SYSTEMPATH\CodeIgniter.php(502): CodeIgniter\CodeIgniter->runController()
 8 SYSTEMPATH\CodeIgniter.php(361): CodeIgniter\CodeIgniter->handleRequest()
 9 FCPATH\index.php(79): CodeIgniter\CodeIgniter->run()
10 SYSTEMPATH\Commands\Server\rewrite.php(47): require_once('C:\\Users\\pando\\Desktop\\MVCmecanica\\public\\index.php')
CRITICAL - 2023-12-04 18:57:59 --> Undefined variable $email
in APPPATH\Views\Redefinir.php on line 23.
 1 APPPATH\Views\Redefinir.php(23): CodeIgniter\Debug\Exceptions->errorHandler()
 2 SYSTEMPATH\View\View.php(228): include('C:\\Users\\pando\\Desktop\\MVCmecanica\\app\\Views\\Redefinir.php')
 3 SYSTEMPATH\View\View.php(231): CodeIgniter\View\View->CodeIgniter\View\{closure}()
 4 SYSTEMPATH\Common.php(1190): CodeIgniter\View\View->render()
 5 APPPATH\Controllers\userController.php(85): view()
 6 SYSTEMPATH\CodeIgniter.php(942): App\Controllers\userController->forgotPassword()
 7 SYSTEMPATH\CodeIgniter.php(502): CodeIgniter\CodeIgniter->runController()
 8 SYSTEMPATH\CodeIgniter.php(361): CodeIgniter\CodeIgniter->handleRequest()
 9 FCPATH\index.php(79): CodeIgniter\CodeIgniter->run()
10 SYSTEMPATH\Commands\Server\rewrite.php(47): require_once('C:\\Users\\pando\\Desktop\\MVCmecanica\\public\\index.php')
CRITICAL - 2023-12-04 18:58:02 --> Undefined variable $email
in APPPATH\Views\Redefinir.php on line 23.
 1 APPPATH\Views\Redefinir.php(23): CodeIgniter\Debug\Exceptions->errorHandler()
 2 SYSTEMPATH\View\View.php(228): include('C:\\Users\\pando\\Desktop\\MVCmecanica\\app\\Views\\Redefinir.php')
 3 SYSTEMPATH\View\View.php(231): CodeIgniter\View\View->CodeIgniter\View\{closure}()
 4 SYSTEMPATH\Common.php(1190): CodeIgniter\View\View->render()
 5 APPPATH\Controllers\userController.php(85): view()
 6 SYSTEMPATH\CodeIgniter.php(942): App\Controllers\userController->forgotPassword()
 7 SYSTEMPATH\CodeIgniter.php(502): CodeIgniter\CodeIgniter->runController()
 8 SYSTEMPATH\CodeIgniter.php(361): CodeIgniter\CodeIgniter->handleRequest()
 9 FCPATH\index.php(79): CodeIgniter\CodeIgniter->run()
10 SYSTEMPATH\Commands\Server\rewrite.php(47): require_once('C:\\Users\\pando\\Desktop\\MVCmecanica\\public\\index.php')
CRITICAL - 2023-12-04 18:58:20 --> Undefined variable $email
in APPPATH\Views\Redefinir.php on line 23.
 1 APPPATH\Views\Redefinir.php(23): CodeIgniter\Debug\Exceptions->errorHandler()
 2 SYSTEMPATH\View\View.php(228): include('C:\\Users\\pando\\Desktop\\MVCmecanica\\app\\Views\\Redefinir.php')
 3 SYSTEMPATH\View\View.php(231): CodeIgniter\View\View->CodeIgniter\View\{closure}()
 4 SYSTEMPATH\Common.php(1190): CodeIgniter\View\View->render()
 5 APPPATH\Controllers\userController.php(85): view()
 6 SYSTEMPATH\CodeIgniter.php(942): App\Controllers\userController->forgotPassword()
 7 SYSTEMPATH\CodeIgniter.php(502): CodeIgniter\CodeIgniter->runController()
 8 SYSTEMPATH\CodeIgniter.php(361): CodeIgniter\CodeIgniter->handleRequest()
 9 FCPATH\index.php(79): CodeIgniter\CodeIgniter->run()
10 SYSTEMPATH\Commands\Server\rewrite.php(47): require_once('C:\\Users\\pando\\Desktop\\MVCmecanica\\public\\index.php')
CRITICAL - 2023-12-04 18:58:22 --> Undefined variable $email
in APPPATH\Views\Redefinir.php on line 23.
 1 APPPATH\Views\Redefinir.php(23): CodeIgniter\Debug\Exceptions->errorHandler()
 2 SYSTEMPATH\View\View.php(228): include('C:\\Users\\pando\\Desktop\\MVCmecanica\\app\\Views\\Redefinir.php')
 3 SYSTEMPATH\View\View.php(231): CodeIgniter\View\View->CodeIgniter\View\{closure}()
 4 SYSTEMPATH\Common.php(1190): CodeIgniter\View\View->render()
 5 APPPATH\Controllers\userController.php(85): view()
 6 SYSTEMPATH\CodeIgniter.php(942): App\Controllers\userController->forgotPassword()
 7 SYSTEMPATH\CodeIgniter.php(502): CodeIgniter\CodeIgniter->runController()
 8 SYSTEMPATH\CodeIgniter.php(361): CodeIgniter\CodeIgniter->handleRequest()
 9 FCPATH\index.php(79): CodeIgniter\CodeIgniter->run()
10 SYSTEMPATH\Commands\Server\rewrite.php(47): require_once('C:\\Users\\pando\\Desktop\\MVCmecanica\\public\\index.php')
CRITICAL - 2023-12-04 18:58:29 --> Undefined variable $email
in APPPATH\Views\Redefinir.php on line 23.
 1 APPPATH\Views\Redefinir.php(23): CodeIgniter\Debug\Exceptions->errorHandler()
 2 SYSTEMPATH\View\View.php(228): include('C:\\Users\\pando\\Desktop\\MVCmecanica\\app\\Views\\Redefinir.php')
 3 SYSTEMPATH\View\View.php(231): CodeIgniter\View\View->CodeIgniter\View\{closure}()
 4 SYSTEMPATH\Common.php(1190): CodeIgniter\View\View->render()
 5 APPPATH\Controllers\userController.php(85): view()
 6 SYSTEMPATH\CodeIgniter.php(942): App\Controllers\userController->forgotPassword()
 7 SYSTEMPATH\CodeIgniter.php(502): CodeIgniter\CodeIgniter->runController()
 8 SYSTEMPATH\CodeIgniter.php(361): CodeIgniter\CodeIgniter->handleRequest()
 9 FCPATH\index.php(79): CodeIgniter\CodeIgniter->run()
10 SYSTEMPATH\Commands\Server\rewrite.php(47): require_once('C:\\Users\\pando\\Desktop\\MVCmecanica\\public\\index.php')
CRITICAL - 2023-12-04 18:59:31 --> Class "App\Controllers\PHPMailer" not found
in APPPATH\Controllers\userController.php on line 146.
 1 APPPATH\Controllers\userController.php(102): App\Controllers\userController->sendEmail()
 2 SYSTEMPATH\CodeIgniter.php(942): App\Controllers\userController->sendResetCode()
 3 SYSTEMPATH\CodeIgniter.php(502): CodeIgniter\CodeIgniter->runController()
 4 SYSTEMPATH\CodeIgniter.php(361): CodeIgniter\CodeIgniter->handleRequest()
 5 FCPATH\index.php(79): CodeIgniter\CodeIgniter->run()
 6 SYSTEMPATH\Commands\Server\rewrite.php(47): require_once('C:\\Users\\pando\\Desktop\\MVCmecanica\\public\\index.php')
CRITICAL - 2023-12-04 19:06:53 --> Undefined variable $email
in APPPATH\Views\Redefinir.php on line 34.
 1 APPPATH\Views\Redefinir.php(34): CodeIgniter\Debug\Exceptions->errorHandler()
 2 SYSTEMPATH\View\View.php(228): include('C:\\Users\\pando\\Desktop\\MVCmecanica\\app\\Views\\Redefinir.php')
 3 SYSTEMPATH\View\View.php(231): CodeIgniter\View\View->CodeIgniter\View\{closure}()
 4 SYSTEMPATH\Common.php(1190): CodeIgniter\View\View->render()
 5 APPPATH\Controllers\userController.php(84): view()
 6 SYSTEMPATH\CodeIgniter.php(942): App\Controllers\userController->forgotPassword()
 7 SYSTEMPATH\CodeIgniter.php(502): CodeIgniter\CodeIgniter->runController()
 8 SYSTEMPATH\CodeIgniter.php(361): CodeIgniter\CodeIgniter->handleRequest()
 9 FCPATH\index.php(79): CodeIgniter\CodeIgniter->run()
10 SYSTEMPATH\Commands\Server\rewrite.php(47): require_once('C:\\Users\\pando\\Desktop\\MVCmecanica\\public\\index.php')
CRITICAL - 2023-12-04 19:06:58 --> Undefined variable $email
in APPPATH\Views\Redefinir.php on line 34.
 1 APPPATH\Views\Redefinir.php(34): CodeIgniter\Debug\Exceptions->errorHandler()
 2 SYSTEMPATH\View\View.php(228): include('C:\\Users\\pando\\Desktop\\MVCmecanica\\app\\Views\\Redefinir.php')
 3 SYSTEMPATH\View\View.php(231): CodeIgniter\View\View->CodeIgniter\View\{closure}()
 4 SYSTEMPATH\Common.php(1190): CodeIgniter\View\View->render()
 5 APPPATH\Controllers\userController.php(84): view()
 6 SYSTEMPATH\CodeIgniter.php(942): App\Controllers\userController->forgotPassword()
 7 SYSTEMPATH\CodeIgniter.php(502): CodeIgniter\CodeIgniter->runController()
 8 SYSTEMPATH\CodeIgniter.php(361): CodeIgniter\CodeIgniter->handleRequest()
 9 FCPATH\index.php(79): CodeIgniter\CodeIgniter->run()
10 SYSTEMPATH\Commands\Server\rewrite.php(47): require_once('C:\\Users\\pando\\Desktop\\MVCmecanica\\public\\index.php')
CRITICAL - 2023-12-04 19:07:46 --> Undefined variable $email
in APPPATH\Views\Redefinir.php on line 34.
 1 APPPATH\Views\Redefinir.php(34): CodeIgniter\Debug\Exceptions->errorHandler()
 2 SYSTEMPATH\View\View.php(228): include('C:\\Users\\pando\\Desktop\\MVCmecanica\\app\\Views\\Redefinir.php')
 3 SYSTEMPATH\View\View.php(231): CodeIgniter\View\View->CodeIgniter\View\{closure}()
 4 SYSTEMPATH\Common.php(1190): CodeIgniter\View\View->render()
 5 APPPATH\Controllers\userController.php(84): view()
 6 SYSTEMPATH\CodeIgniter.php(942): App\Controllers\userController->forgotPassword()
 7 SYSTEMPATH\CodeIgniter.php(502): CodeIgniter\CodeIgniter->runController()
 8 SYSTEMPATH\CodeIgniter.php(361): CodeIgniter\CodeIgniter->handleRequest()
 9 FCPATH\index.php(79): CodeIgniter\CodeIgniter->run()
10 SYSTEMPATH\Commands\Server\rewrite.php(47): require_once('C:\\Users\\pando\\Desktop\\MVCmecanica\\public\\index.php')
CRITICAL - 2023-12-04 19:11:01 --> Undefined variable $email
in APPPATH\Views\Redefinir.php on line 23.
 1 APPPATH\Views\Redefinir.php(23): CodeIgniter\Debug\Exceptions->errorHandler()
 2 SYSTEMPATH\View\View.php(228): include('C:\\Users\\pando\\Desktop\\MVCmecanica\\app\\Views\\Redefinir.php')
 3 SYSTEMPATH\View\View.php(231): CodeIgniter\View\View->CodeIgniter\View\{closure}()
 4 SYSTEMPATH\Common.php(1190): CodeIgniter\View\View->render()
 5 APPPATH\Controllers\userController.php(84): view()
 6 SYSTEMPATH\CodeIgniter.php(942): App\Controllers\userController->forgotPassword()
 7 SYSTEMPATH\CodeIgniter.php(502): CodeIgniter\CodeIgniter->runController()
 8 SYSTEMPATH\CodeIgniter.php(361): CodeIgniter\CodeIgniter->handleRequest()
 9 FCPATH\index.php(79): CodeIgniter\CodeIgniter->run()
10 SYSTEMPATH\Commands\Server\rewrite.php(47): require_once('C:\\Users\\pando\\Desktop\\MVCmecanica\\public\\index.php')
CRITICAL - 2023-12-04 21:02:06 --> Constant ENVIRONMENT already defined
in APPPATH\Controllers\userController.php on line 83.
 1 [internal function]: CodeIgniter\Debug\Exceptions->errorHandler()
 2 APPPATH\Controllers\userController.php(83): define()
 3 SYSTEMPATH\CodeIgniter.php(942): App\Controllers\userController->forgotPassword()
 4 SYSTEMPATH\CodeIgniter.php(502): CodeIgniter\CodeIgniter->runController()
 5 SYSTEMPATH\CodeIgniter.php(361): CodeIgniter\CodeIgniter->handleRequest()
 6 FCPATH\index.php(79): CodeIgniter\CodeIgniter->run()
 7 SYSTEMPATH\Commands\Server\rewrite.php(47): require_once('C:\\Users\\pando\\Desktop\\MVCmecanica\\public\\index.php')
CRITICAL - 2023-12-04 21:04:20 --> Undefined variable $user
in APPPATH\Controllers\userController.php on line 83.
 1 APPPATH\Controllers\userController.php(83): CodeIgniter\Debug\Exceptions->errorHandler()
 2 SYSTEMPATH\CodeIgniter.php(942): App\Controllers\userController->forgotPassword()
 3 SYSTEMPATH\CodeIgniter.php(502): CodeIgniter\CodeIgniter->runController()
 4 SYSTEMPATH\CodeIgniter.php(361): CodeIgniter\CodeIgniter->handleRequest()
 5 FCPATH\index.php(79): CodeIgniter\CodeIgniter->run()
 6 SYSTEMPATH\Commands\Server\rewrite.php(47): require_once('C:\\Users\\pando\\Desktop\\MVCmecanica\\public\\index.php')
CRITICAL - 2023-12-04 21:06:38 --> Constant ENVIRONMENT already defined
in FCPATH\index.php on line 84.
 1 [internal function]: CodeIgniter\Debug\Exceptions->errorHandler()
 2 FCPATH\index.php(84): define()
 3 SYSTEMPATH\Commands\Server\rewrite.php(47): require_once('C:\\Users\\pando\\Desktop\\MVCmecanica\\public\\index.php')
INFO - 2023-12-04 21:07:32 --> Session: Class initialized using 'CodeIgniter\Session\Handlers\FileHandler' driver.
INFO - 2023-12-04 21:07:57 --> Session: Class initialized using 'CodeIgniter\Session\Handlers\FileHandler' driver.
INFO - 2023-12-04 21:08:09 --> Session: Class initialized using 'CodeIgniter\Session\Handlers\FileHandler' driver.
INFO - 2023-12-04 21:08:19 --> Session: Class initialized using 'CodeIgniter\Session\Handlers\FileHandler' driver.
CRITICAL - 2023-12-04 21:08:19 --> Attempt to read property "codigo_verificacao" on array
in APPPATH\Controllers\userController.php on line 95.
 1 APPPATH\Controllers\userController.php(95): CodeIgniter\Debug\Exceptions->errorHandler()
 2 SYSTEMPATH\CodeIgniter.php(942): App\Controllers\userController->forgotPassword()
 3 SYSTEMPATH\CodeIgniter.php(502): CodeIgniter\CodeIgniter->runController()
 4 SYSTEMPATH\CodeIgniter.php(361): CodeIgniter\CodeIgniter->handleRequest()
 5 FCPATH\index.php(78): CodeIgniter\CodeIgniter->run()
 6 SYSTEMPATH\Commands\Server\rewrite.php(47): require_once('C:\\Users\\pando\\Desktop\\MVCmecanica\\public\\index.php')
INFO - 2023-12-04 21:09:11 --> Session: Class initialized using 'CodeIgniter\Session\Handlers\FileHandler' driver.
INFO - 2023-12-04 21:09:39 --> Session: Class initialized using 'CodeIgniter\Session\Handlers\FileHandler' driver.
INFO - 2023-12-04 21:09:39 --> Session: Class initialized using 'CodeIgniter\Session\Handlers\FileHandler' driver.
INFO - 2023-12-04 21:09:40 --> Session: Class initialized using 'CodeIgniter\Session\Handlers\FileHandler' driver.
INFO - 2023-12-04 21:09:40 --> Session: Class initialized using 'CodeIgniter\Session\Handlers\FileHandler' driver.
INFO - 2023-12-04 21:09:40 --> Session: Class initialized using 'CodeIgniter\Session\Handlers\FileHandler' driver.
INFO - 2023-12-04 21:09:41 --> Session: Class initialized using 'CodeIgniter\Session\Handlers\FileHandler' driver.
INFO - 2023-12-04 21:10:11 --> Session: Class initialized using 'CodeIgniter\Session\Handlers\FileHandler' driver.
INFO - 2023-12-04 21:10:11 --> Session: Class initialized using 'CodeIgniter\Session\Handlers\FileHandler' driver.
CRITICAL - 2023-12-04 21:10:11 --> Attempt to read property "codigo_verificacao" on array
in APPPATH\Controllers\userController.php on line 104.
 1 APPPATH\Controllers\userController.php(104): CodeIgniter\Debug\Exceptions->errorHandler()
 2 SYSTEMPATH\CodeIgniter.php(942): App\Controllers\userController->forgotPassword2()
 3 SYSTEMPATH\CodeIgniter.php(502): CodeIgniter\CodeIgniter->runController()
 4 SYSTEMPATH\CodeIgniter.php(361): CodeIgniter\CodeIgniter->handleRequest()
 5 FCPATH\index.php(78): CodeIgniter\CodeIgniter->run()
 6 SYSTEMPATH\Commands\Server\rewrite.php(47): require_once('C:\\Users\\pando\\Desktop\\MVCmecanica\\public\\index.php')
INFO - 2023-12-04 21:10:56 --> Session: Class initialized using 'CodeIgniter\Session\Handlers\FileHandler' driver.
INFO - 2023-12-04 21:11:00 --> Session: Class initialized using 'CodeIgniter\Session\Handlers\FileHandler' driver.
INFO - 2023-12-04 21:11:01 --> Session: Class initialized using 'CodeIgniter\Session\Handlers\FileHandler' driver.
INFO - 2023-12-04 21:11:12 --> Session: Class initialized using 'CodeIgniter\Session\Handlers\FileHandler' driver.
INFO - 2023-12-04 21:11:12 --> Session: Class initialized using 'CodeIgniter\Session\Handlers\FileHandler' driver.
CRITICAL - 2023-12-04 21:11:57 --> Attempt to read property "codigo_verificacao" on null
in APPPATH\Controllers\userController.php on line 143.
 1 APPPATH\Controllers\userController.php(143): CodeIgniter\Debug\Exceptions->errorHandler()
 2 SYSTEMPATH\CodeIgniter.php(942): App\Controllers\userController->verifyResetCode()
 3 SYSTEMPATH\CodeIgniter.php(502): CodeIgniter\CodeIgniter->runController()
 4 SYSTEMPATH\CodeIgniter.php(361): CodeIgniter\CodeIgniter->handleRequest()
 5 FCPATH\index.php(78): CodeIgniter\CodeIgniter->run()
 6 SYSTEMPATH\Commands\Server\rewrite.php(47): require_once('C:\\Users\\pando\\Desktop\\MVCmecanica\\public\\index.php')
INFO - 2023-12-04 21:20:16 --> Session: Class initialized using 'CodeIgniter\Session\Handlers\FileHandler' driver.
INFO - 2023-12-04 21:20:16 --> Session: Class initialized using 'CodeIgniter\Session\Handlers\FileHandler' driver.
INFO - 2023-12-04 21:20:17 --> Session: Class initialized using 'CodeIgniter\Session\Handlers\FileHandler' driver.
INFO - 2023-12-04 21:20:17 --> Session: Class initialized using 'CodeIgniter\Session\Handlers\FileHandler' driver.
INFO - 2023-12-04 21:20:17 --> Session: Class initialized using 'CodeIgniter\Session\Handlers\FileHandler' driver.
CRITICAL - 2023-12-04 21:29:49 --> Undefined variable $user
in APPPATH\Controllers\userController.php on line 137.
 1 APPPATH\Controllers\userController.php(137): CodeIgniter\Debug\Exceptions->errorHandler()
 2 SYSTEMPATH\CodeIgniter.php(942): App\Controllers\userController->verifyResetCode()
 3 SYSTEMPATH\CodeIgniter.php(502): CodeIgniter\CodeIgniter->runController()
 4 SYSTEMPATH\CodeIgniter.php(361): CodeIgniter\CodeIgniter->handleRequest()
 5 FCPATH\index.php(79): CodeIgniter\CodeIgniter->run()
 6 SYSTEMPATH\Commands\Server\rewrite.php(47): require_once('C:\\Users\\pando\\Desktop\\MVCmecanica\\public\\index.php')
CRITICAL - 2023-12-04 21:32:45 --> Undefined variable $codigo_banco
in APPPATH\Views\Codigo.php on line 20.
 1 APPPATH\Views\Codigo.php(20): CodeIgniter\Debug\Exceptions->errorHandler()
 2 SYSTEMPATH\View\View.php(228): include('C:\\Users\\pando\\Desktop\\MVCmecanica\\app\\Views\\Codigo.php')
 3 SYSTEMPATH\View\View.php(231): CodeIgniter\View\View->CodeIgniter\View\{closure}()
 4 SYSTEMPATH\Common.php(1190): CodeIgniter\View\View->render()
 5 APPPATH\Controllers\userController.php(144): view()
 6 SYSTEMPATH\CodeIgniter.php(942): App\Controllers\userController->verifyResetCode()
 7 SYSTEMPATH\CodeIgniter.php(502): CodeIgniter\CodeIgniter->runController()
 8 SYSTEMPATH\CodeIgniter.php(361): CodeIgniter\CodeIgniter->handleRequest()
 9 FCPATH\index.php(79): CodeIgniter\CodeIgniter->run()
10 SYSTEMPATH\Commands\Server\rewrite.php(47): require_once('C:\\Users\\pando\\Desktop\\MVCmecanica\\public\\index.php')
CRITICAL - 2023-12-04 21:39:32 --> Undefined variable $codigo_banco
in APPPATH\Views\Codigo.php on line 20.
 1 APPPATH\Views\Codigo.php(20): CodeIgniter\Debug\Exceptions->errorHandler()
 2 SYSTEMPATH\View\View.php(228): include('C:\\Users\\pando\\Desktop\\MVCmecanica\\app\\Views\\Codigo.php')
 3 SYSTEMPATH\View\View.php(231): CodeIgniter\View\View->CodeIgniter\View\{closure}()
 4 SYSTEMPATH\Common.php(1190): CodeIgniter\View\View->render()
 5 APPPATH\Controllers\userController.php(92): view()
 6 SYSTEMPATH\CodeIgniter.php(942): App\Controllers\userController->forgotPassword2()
 7 SYSTEMPATH\CodeIgniter.php(502): CodeIgniter\CodeIgniter->runController()
 8 SYSTEMPATH\CodeIgniter.php(361): CodeIgniter\CodeIgniter->handleRequest()
 9 FCPATH\index.php(79): CodeIgniter\CodeIgniter->run()
10 SYSTEMPATH\Commands\Server\rewrite.php(47): require_once('C:\\Users\\pando\\Desktop\\MVCmecanica\\public\\index.php')
CRITICAL - 2023-12-04 21:39:39 --> Undefined variable $codigo_banco
in APPPATH\Views\Codigo.php on line 20.
 1 APPPATH\Views\Codigo.php(20): CodeIgniter\Debug\Exceptions->errorHandler()
 2 SYSTEMPATH\View\View.php(228): include('C:\\Users\\pando\\Desktop\\MVCmecanica\\app\\Views\\Codigo.php')
 3 SYSTEMPATH\View\View.php(231): CodeIgniter\View\View->CodeIgniter\View\{closure}()
 4 SYSTEMPATH\Common.php(1190): CodeIgniter\View\View->render()
 5 APPPATH\Controllers\userController.php(92): view()
 6 SYSTEMPATH\CodeIgniter.php(942): App\Controllers\userController->forgotPassword2()
 7 SYSTEMPATH\CodeIgniter.php(502): CodeIgniter\CodeIgniter->runController()
 8 SYSTEMPATH\CodeIgniter.php(361): CodeIgniter\CodeIgniter->handleRequest()
 9 FCPATH\index.php(79): CodeIgniter\CodeIgniter->run()
10 SYSTEMPATH\Commands\Server\rewrite.php(47): require_once('C:\\Users\\pando\\Desktop\\MVCmecanica\\public\\index.php')
CRITICAL - 2023-12-04 21:40:33 --> Undefined variable $codigo_banco
in APPPATH\Views\Codigo.php on line 20.
 1 APPPATH\Views\Codigo.php(20): CodeIgniter\Debug\Exceptions->errorHandler()
 2 SYSTEMPATH\View\View.php(228): include('C:\\Users\\pando\\Desktop\\MVCmecanica\\app\\Views\\Codigo.php')
 3 SYSTEMPATH\View\View.php(231): CodeIgniter\View\View->CodeIgniter\View\{closure}()
 4 SYSTEMPATH\Common.php(1190): CodeIgniter\View\View->render()
 5 APPPATH\Controllers\userController.php(92): view()
 6 SYSTEMPATH\CodeIgniter.php(942): App\Controllers\userController->forgotPassword2()
 7 SYSTEMPATH\CodeIgniter.php(502): CodeIgniter\CodeIgniter->runController()
 8 SYSTEMPATH\CodeIgniter.php(361): CodeIgniter\CodeIgniter->handleRequest()
 9 FCPATH\index.php(79): CodeIgniter\CodeIgniter->run()
10 SYSTEMPATH\Commands\Server\rewrite.php(47): require_once('C:\\Users\\pando\\Desktop\\MVCmecanica\\public\\index.php')
CRITICAL - 2023-12-04 21:40:33 --> Undefined variable $codigo_banco
in APPPATH\Views\Codigo.php on line 20.
 1 APPPATH\Views\Codigo.php(20): CodeIgniter\Debug\Exceptions->errorHandler()
 2 SYSTEMPATH\View\View.php(228): include('C:\\Users\\pando\\Desktop\\MVCmecanica\\app\\Views\\Codigo.php')
 3 SYSTEMPATH\View\View.php(231): CodeIgniter\View\View->CodeIgniter\View\{closure}()
 4 SYSTEMPATH\Common.php(1190): CodeIgniter\View\View->render()
 5 APPPATH\Controllers\userController.php(92): view()
 6 SYSTEMPATH\CodeIgniter.php(942): App\Controllers\userController->forgotPassword2()
 7 SYSTEMPATH\CodeIgniter.php(502): CodeIgniter\CodeIgniter->runController()
 8 SYSTEMPATH\CodeIgniter.php(361): CodeIgniter\CodeIgniter->handleRequest()
 9 FCPATH\index.php(79): CodeIgniter\CodeIgniter->run()
10 SYSTEMPATH\Commands\Server\rewrite.php(47): require_once('C:\\Users\\pando\\Desktop\\MVCmecanica\\public\\index.php')
CRITICAL - 2023-12-04 21:41:17 --> Undefined variable $codigo_banco
in APPPATH\Views\Codigo.php on line 20.
 1 APPPATH\Views\Codigo.php(20): CodeIgniter\Debug\Exceptions->errorHandler()
 2 SYSTEMPATH\View\View.php(228): include('C:\\Users\\pando\\Desktop\\MVCmecanica\\app\\Views\\Codigo.php')
 3 SYSTEMPATH\View\View.php(231): CodeIgniter\View\View->CodeIgniter\View\{closure}()
 4 SYSTEMPATH\Common.php(1190): CodeIgniter\View\View->render()
 5 APPPATH\Controllers\userController.php(92): view()
 6 SYSTEMPATH\CodeIgniter.php(942): App\Controllers\userController->forgotPassword2()
 7 SYSTEMPATH\CodeIgniter.php(502): CodeIgniter\CodeIgniter->runController()
 8 SYSTEMPATH\CodeIgniter.php(361): CodeIgniter\CodeIgniter->handleRequest()
 9 FCPATH\index.php(79): CodeIgniter\CodeIgniter->run()
10 SYSTEMPATH\Commands\Server\rewrite.php(47): require_once('C:\\Users\\pando\\Desktop\\MVCmecanica\\public\\index.php')
CRITICAL - 2023-12-04 21:41:18 --> Undefined variable $codigo_banco
in APPPATH\Views\Codigo.php on line 20.
 1 APPPATH\Views\Codigo.php(20): CodeIgniter\Debug\Exceptions->errorHandler()
 2 SYSTEMPATH\View\View.php(228): include('C:\\Users\\pando\\Desktop\\MVCmecanica\\app\\Views\\Codigo.php')
 3 SYSTEMPATH\View\View.php(231): CodeIgniter\View\View->CodeIgniter\View\{closure}()
 4 SYSTEMPATH\Common.php(1190): CodeIgniter\View\View->render()
 5 APPPATH\Controllers\userController.php(92): view()
 6 SYSTEMPATH\CodeIgniter.php(942): App\Controllers\userController->forgotPassword2()
 7 SYSTEMPATH\CodeIgniter.php(502): CodeIgniter\CodeIgniter->runController()
 8 SYSTEMPATH\CodeIgniter.php(361): CodeIgniter\CodeIgniter->handleRequest()
 9 FCPATH\index.php(79): CodeIgniter\CodeIgniter->run()
10 SYSTEMPATH\Commands\Server\rewrite.php(47): require_once('C:\\Users\\pando\\Desktop\\MVCmecanica\\public\\index.php')
CRITICAL - 2023-12-04 21:42:15 --> Undefined variable $codigo_banco
in APPPATH\Views\Codigo.php on line 20.
 1 APPPATH\Views\Codigo.php(20): CodeIgniter\Debug\Exceptions->errorHandler()
 2 SYSTEMPATH\View\View.php(228): include('C:\\Users\\pando\\Desktop\\MVCmecanica\\app\\Views\\Codigo.php')
 3 SYSTEMPATH\View\View.php(231): CodeIgniter\View\View->CodeIgniter\View\{closure}()
 4 SYSTEMPATH\Common.php(1190): CodeIgniter\View\View->render()
 5 APPPATH\Controllers\userController.php(92): view()
 6 SYSTEMPATH\CodeIgniter.php(942): App\Controllers\userController->forgotPassword2()
 7 SYSTEMPATH\CodeIgniter.php(502): CodeIgniter\CodeIgniter->runController()
 8 SYSTEMPATH\CodeIgniter.php(361): CodeIgniter\CodeIgniter->handleRequest()
 9 FCPATH\index.php(79): CodeIgniter\CodeIgniter->run()
10 SYSTEMPATH\Commands\Server\rewrite.php(47): require_once('C:\\Users\\pando\\Desktop\\MVCmecanica\\public\\index.php')
CRITICAL - 2023-12-04 21:42:16 --> Undefined variable $codigo_banco
in APPPATH\Views\Codigo.php on line 20.
 1 APPPATH\Views\Codigo.php(20): CodeIgniter\Debug\Exceptions->errorHandler()
 2 SYSTEMPATH\View\View.php(228): include('C:\\Users\\pando\\Desktop\\MVCmecanica\\app\\Views\\Codigo.php')
 3 SYSTEMPATH\View\View.php(231): CodeIgniter\View\View->CodeIgniter\View\{closure}()
 4 SYSTEMPATH\Common.php(1190): CodeIgniter\View\View->render()
 5 APPPATH\Controllers\userController.php(92): view()
 6 SYSTEMPATH\CodeIgniter.php(942): App\Controllers\userController->forgotPassword2()
 7 SYSTEMPATH\CodeIgniter.php(502): CodeIgniter\CodeIgniter->runController()
 8 SYSTEMPATH\CodeIgniter.php(361): CodeIgniter\CodeIgniter->handleRequest()
 9 FCPATH\index.php(79): CodeIgniter\CodeIgniter->run()
10 SYSTEMPATH\Commands\Server\rewrite.php(47): require_once('C:\\Users\\pando\\Desktop\\MVCmecanica\\public\\index.php')
CRITICAL - 2023-12-04 21:43:06 --> Undefined variable $codigo_banco
in APPPATH\Views\Codigo.php on line 20.
 1 APPPATH\Views\Codigo.php(20): CodeIgniter\Debug\Exceptions->errorHandler()
 2 SYSTEMPATH\View\View.php(228): include('C:\\Users\\pando\\Desktop\\MVCmecanica\\app\\Views\\Codigo.php')
 3 SYSTEMPATH\View\View.php(231): CodeIgniter\View\View->CodeIgniter\View\{closure}()
 4 SYSTEMPATH\Common.php(1190): CodeIgniter\View\View->render()
 5 APPPATH\Controllers\userController.php(92): view()
 6 SYSTEMPATH\CodeIgniter.php(942): App\Controllers\userController->forgotPassword2()
 7 SYSTEMPATH\CodeIgniter.php(502): CodeIgniter\CodeIgniter->runController()
 8 SYSTEMPATH\CodeIgniter.php(361): CodeIgniter\CodeIgniter->handleRequest()
 9 FCPATH\index.php(79): CodeIgniter\CodeIgniter->run()
10 SYSTEMPATH\Commands\Server\rewrite.php(47): require_once('C:\\Users\\pando\\Desktop\\MVCmecanica\\public\\index.php')
CRITICAL - 2023-12-04 21:43:15 --> Undefined variable $codigo_banco
in APPPATH\Views\Codigo.php on line 20.
 1 APPPATH\Views\Codigo.php(20): CodeIgniter\Debug\Exceptions->errorHandler()
 2 SYSTEMPATH\View\View.php(228): include('C:\\Users\\pando\\Desktop\\MVCmecanica\\app\\Views\\Codigo.php')
 3 SYSTEMPATH\View\View.php(231): CodeIgniter\View\View->CodeIgniter\View\{closure}()
 4 SYSTEMPATH\Common.php(1190): CodeIgniter\View\View->render()
 5 APPPATH\Controllers\userController.php(92): view()
 6 SYSTEMPATH\CodeIgniter.php(942): App\Controllers\userController->forgotPassword2()
 7 SYSTEMPATH\CodeIgniter.php(502): CodeIgniter\CodeIgniter->runController()
 8 SYSTEMPATH\CodeIgniter.php(361): CodeIgniter\CodeIgniter->handleRequest()
 9 FCPATH\index.php(79): CodeIgniter\CodeIgniter->run()
10 SYSTEMPATH\Commands\Server\rewrite.php(47): require_once('C:\\Users\\pando\\Desktop\\MVCmecanica\\public\\index.php')
CRITICAL - 2023-12-04 21:44:24 --> Undefined variable $codigo_banco
in APPPATH\Views\Codigo.php on line 20.
 1 APPPATH\Views\Codigo.php(20): CodeIgniter\Debug\Exceptions->errorHandler()
 2 SYSTEMPATH\View\View.php(228): include('C:\\Users\\pando\\Desktop\\MVCmecanica\\app\\Views\\Codigo.php')
 3 SYSTEMPATH\View\View.php(231): CodeIgniter\View\View->CodeIgniter\View\{closure}()
 4 SYSTEMPATH\Common.php(1190): CodeIgniter\View\View->render()
 5 APPPATH\Controllers\userController.php(92): view()
 6 SYSTEMPATH\CodeIgniter.php(942): App\Controllers\userController->forgotPassword2()
 7 SYSTEMPATH\CodeIgniter.php(502): CodeIgniter\CodeIgniter->runController()
 8 SYSTEMPATH\CodeIgniter.php(361): CodeIgniter\CodeIgniter->handleRequest()
 9 FCPATH\index.php(79): CodeIgniter\CodeIgniter->run()
10 SYSTEMPATH\Commands\Server\rewrite.php(47): require_once('C:\\Users\\pando\\Desktop\\MVCmecanica\\public\\index.php')
CRITICAL - 2023-12-04 21:44:25 --> Undefined variable $codigo_banco
in APPPATH\Views\Codigo.php on line 20.
 1 APPPATH\Views\Codigo.php(20): CodeIgniter\Debug\Exceptions->errorHandler()
 2 SYSTEMPATH\View\View.php(228): include('C:\\Users\\pando\\Desktop\\MVCmecanica\\app\\Views\\Codigo.php')
 3 SYSTEMPATH\View\View.php(231): CodeIgniter\View\View->CodeIgniter\View\{closure}()
 4 SYSTEMPATH\Common.php(1190): CodeIgniter\View\View->render()
 5 APPPATH\Controllers\userController.php(92): view()
 6 SYSTEMPATH\CodeIgniter.php(942): App\Controllers\userController->forgotPassword2()
 7 SYSTEMPATH\CodeIgniter.php(502): CodeIgniter\CodeIgniter->runController()
 8 SYSTEMPATH\CodeIgniter.php(361): CodeIgniter\CodeIgniter->handleRequest()
 9 FCPATH\index.php(79): CodeIgniter\CodeIgniter->run()
10 SYSTEMPATH\Commands\Server\rewrite.php(47): require_once('C:\\Users\\pando\\Desktop\\MVCmecanica\\public\\index.php')
CRITICAL - 2023-12-04 21:59:11 --> Call to undefined method App\Models\UserModel::updatePassword
in SYSTEMPATH\Model.php on line 873.
 1 APPPATH\Controllers\userController.php(139): CodeIgniter\Model->__call()
 2 SYSTEMPATH\CodeIgniter.php(942): App\Controllers\userController->resetPassword()
 3 SYSTEMPATH\CodeIgniter.php(502): CodeIgniter\CodeIgniter->runController()
 4 SYSTEMPATH\CodeIgniter.php(361): CodeIgniter\CodeIgniter->handleRequest()
 5 FCPATH\index.php(79): CodeIgniter\CodeIgniter->run()
 6 SYSTEMPATH\Commands\Server\rewrite.php(47): require_once('C:\\Users\\pando\\Desktop\\MVCmecanica\\public\\index.php')
CRITICAL - 2023-12-04 22:13:50 --> Invalid file: "ConfimCode.php"
in SYSTEMPATH\Exceptions\FrameworkException.php on line 39.
 1 SYSTEMPATH\View\View.php(216): CodeIgniter\Exceptions\FrameworkException::forInvalidFile()
 2 SYSTEMPATH\Common.php(1190): CodeIgniter\View\View->render()
 3 APPPATH\Controllers\userController.php(134): view()
 4 SYSTEMPATH\CodeIgniter.php(942): App\Controllers\userController->verifyCode()
 5 SYSTEMPATH\CodeIgniter.php(502): CodeIgniter\CodeIgniter->runController()
 6 SYSTEMPATH\CodeIgniter.php(361): CodeIgniter\CodeIgniter->handleRequest()
 7 FCPATH\index.php(79): CodeIgniter\CodeIgniter->run()
 8 SYSTEMPATH\Commands\Server\rewrite.php(47): require_once('C:\\Users\\pando\\Desktop\\MVCmecanica\\public\\index.php')
CRITICAL - 2023-12-04 22:56:14 --> Invalid file: "search_results.php"
in SYSTEMPATH\Exceptions\FrameworkException.php on line 39.
 1 SYSTEMPATH\View\View.php(216): CodeIgniter\Exceptions\FrameworkException::forInvalidFile()
 2 SYSTEMPATH\Common.php(1190): CodeIgniter\View\View->render()
 3 APPPATH\Controllers\osController.php(187): view()
 4 SYSTEMPATH\CodeIgniter.php(942): App\Controllers\OsController->searchOS()
 5 SYSTEMPATH\CodeIgniter.php(502): CodeIgniter\CodeIgniter->runController()
 6 SYSTEMPATH\CodeIgniter.php(361): CodeIgniter\CodeIgniter->handleRequest()
 7 FCPATH\index.php(79): CodeIgniter\CodeIgniter->run()
 8 SYSTEMPATH\Commands\Server\rewrite.php(47): require_once('C:\\Users\\pando\\Desktop\\MVCmecanica\\public\\index.php')
CRITICAL - 2023-12-04 22:56:18 --> Invalid file: "search_results.php"
in SYSTEMPATH\Exceptions\FrameworkException.php on line 39.
 1 SYSTEMPATH\View\View.php(216): CodeIgniter\Exceptions\FrameworkException::forInvalidFile()
 2 SYSTEMPATH\Common.php(1190): CodeIgniter\View\View->render()
 3 APPPATH\Controllers\osController.php(187): view()
 4 SYSTEMPATH\CodeIgniter.php(942): App\Controllers\OsController->searchOS()
 5 SYSTEMPATH\CodeIgniter.php(502): CodeIgniter\CodeIgniter->runController()
 6 SYSTEMPATH\CodeIgniter.php(361): CodeIgniter\CodeIgniter->handleRequest()
 7 FCPATH\index.php(79): CodeIgniter\CodeIgniter->run()
 8 SYSTEMPATH\Commands\Server\rewrite.php(47): require_once('C:\\Users\\pando\\Desktop\\MVCmecanica\\public\\index.php')
CRITICAL - 2023-12-04 22:58:07 --> Invalid file: "search_results.php"
in SYSTEMPATH\Exceptions\FrameworkException.php on line 39.
 1 SYSTEMPATH\View\View.php(216): CodeIgniter\Exceptions\FrameworkException::forInvalidFile()
 2 SYSTEMPATH\Common.php(1190): CodeIgniter\View\View->render()
 3 APPPATH\Controllers\osController.php(187): view()
 4 SYSTEMPATH\CodeIgniter.php(942): App\Controllers\OsController->searchOS()
 5 SYSTEMPATH\CodeIgniter.php(502): CodeIgniter\CodeIgniter->runController()
 6 SYSTEMPATH\CodeIgniter.php(361): CodeIgniter\CodeIgniter->handleRequest()
 7 FCPATH\index.php(79): CodeIgniter\CodeIgniter->run()
 8 SYSTEMPATH\Commands\Server\rewrite.php(47): require_once('C:\\Users\\pando\\Desktop\\MVCmecanica\\public\\index.php')
CRITICAL - 2023-12-04 22:58:08 --> Invalid file: "search_results.php"
in SYSTEMPATH\Exceptions\FrameworkException.php on line 39.
 1 SYSTEMPATH\View\View.php(216): CodeIgniter\Exceptions\FrameworkException::forInvalidFile()
 2 SYSTEMPATH\Common.php(1190): CodeIgniter\View\View->render()
 3 APPPATH\Controllers\osController.php(187): view()
 4 SYSTEMPATH\CodeIgniter.php(942): App\Controllers\OsController->searchOS()
 5 SYSTEMPATH\CodeIgniter.php(502): CodeIgniter\CodeIgniter->runController()
 6 SYSTEMPATH\CodeIgniter.php(361): CodeIgniter\CodeIgniter->handleRequest()
 7 FCPATH\index.php(79): CodeIgniter\CodeIgniter->run()
 8 SYSTEMPATH\Commands\Server\rewrite.php(47): require_once('C:\\Users\\pando\\Desktop\\MVCmecanica\\public\\index.php')
CRITICAL - 2023-12-04 22:58:11 --> Invalid file: "search_results.php"
in SYSTEMPATH\Exceptions\FrameworkException.php on line 39.
 1 SYSTEMPATH\View\View.php(216): CodeIgniter\Exceptions\FrameworkException::forInvalidFile()
 2 SYSTEMPATH\Common.php(1190): CodeIgniter\View\View->render()
 3 APPPATH\Controllers\osController.php(187): view()
 4 SYSTEMPATH\CodeIgniter.php(942): App\Controllers\OsController->searchOS()
 5 SYSTEMPATH\CodeIgniter.php(502): CodeIgniter\CodeIgniter->runController()
 6 SYSTEMPATH\CodeIgniter.php(361): CodeIgniter\CodeIgniter->handleRequest()
 7 FCPATH\index.php(79): CodeIgniter\CodeIgniter->run()
 8 SYSTEMPATH\Commands\Server\rewrite.php(47): require_once('C:\\Users\\pando\\Desktop\\MVCmecanica\\public\\index.php')
CRITICAL - 2023-12-04 22:58:11 --> Invalid file: "search_results.php"
in SYSTEMPATH\Exceptions\FrameworkException.php on line 39.
 1 SYSTEMPATH\View\View.php(216): CodeIgniter\Exceptions\FrameworkException::forInvalidFile()
 2 SYSTEMPATH\Common.php(1190): CodeIgniter\View\View->render()
 3 APPPATH\Controllers\osController.php(187): view()
 4 SYSTEMPATH\CodeIgniter.php(942): App\Controllers\OsController->searchOS()
 5 SYSTEMPATH\CodeIgniter.php(502): CodeIgniter\CodeIgniter->runController()
 6 SYSTEMPATH\CodeIgniter.php(361): CodeIgniter\CodeIgniter->handleRequest()
 7 FCPATH\index.php(79): CodeIgniter\CodeIgniter->run()
 8 SYSTEMPATH\Commands\Server\rewrite.php(47): require_once('C:\\Users\\pando\\Desktop\\MVCmecanica\\public\\index.php')
CRITICAL - 2023-12-04 22:59:48 --> foreach() argument must be of type array|object, null given
in APPPATH\Controllers\osController.php on line 188.
 1 APPPATH\Controllers\osController.php(188): CodeIgniter\Debug\Exceptions->errorHandler()
 2 SYSTEMPATH\CodeIgniter.php(942): App\Controllers\OsController->searchOS()
 3 SYSTEMPATH\CodeIgniter.php(502): CodeIgniter\CodeIgniter->runController()
 4 SYSTEMPATH\CodeIgniter.php(361): CodeIgniter\CodeIgniter->handleRequest()
 5 FCPATH\index.php(79): CodeIgniter\CodeIgniter->run()
 6 SYSTEMPATH\Commands\Server\rewrite.php(47): require_once('C:\\Users\\pando\\Desktop\\MVCmecanica\\public\\index.php')
CRITICAL - 2023-12-04 22:59:49 --> foreach() argument must be of type array|object, null given
in APPPATH\Controllers\osController.php on line 188.
 1 APPPATH\Controllers\osController.php(188): CodeIgniter\Debug\Exceptions->errorHandler()
 2 SYSTEMPATH\CodeIgniter.php(942): App\Controllers\OsController->searchOS()
 3 SYSTEMPATH\CodeIgniter.php(502): CodeIgniter\CodeIgniter->runController()
 4 SYSTEMPATH\CodeIgniter.php(361): CodeIgniter\CodeIgniter->handleRequest()
 5 FCPATH\index.php(79): CodeIgniter\CodeIgniter->run()
 6 SYSTEMPATH\Commands\Server\rewrite.php(47): require_once('C:\\Users\\pando\\Desktop\\MVCmecanica\\public\\index.php')
CRITICAL - 2023-12-04 23:01:40 --> Invalid file: "search_results_partial.php"
in SYSTEMPATH\Exceptions\FrameworkException.php on line 39.
 1 SYSTEMPATH\View\View.php(216): CodeIgniter\Exceptions\FrameworkException::forInvalidFile()
 2 SYSTEMPATH\Common.php(1190): CodeIgniter\View\View->render()
 3 APPPATH\Controllers\osController.php(189): view()
 4 SYSTEMPATH\CodeIgniter.php(942): App\Controllers\OsController->searchOS()
 5 SYSTEMPATH\CodeIgniter.php(502): CodeIgniter\CodeIgniter->runController()
 6 SYSTEMPATH\CodeIgniter.php(361): CodeIgniter\CodeIgniter->handleRequest()
 7 FCPATH\index.php(79): CodeIgniter\CodeIgniter->run()
 8 SYSTEMPATH\Commands\Server\rewrite.php(47): require_once('C:\\Users\\pando\\Desktop\\MVCmecanica\\public\\index.php')
CRITICAL - 2023-12-04 23:03:49 --> foreach() argument must be of type array|object, null given
in APPPATH\Controllers\osController.php on line 188.
 1 APPPATH\Controllers\osController.php(188): CodeIgniter\Debug\Exceptions->errorHandler()
 2 SYSTEMPATH\CodeIgniter.php(942): App\Controllers\OsController->searchOS()
 3 SYSTEMPATH\CodeIgniter.php(502): CodeIgniter\CodeIgniter->runController()
 4 SYSTEMPATH\CodeIgniter.php(361): CodeIgniter\CodeIgniter->handleRequest()
 5 FCPATH\index.php(79): CodeIgniter\CodeIgniter->run()
 6 SYSTEMPATH\Commands\Server\rewrite.php(47): require_once('C:\\Users\\pando\\Desktop\\MVCmecanica\\public\\index.php')
CRITICAL - 2023-12-04 23:03:49 --> foreach() argument must be of type array|object, null given
in APPPATH\Controllers\osController.php on line 188.
 1 APPPATH\Controllers\osController.php(188): CodeIgniter\Debug\Exceptions->errorHandler()
 2 SYSTEMPATH\CodeIgniter.php(942): App\Controllers\OsController->searchOS()
 3 SYSTEMPATH\CodeIgniter.php(502): CodeIgniter\CodeIgniter->runController()
 4 SYSTEMPATH\CodeIgniter.php(361): CodeIgniter\CodeIgniter->handleRequest()
 5 FCPATH\index.php(79): CodeIgniter\CodeIgniter->run()
 6 SYSTEMPATH\Commands\Server\rewrite.php(47): require_once('C:\\Users\\pando\\Desktop\\MVCmecanica\\public\\index.php')
CRITICAL - 2023-12-04 23:03:54 --> foreach() argument must be of type array|object, null given
in APPPATH\Controllers\osController.php on line 188.
 1 APPPATH\Controllers\osController.php(188): CodeIgniter\Debug\Exceptions->errorHandler()
 2 SYSTEMPATH\CodeIgniter.php(942): App\Controllers\OsController->searchOS()
 3 SYSTEMPATH\CodeIgniter.php(502): CodeIgniter\CodeIgniter->runController()
 4 SYSTEMPATH\CodeIgniter.php(361): CodeIgniter\CodeIgniter->handleRequest()
 5 FCPATH\index.php(79): CodeIgniter\CodeIgniter->run()
 6 SYSTEMPATH\Commands\Server\rewrite.php(47): require_once('C:\\Users\\pando\\Desktop\\MVCmecanica\\public\\index.php')
CRITICAL - 2023-12-04 23:03:55 --> foreach() argument must be of type array|object, null given
in APPPATH\Controllers\osController.php on line 188.
 1 APPPATH\Controllers\osController.php(188): CodeIgniter\Debug\Exceptions->errorHandler()
 2 SYSTEMPATH\CodeIgniter.php(942): App\Controllers\OsController->searchOS()
 3 SYSTEMPATH\CodeIgniter.php(502): CodeIgniter\CodeIgniter->runController()
 4 SYSTEMPATH\CodeIgniter.php(361): CodeIgniter\CodeIgniter->handleRequest()
 5 FCPATH\index.php(79): CodeIgniter\CodeIgniter->run()
 6 SYSTEMPATH\Commands\Server\rewrite.php(47): require_once('C:\\Users\\pando\\Desktop\\MVCmecanica\\public\\index.php')
CRITICAL - 2023-12-04 23:03:56 --> foreach() argument must be of type array|object, null given
in APPPATH\Controllers\osController.php on line 188.
 1 APPPATH\Controllers\osController.php(188): CodeIgniter\Debug\Exceptions->errorHandler()
 2 SYSTEMPATH\CodeIgniter.php(942): App\Controllers\OsController->searchOS()
 3 SYSTEMPATH\CodeIgniter.php(502): CodeIgniter\CodeIgniter->runController()
 4 SYSTEMPATH\CodeIgniter.php(361): CodeIgniter\CodeIgniter->handleRequest()
 5 FCPATH\index.php(79): CodeIgniter\CodeIgniter->run()
 6 SYSTEMPATH\Commands\Server\rewrite.php(47): require_once('C:\\Users\\pando\\Desktop\\MVCmecanica\\public\\index.php')
CRITICAL - 2023-12-04 23:03:57 --> Cannot access offset of type string on string
in APPPATH\Controllers\osController.php on line 191.
 1 SYSTEMPATH\CodeIgniter.php(942): App\Controllers\OsController->searchOS()
 2 SYSTEMPATH\CodeIgniter.php(502): CodeIgniter\CodeIgniter->runController()
 3 SYSTEMPATH\CodeIgniter.php(361): CodeIgniter\CodeIgniter->handleRequest()
 4 FCPATH\index.php(79): CodeIgniter\CodeIgniter->run()
 5 SYSTEMPATH\Commands\Server\rewrite.php(47): require_once('C:\\Users\\pando\\Desktop\\MVCmecanica\\public\\index.php')
CRITICAL - 2023-12-04 23:24:16 --> Call to undefined method App\Models\OsModel::getOrderById
in SYSTEMPATH\Model.php on line 873.
 1 APPPATH\Controllers\osController.php(192): CodeIgniter\Model->__call()
 2 SYSTEMPATH\CodeIgniter.php(942): App\Controllers\OsController->Faturamento()
 3 SYSTEMPATH\CodeIgniter.php(502): CodeIgniter\CodeIgniter->runController()
 4 SYSTEMPATH\CodeIgniter.php(361): CodeIgniter\CodeIgniter->handleRequest()
 5 FCPATH\index.php(79): CodeIgniter\CodeIgniter->run()
 6 SYSTEMPATH\Commands\Server\rewrite.php(47): require_once('C:\\Users\\pando\\Desktop\\MVCmecanica\\public\\index.php')
CRITICAL - 2023-12-04 23:25:08 --> Undefined variable $pecas
in APPPATH\Views\Faturamento.php on line 20.
 1 APPPATH\Views\Faturamento.php(20): CodeIgniter\Debug\Exceptions->errorHandler()
 2 SYSTEMPATH\View\View.php(228): include('C:\\Users\\pando\\Desktop\\MVCmecanica\\app\\Views\\Faturamento.php')
 3 SYSTEMPATH\View\View.php(231): CodeIgniter\View\View->CodeIgniter\View\{closure}()
 4 SYSTEMPATH\Common.php(1190): CodeIgniter\View\View->render()
 5 APPPATH\Controllers\osController.php(194): view()
 6 SYSTEMPATH\CodeIgniter.php(942): App\Controllers\OsController->Faturamento()
 7 SYSTEMPATH\CodeIgniter.php(502): CodeIgniter\CodeIgniter->runController()
 8 SYSTEMPATH\CodeIgniter.php(361): CodeIgniter\CodeIgniter->handleRequest()
 9 FCPATH\index.php(79): CodeIgniter\CodeIgniter->run()
10 SYSTEMPATH\Commands\Server\rewrite.php(47): require_once('C:\\Users\\pando\\Desktop\\MVCmecanica\\public\\index.php')
CRITICAL - 2023-12-04 23:29:42 --> Undefined array key "preco"
in APPPATH\Views\Faturamento.php on line 31.
 1 APPPATH\Views\Faturamento.php(31): CodeIgniter\Debug\Exceptions->errorHandler()
 2 SYSTEMPATH\View\View.php(228): include('C:\\Users\\pando\\Desktop\\MVCmecanica\\app\\Views\\Faturamento.php')
 3 SYSTEMPATH\View\View.php(231): CodeIgniter\View\View->CodeIgniter\View\{closure}()
 4 SYSTEMPATH\Common.php(1190): CodeIgniter\View\View->render()
 5 APPPATH\Controllers\osController.php(207): view()
 6 SYSTEMPATH\CodeIgniter.php(942): App\Controllers\OsController->Faturamento()
 7 SYSTEMPATH\CodeIgniter.php(502): CodeIgniter\CodeIgniter->runController()
 8 SYSTEMPATH\CodeIgniter.php(361): CodeIgniter\CodeIgniter->handleRequest()
 9 FCPATH\index.php(79): CodeIgniter\CodeIgniter->run()
10 SYSTEMPATH\Commands\Server\rewrite.php(47): require_once('C:\\Users\\pando\\Desktop\\MVCmecanica\\public\\index.php')
CRITICAL - 2023-12-04 23:29:50 --> Undefined array key "preco"
in APPPATH\Views\Faturamento.php on line 31.
 1 APPPATH\Views\Faturamento.php(31): CodeIgniter\Debug\Exceptions->errorHandler()
 2 SYSTEMPATH\View\View.php(228): include('C:\\Users\\pando\\Desktop\\MVCmecanica\\app\\Views\\Faturamento.php')
 3 SYSTEMPATH\View\View.php(231): CodeIgniter\View\View->CodeIgniter\View\{closure}()
 4 SYSTEMPATH\Common.php(1190): CodeIgniter\View\View->render()
 5 APPPATH\Controllers\osController.php(207): view()
 6 SYSTEMPATH\CodeIgniter.php(942): App\Controllers\OsController->Faturamento()
 7 SYSTEMPATH\CodeIgniter.php(502): CodeIgniter\CodeIgniter->runController()
 8 SYSTEMPATH\CodeIgniter.php(361): CodeIgniter\CodeIgniter->handleRequest()
 9 FCPATH\index.php(79): CodeIgniter\CodeIgniter->run()
10 SYSTEMPATH\Commands\Server\rewrite.php(47): require_once('C:\\Users\\pando\\Desktop\\MVCmecanica\\public\\index.php')
CRITICAL - 2023-12-04 23:29:50 --> Undefined array key "preco"
in APPPATH\Views\Faturamento.php on line 31.
 1 APPPATH\Views\Faturamento.php(31): CodeIgniter\Debug\Exceptions->errorHandler()
 2 SYSTEMPATH\View\View.php(228): include('C:\\Users\\pando\\Desktop\\MVCmecanica\\app\\Views\\Faturamento.php')
 3 SYSTEMPATH\View\View.php(231): CodeIgniter\View\View->CodeIgniter\View\{closure}()
 4 SYSTEMPATH\Common.php(1190): CodeIgniter\View\View->render()
 5 APPPATH\Controllers\osController.php(207): view()
 6 SYSTEMPATH\CodeIgniter.php(942): App\Controllers\OsController->Faturamento()
 7 SYSTEMPATH\CodeIgniter.php(502): CodeIgniter\CodeIgniter->runController()
 8 SYSTEMPATH\CodeIgniter.php(361): CodeIgniter\CodeIgniter->handleRequest()
 9 FCPATH\index.php(79): CodeIgniter\CodeIgniter->run()
10 SYSTEMPATH\Commands\Server\rewrite.php(47): require_once('C:\\Users\\pando\\Desktop\\MVCmecanica\\public\\index.php')
CRITICAL - 2023-12-04 23:30:00 --> Undefined array key "valor"
in APPPATH\Views\Faturamento.php on line 31.
 1 APPPATH\Views\Faturamento.php(31): CodeIgniter\Debug\Exceptions->errorHandler()
 2 SYSTEMPATH\View\View.php(228): include('C:\\Users\\pando\\Desktop\\MVCmecanica\\app\\Views\\Faturamento.php')
 3 SYSTEMPATH\View\View.php(231): CodeIgniter\View\View->CodeIgniter\View\{closure}()
 4 SYSTEMPATH\Common.php(1190): CodeIgniter\View\View->render()
 5 APPPATH\Controllers\osController.php(207): view()
 6 SYSTEMPATH\CodeIgniter.php(942): App\Controllers\OsController->Faturamento()
 7 SYSTEMPATH\CodeIgniter.php(502): CodeIgniter\CodeIgniter->runController()
 8 SYSTEMPATH\CodeIgniter.php(361): CodeIgniter\CodeIgniter->handleRequest()
 9 FCPATH\index.php(79): CodeIgniter\CodeIgniter->run()
10 SYSTEMPATH\Commands\Server\rewrite.php(47): require_once('C:\\Users\\pando\\Desktop\\MVCmecanica\\public\\index.php')
CRITICAL - 2023-12-04 23:31:28 --> Undefined array key "preco"
in APPPATH\Views\Faturamento.php on line 32.
 1 APPPATH\Views\Faturamento.php(32): CodeIgniter\Debug\Exceptions->errorHandler()
 2 SYSTEMPATH\View\View.php(228): include('C:\\Users\\pando\\Desktop\\MVCmecanica\\app\\Views\\Faturamento.php')
 3 SYSTEMPATH\View\View.php(231): CodeIgniter\View\View->CodeIgniter\View\{closure}()
 4 SYSTEMPATH\Common.php(1190): CodeIgniter\View\View->render()
 5 APPPATH\Controllers\osController.php(207): view()
 6 SYSTEMPATH\CodeIgniter.php(942): App\Controllers\OsController->Faturamento()
 7 SYSTEMPATH\CodeIgniter.php(502): CodeIgniter\CodeIgniter->runController()
 8 SYSTEMPATH\CodeIgniter.php(361): CodeIgniter\CodeIgniter->handleRequest()
 9 FCPATH\index.php(79): CodeIgniter\CodeIgniter->run()
10 SYSTEMPATH\Commands\Server\rewrite.php(47): require_once('C:\\Users\\pando\\Desktop\\MVCmecanica\\public\\index.php')
ERROR - 2023-12-04 23:34:16 --> mysqli_sql_exception: Cannot add or update a child row: a foreign key constraint fails (`mecanica2`.`ordemdeservico_peca`, CONSTRAINT `ordemdeservico_peca_ibfk_2` FOREIGN KEY (`peca_id`) REFERENCES `peca` (`id`)) in C:\Users\pando\Desktop\MVCmecanica\system\Database\MySQLi\Connection.php:306
Stack trace:
#0 C:\Users\pando\Desktop\MVCmecanica\system\Database\MySQLi\Connection.php(306): mysqli->query()
#1 C:\Users\pando\Desktop\MVCmecanica\system\Database\BaseConnection.php(693): CodeIgniter\Database\MySQLi\Connection->execute()
#2 C:\Users\pando\Desktop\MVCmecanica\system\Database\BaseConnection.php(607): CodeIgniter\Database\BaseConnection->simpleQuery()
#3 C:\Users\pando\Desktop\MVCmecanica\system\Database\BaseBuilder.php(2308): CodeIgniter\Database\BaseConnection->query()
#4 C:\Users\pando\Desktop\MVCmecanica\system\Model.php(319): CodeIgniter\Database\BaseBuilder->insert()
#5 C:\Users\pando\Desktop\MVCmecanica\system\BaseModel.php(766): CodeIgniter\Model->doInsert()
#6 C:\Users\pando\Desktop\MVCmecanica\system\Model.php(715): CodeIgniter\BaseModel->insert()
#7 C:\Users\pando\Desktop\MVCmecanica\app\Controllers\osController.php(142): CodeIgniter\Model->insert()
#8 C:\Users\pando\Desktop\MVCmecanica\system\CodeIgniter.php(942): App\Controllers\OsController->adicionarOS()
#9 C:\Users\pando\Desktop\MVCmecanica\system\CodeIgniter.php(502): CodeIgniter\CodeIgniter->runController()
#10 C:\Users\pando\Desktop\MVCmecanica\system\CodeIgniter.php(361): CodeIgniter\CodeIgniter->handleRequest()
#11 C:\Users\pando\Desktop\MVCmecanica\public\index.php(79): CodeIgniter\CodeIgniter->run()
#12 C:\Users\pando\Desktop\MVCmecanica\system\Commands\Server\rewrite.php(47): require_once('...')
#13 {main}
ERROR - 2023-12-04 23:38:49 --> mysqli_sql_exception: Cannot add or update a child row: a foreign key constraint fails (`mecanica2`.`ordemdeservico_peca`, CONSTRAINT `ordemdeservico_peca_ibfk_2` FOREIGN KEY (`peca_id`) REFERENCES `peca` (`id`)) in C:\Users\pando\Desktop\MVCmecanica\system\Database\MySQLi\Connection.php:306
Stack trace:
#0 C:\Users\pando\Desktop\MVCmecanica\system\Database\MySQLi\Connection.php(306): mysqli->query()
#1 C:\Users\pando\Desktop\MVCmecanica\system\Database\BaseConnection.php(693): CodeIgniter\Database\MySQLi\Connection->execute()
#2 C:\Users\pando\Desktop\MVCmecanica\system\Database\BaseConnection.php(607): CodeIgniter\Database\BaseConnection->simpleQuery()
#3 C:\Users\pando\Desktop\MVCmecanica\system\Database\BaseBuilder.php(2308): CodeIgniter\Database\BaseConnection->query()
#4 C:\Users\pando\Desktop\MVCmecanica\system\Model.php(319): CodeIgniter\Database\BaseBuilder->insert()
#5 C:\Users\pando\Desktop\MVCmecanica\system\BaseModel.php(766): CodeIgniter\Model->doInsert()
#6 C:\Users\pando\Desktop\MVCmecanica\system\Model.php(715): CodeIgniter\BaseModel->insert()
#7 C:\Users\pando\Desktop\MVCmecanica\app\Controllers\osController.php(142): CodeIgniter\Model->insert()
#8 C:\Users\pando\Desktop\MVCmecanica\system\CodeIgniter.php(942): App\Controllers\OsController->adicionarOS()
#9 C:\Users\pando\Desktop\MVCmecanica\system\CodeIgniter.php(502): CodeIgniter\CodeIgniter->runController()
#10 C:\Users\pando\Desktop\MVCmecanica\system\CodeIgniter.php(361): CodeIgniter\CodeIgniter->handleRequest()
#11 C:\Users\pando\Desktop\MVCmecanica\public\index.php(79): CodeIgniter\CodeIgniter->run()
#12 C:\Users\pando\Desktop\MVCmecanica\system\Commands\Server\rewrite.php(47): require_once('...')
#13 {main}
ERROR - 2023-12-04 23:46:40 --> mysqli_sql_exception: Cannot add or update a child row: a foreign key constraint fails (`mecanica2`.`ordemdeservico_peca`, CONSTRAINT `ordemdeservico_peca_ibfk_2` FOREIGN KEY (`peca_id`) REFERENCES `peca` (`id`)) in C:\Users\pando\Desktop\MVCmecanica\system\Database\MySQLi\Connection.php:306
Stack trace:
#0 C:\Users\pando\Desktop\MVCmecanica\system\Database\MySQLi\Connection.php(306): mysqli->query()
#1 C:\Users\pando\Desktop\MVCmecanica\system\Database\BaseConnection.php(693): CodeIgniter\Database\MySQLi\Connection->execute()
#2 C:\Users\pando\Desktop\MVCmecanica\system\Database\BaseConnection.php(607): CodeIgniter\Database\BaseConnection->simpleQuery()
#3 C:\Users\pando\Desktop\MVCmecanica\system\Database\BaseBuilder.php(2308): CodeIgniter\Database\BaseConnection->query()
#4 C:\Users\pando\Desktop\MVCmecanica\system\Model.php(319): CodeIgniter\Database\BaseBuilder->insert()
#5 C:\Users\pando\Desktop\MVCmecanica\system\BaseModel.php(766): CodeIgniter\Model->doInsert()
#6 C:\Users\pando\Desktop\MVCmecanica\system\Model.php(715): CodeIgniter\BaseModel->insert()
#7 C:\Users\pando\Desktop\MVCmecanica\app\Controllers\osController.php(145): CodeIgniter\Model->insert()
#8 C:\Users\pando\Desktop\MVCmecanica\system\CodeIgniter.php(942): App\Controllers\OsController->adicionarOS()
#9 C:\Users\pando\Desktop\MVCmecanica\system\CodeIgniter.php(502): CodeIgniter\CodeIgniter->runController()
#10 C:\Users\pando\Desktop\MVCmecanica\system\CodeIgniter.php(361): CodeIgniter\CodeIgniter->handleRequest()
#11 C:\Users\pando\Desktop\MVCmecanica\public\index.php(79): CodeIgniter\CodeIgniter->run()
#12 C:\Users\pando\Desktop\MVCmecanica\system\Commands\Server\rewrite.php(47): require_once('...')
#13 {main}
ERROR - 2023-12-04 23:58:52 --> mysqli_sql_exception: Cannot add or update a child row: a foreign key constraint fails (`mecanica2`.`ordemdeservico_servico`, CONSTRAINT `ordemdeservico_servico_ibfk_2` FOREIGN KEY (`servico_id`) REFERENCES `servicos` (`id`)) in C:\Users\pando\Desktop\MVCmecanica\system\Database\MySQLi\Connection.php:306
Stack trace:
#0 C:\Users\pando\Desktop\MVCmecanica\system\Database\MySQLi\Connection.php(306): mysqli->query()
#1 C:\Users\pando\Desktop\MVCmecanica\system\Database\BaseConnection.php(693): CodeIgniter\Database\MySQLi\Connection->execute()
#2 C:\Users\pando\Desktop\MVCmecanica\system\Database\BaseConnection.php(607): CodeIgniter\Database\BaseConnection->simpleQuery()
#3 C:\Users\pando\Desktop\MVCmecanica\system\Database\BaseBuilder.php(2308): CodeIgniter\Database\BaseConnection->query()
#4 C:\Users\pando\Desktop\MVCmecanica\system\Model.php(319): CodeIgniter\Database\BaseBuilder->insert()
#5 C:\Users\pando\Desktop\MVCmecanica\system\BaseModel.php(766): CodeIgniter\Model->doInsert()
#6 C:\Users\pando\Desktop\MVCmecanica\system\Model.php(715): CodeIgniter\BaseModel->insert()
#7 C:\Users\pando\Desktop\MVCmecanica\app\Controllers\osController.php(133): CodeIgniter\Model->insert()
#8 C:\Users\pando\Desktop\MVCmecanica\system\CodeIgniter.php(942): App\Controllers\OsController->adicionarOS()
#9 C:\Users\pando\Desktop\MVCmecanica\system\CodeIgniter.php(502): CodeIgniter\CodeIgniter->runController()
#10 C:\Users\pando\Desktop\MVCmecanica\system\CodeIgniter.php(361): CodeIgniter\CodeIgniter->handleRequest()
#11 C:\Users\pando\Desktop\MVCmecanica\public\index.php(79): CodeIgniter\CodeIgniter->run()
#12 C:\Users\pando\Desktop\MVCmecanica\system\Commands\Server\rewrite.php(47): require_once('...')
#13 {main}
ERROR - 2023-12-04 23:58:53 --> mysqli_sql_exception: Cannot add or update a child row: a foreign key constraint fails (`mecanica2`.`ordemdeservico_peca`, CONSTRAINT `ordemdeservico_peca_ibfk_2` FOREIGN KEY (`peca_id`) REFERENCES `peca` (`id`)) in C:\Users\pando\Desktop\MVCmecanica\system\Database\MySQLi\Connection.php:306
Stack trace:
#0 C:\Users\pando\Desktop\MVCmecanica\system\Database\MySQLi\Connection.php(306): mysqli->query()
#1 C:\Users\pando\Desktop\MVCmecanica\system\Database\BaseConnection.php(693): CodeIgniter\Database\MySQLi\Connection->execute()
#2 C:\Users\pando\Desktop\MVCmecanica\system\Database\BaseConnection.php(607): CodeIgniter\Database\BaseConnection->simpleQuery()
#3 C:\Users\pando\Desktop\MVCmecanica\system\Database\BaseBuilder.php(2308): CodeIgniter\Database\BaseConnection->query()
#4 C:\Users\pando\Desktop\MVCmecanica\system\Model.php(319): CodeIgniter\Database\BaseBuilder->insert()
#5 C:\Users\pando\Desktop\MVCmecanica\system\BaseModel.php(766): CodeIgniter\Model->doInsert()
#6 C:\Users\pando\Desktop\MVCmecanica\system\Model.php(715): CodeIgniter\BaseModel->insert()
#7 C:\Users\pando\Desktop\MVCmecanica\app\Controllers\osController.php(145): CodeIgniter\Model->insert()
#8 C:\Users\pando\Desktop\MVCmecanica\system\CodeIgniter.php(942): App\Controllers\OsController->adicionarOS()
#9 C:\Users\pando\Desktop\MVCmecanica\system\CodeIgniter.php(502): CodeIgniter\CodeIgniter->runController()
#10 C:\Users\pando\Desktop\MVCmecanica\system\CodeIgniter.php(361): CodeIgniter\CodeIgniter->handleRequest()
#11 C:\Users\pando\Desktop\MVCmecanica\public\index.php(79): CodeIgniter\CodeIgniter->run()
#12 C:\Users\pando\Desktop\MVCmecanica\system\Commands\Server\rewrite.php(47): require_once('...')
#13 {main}
CRITICAL - 2023-12-04 23:59:13 --> Undefined array key "preco"
in APPPATH\Views\Faturamento.php on line 50.
 1 APPPATH\Views\Faturamento.php(50): CodeIgniter\Debug\Exceptions->errorHandler()
 2 SYSTEMPATH\View\View.php(228): include('C:\\Users\\pando\\Desktop\\MVCmecanica\\app\\Views\\Faturamento.php')
 3 SYSTEMPATH\View\View.php(231): CodeIgniter\View\View->CodeIgniter\View\{closure}()
 4 SYSTEMPATH\Common.php(1190): CodeIgniter\View\View->render()
 5 APPPATH\Controllers\osController.php(210): view()
 6 SYSTEMPATH\CodeIgniter.php(942): App\Controllers\OsController->Faturamento()
 7 SYSTEMPATH\CodeIgniter.php(502): CodeIgniter\CodeIgniter->runController()
 8 SYSTEMPATH\CodeIgniter.php(361): CodeIgniter\CodeIgniter->handleRequest()
 9 FCPATH\index.php(79): CodeIgniter\CodeIgniter->run()
10 SYSTEMPATH\Commands\Server\rewrite.php(47): require_once('C:\\Users\\pando\\Desktop\\MVCmecanica\\public\\index.php')
