CRITICAL - 2023-11-28 00:00:05 --> There is no data to update.
in SYSTEMPATH\BaseModel.php on line 908.
 1 SYSTEMPATH\BaseModel.php(908): CodeIgniter\Database\Exceptions\DataException::forEmptyDataset()
 2 SYSTEMPATH\Model.php(776): CodeIgniter\BaseModel->update()
 3 APPPATH\Controllers\ListarController.php(266): CodeIgniter\Model->update()
 4 SYSTEMPATH\CodeIgniter.php(942): App\Controllers\ListarController->alterarStatus()
 5 SYSTEMPATH\CodeIgniter.php(502): CodeIgniter\CodeIgniter->runController()
 6 SYSTEMPATH\CodeIgniter.php(361): CodeIgniter\CodeIgniter->handleRequest()
 7 FCPATH\index.php(79): CodeIgniter\CodeIgniter->run()
 8 SYSTEMPATH\Commands\Server\rewrite.php(47): require_once('C:\\Users\\pando\\Desktop\\MVCmecanica\\public\\index.php')
CRITICAL - 2023-11-28 00:00:49 --> Attempt to read property "codigo" on null
in APPPATH\Views\detalhes.php on line 187.
 1 APPPATH\Views\detalhes.php(187): CodeIgniter\Debug\Exceptions->errorHandler()
 2 SYSTEMPATH\View\View.php(228): include('C:\\Users\\pando\\Desktop\\MVCmecanica\\app\\Views\\detalhes.php')
 3 SYSTEMPATH\View\View.php(231): CodeIgniter\View\View->CodeIgniter\View\{closure}()
 4 SYSTEMPATH\Common.php(1190): CodeIgniter\View\View->render()
 5 APPPATH\Controllers\ListarController.php(150): view()
 6 SYSTEMPATH\CodeIgniter.php(942): App\Controllers\ListarController->detalhes()
 7 SYSTEMPATH\CodeIgniter.php(502): CodeIgniter\CodeIgniter->runController()
 8 SYSTEMPATH\CodeIgniter.php(361): CodeIgniter\CodeIgniter->handleRequest()
 9 FCPATH\index.php(79): CodeIgniter\CodeIgniter->run()
10 SYSTEMPATH\Commands\Server\rewrite.php(47): require_once('C:\\Users\\pando\\Desktop\\MVCmecanica\\public\\index.php')
CRITICAL - 2023-11-28 00:01:18 --> Attempt to read property "tipo" on null
in APPPATH\Views\detalhes.php on line 188.
 1 APPPATH\Views\detalhes.php(188): CodeIgniter\Debug\Exceptions->errorHandler()
 2 SYSTEMPATH\View\View.php(228): include('C:\\Users\\pando\\Desktop\\MVCmecanica\\app\\Views\\detalhes.php')
 3 SYSTEMPATH\View\View.php(231): CodeIgniter\View\View->CodeIgniter\View\{closure}()
 4 SYSTEMPATH\Common.php(1190): CodeIgniter\View\View->render()
 5 APPPATH\Controllers\ListarController.php(150): view()
 6 SYSTEMPATH\CodeIgniter.php(942): App\Controllers\ListarController->detalhes()
 7 SYSTEMPATH\CodeIgniter.php(502): CodeIgniter\CodeIgniter->runController()
 8 SYSTEMPATH\CodeIgniter.php(361): CodeIgniter\CodeIgniter->handleRequest()
 9 FCPATH\index.php(79): CodeIgniter\CodeIgniter->run()
10 SYSTEMPATH\Commands\Server\rewrite.php(47): require_once('C:\\Users\\pando\\Desktop\\MVCmecanica\\public\\index.php')
ERROR - 2023-11-28 00:09:02 --> mysqli_sql_exception: Cannot add or update a child row: a foreign key constraint fails (`mecanica2`.`veiculo`, CONSTRAINT `veiculo_ibfk_2` FOREIGN KEY (`modelo_id`) REFERENCES `modelo` (`id`)) in C:\Users\pando\Desktop\MVCmecanica\system\Database\MySQLi\Connection.php:306
Stack trace:
#0 C:\Users\pando\Desktop\MVCmecanica\system\Database\MySQLi\Connection.php(306): mysqli->query()
#1 C:\Users\pando\Desktop\MVCmecanica\system\Database\BaseConnection.php(693): CodeIgniter\Database\MySQLi\Connection->execute()
#2 C:\Users\pando\Desktop\MVCmecanica\system\Database\BaseConnection.php(607): CodeIgniter\Database\BaseConnection->simpleQuery()
#3 C:\Users\pando\Desktop\MVCmecanica\system\Database\BaseBuilder.php(2308): CodeIgniter\Database\BaseConnection->query()
#4 C:\Users\pando\Desktop\MVCmecanica\system\Model.php(319): CodeIgniter\Database\BaseBuilder->insert()
#5 C:\Users\pando\Desktop\MVCmecanica\system\BaseModel.php(766): CodeIgniter\Model->doInsert()
#6 C:\Users\pando\Desktop\MVCmecanica\system\Model.php(715): CodeIgniter\BaseModel->insert()
#7 C:\Users\pando\Desktop\MVCmecanica\app\Controllers\AddController.php(311): CodeIgniter\Model->insert()
#8 C:\Users\pando\Desktop\MVCmecanica\system\CodeIgniter.php(942): App\Controllers\AddController->adicionar()
#9 C:\Users\pando\Desktop\MVCmecanica\system\CodeIgniter.php(502): CodeIgniter\CodeIgniter->runController()
#10 C:\Users\pando\Desktop\MVCmecanica\system\CodeIgniter.php(361): CodeIgniter\CodeIgniter->handleRequest()
#11 C:\Users\pando\Desktop\MVCmecanica\public\index.php(79): CodeIgniter\CodeIgniter->run()
#12 C:\Users\pando\Desktop\MVCmecanica\system\Commands\Server\rewrite.php(47): require_once('...')
#13 {main}
ERROR - 2023-11-28 00:11:30 --> mysqli_sql_exception: Cannot add or update a child row: a foreign key constraint fails (`mecanica2`.`veiculo`, CONSTRAINT `veiculo_ibfk_2` FOREIGN KEY (`modelo_id`) REFERENCES `modelo` (`id`)) in C:\Users\pando\Desktop\MVCmecanica\system\Database\MySQLi\Connection.php:306
Stack trace:
#0 C:\Users\pando\Desktop\MVCmecanica\system\Database\MySQLi\Connection.php(306): mysqli->query()
#1 C:\Users\pando\Desktop\MVCmecanica\system\Database\BaseConnection.php(693): CodeIgniter\Database\MySQLi\Connection->execute()
#2 C:\Users\pando\Desktop\MVCmecanica\system\Database\BaseConnection.php(607): CodeIgniter\Database\BaseConnection->simpleQuery()
#3 C:\Users\pando\Desktop\MVCmecanica\system\Database\BaseBuilder.php(2308): CodeIgniter\Database\BaseConnection->query()
#4 C:\Users\pando\Desktop\MVCmecanica\system\Model.php(319): CodeIgniter\Database\BaseBuilder->insert()
#5 C:\Users\pando\Desktop\MVCmecanica\system\BaseModel.php(766): CodeIgniter\Model->doInsert()
#6 C:\Users\pando\Desktop\MVCmecanica\system\Model.php(715): CodeIgniter\BaseModel->insert()
#7 C:\Users\pando\Desktop\MVCmecanica\app\Controllers\AddController.php(311): CodeIgniter\Model->insert()
#8 C:\Users\pando\Desktop\MVCmecanica\system\CodeIgniter.php(942): App\Controllers\AddController->adicionar()
#9 C:\Users\pando\Desktop\MVCmecanica\system\CodeIgniter.php(502): CodeIgniter\CodeIgniter->runController()
#10 C:\Users\pando\Desktop\MVCmecanica\system\CodeIgniter.php(361): CodeIgniter\CodeIgniter->handleRequest()
#11 C:\Users\pando\Desktop\MVCmecanica\public\index.php(79): CodeIgniter\CodeIgniter->run()
#12 C:\Users\pando\Desktop\MVCmecanica\system\Commands\Server\rewrite.php(47): require_once('...')
#13 {main}
ERROR - 2023-11-28 00:11:44 --> mysqli_sql_exception: Cannot add or update a child row: a foreign key constraint fails (`mecanica2`.`veiculo`, CONSTRAINT `veiculo_ibfk_2` FOREIGN KEY (`modelo_id`) REFERENCES `modelo` (`id`)) in C:\Users\pando\Desktop\MVCmecanica\system\Database\MySQLi\Connection.php:306
Stack trace:
#0 C:\Users\pando\Desktop\MVCmecanica\system\Database\MySQLi\Connection.php(306): mysqli->query()
#1 C:\Users\pando\Desktop\MVCmecanica\system\Database\BaseConnection.php(693): CodeIgniter\Database\MySQLi\Connection->execute()
#2 C:\Users\pando\Desktop\MVCmecanica\system\Database\BaseConnection.php(607): CodeIgniter\Database\BaseConnection->simpleQuery()
#3 C:\Users\pando\Desktop\MVCmecanica\system\Database\BaseBuilder.php(2308): CodeIgniter\Database\BaseConnection->query()
#4 C:\Users\pando\Desktop\MVCmecanica\system\Model.php(319): CodeIgniter\Database\BaseBuilder->insert()
#5 C:\Users\pando\Desktop\MVCmecanica\system\BaseModel.php(766): CodeIgniter\Model->doInsert()
#6 C:\Users\pando\Desktop\MVCmecanica\system\Model.php(715): CodeIgniter\BaseModel->insert()
#7 C:\Users\pando\Desktop\MVCmecanica\app\Controllers\AddController.php(311): CodeIgniter\Model->insert()
#8 C:\Users\pando\Desktop\MVCmecanica\system\CodeIgniter.php(942): App\Controllers\AddController->adicionar()
#9 C:\Users\pando\Desktop\MVCmecanica\system\CodeIgniter.php(502): CodeIgniter\CodeIgniter->runController()
#10 C:\Users\pando\Desktop\MVCmecanica\system\CodeIgniter.php(361): CodeIgniter\CodeIgniter->handleRequest()
#11 C:\Users\pando\Desktop\MVCmecanica\public\index.php(79): CodeIgniter\CodeIgniter->run()
#12 C:\Users\pando\Desktop\MVCmecanica\system\Commands\Server\rewrite.php(47): require_once('...')
#13 {main}
ERROR - 2023-11-28 00:12:23 --> mysqli_sql_exception: Cannot add or update a child row: a foreign key constraint fails (`mecanica2`.`veiculo`, CONSTRAINT `veiculo_ibfk_2` FOREIGN KEY (`modelo_id`) REFERENCES `modelo` (`id`)) in C:\Users\pando\Desktop\MVCmecanica\system\Database\MySQLi\Connection.php:306
Stack trace:
#0 C:\Users\pando\Desktop\MVCmecanica\system\Database\MySQLi\Connection.php(306): mysqli->query()
#1 C:\Users\pando\Desktop\MVCmecanica\system\Database\BaseConnection.php(693): CodeIgniter\Database\MySQLi\Connection->execute()
#2 C:\Users\pando\Desktop\MVCmecanica\system\Database\BaseConnection.php(607): CodeIgniter\Database\BaseConnection->simpleQuery()
#3 C:\Users\pando\Desktop\MVCmecanica\system\Database\BaseBuilder.php(2308): CodeIgniter\Database\BaseConnection->query()
#4 C:\Users\pando\Desktop\MVCmecanica\system\Model.php(319): CodeIgniter\Database\BaseBuilder->insert()
#5 C:\Users\pando\Desktop\MVCmecanica\system\BaseModel.php(766): CodeIgniter\Model->doInsert()
#6 C:\Users\pando\Desktop\MVCmecanica\system\Model.php(715): CodeIgniter\BaseModel->insert()
#7 C:\Users\pando\Desktop\MVCmecanica\app\Controllers\AddController.php(311): CodeIgniter\Model->insert()
#8 C:\Users\pando\Desktop\MVCmecanica\system\CodeIgniter.php(942): App\Controllers\AddController->adicionar()
#9 C:\Users\pando\Desktop\MVCmecanica\system\CodeIgniter.php(502): CodeIgniter\CodeIgniter->runController()
#10 C:\Users\pando\Desktop\MVCmecanica\system\CodeIgniter.php(361): CodeIgniter\CodeIgniter->handleRequest()
#11 C:\Users\pando\Desktop\MVCmecanica\public\index.php(79): CodeIgniter\CodeIgniter->run()
#12 C:\Users\pando\Desktop\MVCmecanica\system\Commands\Server\rewrite.php(47): require_once('...')
#13 {main}
ERROR - 2023-11-28 00:13:50 --> mysqli_sql_exception: Cannot add or update a child row: a foreign key constraint fails (`mecanica2`.`veiculo`, CONSTRAINT `veiculo_ibfk_2` FOREIGN KEY (`modelo_id`) REFERENCES `modelo` (`id`)) in C:\Users\pando\Desktop\MVCmecanica\system\Database\MySQLi\Connection.php:306
Stack trace:
#0 C:\Users\pando\Desktop\MVCmecanica\system\Database\MySQLi\Connection.php(306): mysqli->query()
#1 C:\Users\pando\Desktop\MVCmecanica\system\Database\BaseConnection.php(693): CodeIgniter\Database\MySQLi\Connection->execute()
#2 C:\Users\pando\Desktop\MVCmecanica\system\Database\BaseConnection.php(607): CodeIgniter\Database\BaseConnection->simpleQuery()
#3 C:\Users\pando\Desktop\MVCmecanica\system\Database\BaseBuilder.php(2308): CodeIgniter\Database\BaseConnection->query()
#4 C:\Users\pando\Desktop\MVCmecanica\system\Model.php(319): CodeIgniter\Database\BaseBuilder->insert()
#5 C:\Users\pando\Desktop\MVCmecanica\system\BaseModel.php(766): CodeIgniter\Model->doInsert()
#6 C:\Users\pando\Desktop\MVCmecanica\system\Model.php(715): CodeIgniter\BaseModel->insert()
#7 C:\Users\pando\Desktop\MVCmecanica\app\Controllers\AddController.php(311): CodeIgniter\Model->insert()
#8 C:\Users\pando\Desktop\MVCmecanica\system\CodeIgniter.php(942): App\Controllers\AddController->adicionar()
#9 C:\Users\pando\Desktop\MVCmecanica\system\CodeIgniter.php(502): CodeIgniter\CodeIgniter->runController()
#10 C:\Users\pando\Desktop\MVCmecanica\system\CodeIgniter.php(361): CodeIgniter\CodeIgniter->handleRequest()
#11 C:\Users\pando\Desktop\MVCmecanica\public\index.php(79): CodeIgniter\CodeIgniter->run()
#12 C:\Users\pando\Desktop\MVCmecanica\system\Commands\Server\rewrite.php(47): require_once('...')
#13 {main}
ERROR - 2023-11-28 00:14:10 --> mysqli_sql_exception: Cannot add or update a child row: a foreign key constraint fails (`mecanica2`.`veiculo`, CONSTRAINT `veiculo_ibfk_2` FOREIGN KEY (`modelo_id`) REFERENCES `modelo` (`id`)) in C:\Users\pando\Desktop\MVCmecanica\system\Database\MySQLi\Connection.php:306
Stack trace:
#0 C:\Users\pando\Desktop\MVCmecanica\system\Database\MySQLi\Connection.php(306): mysqli->query()
#1 C:\Users\pando\Desktop\MVCmecanica\system\Database\BaseConnection.php(693): CodeIgniter\Database\MySQLi\Connection->execute()
#2 C:\Users\pando\Desktop\MVCmecanica\system\Database\BaseConnection.php(607): CodeIgniter\Database\BaseConnection->simpleQuery()
#3 C:\Users\pando\Desktop\MVCmecanica\system\Database\BaseBuilder.php(2308): CodeIgniter\Database\BaseConnection->query()
#4 C:\Users\pando\Desktop\MVCmecanica\system\Model.php(319): CodeIgniter\Database\BaseBuilder->insert()
#5 C:\Users\pando\Desktop\MVCmecanica\system\BaseModel.php(766): CodeIgniter\Model->doInsert()
#6 C:\Users\pando\Desktop\MVCmecanica\system\Model.php(715): CodeIgniter\BaseModel->insert()
#7 C:\Users\pando\Desktop\MVCmecanica\app\Controllers\AddController.php(311): CodeIgniter\Model->insert()
#8 C:\Users\pando\Desktop\MVCmecanica\system\CodeIgniter.php(942): App\Controllers\AddController->adicionar()
#9 C:\Users\pando\Desktop\MVCmecanica\system\CodeIgniter.php(502): CodeIgniter\CodeIgniter->runController()
#10 C:\Users\pando\Desktop\MVCmecanica\system\CodeIgniter.php(361): CodeIgniter\CodeIgniter->handleRequest()
#11 C:\Users\pando\Desktop\MVCmecanica\public\index.php(79): CodeIgniter\CodeIgniter->run()
#12 C:\Users\pando\Desktop\MVCmecanica\system\Commands\Server\rewrite.php(47): require_once('...')
#13 {main}
ERROR - 2023-11-28 00:14:39 --> mysqli_sql_exception: Cannot add or update a child row: a foreign key constraint fails (`mecanica2`.`veiculo`, CONSTRAINT `veiculo_ibfk_2` FOREIGN KEY (`modelo_id`) REFERENCES `modelo` (`id`)) in C:\Users\pando\Desktop\MVCmecanica\system\Database\MySQLi\Connection.php:306
Stack trace:
#0 C:\Users\pando\Desktop\MVCmecanica\system\Database\MySQLi\Connection.php(306): mysqli->query()
#1 C:\Users\pando\Desktop\MVCmecanica\system\Database\BaseConnection.php(693): CodeIgniter\Database\MySQLi\Connection->execute()
#2 C:\Users\pando\Desktop\MVCmecanica\system\Database\BaseConnection.php(607): CodeIgniter\Database\BaseConnection->simpleQuery()
#3 C:\Users\pando\Desktop\MVCmecanica\system\Database\BaseBuilder.php(2308): CodeIgniter\Database\BaseConnection->query()
#4 C:\Users\pando\Desktop\MVCmecanica\system\Model.php(319): CodeIgniter\Database\BaseBuilder->insert()
#5 C:\Users\pando\Desktop\MVCmecanica\system\BaseModel.php(766): CodeIgniter\Model->doInsert()
#6 C:\Users\pando\Desktop\MVCmecanica\system\Model.php(715): CodeIgniter\BaseModel->insert()
#7 C:\Users\pando\Desktop\MVCmecanica\app\Controllers\AddController.php(311): CodeIgniter\Model->insert()
#8 C:\Users\pando\Desktop\MVCmecanica\system\CodeIgniter.php(942): App\Controllers\AddController->adicionar()
#9 C:\Users\pando\Desktop\MVCmecanica\system\CodeIgniter.php(502): CodeIgniter\CodeIgniter->runController()
#10 C:\Users\pando\Desktop\MVCmecanica\system\CodeIgniter.php(361): CodeIgniter\CodeIgniter->handleRequest()
#11 C:\Users\pando\Desktop\MVCmecanica\public\index.php(79): CodeIgniter\CodeIgniter->run()
#12 C:\Users\pando\Desktop\MVCmecanica\system\Commands\Server\rewrite.php(47): require_once('...')
#13 {main}
ERROR - 2023-11-28 00:15:08 --> mysqli_sql_exception: Cannot add or update a child row: a foreign key constraint fails (`mecanica2`.`veiculo`, CONSTRAINT `veiculo_ibfk_2` FOREIGN KEY (`modelo_id`) REFERENCES `modelo` (`id`)) in C:\Users\pando\Desktop\MVCmecanica\system\Database\MySQLi\Connection.php:306
Stack trace:
#0 C:\Users\pando\Desktop\MVCmecanica\system\Database\MySQLi\Connection.php(306): mysqli->query()
#1 C:\Users\pando\Desktop\MVCmecanica\system\Database\BaseConnection.php(693): CodeIgniter\Database\MySQLi\Connection->execute()
#2 C:\Users\pando\Desktop\MVCmecanica\system\Database\BaseConnection.php(607): CodeIgniter\Database\BaseConnection->simpleQuery()
#3 C:\Users\pando\Desktop\MVCmecanica\system\Database\BaseBuilder.php(2308): CodeIgniter\Database\BaseConnection->query()
#4 C:\Users\pando\Desktop\MVCmecanica\system\Model.php(319): CodeIgniter\Database\BaseBuilder->insert()
#5 C:\Users\pando\Desktop\MVCmecanica\system\BaseModel.php(766): CodeIgniter\Model->doInsert()
#6 C:\Users\pando\Desktop\MVCmecanica\system\Model.php(715): CodeIgniter\BaseModel->insert()
#7 C:\Users\pando\Desktop\MVCmecanica\app\Controllers\AddController.php(311): CodeIgniter\Model->insert()
#8 C:\Users\pando\Desktop\MVCmecanica\system\CodeIgniter.php(942): App\Controllers\AddController->adicionar()
#9 C:\Users\pando\Desktop\MVCmecanica\system\CodeIgniter.php(502): CodeIgniter\CodeIgniter->runController()
#10 C:\Users\pando\Desktop\MVCmecanica\system\CodeIgniter.php(361): CodeIgniter\CodeIgniter->handleRequest()
#11 C:\Users\pando\Desktop\MVCmecanica\public\index.php(79): CodeIgniter\CodeIgniter->run()
#12 C:\Users\pando\Desktop\MVCmecanica\system\Commands\Server\rewrite.php(47): require_once('...')
#13 {main}
ERROR - 2023-11-28 00:15:55 --> mysqli_sql_exception: Cannot add or update a child row: a foreign key constraint fails (`mecanica2`.`veiculo`, CONSTRAINT `veiculo_ibfk_2` FOREIGN KEY (`modelo_id`) REFERENCES `modelo` (`id`)) in C:\Users\pando\Desktop\MVCmecanica\system\Database\MySQLi\Connection.php:306
Stack trace:
#0 C:\Users\pando\Desktop\MVCmecanica\system\Database\MySQLi\Connection.php(306): mysqli->query()
#1 C:\Users\pando\Desktop\MVCmecanica\system\Database\BaseConnection.php(693): CodeIgniter\Database\MySQLi\Connection->execute()
#2 C:\Users\pando\Desktop\MVCmecanica\system\Database\BaseConnection.php(607): CodeIgniter\Database\BaseConnection->simpleQuery()
#3 C:\Users\pando\Desktop\MVCmecanica\system\Database\BaseBuilder.php(2308): CodeIgniter\Database\BaseConnection->query()
#4 C:\Users\pando\Desktop\MVCmecanica\system\Model.php(319): CodeIgniter\Database\BaseBuilder->insert()
#5 C:\Users\pando\Desktop\MVCmecanica\system\BaseModel.php(766): CodeIgniter\Model->doInsert()
#6 C:\Users\pando\Desktop\MVCmecanica\system\Model.php(715): CodeIgniter\BaseModel->insert()
#7 C:\Users\pando\Desktop\MVCmecanica\app\Controllers\AddController.php(311): CodeIgniter\Model->insert()
#8 C:\Users\pando\Desktop\MVCmecanica\system\CodeIgniter.php(942): App\Controllers\AddController->adicionar()
#9 C:\Users\pando\Desktop\MVCmecanica\system\CodeIgniter.php(502): CodeIgniter\CodeIgniter->runController()
#10 C:\Users\pando\Desktop\MVCmecanica\system\CodeIgniter.php(361): CodeIgniter\CodeIgniter->handleRequest()
#11 C:\Users\pando\Desktop\MVCmecanica\public\index.php(79): CodeIgniter\CodeIgniter->run()
#12 C:\Users\pando\Desktop\MVCmecanica\system\Commands\Server\rewrite.php(47): require_once('...')
#13 {main}
ERROR - 2023-11-28 00:16:23 --> mysqli_sql_exception: Cannot add or update a child row: a foreign key constraint fails (`mecanica2`.`veiculo`, CONSTRAINT `veiculo_ibfk_2` FOREIGN KEY (`modelo_id`) REFERENCES `modelo` (`id`)) in C:\Users\pando\Desktop\MVCmecanica\system\Database\MySQLi\Connection.php:306
Stack trace:
#0 C:\Users\pando\Desktop\MVCmecanica\system\Database\MySQLi\Connection.php(306): mysqli->query()
#1 C:\Users\pando\Desktop\MVCmecanica\system\Database\BaseConnection.php(693): CodeIgniter\Database\MySQLi\Connection->execute()
#2 C:\Users\pando\Desktop\MVCmecanica\system\Database\BaseConnection.php(607): CodeIgniter\Database\BaseConnection->simpleQuery()
#3 C:\Users\pando\Desktop\MVCmecanica\system\Database\BaseBuilder.php(2308): CodeIgniter\Database\BaseConnection->query()
#4 C:\Users\pando\Desktop\MVCmecanica\system\Model.php(319): CodeIgniter\Database\BaseBuilder->insert()
#5 C:\Users\pando\Desktop\MVCmecanica\system\BaseModel.php(766): CodeIgniter\Model->doInsert()
#6 C:\Users\pando\Desktop\MVCmecanica\system\Model.php(715): CodeIgniter\BaseModel->insert()
#7 C:\Users\pando\Desktop\MVCmecanica\app\Controllers\AddController.php(311): CodeIgniter\Model->insert()
#8 C:\Users\pando\Desktop\MVCmecanica\system\CodeIgniter.php(942): App\Controllers\AddController->adicionar()
#9 C:\Users\pando\Desktop\MVCmecanica\system\CodeIgniter.php(502): CodeIgniter\CodeIgniter->runController()
#10 C:\Users\pando\Desktop\MVCmecanica\system\CodeIgniter.php(361): CodeIgniter\CodeIgniter->handleRequest()
#11 C:\Users\pando\Desktop\MVCmecanica\public\index.php(79): CodeIgniter\CodeIgniter->run()
#12 C:\Users\pando\Desktop\MVCmecanica\system\Commands\Server\rewrite.php(47): require_once('...')
#13 {main}
ERROR - 2023-11-28 00:18:05 --> mysqli_sql_exception: Cannot add or update a child row: a foreign key constraint fails (`mecanica2`.`veiculo`, CONSTRAINT `veiculo_ibfk_2` FOREIGN KEY (`modelo_id`) REFERENCES `modelo` (`id`)) in C:\Users\pando\Desktop\MVCmecanica\system\Database\MySQLi\Connection.php:306
Stack trace:
#0 C:\Users\pando\Desktop\MVCmecanica\system\Database\MySQLi\Connection.php(306): mysqli->query()
#1 C:\Users\pando\Desktop\MVCmecanica\system\Database\BaseConnection.php(693): CodeIgniter\Database\MySQLi\Connection->execute()
#2 C:\Users\pando\Desktop\MVCmecanica\system\Database\BaseConnection.php(607): CodeIgniter\Database\BaseConnection->simpleQuery()
#3 C:\Users\pando\Desktop\MVCmecanica\system\Database\BaseBuilder.php(2308): CodeIgniter\Database\BaseConnection->query()
#4 C:\Users\pando\Desktop\MVCmecanica\system\Model.php(319): CodeIgniter\Database\BaseBuilder->insert()
#5 C:\Users\pando\Desktop\MVCmecanica\system\BaseModel.php(766): CodeIgniter\Model->doInsert()
#6 C:\Users\pando\Desktop\MVCmecanica\system\Model.php(715): CodeIgniter\BaseModel->insert()
#7 C:\Users\pando\Desktop\MVCmecanica\app\Controllers\AddController.php(311): CodeIgniter\Model->insert()
#8 C:\Users\pando\Desktop\MVCmecanica\system\CodeIgniter.php(942): App\Controllers\AddController->adicionar()
#9 C:\Users\pando\Desktop\MVCmecanica\system\CodeIgniter.php(502): CodeIgniter\CodeIgniter->runController()
#10 C:\Users\pando\Desktop\MVCmecanica\system\CodeIgniter.php(361): CodeIgniter\CodeIgniter->handleRequest()
#11 C:\Users\pando\Desktop\MVCmecanica\public\index.php(79): CodeIgniter\CodeIgniter->run()
#12 C:\Users\pando\Desktop\MVCmecanica\system\Commands\Server\rewrite.php(47): require_once('...')
#13 {main}
ERROR - 2023-11-28 00:22:48 --> mysqli_sql_exception: Cannot add or update a child row: a foreign key constraint fails (`mecanica2`.`ordemdeservico_peca`, CONSTRAINT `ordemdeservico_peca_ibfk_2` FOREIGN KEY (`peca_id`) REFERENCES `peca` (`id`)) in C:\Users\pando\Desktop\MVCmecanica\system\Database\MySQLi\Connection.php:306
Stack trace:
#0 C:\Users\pando\Desktop\MVCmecanica\system\Database\MySQLi\Connection.php(306): mysqli->query()
#1 C:\Users\pando\Desktop\MVCmecanica\system\Database\BaseConnection.php(693): CodeIgniter\Database\MySQLi\Connection->execute()
#2 C:\Users\pando\Desktop\MVCmecanica\system\Database\BaseConnection.php(607): CodeIgniter\Database\BaseConnection->simpleQuery()
#3 C:\Users\pando\Desktop\MVCmecanica\system\Database\BaseBuilder.php(2308): CodeIgniter\Database\BaseConnection->query()
#4 C:\Users\pando\Desktop\MVCmecanica\system\Model.php(319): CodeIgniter\Database\BaseBuilder->insert()
#5 C:\Users\pando\Desktop\MVCmecanica\system\BaseModel.php(766): CodeIgniter\Model->doInsert()
#6 C:\Users\pando\Desktop\MVCmecanica\system\Model.php(715): CodeIgniter\BaseModel->insert()
#7 C:\Users\pando\Desktop\MVCmecanica\app\Controllers\osController.php(126): CodeIgniter\Model->insert()
#8 C:\Users\pando\Desktop\MVCmecanica\system\CodeIgniter.php(942): App\Controllers\OsController->adicionarOS()
#9 C:\Users\pando\Desktop\MVCmecanica\system\CodeIgniter.php(502): CodeIgniter\CodeIgniter->runController()
#10 C:\Users\pando\Desktop\MVCmecanica\system\CodeIgniter.php(361): CodeIgniter\CodeIgniter->handleRequest()
#11 C:\Users\pando\Desktop\MVCmecanica\public\index.php(79): CodeIgniter\CodeIgniter->run()
#12 C:\Users\pando\Desktop\MVCmecanica\system\Commands\Server\rewrite.php(47): require_once('...')
#13 {main}
