CRITICAL - 2023-11-27 00:02:03 --> Undefined variable $ordemdeservico_id
in APPPATH\Models\OServicoModel.php on line 29.
 1 APPPATH\Models\OServicoModel.php(29): CodeIgniter\Debug\Exceptions->errorHandler()
 2 APPPATH\Controllers\osController.php(46): App\Models\OServicoModel->getServicosForOrdem()
 3 SYSTEMPATH\CodeIgniter.php(942): App\Controllers\OsController->detalhes()
 4 SYSTEMPATH\CodeIgniter.php(502): CodeIgniter\CodeIgniter->runController()
 5 SYSTEMPATH\CodeIgniter.php(361): CodeIgniter\CodeIgniter->handleRequest()
 6 FCPATH\index.php(79): CodeIgniter\CodeIgniter->run()
 7 SYSTEMPATH\Commands\Server\rewrite.php(47): require_once('C:\\Users\\pando\\Desktop\\MVCmecanica\\public\\index.php')
ERROR - 2023-11-27 00:06:53 --> mysqli_sql_exception: Cannot add or update a child row: a foreign key constraint fails (`mecanica2`.`ordemdeservico_peca`, CONSTRAINT `ordemdeservico_peca_ibfk_2` FOREIGN KEY (`peca_id`) REFERENCES `peca` (`id`)) in C:\Users\pando\Desktop\MVCmecanica\system\Database\MySQLi\Connection.php:306
Stack trace:
#0 C:\Users\pando\Desktop\MVCmecanica\system\Database\MySQLi\Connection.php(306): mysqli->query()
#1 C:\Users\pando\Desktop\MVCmecanica\system\Database\BaseConnection.php(693): CodeIgniter\Database\MySQLi\Connection->execute()
#2 C:\Users\pando\Desktop\MVCmecanica\system\Database\BaseConnection.php(607): CodeIgniter\Database\BaseConnection->simpleQuery()
#3 C:\Users\pando\Desktop\MVCmecanica\system\Database\BaseBuilder.php(2308): CodeIgniter\Database\BaseConnection->query()
#4 C:\Users\pando\Desktop\MVCmecanica\system\Model.php(319): CodeIgniter\Database\BaseBuilder->insert()
#5 C:\Users\pando\Desktop\MVCmecanica\system\BaseModel.php(766): CodeIgniter\Model->doInsert()
#6 C:\Users\pando\Desktop\MVCmecanica\system\Model.php(715): CodeIgniter\BaseModel->insert()
#7 C:\Users\pando\Desktop\MVCmecanica\app\Controllers\osController.php(123): CodeIgniter\Model->insert()
#8 C:\Users\pando\Desktop\MVCmecanica\system\CodeIgniter.php(942): App\Controllers\OsController->adicionarOS()
#9 C:\Users\pando\Desktop\MVCmecanica\system\CodeIgniter.php(502): CodeIgniter\CodeIgniter->runController()
#10 C:\Users\pando\Desktop\MVCmecanica\system\CodeIgniter.php(361): CodeIgniter\CodeIgniter->handleRequest()
#11 C:\Users\pando\Desktop\MVCmecanica\public\index.php(79): CodeIgniter\CodeIgniter->run()
#12 C:\Users\pando\Desktop\MVCmecanica\system\Commands\Server\rewrite.php(47): require_once('...')
#13 {main}
CRITICAL - 2023-11-27 00:07:57 --> Undefined variable $ordemdeservico_id
in APPPATH\Controllers\osController.php on line 46.
 1 APPPATH\Controllers\osController.php(46): CodeIgniter\Debug\Exceptions->errorHandler()
 2 SYSTEMPATH\CodeIgniter.php(942): App\Controllers\OsController->detalhes()
 3 SYSTEMPATH\CodeIgniter.php(502): CodeIgniter\CodeIgniter->runController()
 4 SYSTEMPATH\CodeIgniter.php(361): CodeIgniter\CodeIgniter->handleRequest()
 5 FCPATH\index.php(79): CodeIgniter\CodeIgniter->run()
 6 SYSTEMPATH\Commands\Server\rewrite.php(47): require_once('C:\\Users\\pando\\Desktop\\MVCmecanica\\public\\index.php')
CRITICAL - 2023-11-27 00:12:37 --> Undefined variable $equipes
in APPPATH\Views\adicionarOS.php on line 81.
 1 APPPATH\Views\adicionarOS.php(81): CodeIgniter\Debug\Exceptions->errorHandler()
 2 SYSTEMPATH\View\View.php(228): include('C:\\Users\\pando\\Desktop\\MVCmecanica\\app\\Views\\adicionarOS.php')
 3 SYSTEMPATH\View\View.php(231): CodeIgniter\View\View->CodeIgniter\View\{closure}()
 4 SYSTEMPATH\Common.php(1190): CodeIgniter\View\View->render()
 5 APPPATH\Controllers\osController.php(132): view()
 6 SYSTEMPATH\CodeIgniter.php(942): App\Controllers\OsController->adicionarOS()
 7 SYSTEMPATH\CodeIgniter.php(502): CodeIgniter\CodeIgniter->runController()
 8 SYSTEMPATH\CodeIgniter.php(361): CodeIgniter\CodeIgniter->handleRequest()
 9 FCPATH\index.php(79): CodeIgniter\CodeIgniter->run()
10 SYSTEMPATH\Commands\Server\rewrite.php(47): require_once('C:\\Users\\pando\\Desktop\\MVCmecanica\\public\\index.php')
CRITICAL - 2023-11-27 00:13:01 --> Undefined variable $equipes
in APPPATH\Controllers\osController.php on line 132.
 1 APPPATH\Controllers\osController.php(132): CodeIgniter\Debug\Exceptions->errorHandler()
 2 SYSTEMPATH\CodeIgniter.php(942): App\Controllers\OsController->adicionarOS()
 3 SYSTEMPATH\CodeIgniter.php(502): CodeIgniter\CodeIgniter->runController()
 4 SYSTEMPATH\CodeIgniter.php(361): CodeIgniter\CodeIgniter->handleRequest()
 5 FCPATH\index.php(79): CodeIgniter\CodeIgniter->run()
 6 SYSTEMPATH\Commands\Server\rewrite.php(47): require_once('C:\\Users\\pando\\Desktop\\MVCmecanica\\public\\index.php')
ERROR - 2023-11-27 00:15:03 --> mysqli_sql_exception: Cannot add or update a child row: a foreign key constraint fails (`mecanica2`.`ordemdeservico_peca`, CONSTRAINT `ordemdeservico_peca_ibfk_2` FOREIGN KEY (`peca_id`) REFERENCES `peca` (`id`)) in C:\Users\pando\Desktop\MVCmecanica\system\Database\MySQLi\Connection.php:306
Stack trace:
#0 C:\Users\pando\Desktop\MVCmecanica\system\Database\MySQLi\Connection.php(306): mysqli->query()
#1 C:\Users\pando\Desktop\MVCmecanica\system\Database\BaseConnection.php(693): CodeIgniter\Database\MySQLi\Connection->execute()
#2 C:\Users\pando\Desktop\MVCmecanica\system\Database\BaseConnection.php(607): CodeIgniter\Database\BaseConnection->simpleQuery()
#3 C:\Users\pando\Desktop\MVCmecanica\system\Database\BaseBuilder.php(2308): CodeIgniter\Database\BaseConnection->query()
#4 C:\Users\pando\Desktop\MVCmecanica\system\Model.php(319): CodeIgniter\Database\BaseBuilder->insert()
#5 C:\Users\pando\Desktop\MVCmecanica\system\BaseModel.php(766): CodeIgniter\Model->doInsert()
#6 C:\Users\pando\Desktop\MVCmecanica\system\Model.php(715): CodeIgniter\BaseModel->insert()
#7 C:\Users\pando\Desktop\MVCmecanica\app\Controllers\osController.php(126): CodeIgniter\Model->insert()
#8 C:\Users\pando\Desktop\MVCmecanica\system\CodeIgniter.php(942): App\Controllers\OsController->adicionarOS()
#9 C:\Users\pando\Desktop\MVCmecanica\system\CodeIgniter.php(502): CodeIgniter\CodeIgniter->runController()
#10 C:\Users\pando\Desktop\MVCmecanica\system\CodeIgniter.php(361): CodeIgniter\CodeIgniter->handleRequest()
#11 C:\Users\pando\Desktop\MVCmecanica\public\index.php(79): CodeIgniter\CodeIgniter->run()
#12 C:\Users\pando\Desktop\MVCmecanica\system\Commands\Server\rewrite.php(47): require_once('...')
#13 {main}
CRITICAL - 2023-11-27 00:20:21 --> Undefined array key "mecanicos"
in APPPATH\Views\adicionar.php on line 223.
 1 APPPATH\Views\adicionar.php(223): CodeIgniter\Debug\Exceptions->errorHandler()
 2 SYSTEMPATH\View\View.php(228): include('C:\\Users\\pando\\Desktop\\MVCmecanica\\app\\Views\\adicionar.php')
 3 SYSTEMPATH\View\View.php(231): CodeIgniter\View\View->CodeIgniter\View\{closure}()
 4 SYSTEMPATH\Common.php(1190): CodeIgniter\View\View->render()
 5 APPPATH\Controllers\AddController.php(243): view()
 6 SYSTEMPATH\CodeIgniter.php(942): App\Controllers\AddController->adicionar()
 7 SYSTEMPATH\CodeIgniter.php(502): CodeIgniter\CodeIgniter->runController()
 8 SYSTEMPATH\CodeIgniter.php(361): CodeIgniter\CodeIgniter->handleRequest()
 9 FCPATH\index.php(79): CodeIgniter\CodeIgniter->run()
10 SYSTEMPATH\Commands\Server\rewrite.php(47): require_once('C:\\Users\\pando\\Desktop\\MVCmecanica\\public\\index.php')
CRITICAL - 2023-11-27 00:20:50 --> Undefined array key "especialidades"
in APPPATH\Views\adicionar.php on line 233.
 1 APPPATH\Views\adicionar.php(233): CodeIgniter\Debug\Exceptions->errorHandler()
 2 SYSTEMPATH\View\View.php(228): include('C:\\Users\\pando\\Desktop\\MVCmecanica\\app\\Views\\adicionar.php')
 3 SYSTEMPATH\View\View.php(231): CodeIgniter\View\View->CodeIgniter\View\{closure}()
 4 SYSTEMPATH\Common.php(1190): CodeIgniter\View\View->render()
 5 APPPATH\Controllers\AddController.php(243): view()
 6 SYSTEMPATH\CodeIgniter.php(942): App\Controllers\AddController->adicionar()
 7 SYSTEMPATH\CodeIgniter.php(502): CodeIgniter\CodeIgniter->runController()
 8 SYSTEMPATH\CodeIgniter.php(361): CodeIgniter\CodeIgniter->handleRequest()
 9 FCPATH\index.php(79): CodeIgniter\CodeIgniter->run()
10 SYSTEMPATH\Commands\Server\rewrite.php(47): require_once('C:\\Users\\pando\\Desktop\\MVCmecanica\\public\\index.php')
CRITICAL - 2023-11-27 00:20:51 --> Undefined array key "especialidades"
in APPPATH\Views\adicionar.php on line 233.
 1 APPPATH\Views\adicionar.php(233): CodeIgniter\Debug\Exceptions->errorHandler()
 2 SYSTEMPATH\View\View.php(228): include('C:\\Users\\pando\\Desktop\\MVCmecanica\\app\\Views\\adicionar.php')
 3 SYSTEMPATH\View\View.php(231): CodeIgniter\View\View->CodeIgniter\View\{closure}()
 4 SYSTEMPATH\Common.php(1190): CodeIgniter\View\View->render()
 5 APPPATH\Controllers\AddController.php(243): view()
 6 SYSTEMPATH\CodeIgniter.php(942): App\Controllers\AddController->adicionar()
 7 SYSTEMPATH\CodeIgniter.php(502): CodeIgniter\CodeIgniter->runController()
 8 SYSTEMPATH\CodeIgniter.php(361): CodeIgniter\CodeIgniter->handleRequest()
 9 FCPATH\index.php(79): CodeIgniter\CodeIgniter->run()
10 SYSTEMPATH\Commands\Server\rewrite.php(47): require_once('C:\\Users\\pando\\Desktop\\MVCmecanica\\public\\index.php')
CRITICAL - 2023-11-27 22:24:03 --> Class "App\Controllers\EspecialidadeModel" not found
in APPPATH\Controllers\AddController.php on line 211.
 1 SYSTEMPATH\CodeIgniter.php(942): App\Controllers\AddController->adicionar()
 2 SYSTEMPATH\CodeIgniter.php(502): CodeIgniter\CodeIgniter->runController()
 3 SYSTEMPATH\CodeIgniter.php(361): CodeIgniter\CodeIgniter->handleRequest()
 4 FCPATH\index.php(79): CodeIgniter\CodeIgniter->run()
 5 SYSTEMPATH\Commands\Server\rewrite.php(47): require_once('C:\\Users\\pando\\Desktop\\MVCmecanica\\public\\index.php')
CRITICAL - 2023-11-27 22:24:34 --> Call to undefined method App\Models\UserModel::getMecanicos
in SYSTEMPATH\Model.php on line 873.
 1 APPPATH\Controllers\AddController.php(214): CodeIgniter\Model->__call()
 2 SYSTEMPATH\CodeIgniter.php(942): App\Controllers\AddController->adicionar()
 3 SYSTEMPATH\CodeIgniter.php(502): CodeIgniter\CodeIgniter->runController()
 4 SYSTEMPATH\CodeIgniter.php(361): CodeIgniter\CodeIgniter->handleRequest()
 5 FCPATH\index.php(79): CodeIgniter\CodeIgniter->run()
 6 SYSTEMPATH\Commands\Server\rewrite.php(47): require_once('C:\\Users\\pando\\Desktop\\MVCmecanica\\public\\index.php')
CRITICAL - 2023-11-27 22:25:15 --> Attempt to read property "id" on array
in APPPATH\Views\adicionar.php on line 231.
 1 APPPATH\Views\adicionar.php(231): CodeIgniter\Debug\Exceptions->errorHandler()
 2 SYSTEMPATH\View\View.php(228): include('C:\\Users\\pando\\Desktop\\MVCmecanica\\app\\Views\\adicionar.php')
 3 SYSTEMPATH\View\View.php(231): CodeIgniter\View\View->CodeIgniter\View\{closure}()
 4 SYSTEMPATH\Common.php(1190): CodeIgniter\View\View->render()
 5 APPPATH\Controllers\AddController.php(256): view()
 6 SYSTEMPATH\CodeIgniter.php(942): App\Controllers\AddController->adicionar()
 7 SYSTEMPATH\CodeIgniter.php(502): CodeIgniter\CodeIgniter->runController()
 8 SYSTEMPATH\CodeIgniter.php(361): CodeIgniter\CodeIgniter->handleRequest()
 9 FCPATH\index.php(79): CodeIgniter\CodeIgniter->run()
10 SYSTEMPATH\Commands\Server\rewrite.php(47): require_once('C:\\Users\\pando\\Desktop\\MVCmecanica\\public\\index.php')
ERROR - 2023-11-27 22:50:11 --> mysqli_sql_exception: Cannot add or update a child row: a foreign key constraint fails (`mecanica2`.`equipe`, CONSTRAINT `equipe_ibfk_1` FOREIGN KEY (`mecanico_id`) REFERENCES `user` (`id`)) in C:\Users\pando\Desktop\MVCmecanica\system\Database\MySQLi\Connection.php:306
Stack trace:
#0 C:\Users\pando\Desktop\MVCmecanica\system\Database\MySQLi\Connection.php(306): mysqli->query()
#1 C:\Users\pando\Desktop\MVCmecanica\system\Database\BaseConnection.php(693): CodeIgniter\Database\MySQLi\Connection->execute()
#2 C:\Users\pando\Desktop\MVCmecanica\system\Database\BaseConnection.php(607): CodeIgniter\Database\BaseConnection->simpleQuery()
#3 C:\Users\pando\Desktop\MVCmecanica\system\Database\BaseBuilder.php(2308): CodeIgniter\Database\BaseConnection->query()
#4 C:\Users\pando\Desktop\MVCmecanica\system\Model.php(319): CodeIgniter\Database\BaseBuilder->insert()
#5 C:\Users\pando\Desktop\MVCmecanica\system\BaseModel.php(766): CodeIgniter\Model->doInsert()
#6 C:\Users\pando\Desktop\MVCmecanica\system\Model.php(715): CodeIgniter\BaseModel->insert()
#7 C:\Users\pando\Desktop\MVCmecanica\app\Controllers\AddController.php(229): CodeIgniter\Model->insert()
#8 C:\Users\pando\Desktop\MVCmecanica\system\CodeIgniter.php(942): App\Controllers\AddController->adicionar()
#9 C:\Users\pando\Desktop\MVCmecanica\system\CodeIgniter.php(502): CodeIgniter\CodeIgniter->runController()
#10 C:\Users\pando\Desktop\MVCmecanica\system\CodeIgniter.php(361): CodeIgniter\CodeIgniter->handleRequest()
#11 C:\Users\pando\Desktop\MVCmecanica\public\index.php(79): CodeIgniter\CodeIgniter->run()
#12 C:\Users\pando\Desktop\MVCmecanica\system\Commands\Server\rewrite.php(47): require_once('...')
#13 {main}
CRITICAL - 2023-11-27 22:50:11 --> Undefined variable $equipeId
in APPPATH\Controllers\AddController.php on line 238.
 1 APPPATH\Controllers\AddController.php(238): CodeIgniter\Debug\Exceptions->errorHandler()
 2 SYSTEMPATH\CodeIgniter.php(942): App\Controllers\AddController->adicionar()
 3 SYSTEMPATH\CodeIgniter.php(502): CodeIgniter\CodeIgniter->runController()
 4 SYSTEMPATH\CodeIgniter.php(361): CodeIgniter\CodeIgniter->handleRequest()
 5 FCPATH\index.php(79): CodeIgniter\CodeIgniter->run()
 6 SYSTEMPATH\Commands\Server\rewrite.php(47): require_once('C:\\Users\\pando\\Desktop\\MVCmecanica\\public\\index.php')
CRITICAL - 2023-11-27 22:51:45 --> Undefined variable $equipeId
in APPPATH\Controllers\AddController.php on line 237.
 1 APPPATH\Controllers\AddController.php(237): CodeIgniter\Debug\Exceptions->errorHandler()
 2 SYSTEMPATH\CodeIgniter.php(942): App\Controllers\AddController->adicionar()
 3 SYSTEMPATH\CodeIgniter.php(502): CodeIgniter\CodeIgniter->runController()
 4 SYSTEMPATH\CodeIgniter.php(361): CodeIgniter\CodeIgniter->handleRequest()
 5 FCPATH\index.php(79): CodeIgniter\CodeIgniter->run()
 6 SYSTEMPATH\Commands\Server\rewrite.php(47): require_once('C:\\Users\\pando\\Desktop\\MVCmecanica\\public\\index.php')
CRITICAL - 2023-11-27 22:51:48 --> Undefined variable $equipeId
in APPPATH\Controllers\AddController.php on line 237.
 1 APPPATH\Controllers\AddController.php(237): CodeIgniter\Debug\Exceptions->errorHandler()
 2 SYSTEMPATH\CodeIgniter.php(942): App\Controllers\AddController->adicionar()
 3 SYSTEMPATH\CodeIgniter.php(502): CodeIgniter\CodeIgniter->runController()
 4 SYSTEMPATH\CodeIgniter.php(361): CodeIgniter\CodeIgniter->handleRequest()
 5 FCPATH\index.php(79): CodeIgniter\CodeIgniter->run()
 6 SYSTEMPATH\Commands\Server\rewrite.php(47): require_once('C:\\Users\\pando\\Desktop\\MVCmecanica\\public\\index.php')
CRITICAL - 2023-11-27 22:51:55 --> Undefined variable $equipeId
in APPPATH\Controllers\AddController.php on line 237.
 1 APPPATH\Controllers\AddController.php(237): CodeIgniter\Debug\Exceptions->errorHandler()
 2 SYSTEMPATH\CodeIgniter.php(942): App\Controllers\AddController->adicionar()
 3 SYSTEMPATH\CodeIgniter.php(502): CodeIgniter\CodeIgniter->runController()
 4 SYSTEMPATH\CodeIgniter.php(361): CodeIgniter\CodeIgniter->handleRequest()
 5 FCPATH\index.php(79): CodeIgniter\CodeIgniter->run()
 6 SYSTEMPATH\Commands\Server\rewrite.php(47): require_once('C:\\Users\\pando\\Desktop\\MVCmecanica\\public\\index.php')
CRITICAL - 2023-11-27 22:52:51 --> Undefined variable $equipeId
in APPPATH\Controllers\AddController.php on line 237.
 1 APPPATH\Controllers\AddController.php(237): CodeIgniter\Debug\Exceptions->errorHandler()
 2 SYSTEMPATH\CodeIgniter.php(942): App\Controllers\AddController->adicionar()
 3 SYSTEMPATH\CodeIgniter.php(502): CodeIgniter\CodeIgniter->runController()
 4 SYSTEMPATH\CodeIgniter.php(361): CodeIgniter\CodeIgniter->handleRequest()
 5 FCPATH\index.php(79): CodeIgniter\CodeIgniter->run()
 6 SYSTEMPATH\Commands\Server\rewrite.php(47): require_once('C:\\Users\\pando\\Desktop\\MVCmecanica\\public\\index.php')
CRITICAL - 2023-11-27 22:53:42 --> Undefined variable $equipeId
in APPPATH\Controllers\AddController.php on line 237.
 1 APPPATH\Controllers\AddController.php(237): CodeIgniter\Debug\Exceptions->errorHandler()
 2 SYSTEMPATH\CodeIgniter.php(942): App\Controllers\AddController->adicionar()
 3 SYSTEMPATH\CodeIgniter.php(502): CodeIgniter\CodeIgniter->runController()
 4 SYSTEMPATH\CodeIgniter.php(361): CodeIgniter\CodeIgniter->handleRequest()
 5 FCPATH\index.php(79): CodeIgniter\CodeIgniter->run()
 6 SYSTEMPATH\Commands\Server\rewrite.php(47): require_once('C:\\Users\\pando\\Desktop\\MVCmecanica\\public\\index.php')
ERROR - 2023-11-27 22:55:24 --> mysqli_sql_exception: Cannot add or update a child row: a foreign key constraint fails (`mecanica2`.`equipe`, CONSTRAINT `equipe_ibfk_1` FOREIGN KEY (`mecanico_id`) REFERENCES `user` (`id`)) in C:\Users\pando\Desktop\MVCmecanica\system\Database\MySQLi\Connection.php:306
Stack trace:
#0 C:\Users\pando\Desktop\MVCmecanica\system\Database\MySQLi\Connection.php(306): mysqli->query()
#1 C:\Users\pando\Desktop\MVCmecanica\system\Database\BaseConnection.php(693): CodeIgniter\Database\MySQLi\Connection->execute()
#2 C:\Users\pando\Desktop\MVCmecanica\system\Database\BaseConnection.php(607): CodeIgniter\Database\BaseConnection->simpleQuery()
#3 C:\Users\pando\Desktop\MVCmecanica\system\Database\BaseBuilder.php(2308): CodeIgniter\Database\BaseConnection->query()
#4 C:\Users\pando\Desktop\MVCmecanica\system\Model.php(319): CodeIgniter\Database\BaseBuilder->insert()
#5 C:\Users\pando\Desktop\MVCmecanica\system\BaseModel.php(766): CodeIgniter\Model->doInsert()
#6 C:\Users\pando\Desktop\MVCmecanica\system\Model.php(715): CodeIgniter\BaseModel->insert()
#7 C:\Users\pando\Desktop\MVCmecanica\app\Controllers\AddController.php(227): CodeIgniter\Model->insert()
#8 C:\Users\pando\Desktop\MVCmecanica\system\CodeIgniter.php(942): App\Controllers\AddController->adicionar()
#9 C:\Users\pando\Desktop\MVCmecanica\system\CodeIgniter.php(502): CodeIgniter\CodeIgniter->runController()
#10 C:\Users\pando\Desktop\MVCmecanica\system\CodeIgniter.php(361): CodeIgniter\CodeIgniter->handleRequest()
#11 C:\Users\pando\Desktop\MVCmecanica\public\index.php(79): CodeIgniter\CodeIgniter->run()
#12 C:\Users\pando\Desktop\MVCmecanica\system\Commands\Server\rewrite.php(47): require_once('...')
#13 {main}
CRITICAL - 2023-11-27 22:55:24 --> Undefined variable $data
in APPPATH\Views\adicionar.php on line 20.
 1 APPPATH\Views\adicionar.php(20): CodeIgniter\Debug\Exceptions->errorHandler()
 2 SYSTEMPATH\View\View.php(228): include('C:\\Users\\pando\\Desktop\\MVCmecanica\\app\\Views\\adicionar.php')
 3 SYSTEMPATH\View\View.php(231): CodeIgniter\View\View->CodeIgniter\View\{closure}()
 4 SYSTEMPATH\Common.php(1190): CodeIgniter\View\View->render()
 5 APPPATH\Controllers\AddController.php(242): view()
 6 SYSTEMPATH\CodeIgniter.php(942): App\Controllers\AddController->adicionar()
 7 SYSTEMPATH\CodeIgniter.php(502): CodeIgniter\CodeIgniter->runController()
 8 SYSTEMPATH\CodeIgniter.php(361): CodeIgniter\CodeIgniter->handleRequest()
 9 FCPATH\index.php(79): CodeIgniter\CodeIgniter->run()
10 SYSTEMPATH\Commands\Server\rewrite.php(47): require_once('C:\\Users\\pando\\Desktop\\MVCmecanica\\public\\index.php')
CRITICAL - 2023-11-27 22:56:23 --> Undefined variable $viewData
in APPPATH\Views\adicionar.php on line 202.
 1 APPPATH\Views\adicionar.php(202): CodeIgniter\Debug\Exceptions->errorHandler()
 2 SYSTEMPATH\View\View.php(228): include('C:\\Users\\pando\\Desktop\\MVCmecanica\\app\\Views\\adicionar.php')
 3 SYSTEMPATH\View\View.php(231): CodeIgniter\View\View->CodeIgniter\View\{closure}()
 4 SYSTEMPATH\Common.php(1190): CodeIgniter\View\View->render()
 5 APPPATH\Controllers\AddController.php(250): view()
 6 SYSTEMPATH\CodeIgniter.php(942): App\Controllers\AddController->adicionar()
 7 SYSTEMPATH\CodeIgniter.php(502): CodeIgniter\CodeIgniter->runController()
 8 SYSTEMPATH\CodeIgniter.php(361): CodeIgniter\CodeIgniter->handleRequest()
 9 FCPATH\index.php(79): CodeIgniter\CodeIgniter->run()
10 SYSTEMPATH\Commands\Server\rewrite.php(47): require_once('C:\\Users\\pando\\Desktop\\MVCmecanica\\public\\index.php')
CRITICAL - 2023-11-27 22:56:24 --> Undefined variable $viewData
in APPPATH\Views\adicionar.php on line 202.
 1 APPPATH\Views\adicionar.php(202): CodeIgniter\Debug\Exceptions->errorHandler()
 2 SYSTEMPATH\View\View.php(228): include('C:\\Users\\pando\\Desktop\\MVCmecanica\\app\\Views\\adicionar.php')
 3 SYSTEMPATH\View\View.php(231): CodeIgniter\View\View->CodeIgniter\View\{closure}()
 4 SYSTEMPATH\Common.php(1190): CodeIgniter\View\View->render()
 5 APPPATH\Controllers\AddController.php(250): view()
 6 SYSTEMPATH\CodeIgniter.php(942): App\Controllers\AddController->adicionar()
 7 SYSTEMPATH\CodeIgniter.php(502): CodeIgniter\CodeIgniter->runController()
 8 SYSTEMPATH\CodeIgniter.php(361): CodeIgniter\CodeIgniter->handleRequest()
 9 FCPATH\index.php(79): CodeIgniter\CodeIgniter->run()
10 SYSTEMPATH\Commands\Server\rewrite.php(47): require_once('C:\\Users\\pando\\Desktop\\MVCmecanica\\public\\index.php')
CRITICAL - 2023-11-27 22:56:28 --> Undefined variable $viewData
in APPPATH\Views\adicionar.php on line 202.
 1 APPPATH\Views\adicionar.php(202): CodeIgniter\Debug\Exceptions->errorHandler()
 2 SYSTEMPATH\View\View.php(228): include('C:\\Users\\pando\\Desktop\\MVCmecanica\\app\\Views\\adicionar.php')
 3 SYSTEMPATH\View\View.php(231): CodeIgniter\View\View->CodeIgniter\View\{closure}()
 4 SYSTEMPATH\Common.php(1190): CodeIgniter\View\View->render()
 5 APPPATH\Controllers\AddController.php(250): view()
 6 SYSTEMPATH\CodeIgniter.php(942): App\Controllers\AddController->adicionar()
 7 SYSTEMPATH\CodeIgniter.php(502): CodeIgniter\CodeIgniter->runController()
 8 SYSTEMPATH\CodeIgniter.php(361): CodeIgniter\CodeIgniter->handleRequest()
 9 FCPATH\index.php(79): CodeIgniter\CodeIgniter->run()
10 SYSTEMPATH\Commands\Server\rewrite.php(47): require_once('C:\\Users\\pando\\Desktop\\MVCmecanica\\public\\index.php')
ERROR - 2023-11-27 22:57:47 --> mysqli_sql_exception: Cannot add or update a child row: a foreign key constraint fails (`mecanica2`.`equipe`, CONSTRAINT `equipe_ibfk_1` FOREIGN KEY (`mecanico_id`) REFERENCES `user` (`id`)) in C:\Users\pando\Desktop\MVCmecanica\system\Database\MySQLi\Connection.php:306
Stack trace:
#0 C:\Users\pando\Desktop\MVCmecanica\system\Database\MySQLi\Connection.php(306): mysqli->query()
#1 C:\Users\pando\Desktop\MVCmecanica\system\Database\BaseConnection.php(693): CodeIgniter\Database\MySQLi\Connection->execute()
#2 C:\Users\pando\Desktop\MVCmecanica\system\Database\BaseConnection.php(607): CodeIgniter\Database\BaseConnection->simpleQuery()
#3 C:\Users\pando\Desktop\MVCmecanica\system\Database\BaseBuilder.php(2308): CodeIgniter\Database\BaseConnection->query()
#4 C:\Users\pando\Desktop\MVCmecanica\system\Model.php(319): CodeIgniter\Database\BaseBuilder->insert()
#5 C:\Users\pando\Desktop\MVCmecanica\system\BaseModel.php(766): CodeIgniter\Model->doInsert()
#6 C:\Users\pando\Desktop\MVCmecanica\system\Model.php(715): CodeIgniter\BaseModel->insert()
#7 C:\Users\pando\Desktop\MVCmecanica\app\Controllers\AddController.php(233): CodeIgniter\Model->insert()
#8 C:\Users\pando\Desktop\MVCmecanica\system\CodeIgniter.php(942): App\Controllers\AddController->adicionar()
#9 C:\Users\pando\Desktop\MVCmecanica\system\CodeIgniter.php(502): CodeIgniter\CodeIgniter->runController()
#10 C:\Users\pando\Desktop\MVCmecanica\system\CodeIgniter.php(361): CodeIgniter\CodeIgniter->handleRequest()
#11 C:\Users\pando\Desktop\MVCmecanica\public\index.php(79): CodeIgniter\CodeIgniter->run()
#12 C:\Users\pando\Desktop\MVCmecanica\system\Commands\Server\rewrite.php(47): require_once('...')
#13 {main}
CRITICAL - 2023-11-27 22:58:08 --> There is no data to update.
in SYSTEMPATH\BaseModel.php on line 908.
 1 SYSTEMPATH\BaseModel.php(908): CodeIgniter\Database\Exceptions\DataException::forEmptyDataset()
 2 SYSTEMPATH\Model.php(776): CodeIgniter\BaseModel->update()
 3 APPPATH\Controllers\ListarController.php(279): CodeIgniter\Model->update()
 4 SYSTEMPATH\CodeIgniter.php(942): App\Controllers\ListarController->alterarStatus()
 5 SYSTEMPATH\CodeIgniter.php(502): CodeIgniter\CodeIgniter->runController()
 6 SYSTEMPATH\CodeIgniter.php(361): CodeIgniter\CodeIgniter->handleRequest()
 7 FCPATH\index.php(79): CodeIgniter\CodeIgniter->run()
 8 SYSTEMPATH\Commands\Server\rewrite.php(47): require_once('C:\\Users\\pando\\Desktop\\MVCmecanica\\public\\index.php')
CRITICAL - 2023-11-27 23:01:38 --> Undefined variable $todos_mecanicos
in APPPATH\Views\adicionar.php on line 216.
 1 APPPATH\Views\adicionar.php(216): CodeIgniter\Debug\Exceptions->errorHandler()
 2 SYSTEMPATH\View\View.php(228): include('C:\\Users\\pando\\Desktop\\MVCmecanica\\app\\Views\\adicionar.php')
 3 SYSTEMPATH\View\View.php(231): CodeIgniter\View\View->CodeIgniter\View\{closure}()
 4 SYSTEMPATH\Common.php(1190): CodeIgniter\View\View->render()
 5 APPPATH\Controllers\AddController.php(256): view()
 6 SYSTEMPATH\CodeIgniter.php(942): App\Controllers\AddController->adicionar()
 7 SYSTEMPATH\CodeIgniter.php(502): CodeIgniter\CodeIgniter->runController()
 8 SYSTEMPATH\CodeIgniter.php(361): CodeIgniter\CodeIgniter->handleRequest()
 9 FCPATH\index.php(79): CodeIgniter\CodeIgniter->run()
10 SYSTEMPATH\Commands\Server\rewrite.php(47): require_once('C:\\Users\\pando\\Desktop\\MVCmecanica\\public\\index.php')
CRITICAL - 2023-11-27 23:02:14 --> Undefined array key "todos_mecanicos"
in APPPATH\Views\adicionar.php on line 216.
 1 APPPATH\Views\adicionar.php(216): CodeIgniter\Debug\Exceptions->errorHandler()
 2 SYSTEMPATH\View\View.php(228): include('C:\\Users\\pando\\Desktop\\MVCmecanica\\app\\Views\\adicionar.php')
 3 SYSTEMPATH\View\View.php(231): CodeIgniter\View\View->CodeIgniter\View\{closure}()
 4 SYSTEMPATH\Common.php(1190): CodeIgniter\View\View->render()
 5 APPPATH\Controllers\AddController.php(256): view()
 6 SYSTEMPATH\CodeIgniter.php(942): App\Controllers\AddController->adicionar()
 7 SYSTEMPATH\CodeIgniter.php(502): CodeIgniter\CodeIgniter->runController()
 8 SYSTEMPATH\CodeIgniter.php(361): CodeIgniter\CodeIgniter->handleRequest()
 9 FCPATH\index.php(79): CodeIgniter\CodeIgniter->run()
10 SYSTEMPATH\Commands\Server\rewrite.php(47): require_once('C:\\Users\\pando\\Desktop\\MVCmecanica\\public\\index.php')
CRITICAL - 2023-11-27 23:03:07 --> Undefined property: App\Controllers\AddController::$mecanico_model
in APPPATH\Controllers\AddController.php on line 216.
 1 APPPATH\Controllers\AddController.php(216): CodeIgniter\Debug\Exceptions->errorHandler()
 2 SYSTEMPATH\CodeIgniter.php(942): App\Controllers\AddController->adicionar()
 3 SYSTEMPATH\CodeIgniter.php(502): CodeIgniter\CodeIgniter->runController()
 4 SYSTEMPATH\CodeIgniter.php(361): CodeIgniter\CodeIgniter->handleRequest()
 5 FCPATH\index.php(79): CodeIgniter\CodeIgniter->run()
 6 SYSTEMPATH\Commands\Server\rewrite.php(47): require_once('C:\\Users\\pando\\Desktop\\MVCmecanica\\public\\index.php')
CRITICAL - 2023-11-27 23:03:32 --> Undefined property: App\Controllers\AddController::$mecanicoModel
in APPPATH\Controllers\AddController.php on line 216.
 1 APPPATH\Controllers\AddController.php(216): CodeIgniter\Debug\Exceptions->errorHandler()
 2 SYSTEMPATH\CodeIgniter.php(942): App\Controllers\AddController->adicionar()
 3 SYSTEMPATH\CodeIgniter.php(502): CodeIgniter\CodeIgniter->runController()
 4 SYSTEMPATH\CodeIgniter.php(361): CodeIgniter\CodeIgniter->handleRequest()
 5 FCPATH\index.php(79): CodeIgniter\CodeIgniter->run()
 6 SYSTEMPATH\Commands\Server\rewrite.php(47): require_once('C:\\Users\\pando\\Desktop\\MVCmecanica\\public\\index.php')
CRITICAL - 2023-11-27 23:04:12 --> Call to undefined method App\Models\UserModel::get_all
in SYSTEMPATH\Model.php on line 873.
 1 APPPATH\Controllers\AddController.php(216): CodeIgniter\Model->__call()
 2 SYSTEMPATH\CodeIgniter.php(942): App\Controllers\AddController->adicionar()
 3 SYSTEMPATH\CodeIgniter.php(502): CodeIgniter\CodeIgniter->runController()
 4 SYSTEMPATH\CodeIgniter.php(361): CodeIgniter\CodeIgniter->handleRequest()
 5 FCPATH\index.php(79): CodeIgniter\CodeIgniter->run()
 6 SYSTEMPATH\Commands\Server\rewrite.php(47): require_once('C:\\Users\\pando\\Desktop\\MVCmecanica\\public\\index.php')
CRITICAL - 2023-11-27 23:05:30 --> Undefined property: App\Controllers\AddController::$input
in APPPATH\Controllers\AddController.php on line 217.
 1 APPPATH\Controllers\AddController.php(217): CodeIgniter\Debug\Exceptions->errorHandler()
 2 SYSTEMPATH\CodeIgniter.php(942): App\Controllers\AddController->adicionar()
 3 SYSTEMPATH\CodeIgniter.php(502): CodeIgniter\CodeIgniter->runController()
 4 SYSTEMPATH\CodeIgniter.php(361): CodeIgniter\CodeIgniter->handleRequest()
 5 FCPATH\index.php(79): CodeIgniter\CodeIgniter->run()
 6 SYSTEMPATH\Commands\Server\rewrite.php(47): require_once('C:\\Users\\pando\\Desktop\\MVCmecanica\\public\\index.php')
CRITICAL - 2023-11-27 23:06:02 --> Call to undefined method App\Models\UserModel::get_by_ids
in SYSTEMPATH\Model.php on line 873.
 1 APPPATH\Controllers\AddController.php(217): CodeIgniter\Model->__call()
 2 SYSTEMPATH\CodeIgniter.php(942): App\Controllers\AddController->adicionar()
 3 SYSTEMPATH\CodeIgniter.php(502): CodeIgniter\CodeIgniter->runController()
 4 SYSTEMPATH\CodeIgniter.php(361): CodeIgniter\CodeIgniter->handleRequest()
 5 FCPATH\index.php(79): CodeIgniter\CodeIgniter->run()
 6 SYSTEMPATH\Commands\Server\rewrite.php(47): require_once('C:\\Users\\pando\\Desktop\\MVCmecanica\\public\\index.php')
CRITICAL - 2023-11-27 23:06:42 --> whereIn() expects $values to be of type array or closure
in SYSTEMPATH\Database\BaseBuilder.php on line 939.
 1 SYSTEMPATH\Database\BaseBuilder.php(826): CodeIgniter\Database\BaseBuilder->_whereIn()
 2 SYSTEMPATH\Model.php(871): CodeIgniter\Database\BaseBuilder->whereIn()
 3 APPPATH\Models\UserModel.php(48): CodeIgniter\Model->__call()
 4 APPPATH\Controllers\AddController.php(217): App\Models\UserModel->get_by_ids()
 5 SYSTEMPATH\CodeIgniter.php(942): App\Controllers\AddController->adicionar()
 6 SYSTEMPATH\CodeIgniter.php(502): CodeIgniter\CodeIgniter->runController()
 7 SYSTEMPATH\CodeIgniter.php(361): CodeIgniter\CodeIgniter->handleRequest()
 8 FCPATH\index.php(79): CodeIgniter\CodeIgniter->run()
 9 SYSTEMPATH\Commands\Server\rewrite.php(47): require_once('C:\\Users\\pando\\Desktop\\MVCmecanica\\public\\index.php')
CRITICAL - 2023-11-27 23:07:37 --> Undefined variable $data
in APPPATH\Views\adicionar.php on line 20.
 1 APPPATH\Views\adicionar.php(20): CodeIgniter\Debug\Exceptions->errorHandler()
 2 SYSTEMPATH\View\View.php(228): include('C:\\Users\\pando\\Desktop\\MVCmecanica\\app\\Views\\adicionar.php')
 3 SYSTEMPATH\View\View.php(231): CodeIgniter\View\View->CodeIgniter\View\{closure}()
 4 SYSTEMPATH\Common.php(1190): CodeIgniter\View\View->render()
 5 APPPATH\Controllers\AddController.php(219): view()
 6 SYSTEMPATH\CodeIgniter.php(942): App\Controllers\AddController->adicionar()
 7 SYSTEMPATH\CodeIgniter.php(502): CodeIgniter\CodeIgniter->runController()
 8 SYSTEMPATH\CodeIgniter.php(361): CodeIgniter\CodeIgniter->handleRequest()
 9 FCPATH\index.php(79): CodeIgniter\CodeIgniter->run()
10 SYSTEMPATH\Commands\Server\rewrite.php(47): require_once('C:\\Users\\pando\\Desktop\\MVCmecanica\\public\\index.php')
CRITICAL - 2023-11-27 23:08:37 --> Undefined variable $data
in APPPATH\Views\adicionar.php on line 20.
 1 APPPATH\Views\adicionar.php(20): CodeIgniter\Debug\Exceptions->errorHandler()
 2 SYSTEMPATH\View\View.php(228): include('C:\\Users\\pando\\Desktop\\MVCmecanica\\app\\Views\\adicionar.php')
 3 SYSTEMPATH\View\View.php(231): CodeIgniter\View\View->CodeIgniter\View\{closure}()
 4 SYSTEMPATH\Common.php(1190): CodeIgniter\View\View->render()
 5 APPPATH\Controllers\AddController.php(219): view()
 6 SYSTEMPATH\CodeIgniter.php(942): App\Controllers\AddController->adicionar()
 7 SYSTEMPATH\CodeIgniter.php(502): CodeIgniter\CodeIgniter->runController()
 8 SYSTEMPATH\CodeIgniter.php(361): CodeIgniter\CodeIgniter->handleRequest()
 9 FCPATH\index.php(79): CodeIgniter\CodeIgniter->run()
10 SYSTEMPATH\Commands\Server\rewrite.php(47): require_once('C:\\Users\\pando\\Desktop\\MVCmecanica\\public\\index.php')
CRITICAL - 2023-11-27 23:08:40 --> Undefined variable $data
in APPPATH\Views\adicionar.php on line 20.
 1 APPPATH\Views\adicionar.php(20): CodeIgniter\Debug\Exceptions->errorHandler()
 2 SYSTEMPATH\View\View.php(228): include('C:\\Users\\pando\\Desktop\\MVCmecanica\\app\\Views\\adicionar.php')
 3 SYSTEMPATH\View\View.php(231): CodeIgniter\View\View->CodeIgniter\View\{closure}()
 4 SYSTEMPATH\Common.php(1190): CodeIgniter\View\View->render()
 5 APPPATH\Controllers\AddController.php(219): view()
 6 SYSTEMPATH\CodeIgniter.php(942): App\Controllers\AddController->adicionar()
 7 SYSTEMPATH\CodeIgniter.php(502): CodeIgniter\CodeIgniter->runController()
 8 SYSTEMPATH\CodeIgniter.php(361): CodeIgniter\CodeIgniter->handleRequest()
 9 FCPATH\index.php(79): CodeIgniter\CodeIgniter->run()
10 SYSTEMPATH\Commands\Server\rewrite.php(47): require_once('C:\\Users\\pando\\Desktop\\MVCmecanica\\public\\index.php')
CRITICAL - 2023-11-27 23:08:40 --> Undefined variable $data
in APPPATH\Views\adicionar.php on line 20.
 1 APPPATH\Views\adicionar.php(20): CodeIgniter\Debug\Exceptions->errorHandler()
 2 SYSTEMPATH\View\View.php(228): include('C:\\Users\\pando\\Desktop\\MVCmecanica\\app\\Views\\adicionar.php')
 3 SYSTEMPATH\View\View.php(231): CodeIgniter\View\View->CodeIgniter\View\{closure}()
 4 SYSTEMPATH\Common.php(1190): CodeIgniter\View\View->render()
 5 APPPATH\Controllers\AddController.php(219): view()
 6 SYSTEMPATH\CodeIgniter.php(942): App\Controllers\AddController->adicionar()
 7 SYSTEMPATH\CodeIgniter.php(502): CodeIgniter\CodeIgniter->runController()
 8 SYSTEMPATH\CodeIgniter.php(361): CodeIgniter\CodeIgniter->handleRequest()
 9 FCPATH\index.php(79): CodeIgniter\CodeIgniter->run()
10 SYSTEMPATH\Commands\Server\rewrite.php(47): require_once('C:\\Users\\pando\\Desktop\\MVCmecanica\\public\\index.php')
CRITICAL - 2023-11-27 23:08:41 --> Undefined variable $data
in APPPATH\Views\adicionar.php on line 20.
 1 APPPATH\Views\adicionar.php(20): CodeIgniter\Debug\Exceptions->errorHandler()
 2 SYSTEMPATH\View\View.php(228): include('C:\\Users\\pando\\Desktop\\MVCmecanica\\app\\Views\\adicionar.php')
 3 SYSTEMPATH\View\View.php(231): CodeIgniter\View\View->CodeIgniter\View\{closure}()
 4 SYSTEMPATH\Common.php(1190): CodeIgniter\View\View->render()
 5 APPPATH\Controllers\AddController.php(219): view()
 6 SYSTEMPATH\CodeIgniter.php(942): App\Controllers\AddController->adicionar()
 7 SYSTEMPATH\CodeIgniter.php(502): CodeIgniter\CodeIgniter->runController()
 8 SYSTEMPATH\CodeIgniter.php(361): CodeIgniter\CodeIgniter->handleRequest()
 9 FCPATH\index.php(79): CodeIgniter\CodeIgniter->run()
10 SYSTEMPATH\Commands\Server\rewrite.php(47): require_once('C:\\Users\\pando\\Desktop\\MVCmecanica\\public\\index.php')
CRITICAL - 2023-11-27 23:09:02 --> Undefined variable $data
in APPPATH\Views\adicionar.php on line 54.
 1 APPPATH\Views\adicionar.php(54): CodeIgniter\Debug\Exceptions->errorHandler()
 2 SYSTEMPATH\View\View.php(228): include('C:\\Users\\pando\\Desktop\\MVCmecanica\\app\\Views\\adicionar.php')
 3 SYSTEMPATH\View\View.php(231): CodeIgniter\View\View->CodeIgniter\View\{closure}()
 4 SYSTEMPATH\Common.php(1190): CodeIgniter\View\View->render()
 5 APPPATH\Controllers\AddController.php(219): view()
 6 SYSTEMPATH\CodeIgniter.php(942): App\Controllers\AddController->adicionar()
 7 SYSTEMPATH\CodeIgniter.php(502): CodeIgniter\CodeIgniter->runController()
 8 SYSTEMPATH\CodeIgniter.php(361): CodeIgniter\CodeIgniter->handleRequest()
 9 FCPATH\index.php(79): CodeIgniter\CodeIgniter->run()
10 SYSTEMPATH\Commands\Server\rewrite.php(47): require_once('C:\\Users\\pando\\Desktop\\MVCmecanica\\public\\index.php')
CRITICAL - 2023-11-27 23:09:49 --> Undefined variable $data
in APPPATH\Views\adicionar.php on line 214.
 1 APPPATH\Views\adicionar.php(214): CodeIgniter\Debug\Exceptions->errorHandler()
 2 SYSTEMPATH\View\View.php(228): include('C:\\Users\\pando\\Desktop\\MVCmecanica\\app\\Views\\adicionar.php')
 3 SYSTEMPATH\View\View.php(231): CodeIgniter\View\View->CodeIgniter\View\{closure}()
 4 SYSTEMPATH\Common.php(1190): CodeIgniter\View\View->render()
 5 APPPATH\Controllers\AddController.php(219): view()
 6 SYSTEMPATH\CodeIgniter.php(942): App\Controllers\AddController->adicionar()
 7 SYSTEMPATH\CodeIgniter.php(502): CodeIgniter\CodeIgniter->runController()
 8 SYSTEMPATH\CodeIgniter.php(361): CodeIgniter\CodeIgniter->handleRequest()
 9 FCPATH\index.php(79): CodeIgniter\CodeIgniter->run()
10 SYSTEMPATH\Commands\Server\rewrite.php(47): require_once('C:\\Users\\pando\\Desktop\\MVCmecanica\\public\\index.php')
CRITICAL - 2023-11-27 23:10:40 --> Cannot use object of type stdClass as array
in APPPATH\Views\adicionar.php on line 215.
 1 SYSTEMPATH\View\View.php(228): include()
 2 SYSTEMPATH\View\View.php(231): CodeIgniter\View\View->CodeIgniter\View\{closure}()
 3 SYSTEMPATH\Common.php(1190): CodeIgniter\View\View->render()
 4 APPPATH\Controllers\AddController.php(219): view()
 5 SYSTEMPATH\CodeIgniter.php(942): App\Controllers\AddController->adicionar()
 6 SYSTEMPATH\CodeIgniter.php(502): CodeIgniter\CodeIgniter->runController()
 7 SYSTEMPATH\CodeIgniter.php(361): CodeIgniter\CodeIgniter->handleRequest()
 8 FCPATH\index.php(79): CodeIgniter\CodeIgniter->run()
 9 SYSTEMPATH\Commands\Server\rewrite.php(47): require_once('C:\\Users\\pando\\Desktop\\MVCmecanica\\public\\index.php')
CRITICAL - 2023-11-27 23:11:17 --> Undefined property: stdClass::$nome
in APPPATH\Views\adicionar.php on line 215.
 1 APPPATH\Views\adicionar.php(215): CodeIgniter\Debug\Exceptions->errorHandler()
 2 SYSTEMPATH\View\View.php(228): include('C:\\Users\\pando\\Desktop\\MVCmecanica\\app\\Views\\adicionar.php')
 3 SYSTEMPATH\View\View.php(231): CodeIgniter\View\View->CodeIgniter\View\{closure}()
 4 SYSTEMPATH\Common.php(1190): CodeIgniter\View\View->render()
 5 APPPATH\Controllers\AddController.php(219): view()
 6 SYSTEMPATH\CodeIgniter.php(942): App\Controllers\AddController->adicionar()
 7 SYSTEMPATH\CodeIgniter.php(502): CodeIgniter\CodeIgniter->runController()
 8 SYSTEMPATH\CodeIgniter.php(361): CodeIgniter\CodeIgniter->handleRequest()
 9 FCPATH\index.php(79): CodeIgniter\CodeIgniter->run()
10 SYSTEMPATH\Commands\Server\rewrite.php(47): require_once('C:\\Users\\pando\\Desktop\\MVCmecanica\\public\\index.php')
CRITICAL - 2023-11-27 23:14:23 --> Undefined variable $tipo
in APPPATH\Views\adicionar.php on line 20.
 1 APPPATH\Views\adicionar.php(20): CodeIgniter\Debug\Exceptions->errorHandler()
 2 SYSTEMPATH\View\View.php(228): include('C:\\Users\\pando\\Desktop\\MVCmecanica\\app\\Views\\adicionar.php')
 3 SYSTEMPATH\View\View.php(231): CodeIgniter\View\View->CodeIgniter\View\{closure}()
 4 SYSTEMPATH\Common.php(1190): CodeIgniter\View\View->render()
 5 APPPATH\Controllers\AddController.php(117): view()
 6 SYSTEMPATH\CodeIgniter.php(942): App\Controllers\AddController->adicionar()
 7 SYSTEMPATH\CodeIgniter.php(502): CodeIgniter\CodeIgniter->runController()
 8 SYSTEMPATH\CodeIgniter.php(361): CodeIgniter\CodeIgniter->handleRequest()
 9 FCPATH\index.php(79): CodeIgniter\CodeIgniter->run()
10 SYSTEMPATH\Commands\Server\rewrite.php(47): require_once('C:\\Users\\pando\\Desktop\\MVCmecanica\\public\\index.php')
CRITICAL - 2023-11-27 23:15:34 --> Attempt to read property "id" on array
in APPPATH\Views\adicionar.php on line 231.
 1 APPPATH\Views\adicionar.php(231): CodeIgniter\Debug\Exceptions->errorHandler()
 2 SYSTEMPATH\View\View.php(228): include('C:\\Users\\pando\\Desktop\\MVCmecanica\\app\\Views\\adicionar.php')
 3 SYSTEMPATH\View\View.php(231): CodeIgniter\View\View->CodeIgniter\View\{closure}()
 4 SYSTEMPATH\Common.php(1190): CodeIgniter\View\View->render()
 5 APPPATH\Controllers\AddController.php(256): view()
 6 SYSTEMPATH\CodeIgniter.php(942): App\Controllers\AddController->adicionar()
 7 SYSTEMPATH\CodeIgniter.php(502): CodeIgniter\CodeIgniter->runController()
 8 SYSTEMPATH\CodeIgniter.php(361): CodeIgniter\CodeIgniter->handleRequest()
 9 FCPATH\index.php(79): CodeIgniter\CodeIgniter->run()
10 SYSTEMPATH\Commands\Server\rewrite.php(47): require_once('C:\\Users\\pando\\Desktop\\MVCmecanica\\public\\index.php')
CRITICAL - 2023-11-27 23:15:50 --> Attempt to read property "id" on array
in APPPATH\Views\adicionar.php on line 231.
 1 APPPATH\Views\adicionar.php(231): CodeIgniter\Debug\Exceptions->errorHandler()
 2 SYSTEMPATH\View\View.php(228): include('C:\\Users\\pando\\Desktop\\MVCmecanica\\app\\Views\\adicionar.php')
 3 SYSTEMPATH\View\View.php(231): CodeIgniter\View\View->CodeIgniter\View\{closure}()
 4 SYSTEMPATH\Common.php(1190): CodeIgniter\View\View->render()
 5 APPPATH\Controllers\AddController.php(256): view()
 6 SYSTEMPATH\CodeIgniter.php(942): App\Controllers\AddController->adicionar()
 7 SYSTEMPATH\CodeIgniter.php(502): CodeIgniter\CodeIgniter->runController()
 8 SYSTEMPATH\CodeIgniter.php(361): CodeIgniter\CodeIgniter->handleRequest()
 9 FCPATH\index.php(79): CodeIgniter\CodeIgniter->run()
10 SYSTEMPATH\Commands\Server\rewrite.php(47): require_once('C:\\Users\\pando\\Desktop\\MVCmecanica\\public\\index.php')
CRITICAL - 2023-11-27 23:15:50 --> Attempt to read property "id" on array
in APPPATH\Views\adicionar.php on line 231.
 1 APPPATH\Views\adicionar.php(231): CodeIgniter\Debug\Exceptions->errorHandler()
 2 SYSTEMPATH\View\View.php(228): include('C:\\Users\\pando\\Desktop\\MVCmecanica\\app\\Views\\adicionar.php')
 3 SYSTEMPATH\View\View.php(231): CodeIgniter\View\View->CodeIgniter\View\{closure}()
 4 SYSTEMPATH\Common.php(1190): CodeIgniter\View\View->render()
 5 APPPATH\Controllers\AddController.php(256): view()
 6 SYSTEMPATH\CodeIgniter.php(942): App\Controllers\AddController->adicionar()
 7 SYSTEMPATH\CodeIgniter.php(502): CodeIgniter\CodeIgniter->runController()
 8 SYSTEMPATH\CodeIgniter.php(361): CodeIgniter\CodeIgniter->handleRequest()
 9 FCPATH\index.php(79): CodeIgniter\CodeIgniter->run()
10 SYSTEMPATH\Commands\Server\rewrite.php(47): require_once('C:\\Users\\pando\\Desktop\\MVCmecanica\\public\\index.php')
ERROR - 2023-11-27 23:16:22 --> mysqli_sql_exception: Cannot add or update a child row: a foreign key constraint fails (`mecanica2`.`equipe`, CONSTRAINT `equipe_ibfk_1` FOREIGN KEY (`mecanico_id`) REFERENCES `user` (`id`)) in C:\Users\pando\Desktop\MVCmecanica\system\Database\MySQLi\Connection.php:306
Stack trace:
#0 C:\Users\pando\Desktop\MVCmecanica\system\Database\MySQLi\Connection.php(306): mysqli->query()
#1 C:\Users\pando\Desktop\MVCmecanica\system\Database\BaseConnection.php(693): CodeIgniter\Database\MySQLi\Connection->execute()
#2 C:\Users\pando\Desktop\MVCmecanica\system\Database\BaseConnection.php(607): CodeIgniter\Database\BaseConnection->simpleQuery()
#3 C:\Users\pando\Desktop\MVCmecanica\system\Database\BaseBuilder.php(2308): CodeIgniter\Database\BaseConnection->query()
#4 C:\Users\pando\Desktop\MVCmecanica\system\Model.php(319): CodeIgniter\Database\BaseBuilder->insert()
#5 C:\Users\pando\Desktop\MVCmecanica\system\BaseModel.php(766): CodeIgniter\Model->doInsert()
#6 C:\Users\pando\Desktop\MVCmecanica\system\Model.php(715): CodeIgniter\BaseModel->insert()
#7 C:\Users\pando\Desktop\MVCmecanica\app\Controllers\AddController.php(233): CodeIgniter\Model->insert()
#8 C:\Users\pando\Desktop\MVCmecanica\system\CodeIgniter.php(942): App\Controllers\AddController->adicionar()
#9 C:\Users\pando\Desktop\MVCmecanica\system\CodeIgniter.php(502): CodeIgniter\CodeIgniter->runController()
#10 C:\Users\pando\Desktop\MVCmecanica\system\CodeIgniter.php(361): CodeIgniter\CodeIgniter->handleRequest()
#11 C:\Users\pando\Desktop\MVCmecanica\public\index.php(79): CodeIgniter\CodeIgniter->run()
#12 C:\Users\pando\Desktop\MVCmecanica\system\Commands\Server\rewrite.php(47): require_once('...')
#13 {main}
ERROR - 2023-11-27 23:16:46 --> mysqli_sql_exception: Cannot add or update a child row: a foreign key constraint fails (`mecanica2`.`equipe`, CONSTRAINT `equipe_ibfk_1` FOREIGN KEY (`mecanico_id`) REFERENCES `user` (`id`)) in C:\Users\pando\Desktop\MVCmecanica\system\Database\MySQLi\Connection.php:306
Stack trace:
#0 C:\Users\pando\Desktop\MVCmecanica\system\Database\MySQLi\Connection.php(306): mysqli->query()
#1 C:\Users\pando\Desktop\MVCmecanica\system\Database\BaseConnection.php(693): CodeIgniter\Database\MySQLi\Connection->execute()
#2 C:\Users\pando\Desktop\MVCmecanica\system\Database\BaseConnection.php(607): CodeIgniter\Database\BaseConnection->simpleQuery()
#3 C:\Users\pando\Desktop\MVCmecanica\system\Database\BaseBuilder.php(2308): CodeIgniter\Database\BaseConnection->query()
#4 C:\Users\pando\Desktop\MVCmecanica\system\Model.php(319): CodeIgniter\Database\BaseBuilder->insert()
#5 C:\Users\pando\Desktop\MVCmecanica\system\BaseModel.php(766): CodeIgniter\Model->doInsert()
#6 C:\Users\pando\Desktop\MVCmecanica\system\Model.php(715): CodeIgniter\BaseModel->insert()
#7 C:\Users\pando\Desktop\MVCmecanica\app\Controllers\AddController.php(233): CodeIgniter\Model->insert()
#8 C:\Users\pando\Desktop\MVCmecanica\system\CodeIgniter.php(942): App\Controllers\AddController->adicionar()
#9 C:\Users\pando\Desktop\MVCmecanica\system\CodeIgniter.php(502): CodeIgniter\CodeIgniter->runController()
#10 C:\Users\pando\Desktop\MVCmecanica\system\CodeIgniter.php(361): CodeIgniter\CodeIgniter->handleRequest()
#11 C:\Users\pando\Desktop\MVCmecanica\public\index.php(79): CodeIgniter\CodeIgniter->run()
#12 C:\Users\pando\Desktop\MVCmecanica\system\Commands\Server\rewrite.php(47): require_once('...')
#13 {main}
CRITICAL - 2023-11-27 23:17:13 --> Undefined variable $equipeId
in APPPATH\Controllers\AddController.php on line 236.
 1 APPPATH\Controllers\AddController.php(236): CodeIgniter\Debug\Exceptions->errorHandler()
 2 SYSTEMPATH\CodeIgniter.php(942): App\Controllers\AddController->adicionar()
 3 SYSTEMPATH\CodeIgniter.php(502): CodeIgniter\CodeIgniter->runController()
 4 SYSTEMPATH\CodeIgniter.php(361): CodeIgniter\CodeIgniter->handleRequest()
 5 FCPATH\index.php(79): CodeIgniter\CodeIgniter->run()
 6 SYSTEMPATH\Commands\Server\rewrite.php(47): require_once('C:\\Users\\pando\\Desktop\\MVCmecanica\\public\\index.php')
ERROR - 2023-11-27 23:17:29 --> mysqli_sql_exception: Cannot add or update a child row: a foreign key constraint fails (`mecanica2`.`equipe`, CONSTRAINT `equipe_ibfk_1` FOREIGN KEY (`mecanico_id`) REFERENCES `user` (`id`)) in C:\Users\pando\Desktop\MVCmecanica\system\Database\MySQLi\Connection.php:306
Stack trace:
#0 C:\Users\pando\Desktop\MVCmecanica\system\Database\MySQLi\Connection.php(306): mysqli->query()
#1 C:\Users\pando\Desktop\MVCmecanica\system\Database\BaseConnection.php(693): CodeIgniter\Database\MySQLi\Connection->execute()
#2 C:\Users\pando\Desktop\MVCmecanica\system\Database\BaseConnection.php(607): CodeIgniter\Database\BaseConnection->simpleQuery()
#3 C:\Users\pando\Desktop\MVCmecanica\system\Database\BaseBuilder.php(2308): CodeIgniter\Database\BaseConnection->query()
#4 C:\Users\pando\Desktop\MVCmecanica\system\Model.php(319): CodeIgniter\Database\BaseBuilder->insert()
#5 C:\Users\pando\Desktop\MVCmecanica\system\BaseModel.php(766): CodeIgniter\Model->doInsert()
#6 C:\Users\pando\Desktop\MVCmecanica\system\Model.php(715): CodeIgniter\BaseModel->insert()
#7 C:\Users\pando\Desktop\MVCmecanica\app\Controllers\AddController.php(233): CodeIgniter\Model->insert()
#8 C:\Users\pando\Desktop\MVCmecanica\system\CodeIgniter.php(942): App\Controllers\AddController->adicionar()
#9 C:\Users\pando\Desktop\MVCmecanica\system\CodeIgniter.php(502): CodeIgniter\CodeIgniter->runController()
#10 C:\Users\pando\Desktop\MVCmecanica\system\CodeIgniter.php(361): CodeIgniter\CodeIgniter->handleRequest()
#11 C:\Users\pando\Desktop\MVCmecanica\public\index.php(79): CodeIgniter\CodeIgniter->run()
#12 C:\Users\pando\Desktop\MVCmecanica\system\Commands\Server\rewrite.php(47): require_once('...')
#13 {main}
ERROR - 2023-11-27 23:17:37 --> mysqli_sql_exception: Cannot add or update a child row: a foreign key constraint fails (`mecanica2`.`equipe`, CONSTRAINT `equipe_ibfk_1` FOREIGN KEY (`mecanico_id`) REFERENCES `user` (`id`)) in C:\Users\pando\Desktop\MVCmecanica\system\Database\MySQLi\Connection.php:306
Stack trace:
#0 C:\Users\pando\Desktop\MVCmecanica\system\Database\MySQLi\Connection.php(306): mysqli->query()
#1 C:\Users\pando\Desktop\MVCmecanica\system\Database\BaseConnection.php(693): CodeIgniter\Database\MySQLi\Connection->execute()
#2 C:\Users\pando\Desktop\MVCmecanica\system\Database\BaseConnection.php(607): CodeIgniter\Database\BaseConnection->simpleQuery()
#3 C:\Users\pando\Desktop\MVCmecanica\system\Database\BaseBuilder.php(2308): CodeIgniter\Database\BaseConnection->query()
#4 C:\Users\pando\Desktop\MVCmecanica\system\Model.php(319): CodeIgniter\Database\BaseBuilder->insert()
#5 C:\Users\pando\Desktop\MVCmecanica\system\BaseModel.php(766): CodeIgniter\Model->doInsert()
#6 C:\Users\pando\Desktop\MVCmecanica\system\Model.php(715): CodeIgniter\BaseModel->insert()
#7 C:\Users\pando\Desktop\MVCmecanica\app\Controllers\AddController.php(233): CodeIgniter\Model->insert()
#8 C:\Users\pando\Desktop\MVCmecanica\system\CodeIgniter.php(942): App\Controllers\AddController->adicionar()
#9 C:\Users\pando\Desktop\MVCmecanica\system\CodeIgniter.php(502): CodeIgniter\CodeIgniter->runController()
#10 C:\Users\pando\Desktop\MVCmecanica\system\CodeIgniter.php(361): CodeIgniter\CodeIgniter->handleRequest()
#11 C:\Users\pando\Desktop\MVCmecanica\public\index.php(79): CodeIgniter\CodeIgniter->run()
#12 C:\Users\pando\Desktop\MVCmecanica\system\Commands\Server\rewrite.php(47): require_once('...')
#13 {main}
ERROR - 2023-11-27 23:20:04 --> mysqli_sql_exception: Cannot add or update a child row: a foreign key constraint fails (`mecanica2`.`equipe`, CONSTRAINT `equipe_ibfk_1` FOREIGN KEY (`mecanico_id`) REFERENCES `user` (`id`)) in C:\Users\pando\Desktop\MVCmecanica\system\Database\MySQLi\Connection.php:306
Stack trace:
#0 C:\Users\pando\Desktop\MVCmecanica\system\Database\MySQLi\Connection.php(306): mysqli->query()
#1 C:\Users\pando\Desktop\MVCmecanica\system\Database\BaseConnection.php(693): CodeIgniter\Database\MySQLi\Connection->execute()
#2 C:\Users\pando\Desktop\MVCmecanica\system\Database\BaseConnection.php(607): CodeIgniter\Database\BaseConnection->simpleQuery()
#3 C:\Users\pando\Desktop\MVCmecanica\system\Database\BaseBuilder.php(2308): CodeIgniter\Database\BaseConnection->query()
#4 C:\Users\pando\Desktop\MVCmecanica\system\Model.php(319): CodeIgniter\Database\BaseBuilder->insert()
#5 C:\Users\pando\Desktop\MVCmecanica\system\BaseModel.php(766): CodeIgniter\Model->doInsert()
#6 C:\Users\pando\Desktop\MVCmecanica\system\Model.php(715): CodeIgniter\BaseModel->insert()
#7 C:\Users\pando\Desktop\MVCmecanica\app\Controllers\AddController.php(233): CodeIgniter\Model->insert()
#8 C:\Users\pando\Desktop\MVCmecanica\system\CodeIgniter.php(942): App\Controllers\AddController->adicionar()
#9 C:\Users\pando\Desktop\MVCmecanica\system\CodeIgniter.php(502): CodeIgniter\CodeIgniter->runController()
#10 C:\Users\pando\Desktop\MVCmecanica\system\CodeIgniter.php(361): CodeIgniter\CodeIgniter->handleRequest()
#11 C:\Users\pando\Desktop\MVCmecanica\public\index.php(79): CodeIgniter\CodeIgniter->run()
#12 C:\Users\pando\Desktop\MVCmecanica\system\Commands\Server\rewrite.php(47): require_once('...')
#13 {main}
ERROR - 2023-11-27 23:23:53 --> mysqli_sql_exception: Cannot add or update a child row: a foreign key constraint fails (`mecanica2`.`equipe`, CONSTRAINT `equipe_ibfk_1` FOREIGN KEY (`mecanico_id`) REFERENCES `user` (`id`)) in C:\Users\pando\Desktop\MVCmecanica\system\Database\MySQLi\Connection.php:306
Stack trace:
#0 C:\Users\pando\Desktop\MVCmecanica\system\Database\MySQLi\Connection.php(306): mysqli->query()
#1 C:\Users\pando\Desktop\MVCmecanica\system\Database\BaseConnection.php(693): CodeIgniter\Database\MySQLi\Connection->execute()
#2 C:\Users\pando\Desktop\MVCmecanica\system\Database\BaseConnection.php(607): CodeIgniter\Database\BaseConnection->simpleQuery()
#3 C:\Users\pando\Desktop\MVCmecanica\system\Database\BaseBuilder.php(2308): CodeIgniter\Database\BaseConnection->query()
#4 C:\Users\pando\Desktop\MVCmecanica\system\Model.php(319): CodeIgniter\Database\BaseBuilder->insert()
#5 C:\Users\pando\Desktop\MVCmecanica\system\BaseModel.php(766): CodeIgniter\Model->doInsert()
#6 C:\Users\pando\Desktop\MVCmecanica\system\Model.php(715): CodeIgniter\BaseModel->insert()
#7 C:\Users\pando\Desktop\MVCmecanica\app\Controllers\AddController.php(233): CodeIgniter\Model->insert()
#8 C:\Users\pando\Desktop\MVCmecanica\system\CodeIgniter.php(942): App\Controllers\AddController->adicionar()
#9 C:\Users\pando\Desktop\MVCmecanica\system\CodeIgniter.php(502): CodeIgniter\CodeIgniter->runController()
#10 C:\Users\pando\Desktop\MVCmecanica\system\CodeIgniter.php(361): CodeIgniter\CodeIgniter->handleRequest()
#11 C:\Users\pando\Desktop\MVCmecanica\public\index.php(79): CodeIgniter\CodeIgniter->run()
#12 C:\Users\pando\Desktop\MVCmecanica\system\Commands\Server\rewrite.php(47): require_once('...')
#13 {main}
ERROR - 2023-11-27 23:24:00 --> mysqli_sql_exception: Cannot add or update a child row: a foreign key constraint fails (`mecanica2`.`equipe`, CONSTRAINT `equipe_ibfk_1` FOREIGN KEY (`mecanico_id`) REFERENCES `user` (`id`)) in C:\Users\pando\Desktop\MVCmecanica\system\Database\MySQLi\Connection.php:306
Stack trace:
#0 C:\Users\pando\Desktop\MVCmecanica\system\Database\MySQLi\Connection.php(306): mysqli->query()
#1 C:\Users\pando\Desktop\MVCmecanica\system\Database\BaseConnection.php(693): CodeIgniter\Database\MySQLi\Connection->execute()
#2 C:\Users\pando\Desktop\MVCmecanica\system\Database\BaseConnection.php(607): CodeIgniter\Database\BaseConnection->simpleQuery()
#3 C:\Users\pando\Desktop\MVCmecanica\system\Database\BaseBuilder.php(2308): CodeIgniter\Database\BaseConnection->query()
#4 C:\Users\pando\Desktop\MVCmecanica\system\Model.php(319): CodeIgniter\Database\BaseBuilder->insert()
#5 C:\Users\pando\Desktop\MVCmecanica\system\BaseModel.php(766): CodeIgniter\Model->doInsert()
#6 C:\Users\pando\Desktop\MVCmecanica\system\Model.php(715): CodeIgniter\BaseModel->insert()
#7 C:\Users\pando\Desktop\MVCmecanica\app\Controllers\AddController.php(233): CodeIgniter\Model->insert()
#8 C:\Users\pando\Desktop\MVCmecanica\system\CodeIgniter.php(942): App\Controllers\AddController->adicionar()
#9 C:\Users\pando\Desktop\MVCmecanica\system\CodeIgniter.php(502): CodeIgniter\CodeIgniter->runController()
#10 C:\Users\pando\Desktop\MVCmecanica\system\CodeIgniter.php(361): CodeIgniter\CodeIgniter->handleRequest()
#11 C:\Users\pando\Desktop\MVCmecanica\public\index.php(79): CodeIgniter\CodeIgniter->run()
#12 C:\Users\pando\Desktop\MVCmecanica\system\Commands\Server\rewrite.php(47): require_once('...')
#13 {main}
ERROR - 2023-11-27 23:24:24 --> mysqli_sql_exception: Cannot add or update a child row: a foreign key constraint fails (`mecanica2`.`equipe`, CONSTRAINT `equipe_ibfk_1` FOREIGN KEY (`mecanico_id`) REFERENCES `user` (`id`)) in C:\Users\pando\Desktop\MVCmecanica\system\Database\MySQLi\Connection.php:306
Stack trace:
#0 C:\Users\pando\Desktop\MVCmecanica\system\Database\MySQLi\Connection.php(306): mysqli->query()
#1 C:\Users\pando\Desktop\MVCmecanica\system\Database\BaseConnection.php(693): CodeIgniter\Database\MySQLi\Connection->execute()
#2 C:\Users\pando\Desktop\MVCmecanica\system\Database\BaseConnection.php(607): CodeIgniter\Database\BaseConnection->simpleQuery()
#3 C:\Users\pando\Desktop\MVCmecanica\system\Database\BaseBuilder.php(2308): CodeIgniter\Database\BaseConnection->query()
#4 C:\Users\pando\Desktop\MVCmecanica\system\Model.php(319): CodeIgniter\Database\BaseBuilder->insert()
#5 C:\Users\pando\Desktop\MVCmecanica\system\BaseModel.php(766): CodeIgniter\Model->doInsert()
#6 C:\Users\pando\Desktop\MVCmecanica\system\Model.php(715): CodeIgniter\BaseModel->insert()
#7 C:\Users\pando\Desktop\MVCmecanica\app\Controllers\AddController.php(233): CodeIgniter\Model->insert()
#8 C:\Users\pando\Desktop\MVCmecanica\system\CodeIgniter.php(942): App\Controllers\AddController->adicionar()
#9 C:\Users\pando\Desktop\MVCmecanica\system\CodeIgniter.php(502): CodeIgniter\CodeIgniter->runController()
#10 C:\Users\pando\Desktop\MVCmecanica\system\CodeIgniter.php(361): CodeIgniter\CodeIgniter->handleRequest()
#11 C:\Users\pando\Desktop\MVCmecanica\public\index.php(79): CodeIgniter\CodeIgniter->run()
#12 C:\Users\pando\Desktop\MVCmecanica\system\Commands\Server\rewrite.php(47): require_once('...')
#13 {main}
CRITICAL - 2023-11-27 23:44:50 --> Undefined array key "mecanicos"
in APPPATH\Views\detalhes.php on line 149.
 1 APPPATH\Views\detalhes.php(149): CodeIgniter\Debug\Exceptions->errorHandler()
 2 SYSTEMPATH\View\View.php(228): include('C:\\Users\\pando\\Desktop\\MVCmecanica\\app\\Views\\detalhes.php')
 3 SYSTEMPATH\View\View.php(231): CodeIgniter\View\View->CodeIgniter\View\{closure}()
 4 SYSTEMPATH\Common.php(1190): CodeIgniter\View\View->render()
 5 APPPATH\Controllers\ListarController.php(145): view()
 6 SYSTEMPATH\CodeIgniter.php(942): App\Controllers\ListarController->detalhes()
 7 SYSTEMPATH\CodeIgniter.php(502): CodeIgniter\CodeIgniter->runController()
 8 SYSTEMPATH\CodeIgniter.php(361): CodeIgniter\CodeIgniter->handleRequest()
 9 FCPATH\index.php(79): CodeIgniter\CodeIgniter->run()
10 SYSTEMPATH\Commands\Server\rewrite.php(47): require_once('C:\\Users\\pando\\Desktop\\MVCmecanica\\public\\index.php')
ERROR - 2023-11-27 23:46:09 --> mysqli_sql_exception: Unknown column 'equipe_id' in 'where clause' in C:\Users\pando\Desktop\MVCmecanica\system\Database\MySQLi\Connection.php:306
Stack trace:
#0 C:\Users\pando\Desktop\MVCmecanica\system\Database\MySQLi\Connection.php(306): mysqli->query()
#1 C:\Users\pando\Desktop\MVCmecanica\system\Database\BaseConnection.php(693): CodeIgniter\Database\MySQLi\Connection->execute()
#2 C:\Users\pando\Desktop\MVCmecanica\system\Database\BaseConnection.php(607): CodeIgniter\Database\BaseConnection->simpleQuery()
#3 C:\Users\pando\Desktop\MVCmecanica\system\Database\BaseBuilder.php(1615): CodeIgniter\Database\BaseConnection->query()
#4 C:\Users\pando\Desktop\MVCmecanica\system\Model.php(237): CodeIgniter\Database\BaseBuilder->get()
#5 C:\Users\pando\Desktop\MVCmecanica\system\BaseModel.php(602): CodeIgniter\Model->doFindAll()
#6 C:\Users\pando\Desktop\MVCmecanica\app\Controllers\ListarController.php(131): CodeIgniter\BaseModel->findAll()
#7 C:\Users\pando\Desktop\MVCmecanica\system\CodeIgniter.php(942): App\Controllers\ListarController->detalhes()
#8 C:\Users\pando\Desktop\MVCmecanica\system\CodeIgniter.php(502): CodeIgniter\CodeIgniter->runController()
#9 C:\Users\pando\Desktop\MVCmecanica\system\CodeIgniter.php(361): CodeIgniter\CodeIgniter->handleRequest()
#10 C:\Users\pando\Desktop\MVCmecanica\public\index.php(79): CodeIgniter\CodeIgniter->run()
#11 C:\Users\pando\Desktop\MVCmecanica\system\Commands\Server\rewrite.php(47): require_once('...')
#12 {main}
CRITICAL - 2023-11-27 23:46:09 --> Call to a member function getResult() on bool
in SYSTEMPATH\Model.php on line 238.
 1 SYSTEMPATH\BaseModel.php(602): CodeIgniter\Model->doFindAll()
 2 APPPATH\Controllers\ListarController.php(131): CodeIgniter\BaseModel->findAll()
 3 SYSTEMPATH\CodeIgniter.php(942): App\Controllers\ListarController->detalhes()
 4 SYSTEMPATH\CodeIgniter.php(502): CodeIgniter\CodeIgniter->runController()
 5 SYSTEMPATH\CodeIgniter.php(361): CodeIgniter\CodeIgniter->handleRequest()
 6 FCPATH\index.php(79): CodeIgniter\CodeIgniter->run()
 7 SYSTEMPATH\Commands\Server\rewrite.php(47): require_once('C:\\Users\\pando\\Desktop\\MVCmecanica\\public\\index.php')
CRITICAL - 2023-11-27 23:48:06 --> Cannot use object of type stdClass as array
in APPPATH\Views\detalhes.php on line 150.
 1 SYSTEMPATH\View\View.php(228): include()
 2 SYSTEMPATH\View\View.php(231): CodeIgniter\View\View->CodeIgniter\View\{closure}()
 3 SYSTEMPATH\Common.php(1190): CodeIgniter\View\View->render()
 4 APPPATH\Controllers\ListarController.php(150): view()
 5 SYSTEMPATH\CodeIgniter.php(942): App\Controllers\ListarController->detalhes()
 6 SYSTEMPATH\CodeIgniter.php(502): CodeIgniter\CodeIgniter->runController()
 7 SYSTEMPATH\CodeIgniter.php(361): CodeIgniter\CodeIgniter->handleRequest()
 8 FCPATH\index.php(79): CodeIgniter\CodeIgniter->run()
 9 SYSTEMPATH\Commands\Server\rewrite.php(47): require_once('C:\\Users\\pando\\Desktop\\MVCmecanica\\public\\index.php')
CRITICAL - 2023-11-27 23:49:06 --> There is no data to update.
in SYSTEMPATH\BaseModel.php on line 908.
 1 SYSTEMPATH\BaseModel.php(908): CodeIgniter\Database\Exceptions\DataException::forEmptyDataset()
 2 SYSTEMPATH\Model.php(776): CodeIgniter\BaseModel->update()
 3 APPPATH\Controllers\ListarController.php(284): CodeIgniter\Model->update()
 4 SYSTEMPATH\CodeIgniter.php(942): App\Controllers\ListarController->alterarStatus()
 5 SYSTEMPATH\CodeIgniter.php(502): CodeIgniter\CodeIgniter->runController()
 6 SYSTEMPATH\CodeIgniter.php(361): CodeIgniter\CodeIgniter->handleRequest()
 7 FCPATH\index.php(79): CodeIgniter\CodeIgniter->run()
 8 SYSTEMPATH\Commands\Server\rewrite.php(47): require_once('C:\\Users\\pando\\Desktop\\MVCmecanica\\public\\index.php')
CRITICAL - 2023-11-27 23:51:08 --> Attempt to read property "id" on array
in APPPATH\Views\detalhes.php on line 140.
 1 APPPATH\Views\detalhes.php(140): CodeIgniter\Debug\Exceptions->errorHandler()
 2 SYSTEMPATH\View\View.php(228): include('C:\\Users\\pando\\Desktop\\MVCmecanica\\app\\Views\\detalhes.php')
 3 SYSTEMPATH\View\View.php(231): CodeIgniter\View\View->CodeIgniter\View\{closure}()
 4 SYSTEMPATH\Common.php(1190): CodeIgniter\View\View->render()
 5 APPPATH\Controllers\ListarController.php(150): view()
 6 SYSTEMPATH\CodeIgniter.php(942): App\Controllers\ListarController->detalhes()
 7 SYSTEMPATH\CodeIgniter.php(502): CodeIgniter\CodeIgniter->runController()
 8 SYSTEMPATH\CodeIgniter.php(361): CodeIgniter\CodeIgniter->handleRequest()
 9 FCPATH\index.php(79): CodeIgniter\CodeIgniter->run()
10 SYSTEMPATH\Commands\Server\rewrite.php(47): require_once('C:\\Users\\pando\\Desktop\\MVCmecanica\\public\\index.php')
CRITICAL - 2023-11-27 23:51:40 --> Attempt to read property "status" on array
in APPPATH\Views\detalhes.php on line 140.
 1 APPPATH\Views\detalhes.php(140): CodeIgniter\Debug\Exceptions->errorHandler()
 2 SYSTEMPATH\View\View.php(228): include('C:\\Users\\pando\\Desktop\\MVCmecanica\\app\\Views\\detalhes.php')
 3 SYSTEMPATH\View\View.php(231): CodeIgniter\View\View->CodeIgniter\View\{closure}()
 4 SYSTEMPATH\Common.php(1190): CodeIgniter\View\View->render()
 5 APPPATH\Controllers\ListarController.php(150): view()
 6 SYSTEMPATH\CodeIgniter.php(942): App\Controllers\ListarController->detalhes()
 7 SYSTEMPATH\CodeIgniter.php(502): CodeIgniter\CodeIgniter->runController()
 8 SYSTEMPATH\CodeIgniter.php(361): CodeIgniter\CodeIgniter->handleRequest()
 9 FCPATH\index.php(79): CodeIgniter\CodeIgniter->run()
10 SYSTEMPATH\Commands\Server\rewrite.php(47): require_once('C:\\Users\\pando\\Desktop\\MVCmecanica\\public\\index.php')
CRITICAL - 2023-11-27 23:52:06 --> There is no data to update.
in SYSTEMPATH\BaseModel.php on line 908.
 1 SYSTEMPATH\BaseModel.php(908): CodeIgniter\Database\Exceptions\DataException::forEmptyDataset()
 2 SYSTEMPATH\Model.php(776): CodeIgniter\BaseModel->update()
 3 APPPATH\Controllers\ListarController.php(284): CodeIgniter\Model->update()
 4 SYSTEMPATH\CodeIgniter.php(942): App\Controllers\ListarController->alterarStatus()
 5 SYSTEMPATH\CodeIgniter.php(502): CodeIgniter\CodeIgniter->runController()
 6 SYSTEMPATH\CodeIgniter.php(361): CodeIgniter\CodeIgniter->handleRequest()
 7 FCPATH\index.php(79): CodeIgniter\CodeIgniter->run()
 8 SYSTEMPATH\Commands\Server\rewrite.php(47): require_once('C:\\Users\\pando\\Desktop\\MVCmecanica\\public\\index.php')
CRITICAL - 2023-11-27 23:53:22 --> There is no data to update.
in SYSTEMPATH\BaseModel.php on line 908.
 1 SYSTEMPATH\BaseModel.php(908): CodeIgniter\Database\Exceptions\DataException::forEmptyDataset()
 2 SYSTEMPATH\Model.php(776): CodeIgniter\BaseModel->update()
 3 APPPATH\Controllers\ListarController.php(285): CodeIgniter\Model->update()
 4 SYSTEMPATH\CodeIgniter.php(942): App\Controllers\ListarController->alterarStatus()
 5 SYSTEMPATH\CodeIgniter.php(502): CodeIgniter\CodeIgniter->runController()
 6 SYSTEMPATH\CodeIgniter.php(361): CodeIgniter\CodeIgniter->handleRequest()
 7 FCPATH\index.php(79): CodeIgniter\CodeIgniter->run()
 8 SYSTEMPATH\Commands\Server\rewrite.php(47): require_once('C:\\Users\\pando\\Desktop\\MVCmecanica\\public\\index.php')
CRITICAL - 2023-11-27 23:53:25 --> There is no data to update.
in SYSTEMPATH\BaseModel.php on line 908.
 1 SYSTEMPATH\BaseModel.php(908): CodeIgniter\Database\Exceptions\DataException::forEmptyDataset()
 2 SYSTEMPATH\Model.php(776): CodeIgniter\BaseModel->update()
 3 APPPATH\Controllers\ListarController.php(285): CodeIgniter\Model->update()
 4 SYSTEMPATH\CodeIgniter.php(942): App\Controllers\ListarController->alterarStatus()
 5 SYSTEMPATH\CodeIgniter.php(502): CodeIgniter\CodeIgniter->runController()
 6 SYSTEMPATH\CodeIgniter.php(361): CodeIgniter\CodeIgniter->handleRequest()
 7 FCPATH\index.php(79): CodeIgniter\CodeIgniter->run()
 8 SYSTEMPATH\Commands\Server\rewrite.php(47): require_once('C:\\Users\\pando\\Desktop\\MVCmecanica\\public\\index.php')
CRITICAL - 2023-11-27 23:53:39 --> There is no data to update.
in SYSTEMPATH\BaseModel.php on line 908.
 1 SYSTEMPATH\BaseModel.php(908): CodeIgniter\Database\Exceptions\DataException::forEmptyDataset()
 2 SYSTEMPATH\Model.php(776): CodeIgniter\BaseModel->update()
 3 APPPATH\Controllers\ListarController.php(285): CodeIgniter\Model->update()
 4 SYSTEMPATH\CodeIgniter.php(942): App\Controllers\ListarController->alterarStatus()
 5 SYSTEMPATH\CodeIgniter.php(502): CodeIgniter\CodeIgniter->runController()
 6 SYSTEMPATH\CodeIgniter.php(361): CodeIgniter\CodeIgniter->handleRequest()
 7 FCPATH\index.php(79): CodeIgniter\CodeIgniter->run()
 8 SYSTEMPATH\Commands\Server\rewrite.php(47): require_once('C:\\Users\\pando\\Desktop\\MVCmecanica\\public\\index.php')
CRITICAL - 2023-11-27 23:55:22 --> There is no data to update.
in SYSTEMPATH\BaseModel.php on line 908.
 1 SYSTEMPATH\BaseModel.php(908): CodeIgniter\Database\Exceptions\DataException::forEmptyDataset()
 2 SYSTEMPATH\Model.php(776): CodeIgniter\BaseModel->update()
 3 APPPATH\Controllers\ListarController.php(286): CodeIgniter\Model->update()
 4 SYSTEMPATH\CodeIgniter.php(942): App\Controllers\ListarController->alterarStatus()
 5 SYSTEMPATH\CodeIgniter.php(502): CodeIgniter\CodeIgniter->runController()
 6 SYSTEMPATH\CodeIgniter.php(361): CodeIgniter\CodeIgniter->handleRequest()
 7 FCPATH\index.php(79): CodeIgniter\CodeIgniter->run()
 8 SYSTEMPATH\Commands\Server\rewrite.php(47): require_once('C:\\Users\\pando\\Desktop\\MVCmecanica\\public\\index.php')
CRITICAL - 2023-11-27 23:56:52 --> There is no data to update.
in SYSTEMPATH\BaseModel.php on line 908.
 1 SYSTEMPATH\BaseModel.php(908): CodeIgniter\Database\Exceptions\DataException::forEmptyDataset()
 2 SYSTEMPATH\Model.php(776): CodeIgniter\BaseModel->update()
 3 APPPATH\Controllers\ListarController.php(286): CodeIgniter\Model->update()
 4 SYSTEMPATH\CodeIgniter.php(942): App\Controllers\ListarController->alterarStatus()
 5 SYSTEMPATH\CodeIgniter.php(502): CodeIgniter\CodeIgniter->runController()
 6 SYSTEMPATH\CodeIgniter.php(361): CodeIgniter\CodeIgniter->handleRequest()
 7 FCPATH\index.php(79): CodeIgniter\CodeIgniter->run()
 8 SYSTEMPATH\Commands\Server\rewrite.php(47): require_once('C:\\Users\\pando\\Desktop\\MVCmecanica\\public\\index.php')
CRITICAL - 2023-11-27 23:58:06 --> Undefined variable $servico
in APPPATH\Controllers\EditarController.php on line 58.
 1 APPPATH\Controllers\EditarController.php(58): CodeIgniter\Debug\Exceptions->errorHandler()
 2 SYSTEMPATH\CodeIgniter.php(942): App\Controllers\EditarController->editar()
 3 SYSTEMPATH\CodeIgniter.php(502): CodeIgniter\CodeIgniter->runController()
 4 SYSTEMPATH\CodeIgniter.php(361): CodeIgniter\CodeIgniter->handleRequest()
 5 FCPATH\index.php(79): CodeIgniter\CodeIgniter->run()
 6 SYSTEMPATH\Commands\Server\rewrite.php(47): require_once('C:\\Users\\pando\\Desktop\\MVCmecanica\\public\\index.php')
CRITICAL - 2023-11-27 23:59:25 --> There is no data to update.
in SYSTEMPATH\BaseModel.php on line 908.
 1 SYSTEMPATH\BaseModel.php(908): CodeIgniter\Database\Exceptions\DataException::forEmptyDataset()
 2 SYSTEMPATH\Model.php(776): CodeIgniter\BaseModel->update()
 3 APPPATH\Controllers\ListarController.php(224): CodeIgniter\Model->update()
 4 SYSTEMPATH\CodeIgniter.php(942): App\Controllers\ListarController->alterarStatus()
 5 SYSTEMPATH\CodeIgniter.php(502): CodeIgniter\CodeIgniter->runController()
 6 SYSTEMPATH\CodeIgniter.php(361): CodeIgniter\CodeIgniter->handleRequest()
 7 FCPATH\index.php(79): CodeIgniter\CodeIgniter->run()
 8 SYSTEMPATH\Commands\Server\rewrite.php(47): require_once('C:\\Users\\pando\\Desktop\\MVCmecanica\\public\\index.php')
